<?xml version="1.0" encoding="UTF-8"?>
<testsuite xmlns:xsi="http://www.w3.org/2001/XMLSchema-instance" xsi:noNamespaceSchemaLocation="https://maven.apache.org/surefire/maven-surefire-plugin/xsd/surefire-test-report.xsd" name="com.athentication.oauth2.AuthtenticationOauthApplicationTests" time="9.322" tests="1" errors="1" skipped="0" failures="0">
  <properties>
    <property name="sun.desktop" value="windows"/>
    <property name="awt.toolkit" value="sun.awt.windows.WToolkit"/>
    <property name="file.encoding.pkg" value="sun.io"/>
    <property name="java.specification.version" value="1.8"/>
    <property name="sun.cpu.isalist" value="pentium_pro+mmx pentium_pro pentium+mmx pentium i486 i386 i86"/>
    <property name="sun.jnu.encoding" value="Cp1252"/>
    <property name="java.class.path" value="C:\Users\HOME\workspace\Authtentication-Oauth\target\test-classes;C:\Users\HOME\workspace\Authtentication-Oauth\target\classes;C:\Users\HOME\.m2\repository\org\springframework\boot\spring-boot-starter-actuator\2.2.5.RELEASE\spring-boot-starter-actuator-2.2.5.RELEASE.jar;C:\Users\HOME\.m2\repository\org\springframework\boot\spring-boot-starter\2.2.5.RELEASE\spring-boot-starter-2.2.5.RELEASE.jar;C:\Users\HOME\.m2\repository\org\springframework\boot\spring-boot-starter-logging\2.2.5.RELEASE\spring-boot-starter-logging-2.2.5.RELEASE.jar;C:\Users\HOME\.m2\repository\ch\qos\logback\logback-classic\1.2.3\logback-classic-1.2.3.jar;C:\Users\HOME\.m2\repository\ch\qos\logback\logback-core\1.2.3\logback-core-1.2.3.jar;C:\Users\HOME\.m2\repository\org\apache\logging\log4j\log4j-to-slf4j\2.12.1\log4j-to-slf4j-2.12.1.jar;C:\Users\HOME\.m2\repository\org\apache\logging\log4j\log4j-api\2.12.1\log4j-api-2.12.1.jar;C:\Users\HOME\.m2\repository\org\slf4j\jul-to-slf4j\1.7.30\jul-to-slf4j-1.7.30.jar;C:\Users\HOME\.m2\repository\jakarta\annotation\jakarta.annotation-api\1.3.5\jakarta.annotation-api-1.3.5.jar;C:\Users\HOME\.m2\repository\org\yaml\snakeyaml\1.25\snakeyaml-1.25.jar;C:\Users\HOME\.m2\repository\org\springframework\boot\spring-boot-actuator-autoconfigure\2.2.5.RELEASE\spring-boot-actuator-autoconfigure-2.2.5.RELEASE.jar;C:\Users\HOME\.m2\repository\org\springframework\boot\spring-boot-actuator\2.2.5.RELEASE\spring-boot-actuator-2.2.5.RELEASE.jar;C:\Users\HOME\.m2\repository\org\springframework\spring-context\5.2.4.RELEASE\spring-context-5.2.4.RELEASE.jar;C:\Users\HOME\.m2\repository\com\fasterxml\jackson\datatype\jackson-datatype-jsr310\2.10.2\jackson-datatype-jsr310-2.10.2.jar;C:\Users\HOME\.m2\repository\io\micrometer\micrometer-core\1.3.5\micrometer-core-1.3.5.jar;C:\Users\HOME\.m2\repository\org\hdrhistogram\HdrHistogram\2.1.11\HdrHistogram-2.1.11.jar;C:\Users\HOME\.m2\repository\org\latencyutils\LatencyUtils\2.0.3\LatencyUtils-2.0.3.jar;C:\Users\HOME\.m2\repository\org\springframework\boot\spring-boot-starter-oauth2-client\2.2.5.RELEASE\spring-boot-starter-oauth2-client-2.2.5.RELEASE.jar;C:\Users\HOME\.m2\repository\com\sun\mail\jakarta.mail\1.6.4\jakarta.mail-1.6.4.jar;C:\Users\HOME\.m2\repository\com\sun\activation\jakarta.activation\1.2.2\jakarta.activation-1.2.2.jar;C:\Users\HOME\.m2\repository\org\springframework\security\spring-security-config\5.2.2.RELEASE\spring-security-config-5.2.2.RELEASE.jar;C:\Users\HOME\.m2\repository\org\springframework\spring-beans\5.2.4.RELEASE\spring-beans-5.2.4.RELEASE.jar;C:\Users\HOME\.m2\repository\org\springframework\security\spring-security-core\5.2.2.RELEASE\spring-security-core-5.2.2.RELEASE.jar;C:\Users\HOME\.m2\repository\org\springframework\spring-expression\5.2.4.RELEASE\spring-expression-5.2.4.RELEASE.jar;C:\Users\HOME\.m2\repository\org\springframework\security\spring-security-oauth2-client\5.2.2.RELEASE\spring-security-oauth2-client-5.2.2.RELEASE.jar;C:\Users\HOME\.m2\repository\com\nimbusds\oauth2-oidc-sdk\6.14\oauth2-oidc-sdk-6.14.jar;C:\Users\HOME\.m2\repository\com\github\stephenc\jcip\jcip-annotations\1.0-1\jcip-annotations-1.0-1.jar;C:\Users\HOME\.m2\repository\com\nimbusds\lang-tag\1.4.4\lang-tag-1.4.4.jar;C:\Users\HOME\.m2\repository\org\springframework\security\spring-security-oauth2-core\5.2.2.RELEASE\spring-security-oauth2-core-5.2.2.RELEASE.jar;C:\Users\HOME\.m2\repository\org\springframework\security\spring-security-oauth2-jose\5.2.2.RELEASE\spring-security-oauth2-jose-5.2.2.RELEASE.jar;C:\Users\HOME\.m2\repository\com\nimbusds\nimbus-jose-jwt\7.8.1\nimbus-jose-jwt-7.8.1.jar;C:\Users\HOME\.m2\repository\org\springframework\boot\spring-boot-starter-oauth2-resource-server\2.2.5.RELEASE\spring-boot-starter-oauth2-resource-server-2.2.5.RELEASE.jar;C:\Users\HOME\.m2\repository\org\springframework\security\spring-security-oauth2-resource-server\5.2.2.RELEASE\spring-security-oauth2-resource-server-5.2.2.RELEASE.jar;C:\Users\HOME\.m2\repository\org\springframework\boot\spring-boot-starter-security\2.2.5.RELEASE\spring-boot-starter-security-2.2.5.RELEASE.jar;C:\Users\HOME\.m2\repository\org\springframework\spring-aop\5.2.4.RELEASE\spring-aop-5.2.4.RELEASE.jar;C:\Users\HOME\.m2\repository\org\springframework\security\spring-security-web\5.2.2.RELEASE\spring-security-web-5.2.2.RELEASE.jar;C:\Users\HOME\.m2\repository\org\springframework\boot\spring-boot-starter-web\2.2.5.RELEASE\spring-boot-starter-web-2.2.5.RELEASE.jar;C:\Users\HOME\.m2\repository\org\springframework\boot\spring-boot-starter-json\2.2.5.RELEASE\spring-boot-starter-json-2.2.5.RELEASE.jar;C:\Users\HOME\.m2\repository\com\fasterxml\jackson\datatype\jackson-datatype-jdk8\2.10.2\jackson-datatype-jdk8-2.10.2.jar;C:\Users\HOME\.m2\repository\com\fasterxml\jackson\module\jackson-module-parameter-names\2.10.2\jackson-module-parameter-names-2.10.2.jar;C:\Users\HOME\.m2\repository\org\springframework\boot\spring-boot-starter-tomcat\2.2.5.RELEASE\spring-boot-starter-tomcat-2.2.5.RELEASE.jar;C:\Users\HOME\.m2\repository\org\apache\tomcat\embed\tomcat-embed-core\9.0.31\tomcat-embed-core-9.0.31.jar;C:\Users\HOME\.m2\repository\org\apache\tomcat\embed\tomcat-embed-el\9.0.31\tomcat-embed-el-9.0.31.jar;C:\Users\HOME\.m2\repository\org\apache\tomcat\embed\tomcat-embed-websocket\9.0.31\tomcat-embed-websocket-9.0.31.jar;C:\Users\HOME\.m2\repository\org\springframework\boot\spring-boot-starter-validation\2.2.5.RELEASE\spring-boot-starter-validation-2.2.5.RELEASE.jar;C:\Users\HOME\.m2\repository\jakarta\validation\jakarta.validation-api\2.0.2\jakarta.validation-api-2.0.2.jar;C:\Users\HOME\.m2\repository\org\hibernate\validator\hibernate-validator\6.0.18.Final\hibernate-validator-6.0.18.Final.jar;C:\Users\HOME\.m2\repository\com\fasterxml\classmate\1.5.1\classmate-1.5.1.jar;C:\Users\HOME\.m2\repository\org\springframework\spring-web\5.2.4.RELEASE\spring-web-5.2.4.RELEASE.jar;C:\Users\HOME\.m2\repository\org\springframework\spring-webmvc\5.2.4.RELEASE\spring-webmvc-5.2.4.RELEASE.jar;C:\Users\HOME\.m2\repository\org\springframework\boot\spring-boot-devtools\2.2.5.RELEASE\spring-boot-devtools-2.2.5.RELEASE.jar;C:\Users\HOME\.m2\repository\org\springframework\boot\spring-boot\2.2.5.RELEASE\spring-boot-2.2.5.RELEASE.jar;C:\Users\HOME\.m2\repository\org\springframework\boot\spring-boot-autoconfigure\2.2.5.RELEASE\spring-boot-autoconfigure-2.2.5.RELEASE.jar;C:\Users\HOME\.m2\repository\org\springframework\boot\spring-boot-starter-test\2.2.5.RELEASE\spring-boot-starter-test-2.2.5.RELEASE.jar;C:\Users\HOME\.m2\repository\org\springframework\boot\spring-boot-test\2.2.5.RELEASE\spring-boot-test-2.2.5.RELEASE.jar;C:\Users\HOME\.m2\repository\org\springframework\boot\spring-boot-test-autoconfigure\2.2.5.RELEASE\spring-boot-test-autoconfigure-2.2.5.RELEASE.jar;C:\Users\HOME\.m2\repository\com\jayway\jsonpath\json-path\2.4.0\json-path-2.4.0.jar;C:\Users\HOME\.m2\repository\net\minidev\json-smart\2.3\json-smart-2.3.jar;C:\Users\HOME\.m2\repository\net\minidev\accessors-smart\1.2\accessors-smart-1.2.jar;C:\Users\HOME\.m2\repository\org\ow2\asm\asm\5.0.4\asm-5.0.4.jar;C:\Users\HOME\.m2\repository\jakarta\xml\bind\jakarta.xml.bind-api\2.3.2\jakarta.xml.bind-api-2.3.2.jar;C:\Users\HOME\.m2\repository\jakarta\activation\jakarta.activation-api\1.2.2\jakarta.activation-api-1.2.2.jar;C:\Users\HOME\.m2\repository\org\junit\jupiter\junit-jupiter\5.5.2\junit-jupiter-5.5.2.jar;C:\Users\HOME\.m2\repository\org\junit\jupiter\junit-jupiter-api\5.5.2\junit-jupiter-api-5.5.2.jar;C:\Users\HOME\.m2\repository\org\apiguardian\apiguardian-api\1.1.0\apiguardian-api-1.1.0.jar;C:\Users\HOME\.m2\repository\org\opentest4j\opentest4j\1.2.0\opentest4j-1.2.0.jar;C:\Users\HOME\.m2\repository\org\junit\platform\junit-platform-commons\1.5.2\junit-platform-commons-1.5.2.jar;C:\Users\HOME\.m2\repository\org\junit\jupiter\junit-jupiter-params\5.5.2\junit-jupiter-params-5.5.2.jar;C:\Users\HOME\.m2\repository\org\junit\jupiter\junit-jupiter-engine\5.5.2\junit-jupiter-engine-5.5.2.jar;C:\Users\HOME\.m2\repository\org\junit\platform\junit-platform-engine\1.5.2\junit-platform-engine-1.5.2.jar;C:\Users\HOME\.m2\repository\org\mockito\mockito-junit-jupiter\3.1.0\mockito-junit-jupiter-3.1.0.jar;C:\Users\HOME\.m2\repository\org\assertj\assertj-core\3.13.2\assertj-core-3.13.2.jar;C:\Users\HOME\.m2\repository\org\hamcrest\hamcrest\2.1\hamcrest-2.1.jar;C:\Users\HOME\.m2\repository\org\mockito\mockito-core\3.1.0\mockito-core-3.1.0.jar;C:\Users\HOME\.m2\repository\net\bytebuddy\byte-buddy\1.10.8\byte-buddy-1.10.8.jar;C:\Users\HOME\.m2\repository\net\bytebuddy\byte-buddy-agent\1.10.8\byte-buddy-agent-1.10.8.jar;C:\Users\HOME\.m2\repository\org\objenesis\objenesis\2.6\objenesis-2.6.jar;C:\Users\HOME\.m2\repository\org\skyscreamer\jsonassert\1.5.0\jsonassert-1.5.0.jar;C:\Users\HOME\.m2\repository\com\vaadin\external\google\android-json\0.0.20131108.vaadin1\android-json-0.0.20131108.vaadin1.jar;C:\Users\HOME\.m2\repository\org\springframework\spring-core\5.2.4.RELEASE\spring-core-5.2.4.RELEASE.jar;C:\Users\HOME\.m2\repository\org\springframework\spring-jcl\5.2.4.RELEASE\spring-jcl-5.2.4.RELEASE.jar;C:\Users\HOME\.m2\repository\org\springframework\spring-test\5.2.4.RELEASE\spring-test-5.2.4.RELEASE.jar;C:\Users\HOME\.m2\repository\org\xmlunit\xmlunit-core\2.6.3\xmlunit-core-2.6.3.jar;C:\Users\HOME\.m2\repository\org\springframework\security\spring-security-test\5.2.2.RELEASE\spring-security-test-5.2.2.RELEASE.jar;C:\Users\HOME\.m2\repository\org\projectlombok\lombok\1.18.12\lombok-1.18.12.jar;C:\Users\HOME\.m2\repository\org\keycloak\keycloak-admin-client\9.0.0\keycloak-admin-client-9.0.0.jar;C:\Users\HOME\.m2\repository\org\keycloak\keycloak-core\9.0.0\keycloak-core-9.0.0.jar;C:\Users\HOME\.m2\repository\org\jboss\resteasy\resteasy-multipart-provider\3.9.1.Final\resteasy-multipart-provider-3.9.1.Final.jar;C:\Users\HOME\.m2\repository\org\jboss\resteasy\resteasy-jaxrs\3.9.1.Final\resteasy-jaxrs-3.9.1.Final.jar;C:\Users\HOME\.m2\repository\org\jboss\spec\javax\xml\bind\jboss-jaxb-api_2.3_spec\1.0.1.Final\jboss-jaxb-api_2.3_spec-1.0.1.Final.jar;C:\Users\HOME\.m2\repository\org\reactivestreams\reactive-streams\1.0.3\reactive-streams-1.0.3.jar;C:\Users\HOME\.m2\repository\javax\validation\validation-api\2.0.1.Final\validation-api-2.0.1.Final.jar;C:\Users\HOME\.m2\repository\org\jboss\spec\javax\annotation\jboss-annotations-api_1.3_spec\1.0.1.Final\jboss-annotations-api_1.3_spec-1.0.1.Final.jar;C:\Users\HOME\.m2\repository\javax\activation\activation\1.1.1\activation-1.1.1.jar;C:\Users\HOME\.m2\repository\org\jboss\resteasy\resteasy-client\3.9.1.Final\resteasy-client-3.9.1.Final.jar;C:\Users\HOME\.m2\repository\org\jboss\resteasy\resteasy-jaxb-provider\3.9.1.Final\resteasy-jaxb-provider-3.9.1.Final.jar;C:\Users\HOME\.m2\repository\org\glassfish\jaxb\jaxb-runtime\2.3.2\jaxb-runtime-2.3.2.jar;C:\Users\HOME\.m2\repository\org\glassfish\jaxb\txw2\2.3.2\txw2-2.3.2.jar;C:\Users\HOME\.m2\repository\com\sun\istack\istack-commons-runtime\3.0.8\istack-commons-runtime-3.0.8.jar;C:\Users\HOME\.m2\repository\org\jvnet\staxex\stax-ex\1.8.1\stax-ex-1.8.1.jar;C:\Users\HOME\.m2\repository\com\sun\xml\fastinfoset\FastInfoset\1.2.16\FastInfoset-1.2.16.jar;C:\Users\HOME\.m2\repository\com\sun\mail\javax.mail\1.6.2\javax.mail-1.6.2.jar;C:\Users\HOME\.m2\repository\org\apache\james\apache-mime4j\0.6\apache-mime4j-0.6.jar;C:\Users\HOME\.m2\repository\commons-logging\commons-logging\1.1.1\commons-logging-1.1.1.jar;C:\Users\HOME\.m2\repository\org\jboss\resteasy\resteasy-jackson2-provider\3.9.1.Final\resteasy-jackson2-provider-3.9.1.Final.jar;C:\Users\HOME\.m2\repository\com\fasterxml\jackson\jaxrs\jackson-jaxrs-json-provider\2.10.2.1\jackson-jaxrs-json-provider-2.10.2.1.jar;C:\Users\HOME\.m2\repository\com\fasterxml\jackson\jaxrs\jackson-jaxrs-base\2.10.2.1\jackson-jaxrs-base-2.10.2.1.jar;C:\Users\HOME\.m2\repository\com\fasterxml\jackson\module\jackson-module-jaxb-annotations\2.10.2\jackson-module-jaxb-annotations-2.10.2.jar;C:\Users\HOME\.m2\repository\com\github\fge\json-patch\1.9\json-patch-1.9.jar;C:\Users\HOME\.m2\repository\com\github\fge\jackson-coreutils\1.6\jackson-coreutils-1.6.jar;C:\Users\HOME\.m2\repository\com\github\fge\msg-simple\1.1\msg-simple-1.1.jar;C:\Users\HOME\.m2\repository\com\github\fge\btf\1.2\btf-1.2.jar;C:\Users\HOME\.m2\repository\com\google\guava\guava\25.0-jre\guava-25.0-jre.jar;C:\Users\HOME\.m2\repository\org\keycloak\keycloak-authz-client\2.0.0.Final\keycloak-authz-client-2.0.0.Final.jar;C:\Users\HOME\.m2\repository\org\jboss\logging\jboss-logging\3.4.1.Final\jboss-logging-3.4.1.Final.jar;C:\Users\HOME\.m2\repository\org\apache\httpcomponents\httpclient\4.5.11\httpclient-4.5.11.jar;C:\Users\HOME\.m2\repository\org\apache\httpcomponents\httpcore\4.4.13\httpcore-4.4.13.jar;C:\Users\HOME\.m2\repository\commons-codec\commons-codec\1.13\commons-codec-1.13.jar;C:\Users\HOME\.m2\repository\org\keycloak\keycloak-services\9.0.0\keycloak-services-9.0.0.jar;C:\Users\HOME\.m2\repository\org\bouncycastle\bcprov-jdk15on\1.60\bcprov-jdk15on-1.60.jar;C:\Users\HOME\.m2\repository\org\bouncycastle\bcpkix-jdk15on\1.60\bcpkix-jdk15on-1.60.jar;C:\Users\HOME\.m2\repository\jakarta\mail\jakarta.mail-api\1.6.4\jakarta.mail-api-1.6.4.jar;C:\Users\HOME\.m2\repository\org\glassfish\jakarta.json\1.1.6\jakarta.json-1.1.6.jar;C:\Users\HOME\.m2\repository\org\keycloak\keycloak-common\9.0.0\keycloak-common-9.0.0.jar;C:\Users\HOME\.m2\repository\org\jboss\spec\javax\servlet\jboss-servlet-api_4.0_spec\1.0.0.Final\jboss-servlet-api_4.0_spec-1.0.0.Final.jar;C:\Users\HOME\.m2\repository\org\twitter4j\twitter4j-core\4.0.7\twitter4j-core-4.0.7.jar;C:\Users\HOME\.m2\repository\org\jboss\spec\javax\ws\rs\jboss-jaxrs-api_2.1_spec\2.0.1.Final\jboss-jaxrs-api_2.1_spec-2.0.1.Final.jar;C:\Users\HOME\.m2\repository\org\jboss\spec\javax\transaction\jboss-transaction-api_1.3_spec\2.0.0.Final\jboss-transaction-api_1.3_spec-2.0.0.Final.jar;C:\Users\HOME\.m2\repository\com\googlecode\owasp-java-html-sanitizer\owasp-java-html-sanitizer\20191001.1\owasp-java-html-sanitizer-20191001.1.jar;C:\Users\HOME\.m2\repository\com\fasterxml\jackson\core\jackson-core\2.10.2\jackson-core-2.10.2.jar;C:\Users\HOME\.m2\repository\com\fasterxml\jackson\core\jackson-databind\2.10.2\jackson-databind-2.10.2.jar;C:\Users\HOME\.m2\repository\com\fasterxml\jackson\core\jackson-annotations\2.10.2\jackson-annotations-2.10.2.jar;C:\Users\HOME\.m2\repository\com\google\zxing\javase\3.4.0\javase-3.4.0.jar;C:\Users\HOME\.m2\repository\com\google\zxing\core\3.4.0\core-3.4.0.jar;C:\Users\HOME\.m2\repository\com\github\jai-imageio\jai-imageio-core\1.4.0\jai-imageio-core-1.4.0.jar;C:\Users\HOME\.m2\repository\com\openshift\openshift-restclient-java\6.1.3.Final\openshift-restclient-java-6.1.3.Final.jar;C:\Users\HOME\.m2\repository\com\squareup\okhttp3\okhttp\3.14.7\okhttp-3.14.7.jar;C:\Users\HOME\.m2\repository\com\squareup\okio\okio\1.17.2\okio-1.17.2.jar;C:\Users\HOME\.m2\repository\com\squareup\okhttp3\okhttp-ws\3.3.1\okhttp-ws-3.3.1.jar;C:\Users\HOME\.m2\repository\org\jboss\jboss-dmr\1.3.0.Final\jboss-dmr-1.3.0.Final.jar;C:\Users\HOME\.m2\repository\org\apache\commons\commons-compress\1.8.1\commons-compress-1.8.1.jar;C:\Users\HOME\.m2\repository\commons-io\commons-io\2.1\commons-io-2.1.jar;C:\Users\HOME\.m2\repository\org\slf4j\slf4j-log4j12\1.7.30\slf4j-log4j12-1.7.30.jar;C:\Users\HOME\.m2\repository\log4j\log4j\1.2.16\log4j-1.2.16.jar;C:\Users\HOME\.m2\repository\commons-lang\commons-lang\2.6\commons-lang-2.6.jar;C:\Users\HOME\.m2\repository\com\webauthn4j\webauthn4j-core\0.9.14.RELEASE\webauthn4j-core-0.9.14.RELEASE.jar;C:\Users\HOME\.m2\repository\com\webauthn4j\webauthn4j-util\0.9.14.RELEASE\webauthn4j-util-0.9.14.RELEASE.jar;C:\Users\HOME\.m2\repository\com\fasterxml\jackson\dataformat\jackson-dataformat-cbor\2.10.2\jackson-dataformat-cbor-2.10.2.jar;C:\Users\HOME\.m2\repository\org\apache\kerby\kerby-asn1\2.0.0\kerby-asn1-2.0.0.jar;C:\Users\HOME\.m2\repository\org\keycloak\keycloak-spring-security-adapter\9.0.0\keycloak-spring-security-adapter-9.0.0.jar;C:\Users\HOME\.m2\repository\org\keycloak\keycloak-adapter-spi\9.0.0\keycloak-adapter-spi-9.0.0.jar;C:\Users\HOME\.m2\repository\org\keycloak\keycloak-adapter-core\9.0.0\keycloak-adapter-core-9.0.0.jar;C:\Users\HOME\.m2\repository\org\slf4j\slf4j-api\1.7.30\slf4j-api-1.7.30.jar;"/>
    <property name="java.vm.vendor" value="Oracle Corporation"/>
    <property name="sun.arch.data.model" value="32"/>
    <property name="user.variant" value=""/>
    <property name="java.vendor.url" value="http://java.oracle.com/"/>
    <property name="user.timezone" value="America/Sao_Paulo"/>
    <property name="java.vm.specification.version" value="1.8"/>
    <property name="os.name" value="Windows 10"/>
    <property name="user.country" value="BR"/>
    <property name="sun.java.launcher" value="SUN_STANDARD"/>
    <property name="sun.boot.library.path" value="C:\Program Files\Java\jdk1.8.0_221\jre\bin"/>
    <property name="sun.java.command" value="C:\Users\HOME\AppData\Local\Temp\surefire1910143842588686132\surefirebooter5886574954119660383.jar C:\Users\HOME\AppData\Local\Temp\surefire1910143842588686132 2020-03-01T19-27-14_998-jvmRun1 surefire3228560434191266142tmp surefire_0474908296044928383tmp"/>
    <property name="surefire.test.class.path" value="C:\Users\HOME\workspace\Authtentication-Oauth\target\test-classes;C:\Users\HOME\workspace\Authtentication-Oauth\target\classes;C:\Users\HOME\.m2\repository\org\springframework\boot\spring-boot-starter-actuator\2.2.5.RELEASE\spring-boot-starter-actuator-2.2.5.RELEASE.jar;C:\Users\HOME\.m2\repository\org\springframework\boot\spring-boot-starter\2.2.5.RELEASE\spring-boot-starter-2.2.5.RELEASE.jar;C:\Users\HOME\.m2\repository\org\springframework\boot\spring-boot-starter-logging\2.2.5.RELEASE\spring-boot-starter-logging-2.2.5.RELEASE.jar;C:\Users\HOME\.m2\repository\ch\qos\logback\logback-classic\1.2.3\logback-classic-1.2.3.jar;C:\Users\HOME\.m2\repository\ch\qos\logback\logback-core\1.2.3\logback-core-1.2.3.jar;C:\Users\HOME\.m2\repository\org\apache\logging\log4j\log4j-to-slf4j\2.12.1\log4j-to-slf4j-2.12.1.jar;C:\Users\HOME\.m2\repository\org\apache\logging\log4j\log4j-api\2.12.1\log4j-api-2.12.1.jar;C:\Users\HOME\.m2\repository\org\slf4j\jul-to-slf4j\1.7.30\jul-to-slf4j-1.7.30.jar;C:\Users\HOME\.m2\repository\jakarta\annotation\jakarta.annotation-api\1.3.5\jakarta.annotation-api-1.3.5.jar;C:\Users\HOME\.m2\repository\org\yaml\snakeyaml\1.25\snakeyaml-1.25.jar;C:\Users\HOME\.m2\repository\org\springframework\boot\spring-boot-actuator-autoconfigure\2.2.5.RELEASE\spring-boot-actuator-autoconfigure-2.2.5.RELEASE.jar;C:\Users\HOME\.m2\repository\org\springframework\boot\spring-boot-actuator\2.2.5.RELEASE\spring-boot-actuator-2.2.5.RELEASE.jar;C:\Users\HOME\.m2\repository\org\springframework\spring-context\5.2.4.RELEASE\spring-context-5.2.4.RELEASE.jar;C:\Users\HOME\.m2\repository\com\fasterxml\jackson\datatype\jackson-datatype-jsr310\2.10.2\jackson-datatype-jsr310-2.10.2.jar;C:\Users\HOME\.m2\repository\io\micrometer\micrometer-core\1.3.5\micrometer-core-1.3.5.jar;C:\Users\HOME\.m2\repository\org\hdrhistogram\HdrHistogram\2.1.11\HdrHistogram-2.1.11.jar;C:\Users\HOME\.m2\repository\org\latencyutils\LatencyUtils\2.0.3\LatencyUtils-2.0.3.jar;C:\Users\HOME\.m2\repository\org\springframework\boot\spring-boot-starter-oauth2-client\2.2.5.RELEASE\spring-boot-starter-oauth2-client-2.2.5.RELEASE.jar;C:\Users\HOME\.m2\repository\com\sun\mail\jakarta.mail\1.6.4\jakarta.mail-1.6.4.jar;C:\Users\HOME\.m2\repository\com\sun\activation\jakarta.activation\1.2.2\jakarta.activation-1.2.2.jar;C:\Users\HOME\.m2\repository\org\springframework\security\spring-security-config\5.2.2.RELEASE\spring-security-config-5.2.2.RELEASE.jar;C:\Users\HOME\.m2\repository\org\springframework\spring-beans\5.2.4.RELEASE\spring-beans-5.2.4.RELEASE.jar;C:\Users\HOME\.m2\repository\org\springframework\security\spring-security-core\5.2.2.RELEASE\spring-security-core-5.2.2.RELEASE.jar;C:\Users\HOME\.m2\repository\org\springframework\spring-expression\5.2.4.RELEASE\spring-expression-5.2.4.RELEASE.jar;C:\Users\HOME\.m2\repository\org\springframework\security\spring-security-oauth2-client\5.2.2.RELEASE\spring-security-oauth2-client-5.2.2.RELEASE.jar;C:\Users\HOME\.m2\repository\com\nimbusds\oauth2-oidc-sdk\6.14\oauth2-oidc-sdk-6.14.jar;C:\Users\HOME\.m2\repository\com\github\stephenc\jcip\jcip-annotations\1.0-1\jcip-annotations-1.0-1.jar;C:\Users\HOME\.m2\repository\com\nimbusds\lang-tag\1.4.4\lang-tag-1.4.4.jar;C:\Users\HOME\.m2\repository\org\springframework\security\spring-security-oauth2-core\5.2.2.RELEASE\spring-security-oauth2-core-5.2.2.RELEASE.jar;C:\Users\HOME\.m2\repository\org\springframework\security\spring-security-oauth2-jose\5.2.2.RELEASE\spring-security-oauth2-jose-5.2.2.RELEASE.jar;C:\Users\HOME\.m2\repository\com\nimbusds\nimbus-jose-jwt\7.8.1\nimbus-jose-jwt-7.8.1.jar;C:\Users\HOME\.m2\repository\org\springframework\boot\spring-boot-starter-oauth2-resource-server\2.2.5.RELEASE\spring-boot-starter-oauth2-resource-server-2.2.5.RELEASE.jar;C:\Users\HOME\.m2\repository\org\springframework\security\spring-security-oauth2-resource-server\5.2.2.RELEASE\spring-security-oauth2-resource-server-5.2.2.RELEASE.jar;C:\Users\HOME\.m2\repository\org\springframework\boot\spring-boot-starter-security\2.2.5.RELEASE\spring-boot-starter-security-2.2.5.RELEASE.jar;C:\Users\HOME\.m2\repository\org\springframework\spring-aop\5.2.4.RELEASE\spring-aop-5.2.4.RELEASE.jar;C:\Users\HOME\.m2\repository\org\springframework\security\spring-security-web\5.2.2.RELEASE\spring-security-web-5.2.2.RELEASE.jar;C:\Users\HOME\.m2\repository\org\springframework\boot\spring-boot-starter-web\2.2.5.RELEASE\spring-boot-starter-web-2.2.5.RELEASE.jar;C:\Users\HOME\.m2\repository\org\springframework\boot\spring-boot-starter-json\2.2.5.RELEASE\spring-boot-starter-json-2.2.5.RELEASE.jar;C:\Users\HOME\.m2\repository\com\fasterxml\jackson\datatype\jackson-datatype-jdk8\2.10.2\jackson-datatype-jdk8-2.10.2.jar;C:\Users\HOME\.m2\repository\com\fasterxml\jackson\module\jackson-module-parameter-names\2.10.2\jackson-module-parameter-names-2.10.2.jar;C:\Users\HOME\.m2\repository\org\springframework\boot\spring-boot-starter-tomcat\2.2.5.RELEASE\spring-boot-starter-tomcat-2.2.5.RELEASE.jar;C:\Users\HOME\.m2\repository\org\apache\tomcat\embed\tomcat-embed-core\9.0.31\tomcat-embed-core-9.0.31.jar;C:\Users\HOME\.m2\repository\org\apache\tomcat\embed\tomcat-embed-el\9.0.31\tomcat-embed-el-9.0.31.jar;C:\Users\HOME\.m2\repository\org\apache\tomcat\embed\tomcat-embed-websocket\9.0.31\tomcat-embed-websocket-9.0.31.jar;C:\Users\HOME\.m2\repository\org\springframework\boot\spring-boot-starter-validation\2.2.5.RELEASE\spring-boot-starter-validation-2.2.5.RELEASE.jar;C:\Users\HOME\.m2\repository\jakarta\validation\jakarta.validation-api\2.0.2\jakarta.validation-api-2.0.2.jar;C:\Users\HOME\.m2\repository\org\hibernate\validator\hibernate-validator\6.0.18.Final\hibernate-validator-6.0.18.Final.jar;C:\Users\HOME\.m2\repository\com\fasterxml\classmate\1.5.1\classmate-1.5.1.jar;C:\Users\HOME\.m2\repository\org\springframework\spring-web\5.2.4.RELEASE\spring-web-5.2.4.RELEASE.jar;C:\Users\HOME\.m2\repository\org\springframework\spring-webmvc\5.2.4.RELEASE\spring-webmvc-5.2.4.RELEASE.jar;C:\Users\HOME\.m2\repository\org\springframework\boot\spring-boot-devtools\2.2.5.RELEASE\spring-boot-devtools-2.2.5.RELEASE.jar;C:\Users\HOME\.m2\repository\org\springframework\boot\spring-boot\2.2.5.RELEASE\spring-boot-2.2.5.RELEASE.jar;C:\Users\HOME\.m2\repository\org\springframework\boot\spring-boot-autoconfigure\2.2.5.RELEASE\spring-boot-autoconfigure-2.2.5.RELEASE.jar;C:\Users\HOME\.m2\repository\org\springframework\boot\spring-boot-starter-test\2.2.5.RELEASE\spring-boot-starter-test-2.2.5.RELEASE.jar;C:\Users\HOME\.m2\repository\org\springframework\boot\spring-boot-test\2.2.5.RELEASE\spring-boot-test-2.2.5.RELEASE.jar;C:\Users\HOME\.m2\repository\org\springframework\boot\spring-boot-test-autoconfigure\2.2.5.RELEASE\spring-boot-test-autoconfigure-2.2.5.RELEASE.jar;C:\Users\HOME\.m2\repository\com\jayway\jsonpath\json-path\2.4.0\json-path-2.4.0.jar;C:\Users\HOME\.m2\repository\net\minidev\json-smart\2.3\json-smart-2.3.jar;C:\Users\HOME\.m2\repository\net\minidev\accessors-smart\1.2\accessors-smart-1.2.jar;C:\Users\HOME\.m2\repository\org\ow2\asm\asm\5.0.4\asm-5.0.4.jar;C:\Users\HOME\.m2\repository\jakarta\xml\bind\jakarta.xml.bind-api\2.3.2\jakarta.xml.bind-api-2.3.2.jar;C:\Users\HOME\.m2\repository\jakarta\activation\jakarta.activation-api\1.2.2\jakarta.activation-api-1.2.2.jar;C:\Users\HOME\.m2\repository\org\junit\jupiter\junit-jupiter\5.5.2\junit-jupiter-5.5.2.jar;C:\Users\HOME\.m2\repository\org\junit\jupiter\junit-jupiter-api\5.5.2\junit-jupiter-api-5.5.2.jar;C:\Users\HOME\.m2\repository\org\apiguardian\apiguardian-api\1.1.0\apiguardian-api-1.1.0.jar;C:\Users\HOME\.m2\repository\org\opentest4j\opentest4j\1.2.0\opentest4j-1.2.0.jar;C:\Users\HOME\.m2\repository\org\junit\platform\junit-platform-commons\1.5.2\junit-platform-commons-1.5.2.jar;C:\Users\HOME\.m2\repository\org\junit\jupiter\junit-jupiter-params\5.5.2\junit-jupiter-params-5.5.2.jar;C:\Users\HOME\.m2\repository\org\junit\jupiter\junit-jupiter-engine\5.5.2\junit-jupiter-engine-5.5.2.jar;C:\Users\HOME\.m2\repository\org\junit\platform\junit-platform-engine\1.5.2\junit-platform-engine-1.5.2.jar;C:\Users\HOME\.m2\repository\org\mockito\mockito-junit-jupiter\3.1.0\mockito-junit-jupiter-3.1.0.jar;C:\Users\HOME\.m2\repository\org\assertj\assertj-core\3.13.2\assertj-core-3.13.2.jar;C:\Users\HOME\.m2\repository\org\hamcrest\hamcrest\2.1\hamcrest-2.1.jar;C:\Users\HOME\.m2\repository\org\mockito\mockito-core\3.1.0\mockito-core-3.1.0.jar;C:\Users\HOME\.m2\repository\net\bytebuddy\byte-buddy\1.10.8\byte-buddy-1.10.8.jar;C:\Users\HOME\.m2\repository\net\bytebuddy\byte-buddy-agent\1.10.8\byte-buddy-agent-1.10.8.jar;C:\Users\HOME\.m2\repository\org\objenesis\objenesis\2.6\objenesis-2.6.jar;C:\Users\HOME\.m2\repository\org\skyscreamer\jsonassert\1.5.0\jsonassert-1.5.0.jar;C:\Users\HOME\.m2\repository\com\vaadin\external\google\android-json\0.0.20131108.vaadin1\android-json-0.0.20131108.vaadin1.jar;C:\Users\HOME\.m2\repository\org\springframework\spring-core\5.2.4.RELEASE\spring-core-5.2.4.RELEASE.jar;C:\Users\HOME\.m2\repository\org\springframework\spring-jcl\5.2.4.RELEASE\spring-jcl-5.2.4.RELEASE.jar;C:\Users\HOME\.m2\repository\org\springframework\spring-test\5.2.4.RELEASE\spring-test-5.2.4.RELEASE.jar;C:\Users\HOME\.m2\repository\org\xmlunit\xmlunit-core\2.6.3\xmlunit-core-2.6.3.jar;C:\Users\HOME\.m2\repository\org\springframework\security\spring-security-test\5.2.2.RELEASE\spring-security-test-5.2.2.RELEASE.jar;C:\Users\HOME\.m2\repository\org\projectlombok\lombok\1.18.12\lombok-1.18.12.jar;C:\Users\HOME\.m2\repository\org\keycloak\keycloak-admin-client\9.0.0\keycloak-admin-client-9.0.0.jar;C:\Users\HOME\.m2\repository\org\keycloak\keycloak-core\9.0.0\keycloak-core-9.0.0.jar;C:\Users\HOME\.m2\repository\org\jboss\resteasy\resteasy-multipart-provider\3.9.1.Final\resteasy-multipart-provider-3.9.1.Final.jar;C:\Users\HOME\.m2\repository\org\jboss\resteasy\resteasy-jaxrs\3.9.1.Final\resteasy-jaxrs-3.9.1.Final.jar;C:\Users\HOME\.m2\repository\org\jboss\spec\javax\xml\bind\jboss-jaxb-api_2.3_spec\1.0.1.Final\jboss-jaxb-api_2.3_spec-1.0.1.Final.jar;C:\Users\HOME\.m2\repository\org\reactivestreams\reactive-streams\1.0.3\reactive-streams-1.0.3.jar;C:\Users\HOME\.m2\repository\javax\validation\validation-api\2.0.1.Final\validation-api-2.0.1.Final.jar;C:\Users\HOME\.m2\repository\org\jboss\spec\javax\annotation\jboss-annotations-api_1.3_spec\1.0.1.Final\jboss-annotations-api_1.3_spec-1.0.1.Final.jar;C:\Users\HOME\.m2\repository\javax\activation\activation\1.1.1\activation-1.1.1.jar;C:\Users\HOME\.m2\repository\org\jboss\resteasy\resteasy-client\3.9.1.Final\resteasy-client-3.9.1.Final.jar;C:\Users\HOME\.m2\repository\org\jboss\resteasy\resteasy-jaxb-provider\3.9.1.Final\resteasy-jaxb-provider-3.9.1.Final.jar;C:\Users\HOME\.m2\repository\org\glassfish\jaxb\jaxb-runtime\2.3.2\jaxb-runtime-2.3.2.jar;C:\Users\HOME\.m2\repository\org\glassfish\jaxb\txw2\2.3.2\txw2-2.3.2.jar;C:\Users\HOME\.m2\repository\com\sun\istack\istack-commons-runtime\3.0.8\istack-commons-runtime-3.0.8.jar;C:\Users\HOME\.m2\repository\org\jvnet\staxex\stax-ex\1.8.1\stax-ex-1.8.1.jar;C:\Users\HOME\.m2\repository\com\sun\xml\fastinfoset\FastInfoset\1.2.16\FastInfoset-1.2.16.jar;C:\Users\HOME\.m2\repository\com\sun\mail\javax.mail\1.6.2\javax.mail-1.6.2.jar;C:\Users\HOME\.m2\repository\org\apache\james\apache-mime4j\0.6\apache-mime4j-0.6.jar;C:\Users\HOME\.m2\repository\commons-logging\commons-logging\1.1.1\commons-logging-1.1.1.jar;C:\Users\HOME\.m2\repository\org\jboss\resteasy\resteasy-jackson2-provider\3.9.1.Final\resteasy-jackson2-provider-3.9.1.Final.jar;C:\Users\HOME\.m2\repository\com\fasterxml\jackson\jaxrs\jackson-jaxrs-json-provider\2.10.2.1\jackson-jaxrs-json-provider-2.10.2.1.jar;C:\Users\HOME\.m2\repository\com\fasterxml\jackson\jaxrs\jackson-jaxrs-base\2.10.2.1\jackson-jaxrs-base-2.10.2.1.jar;C:\Users\HOME\.m2\repository\com\fasterxml\jackson\module\jackson-module-jaxb-annotations\2.10.2\jackson-module-jaxb-annotations-2.10.2.jar;C:\Users\HOME\.m2\repository\com\github\fge\json-patch\1.9\json-patch-1.9.jar;C:\Users\HOME\.m2\repository\com\github\fge\jackson-coreutils\1.6\jackson-coreutils-1.6.jar;C:\Users\HOME\.m2\repository\com\github\fge\msg-simple\1.1\msg-simple-1.1.jar;C:\Users\HOME\.m2\repository\com\github\fge\btf\1.2\btf-1.2.jar;C:\Users\HOME\.m2\repository\com\google\guava\guava\25.0-jre\guava-25.0-jre.jar;C:\Users\HOME\.m2\repository\org\keycloak\keycloak-authz-client\2.0.0.Final\keycloak-authz-client-2.0.0.Final.jar;C:\Users\HOME\.m2\repository\org\jboss\logging\jboss-logging\3.4.1.Final\jboss-logging-3.4.1.Final.jar;C:\Users\HOME\.m2\repository\org\apache\httpcomponents\httpclient\4.5.11\httpclient-4.5.11.jar;C:\Users\HOME\.m2\repository\org\apache\httpcomponents\httpcore\4.4.13\httpcore-4.4.13.jar;C:\Users\HOME\.m2\repository\commons-codec\commons-codec\1.13\commons-codec-1.13.jar;C:\Users\HOME\.m2\repository\org\keycloak\keycloak-services\9.0.0\keycloak-services-9.0.0.jar;C:\Users\HOME\.m2\repository\org\bouncycastle\bcprov-jdk15on\1.60\bcprov-jdk15on-1.60.jar;C:\Users\HOME\.m2\repository\org\bouncycastle\bcpkix-jdk15on\1.60\bcpkix-jdk15on-1.60.jar;C:\Users\HOME\.m2\repository\jakarta\mail\jakarta.mail-api\1.6.4\jakarta.mail-api-1.6.4.jar;C:\Users\HOME\.m2\repository\org\glassfish\jakarta.json\1.1.6\jakarta.json-1.1.6.jar;C:\Users\HOME\.m2\repository\org\keycloak\keycloak-common\9.0.0\keycloak-common-9.0.0.jar;C:\Users\HOME\.m2\repository\org\jboss\spec\javax\servlet\jboss-servlet-api_4.0_spec\1.0.0.Final\jboss-servlet-api_4.0_spec-1.0.0.Final.jar;C:\Users\HOME\.m2\repository\org\twitter4j\twitter4j-core\4.0.7\twitter4j-core-4.0.7.jar;C:\Users\HOME\.m2\repository\org\jboss\spec\javax\ws\rs\jboss-jaxrs-api_2.1_spec\2.0.1.Final\jboss-jaxrs-api_2.1_spec-2.0.1.Final.jar;C:\Users\HOME\.m2\repository\org\jboss\spec\javax\transaction\jboss-transaction-api_1.3_spec\2.0.0.Final\jboss-transaction-api_1.3_spec-2.0.0.Final.jar;C:\Users\HOME\.m2\repository\com\googlecode\owasp-java-html-sanitizer\owasp-java-html-sanitizer\20191001.1\owasp-java-html-sanitizer-20191001.1.jar;C:\Users\HOME\.m2\repository\com\fasterxml\jackson\core\jackson-core\2.10.2\jackson-core-2.10.2.jar;C:\Users\HOME\.m2\repository\com\fasterxml\jackson\core\jackson-databind\2.10.2\jackson-databind-2.10.2.jar;C:\Users\HOME\.m2\repository\com\fasterxml\jackson\core\jackson-annotations\2.10.2\jackson-annotations-2.10.2.jar;C:\Users\HOME\.m2\repository\com\google\zxing\javase\3.4.0\javase-3.4.0.jar;C:\Users\HOME\.m2\repository\com\google\zxing\core\3.4.0\core-3.4.0.jar;C:\Users\HOME\.m2\repository\com\github\jai-imageio\jai-imageio-core\1.4.0\jai-imageio-core-1.4.0.jar;C:\Users\HOME\.m2\repository\com\openshift\openshift-restclient-java\6.1.3.Final\openshift-restclient-java-6.1.3.Final.jar;C:\Users\HOME\.m2\repository\com\squareup\okhttp3\okhttp\3.14.7\okhttp-3.14.7.jar;C:\Users\HOME\.m2\repository\com\squareup\okio\okio\1.17.2\okio-1.17.2.jar;C:\Users\HOME\.m2\repository\com\squareup\okhttp3\okhttp-ws\3.3.1\okhttp-ws-3.3.1.jar;C:\Users\HOME\.m2\repository\org\jboss\jboss-dmr\1.3.0.Final\jboss-dmr-1.3.0.Final.jar;C:\Users\HOME\.m2\repository\org\apache\commons\commons-compress\1.8.1\commons-compress-1.8.1.jar;C:\Users\HOME\.m2\repository\commons-io\commons-io\2.1\commons-io-2.1.jar;C:\Users\HOME\.m2\repository\org\slf4j\slf4j-log4j12\1.7.30\slf4j-log4j12-1.7.30.jar;C:\Users\HOME\.m2\repository\log4j\log4j\1.2.16\log4j-1.2.16.jar;C:\Users\HOME\.m2\repository\commons-lang\commons-lang\2.6\commons-lang-2.6.jar;C:\Users\HOME\.m2\repository\com\webauthn4j\webauthn4j-core\0.9.14.RELEASE\webauthn4j-core-0.9.14.RELEASE.jar;C:\Users\HOME\.m2\repository\com\webauthn4j\webauthn4j-util\0.9.14.RELEASE\webauthn4j-util-0.9.14.RELEASE.jar;C:\Users\HOME\.m2\repository\com\fasterxml\jackson\dataformat\jackson-dataformat-cbor\2.10.2\jackson-dataformat-cbor-2.10.2.jar;C:\Users\HOME\.m2\repository\org\apache\kerby\kerby-asn1\2.0.0\kerby-asn1-2.0.0.jar;C:\Users\HOME\.m2\repository\org\keycloak\keycloak-spring-security-adapter\9.0.0\keycloak-spring-security-adapter-9.0.0.jar;C:\Users\HOME\.m2\repository\org\keycloak\keycloak-adapter-spi\9.0.0\keycloak-adapter-spi-9.0.0.jar;C:\Users\HOME\.m2\repository\org\keycloak\keycloak-adapter-core\9.0.0\keycloak-adapter-core-9.0.0.jar;C:\Users\HOME\.m2\repository\org\slf4j\slf4j-api\1.7.30\slf4j-api-1.7.30.jar;"/>
    <property name="sun.cpu.endian" value="little"/>
    <property name="user.home" value="C:\Users\HOME"/>
    <property name="user.language" value="pt"/>
    <property name="java.specification.vendor" value="Oracle Corporation"/>
    <property name="java.home" value="C:\Program Files\Java\jdk1.8.0_221\jre"/>
    <property name="basedir" value="C:\Users\HOME\workspace\Authtentication-Oauth"/>
    <property name="file.separator" value="\"/>
    <property name="line.separator" value="&#10;"/>
    <property name="java.vm.specification.vendor" value="Oracle Corporation"/>
    <property name="java.specification.name" value="Java Platform API Specification"/>
    <property name="java.awt.graphicsenv" value="sun.awt.Win32GraphicsEnvironment"/>
    <property name="surefire.real.class.path" value="C:\Users\HOME\AppData\Local\Temp\surefire1910143842588686132\surefirebooter5886574954119660383.jar"/>
    <property name="sun.boot.class.path" value="C:\Program Files\Java\jdk1.8.0_221\jre\lib\resources.jar;C:\Program Files\Java\jdk1.8.0_221\jre\lib\rt.jar;C:\Program Files\Java\jdk1.8.0_221\jre\lib\sunrsasign.jar;C:\Program Files\Java\jdk1.8.0_221\jre\lib\jsse.jar;C:\Program Files\Java\jdk1.8.0_221\jre\lib\jce.jar;C:\Program Files\Java\jdk1.8.0_221\jre\lib\charsets.jar;C:\Program Files\Java\jdk1.8.0_221\jre\lib\jfr.jar;C:\Program Files\Java\jdk1.8.0_221\jre\classes"/>
    <property name="user.script" value=""/>
    <property name="sun.management.compiler" value="HotSpot Client Compiler"/>
    <property name="java.runtime.version" value="1.8.0_221-b11"/>
    <property name="user.name" value="HOME"/>
    <property name="path.separator" value=";"/>
    <property name="os.version" value="10.0"/>
    <property name="java.endorsed.dirs" value="C:\Program Files\Java\jdk1.8.0_221\jre\lib\endorsed"/>
    <property name="java.runtime.name" value="Java(TM) SE Runtime Environment"/>
    <property name="file.encoding" value="Cp1252"/>
    <property name="java.vm.name" value="Java HotSpot(TM) Client VM"/>
    <property name="localRepository" value="C:\Users\HOME\.m2\repository"/>
    <property name="java.vendor.url.bug" value="http://bugreport.sun.com/bugreport/"/>
    <property name="java.io.tmpdir" value="C:\Users\HOME\AppData\Local\Temp\"/>
    <property name="java.version" value="1.8.0_221"/>
    <property name="user.dir" value="C:\Users\HOME\workspace\Authtentication-Oauth"/>
    <property name="os.arch" value="x86"/>
    <property name="java.vm.specification.name" value="Java Virtual Machine Specification"/>
    <property name="java.awt.printerjob" value="sun.awt.windows.WPrinterJob"/>
    <property name="sun.os.patch.level" value=""/>
    <property name="java.library.path" value="C:\Program Files\Java\jdk1.8.0_221\jre\bin;C:\WINDOWS\Sun\Java\bin;C:\WINDOWS\system32;C:\WINDOWS;C:/Program Files/Java/jre1.8.0_231/bin/client;C:/Program Files/Java/jre1.8.0_231/bin;C:/Program Files/Java/jre1.8.0_231/lib/i386;C:\Program Files\Common Files\Oracle\Java\javapath;C:\WINDOWS\system32;C:\WINDOWS;C:\WINDOWS\System32\Wbem;C:\WINDOWS\System32\WindowsPowerShell\v1.0\;C:\WINDOWS\System32\OpenSSH\;C:\Program Files\nodejs\;C:\Program Files\Java\jdk1.8.0_221\bin;C:\Program Files\Git\cmd;C:\Program Files\MySQL\MySQL Server 5.5\bin;C:\Users\HOME\AppData\Local\Microsoft\WindowsApps;C:\Users\HOME\AppData\Local\Programs\Microsoft VS Code\bin;C:\Users\HOME\AppData\Roaming\npm;C:\Program Files\Java\jdk1.8.0_221\bin;C:\apache-ant-1.10\bin;;C:\eclipse;;."/>
    <property name="java.vm.info" value="mixed mode, sharing"/>
    <property name="java.vendor" value="Oracle Corporation"/>
    <property name="java.vm.version" value="25.221-b11"/>
    <property name="java.ext.dirs" value="C:\Program Files\Java\jdk1.8.0_221\jre\lib\ext;C:\WINDOWS\Sun\Java\lib\ext"/>
    <property name="sun.io.unicode.encoding" value="UnicodeLittle"/>
    <property name="java.class.version" value="52.0"/>
  </properties>
  <testcase name="contextLoads" classname="com.athentication.oauth2.AuthtenticationOauthApplicationTests" time="0.001">
    <error message="Failed to load ApplicationContext" type="java.lang.IllegalStateException">java.lang.IllegalStateException: Failed to load ApplicationContext
Caused by: org.springframework.beans.factory.BeanCreationException: Error creating bean with name 'webSecurityConfig': Injection of autowired dependencies failed; nested exception is java.lang.StackOverflowError
Caused by: java.lang.StackOverflowError
</error>
    <system-out><![CDATA[19:27:22.724 [main] DEBUG org.springframework.test.context.BootstrapUtils - Instantiating CacheAwareContextLoaderDelegate from class [org.springframework.test.context.cache.DefaultCacheAwareContextLoaderDelegate]
19:27:22.796 [main] DEBUG org.springframework.test.context.BootstrapUtils - Instantiating BootstrapContext using constructor [public org.springframework.test.context.support.DefaultBootstrapContext(java.lang.Class,org.springframework.test.context.CacheAwareContextLoaderDelegate)]
19:27:22.907 [main] DEBUG org.springframework.test.context.BootstrapUtils - Instantiating TestContextBootstrapper for test class [com.athentication.oauth2.AuthtenticationOauthApplicationTests] from class [org.springframework.boot.test.context.SpringBootTestContextBootstrapper]
19:27:22.962 [main] INFO org.springframework.boot.test.context.SpringBootTestContextBootstrapper - Neither @ContextConfiguration nor @ContextHierarchy found for test class [com.athentication.oauth2.AuthtenticationOauthApplicationTests], using SpringBootContextLoader
19:27:22.975 [main] DEBUG org.springframework.test.context.support.AbstractContextLoader - Did not detect default resource location for test class [com.athentication.oauth2.AuthtenticationOauthApplicationTests]: class path resource [com/athentication/oauth2/AuthtenticationOauthApplicationTests-context.xml] does not exist
19:27:22.979 [main] DEBUG org.springframework.test.context.support.AbstractContextLoader - Did not detect default resource location for test class [com.athentication.oauth2.AuthtenticationOauthApplicationTests]: class path resource [com/athentication/oauth2/AuthtenticationOauthApplicationTestsContext.groovy] does not exist
19:27:22.979 [main] INFO org.springframework.test.context.support.AbstractContextLoader - Could not detect default resource locations for test class [com.athentication.oauth2.AuthtenticationOauthApplicationTests]: no resource found for suffixes {-context.xml, Context.groovy}.
19:27:22.980 [main] INFO org.springframework.test.context.support.AnnotationConfigContextLoaderUtils - Could not detect default configuration classes for test class [com.athentication.oauth2.AuthtenticationOauthApplicationTests]: AuthtenticationOauthApplicationTests does not declare any static, non-private, non-final, nested classes annotated with @Configuration.
19:27:23.321 [main] DEBUG org.springframework.test.context.support.ActiveProfilesUtils - Could not find an 'annotation declaring class' for annotation type [org.springframework.test.context.ActiveProfiles] and class [com.athentication.oauth2.AuthtenticationOauthApplicationTests]
19:27:23.596 [main] DEBUG org.springframework.context.annotation.ClassPathScanningCandidateComponentProvider - Identified candidate component class: file [C:\Users\HOME\workspace\Authtentication-Oauth\target\classes\com\athentication\oauth2\AuthtenticationOauthApplication.class]
19:27:23.600 [main] INFO org.springframework.boot.test.context.SpringBootTestContextBootstrapper - Found @SpringBootConfiguration com.athentication.oauth2.AuthtenticationOauthApplication for test class com.athentication.oauth2.AuthtenticationOauthApplicationTests
19:27:24.227 [main] DEBUG org.springframework.boot.test.context.SpringBootTestContextBootstrapper - @TestExecutionListeners is not present for class [com.athentication.oauth2.AuthtenticationOauthApplicationTests]: using defaults.
19:27:24.228 [main] INFO org.springframework.boot.test.context.SpringBootTestContextBootstrapper - Loaded default TestExecutionListener class names from location [META-INF/spring.factories]: [org.springframework.boot.test.mock.mockito.MockitoTestExecutionListener, org.springframework.boot.test.mock.mockito.ResetMocksTestExecutionListener, org.springframework.boot.test.autoconfigure.restdocs.RestDocsTestExecutionListener, org.springframework.boot.test.autoconfigure.web.client.MockRestServiceServerResetTestExecutionListener, org.springframework.boot.test.autoconfigure.web.servlet.MockMvcPrintOnlyOnFailureTestExecutionListener, org.springframework.boot.test.autoconfigure.web.servlet.WebDriverTestExecutionListener, org.springframework.test.context.web.ServletTestExecutionListener, org.springframework.test.context.support.DirtiesContextBeforeModesTestExecutionListener, org.springframework.test.context.support.DependencyInjectionTestExecutionListener, org.springframework.test.context.support.DirtiesContextTestExecutionListener, org.springframework.test.context.transaction.TransactionalTestExecutionListener, org.springframework.test.context.jdbc.SqlScriptsTestExecutionListener, org.springframework.test.context.event.EventPublishingTestExecutionListener, org.springframework.security.test.context.support.WithSecurityContextTestExecutionListener, org.springframework.security.test.context.support.ReactorContextTestExecutionListener]
19:27:24.290 [main] DEBUG org.springframework.boot.test.context.SpringBootTestContextBootstrapper - Skipping candidate TestExecutionListener [org.springframework.test.context.transaction.TransactionalTestExecutionListener] due to a missing dependency. Specify custom listener classes or make the default listener classes and their required dependencies available. Offending class: [org/springframework/transaction/interceptor/TransactionAttributeSource]
19:27:24.292 [main] DEBUG org.springframework.boot.test.context.SpringBootTestContextBootstrapper - Skipping candidate TestExecutionListener [org.springframework.test.context.jdbc.SqlScriptsTestExecutionListener] due to a missing dependency. Specify custom listener classes or make the default listener classes and their required dependencies available. Offending class: [org/springframework/transaction/interceptor/TransactionAttribute]
19:27:24.296 [main] INFO org.springframework.boot.test.context.SpringBootTestContextBootstrapper - Using TestExecutionListeners: [org.springframework.test.context.web.ServletTestExecutionListener@1437611, org.springframework.test.context.support.DirtiesContextBeforeModesTestExecutionListener@10aac89, org.springframework.boot.test.mock.mockito.MockitoTestExecutionListener@5920df, org.springframework.boot.test.autoconfigure.SpringBootDependencyInjectionTestExecutionListener@1f9d882, org.springframework.test.context.support.DirtiesContextTestExecutionListener@1e4c792, org.springframework.test.context.event.EventPublishingTestExecutionListener@16a42c3, org.springframework.security.test.context.support.WithSecurityContextTestExecutionListener@60d6e9, org.springframework.security.test.context.support.ReactorContextTestExecutionListener@1043a2f, org.springframework.boot.test.mock.mockito.ResetMocksTestExecutionListener@83a74a, org.springframework.boot.test.autoconfigure.restdocs.RestDocsTestExecutionListener@1349883, org.springframework.boot.test.autoconfigure.web.client.MockRestServiceServerResetTestExecutionListener@129d1d2, org.springframework.boot.test.autoconfigure.web.servlet.MockMvcPrintOnlyOnFailureTestExecutionListener@1485fda, org.springframework.boot.test.autoconfigure.web.servlet.WebDriverTestExecutionListener@261e8e]
19:27:24.306 [main] DEBUG org.springframework.test.context.support.AbstractDirtiesContextTestExecutionListener - Before test class: context [DefaultTestContext@2c3d18 testClass = AuthtenticationOauthApplicationTests, testInstance = [null], testMethod = [null], testException = [null], mergedContextConfiguration = [WebMergedContextConfiguration@b4893b testClass = AuthtenticationOauthApplicationTests, locations = '{}', classes = '{class com.athentication.oauth2.AuthtenticationOauthApplication}', contextInitializerClasses = '[]', activeProfiles = '{}', propertySourceLocations = '{}', propertySourceProperties = '{org.springframework.boot.test.context.SpringBootTestContextBootstrapper=true}', contextCustomizers = set[org.springframework.boot.test.context.filter.ExcludeFilterContextCustomizer@e5aa72, org.springframework.boot.test.json.DuplicateJsonObjectContextCustomizerFactory$DuplicateJsonObjectContextCustomizer@293aa2, org.springframework.boot.test.mock.mockito.MockitoContextCustomizer@0, org.springframework.boot.test.web.client.TestRestTemplateContextCustomizer@33f1a9, org.springframework.boot.test.autoconfigure.properties.PropertyMappingContextCustomizer@0, org.springframework.boot.test.autoconfigure.web.servlet.WebDriverContextCustomizerFactory$Customizer@9bf450], resourceBasePath = 'src/main/webapp', contextLoader = 'org.springframework.boot.test.context.SpringBootContextLoader', parent = [null]], attributes = map['org.springframework.test.context.web.ServletTestExecutionListener.activateListener' -> true]], class annotated with @DirtiesContext [false] with mode [null].
19:27:24.649 [main] DEBUG org.springframework.test.context.support.TestPropertySourceUtils - Adding inlined properties to environment: {spring.jmx.enabled=false, org.springframework.boot.test.context.SpringBootTestContextBootstrapper=true, server.port=-1}

  .   ____          _            __ _ _
 /\\ / ___'_ __ _ _(_)_ __  __ _ \ \ \ \
( ( )\___ | '_ | '_| | '_ \/ _` | \ \ \ \
 \\/  ___)| |_)| | | | | || (_| |  ) ) ) )
  '  |____| .__|_| |_|_| |_\__, | / / / /
 =========|_|==============|___/=/_/_/_/
 :: Spring Boot ::        (v2.2.5.RELEASE)

2020-03-01 19:27:25.687  INFO 4984 --- [           main] a.o.AuthtenticationOauthApplicationTests : Starting AuthtenticationOauthApplicationTests on Home with PID 4984 (started by HOME in C:\Users\HOME\workspace\Authtentication-Oauth)
2020-03-01 19:27:25.689  INFO 4984 --- [           main] a.o.AuthtenticationOauthApplicationTests : No active profile set, falling back to default profiles: default
2020-03-01 19:27:28.938  INFO 4984 --- [           main] trationDelegate$BeanPostProcessorChecker : Bean 'org.springframework.security.config.annotation.configuration.ObjectPostProcessorConfiguration' of type [org.springframework.security.config.annotation.configuration.ObjectPostProcessorConfiguration] is not eligible for getting processed by all BeanPostProcessors (for example: not eligible for auto-proxying)
2020-03-01 19:27:28.955  INFO 4984 --- [           main] trationDelegate$BeanPostProcessorChecker : Bean 'objectPostProcessor' of type [org.springframework.security.config.annotation.configuration.AutowireBeanFactoryObjectPostProcessor] is not eligible for getting processed by all BeanPostProcessors (for example: not eligible for auto-proxying)
2020-03-01 19:27:28.957  INFO 4984 --- [           main] trationDelegate$BeanPostProcessorChecker : Bean 'org.springframework.security.access.expression.method.DefaultMethodSecurityExpressionHandler@1de9d54' of type [org.springframework.security.access.expression.method.DefaultMethodSecurityExpressionHandler] is not eligible for getting processed by all BeanPostProcessors (for example: not eligible for auto-proxying)
2020-03-01 19:27:28.973  INFO 4984 --- [           main] trationDelegate$BeanPostProcessorChecker : Bean 'org.springframework.security.config.annotation.method.configuration.GlobalMethodSecurityConfiguration' of type [org.springframework.security.config.annotation.method.configuration.GlobalMethodSecurityConfiguration] is not eligible for getting processed by all BeanPostProcessors (for example: not eligible for auto-proxying)
2020-03-01 19:27:29.008  INFO 4984 --- [           main] trationDelegate$BeanPostProcessorChecker : Bean 'methodSecurityMetadataSource' of type [org.springframework.security.access.method.DelegatingMethodSecurityMetadataSource] is not eligible for getting processed by all BeanPostProcessors (for example: not eligible for auto-proxying)
2020-03-01 19:27:30.173  WARN 4984 --- [           main] o.s.w.c.s.GenericWebApplicationContext   : Exception encountered during context initialization - cancelling refresh attempt: org.springframework.beans.factory.BeanCreationException: Error creating bean with name 'webSecurityConfig': Injection of autowired dependencies failed; nested exception is java.lang.StackOverflowError
2020-03-01 19:27:30.192  INFO 4984 --- [           main] ConditionEvaluationReportLoggingListener : 

Error starting ApplicationContext. To display the conditions report re-run your application with 'debug' enabled.
2020-03-01 19:27:30.205 ERROR 4984 --- [           main] o.s.boot.SpringApplication               : Application run failed

org.springframework.beans.factory.BeanCreationException: Error creating bean with name 'webSecurityConfig': Injection of autowired dependencies failed; nested exception is java.lang.StackOverflowError
	at org.springframework.beans.factory.annotation.AutowiredAnnotationBeanPostProcessor.postProcessProperties(AutowiredAnnotationBeanPostProcessor.java:405) ~[spring-beans-5.2.4.RELEASE.jar:5.2.4.RELEASE]
	at org.springframework.beans.factory.support.AbstractAutowireCapableBeanFactory.populateBean(AbstractAutowireCapableBeanFactory.java:1422) ~[spring-beans-5.2.4.RELEASE.jar:5.2.4.RELEASE]
	at org.springframework.beans.factory.support.AbstractAutowireCapableBeanFactory.doCreateBean(AbstractAutowireCapableBeanFactory.java:594) ~[spring-beans-5.2.4.RELEASE.jar:5.2.4.RELEASE]
	at org.springframework.beans.factory.support.AbstractAutowireCapableBeanFactory.createBean(AbstractAutowireCapableBeanFactory.java:517) ~[spring-beans-5.2.4.RELEASE.jar:5.2.4.RELEASE]
	at org.springframework.beans.factory.support.AbstractBeanFactory.lambda$doGetBean$0(AbstractBeanFactory.java:323) ~[spring-beans-5.2.4.RELEASE.jar:5.2.4.RELEASE]
	at org.springframework.beans.factory.support.DefaultSingletonBeanRegistry.getSingleton(DefaultSingletonBeanRegistry.java:222) ~[spring-beans-5.2.4.RELEASE.jar:5.2.4.RELEASE]
	at org.springframework.beans.factory.support.AbstractBeanFactory.doGetBean(AbstractBeanFactory.java:321) ~[spring-beans-5.2.4.RELEASE.jar:5.2.4.RELEASE]
	at org.springframework.beans.factory.support.AbstractBeanFactory.getBean(AbstractBeanFactory.java:202) ~[spring-beans-5.2.4.RELEASE.jar:5.2.4.RELEASE]
	at org.springframework.beans.factory.support.DefaultListableBeanFactory.preInstantiateSingletons(DefaultListableBeanFactory.java:879) ~[spring-beans-5.2.4.RELEASE.jar:5.2.4.RELEASE]
	at org.springframework.context.support.AbstractApplicationContext.finishBeanFactoryInitialization(AbstractApplicationContext.java:878) ~[spring-context-5.2.4.RELEASE.jar:5.2.4.RELEASE]
	at org.springframework.context.support.AbstractApplicationContext.refresh(AbstractApplicationContext.java:550) ~[spring-context-5.2.4.RELEASE.jar:5.2.4.RELEASE]
	at org.springframework.boot.SpringApplication.refresh(SpringApplication.java:747) ~[spring-boot-2.2.5.RELEASE.jar:2.2.5.RELEASE]
	at org.springframework.boot.SpringApplication.refreshContext(SpringApplication.java:397) ~[spring-boot-2.2.5.RELEASE.jar:2.2.5.RELEASE]
	at org.springframework.boot.SpringApplication.run(SpringApplication.java:315) ~[spring-boot-2.2.5.RELEASE.jar:2.2.5.RELEASE]
	at org.springframework.boot.test.context.SpringBootContextLoader.loadContext(SpringBootContextLoader.java:126) [spring-boot-test-2.2.5.RELEASE.jar:2.2.5.RELEASE]
	at org.springframework.test.context.cache.DefaultCacheAwareContextLoaderDelegate.loadContextInternal(DefaultCacheAwareContextLoaderDelegate.java:99) [spring-test-5.2.4.RELEASE.jar:5.2.4.RELEASE]
	at org.springframework.test.context.cache.DefaultCacheAwareContextLoaderDelegate.loadContext(DefaultCacheAwareContextLoaderDelegate.java:124) [spring-test-5.2.4.RELEASE.jar:5.2.4.RELEASE]
	at org.springframework.test.context.support.DefaultTestContext.getApplicationContext(DefaultTestContext.java:123) [spring-test-5.2.4.RELEASE.jar:5.2.4.RELEASE]
	at org.springframework.test.context.web.ServletTestExecutionListener.setUpRequestContextIfNecessary(ServletTestExecutionListener.java:190) [spring-test-5.2.4.RELEASE.jar:5.2.4.RELEASE]
	at org.springframework.test.context.web.ServletTestExecutionListener.prepareTestInstance(ServletTestExecutionListener.java:132) [spring-test-5.2.4.RELEASE.jar:5.2.4.RELEASE]
	at org.springframework.test.context.TestContextManager.prepareTestInstance(TestContextManager.java:244) [spring-test-5.2.4.RELEASE.jar:5.2.4.RELEASE]
	at org.springframework.test.context.junit.jupiter.SpringExtension.postProcessTestInstance(SpringExtension.java:98) [spring-test-5.2.4.RELEASE.jar:5.2.4.RELEASE]
	at org.junit.jupiter.engine.descriptor.ClassBasedTestDescriptor.lambda$invokeTestInstancePostProcessors$5(ClassBasedTestDescriptor.java:337) [junit-jupiter-engine-5.5.2.jar:5.5.2]
	at org.junit.jupiter.engine.descriptor.ClassBasedTestDescriptor.executeAndMaskThrowable(ClassBasedTestDescriptor.java:342) [junit-jupiter-engine-5.5.2.jar:5.5.2]
	at org.junit.jupiter.engine.descriptor.ClassBasedTestDescriptor.lambda$invokeTestInstancePostProcessors$6(ClassBasedTestDescriptor.java:337) [junit-jupiter-engine-5.5.2.jar:5.5.2]
	at java.util.stream.ReferencePipeline$3$1.accept(ReferencePipeline.java:193) ~[na:1.8.0_221]
	at java.util.stream.ReferencePipeline$2$1.accept(ReferencePipeline.java:175) ~[na:1.8.0_221]
	at java.util.ArrayList$ArrayListSpliterator.forEachRemaining(ArrayList.java:1382) ~[na:1.8.0_221]
	at java.util.stream.AbstractPipeline.copyInto(AbstractPipeline.java:482) ~[na:1.8.0_221]
	at java.util.stream.AbstractPipeline.wrapAndCopyInto(AbstractPipeline.java:472) ~[na:1.8.0_221]
	at java.util.stream.StreamSpliterators$WrappingSpliterator.forEachRemaining(StreamSpliterators.java:312) ~[na:1.8.0_221]
	at java.util.stream.Streams$ConcatSpliterator.forEachRemaining(Streams.java:743) ~[na:1.8.0_221]
	at java.util.stream.Streams$ConcatSpliterator.forEachRemaining(Streams.java:742) ~[na:1.8.0_221]
	at java.util.stream.ReferencePipeline$Head.forEach(ReferencePipeline.java:580) ~[na:1.8.0_221]
	at org.junit.jupiter.engine.descriptor.ClassBasedTestDescriptor.invokeTestInstancePostProcessors(ClassBasedTestDescriptor.java:336) [junit-jupiter-engine-5.5.2.jar:5.5.2]
	at org.junit.jupiter.engine.descriptor.ClassBasedTestDescriptor.instantiateAndPostProcessTestInstance(ClassBasedTestDescriptor.java:259) [junit-jupiter-engine-5.5.2.jar:5.5.2]
	at org.junit.jupiter.engine.descriptor.ClassBasedTestDescriptor.lambda$testInstancesProvider$2(ClassBasedTestDescriptor.java:252) [junit-jupiter-engine-5.5.2.jar:5.5.2]
	at java.util.Optional.orElseGet(Optional.java:267) ~[na:1.8.0_221]
	at org.junit.jupiter.engine.descriptor.ClassBasedTestDescriptor.lambda$testInstancesProvider$3(ClassBasedTestDescriptor.java:251) [junit-jupiter-engine-5.5.2.jar:5.5.2]
	at org.junit.jupiter.engine.execution.TestInstancesProvider.getTestInstances(TestInstancesProvider.java:29) ~[junit-jupiter-engine-5.5.2.jar:5.5.2]
	at org.junit.jupiter.engine.descriptor.TestMethodTestDescriptor.lambda$prepare$0(TestMethodTestDescriptor.java:106) ~[junit-jupiter-engine-5.5.2.jar:5.5.2]
	at org.junit.platform.engine.support.hierarchical.ThrowableCollector.execute(ThrowableCollector.java:73) ~[junit-platform-engine-1.5.2.jar:1.5.2]
	at org.junit.jupiter.engine.descriptor.TestMethodTestDescriptor.prepare(TestMethodTestDescriptor.java:105) ~[junit-jupiter-engine-5.5.2.jar:5.5.2]
	at org.junit.jupiter.engine.descriptor.TestMethodTestDescriptor.prepare(TestMethodTestDescriptor.java:69) ~[junit-jupiter-engine-5.5.2.jar:5.5.2]
	at org.junit.platform.engine.support.hierarchical.NodeTestTask.lambda$prepare$1(NodeTestTask.java:107) ~[junit-platform-engine-1.5.2.jar:1.5.2]
	at org.junit.platform.engine.support.hierarchical.ThrowableCollector.execute(ThrowableCollector.java:73) ~[junit-platform-engine-1.5.2.jar:1.5.2]
	at org.junit.platform.engine.support.hierarchical.NodeTestTask.prepare(NodeTestTask.java:107) ~[junit-platform-engine-1.5.2.jar:1.5.2]
	at org.junit.platform.engine.support.hierarchical.NodeTestTask.execute(NodeTestTask.java:75) ~[junit-platform-engine-1.5.2.jar:1.5.2]
	at java.util.ArrayList.forEach(ArrayList.java:1257) ~[na:1.8.0_221]
	at org.junit.platform.engine.support.hierarchical.SameThreadHierarchicalTestExecutorService.invokeAll(SameThreadHierarchicalTestExecutorService.java:38) ~[junit-platform-engine-1.5.2.jar:1.5.2]
	at org.junit.platform.engine.support.hierarchical.NodeTestTask.lambda$executeRecursively$5(NodeTestTask.java:139) ~[junit-platform-engine-1.5.2.jar:1.5.2]
	at org.junit.platform.engine.support.hierarchical.ThrowableCollector.execute(ThrowableCollector.java:73) ~[junit-platform-engine-1.5.2.jar:1.5.2]
	at org.junit.platform.engine.support.hierarchical.NodeTestTask.lambda$executeRecursively$7(NodeTestTask.java:125) ~[junit-platform-engine-1.5.2.jar:1.5.2]
	at org.junit.platform.engine.support.hierarchical.Node.around(Node.java:135) ~[junit-platform-engine-1.5.2.jar:1.5.2]
	at org.junit.platform.engine.support.hierarchical.NodeTestTask.lambda$executeRecursively$8(NodeTestTask.java:123) ~[junit-platform-engine-1.5.2.jar:1.5.2]
	at org.junit.platform.engine.support.hierarchical.ThrowableCollector.execute(ThrowableCollector.java:73) ~[junit-platform-engine-1.5.2.jar:1.5.2]
	at org.junit.platform.engine.support.hierarchical.NodeTestTask.executeRecursively(NodeTestTask.java:122) ~[junit-platform-engine-1.5.2.jar:1.5.2]
	at org.junit.platform.engine.support.hierarchical.NodeTestTask.execute(NodeTestTask.java:80) ~[junit-platform-engine-1.5.2.jar:1.5.2]
	at java.util.ArrayList.forEach(ArrayList.java:1257) ~[na:1.8.0_221]
	at org.junit.platform.engine.support.hierarchical.SameThreadHierarchicalTestExecutorService.invokeAll(SameThreadHierarchicalTestExecutorService.java:38) ~[junit-platform-engine-1.5.2.jar:1.5.2]
	at org.junit.platform.engine.support.hierarchical.NodeTestTask.lambda$executeRecursively$5(NodeTestTask.java:139) ~[junit-platform-engine-1.5.2.jar:1.5.2]
	at org.junit.platform.engine.support.hierarchical.ThrowableCollector.execute(ThrowableCollector.java:73) ~[junit-platform-engine-1.5.2.jar:1.5.2]
	at org.junit.platform.engine.support.hierarchical.NodeTestTask.lambda$executeRecursively$7(NodeTestTask.java:125) ~[junit-platform-engine-1.5.2.jar:1.5.2]
	at org.junit.platform.engine.support.hierarchical.Node.around(Node.java:135) ~[junit-platform-engine-1.5.2.jar:1.5.2]
	at org.junit.platform.engine.support.hierarchical.NodeTestTask.lambda$executeRecursively$8(NodeTestTask.java:123) ~[junit-platform-engine-1.5.2.jar:1.5.2]
	at org.junit.platform.engine.support.hierarchical.ThrowableCollector.execute(ThrowableCollector.java:73) ~[junit-platform-engine-1.5.2.jar:1.5.2]
	at org.junit.platform.engine.support.hierarchical.NodeTestTask.executeRecursively(NodeTestTask.java:122) ~[junit-platform-engine-1.5.2.jar:1.5.2]
	at org.junit.platform.engine.support.hierarchical.NodeTestTask.execute(NodeTestTask.java:80) ~[junit-platform-engine-1.5.2.jar:1.5.2]
	at org.junit.platform.engine.support.hierarchical.SameThreadHierarchicalTestExecutorService.submit(SameThreadHierarchicalTestExecutorService.java:32) ~[junit-platform-engine-1.5.2.jar:1.5.2]
	at org.junit.platform.engine.support.hierarchical.HierarchicalTestExecutor.execute(HierarchicalTestExecutor.java:57) ~[junit-platform-engine-1.5.2.jar:1.5.2]
	at org.junit.platform.engine.support.hierarchical.HierarchicalTestEngine.execute(HierarchicalTestEngine.java:51) ~[junit-platform-engine-1.5.2.jar:1.5.2]
	at org.junit.platform.launcher.core.DefaultLauncher.execute(DefaultLauncher.java:220) ~[junit-platform-launcher-1.3.1.jar:1.3.1]
	at org.junit.platform.launcher.core.DefaultLauncher.lambda$execute$6(DefaultLauncher.java:188) ~[junit-platform-launcher-1.3.1.jar:1.3.1]
	at org.junit.platform.launcher.core.DefaultLauncher.withInterceptedStreams(DefaultLauncher.java:202) ~[junit-platform-launcher-1.3.1.jar:1.3.1]
	at org.junit.platform.launcher.core.DefaultLauncher.execute(DefaultLauncher.java:181) ~[junit-platform-launcher-1.3.1.jar:1.3.1]
	at org.junit.platform.launcher.core.DefaultLauncher.execute(DefaultLauncher.java:128) ~[junit-platform-launcher-1.3.1.jar:1.3.1]
	at org.apache.maven.surefire.junitplatform.JUnitPlatformProvider.invokeAllTests(JUnitPlatformProvider.java:150) ~[surefire-junit-platform-2.22.2.jar:2.22.2]
	at org.apache.maven.surefire.junitplatform.JUnitPlatformProvider.invoke(JUnitPlatformProvider.java:124) ~[surefire-junit-platform-2.22.2.jar:2.22.2]
	at org.apache.maven.surefire.booter.ForkedBooter.invokeProviderInSameClassLoader(ForkedBooter.java:384) ~[surefire-booter-2.22.2.jar:2.22.2]
	at org.apache.maven.surefire.booter.ForkedBooter.runSuitesInProcess(ForkedBooter.java:345) ~[surefire-booter-2.22.2.jar:2.22.2]
	at org.apache.maven.surefire.booter.ForkedBooter.execute(ForkedBooter.java:126) ~[surefire-booter-2.22.2.jar:2.22.2]
	at org.apache.maven.surefire.booter.ForkedBooter.main(ForkedBooter.java:418) ~[surefire-booter-2.22.2.jar:2.22.2]
Caused by: java.lang.StackOverflowError: null
	at com.athentication.oauth2.security.WebSecurityConfig.keycloakAuthenticationProvider(WebSecurityConfig.java:49) ~[classes/:na]
	at com.athentication.oauth2.security.WebSecurityConfig.keycloakAuthenticationProvider(WebSecurityConfig.java:49) ~[classes/:na]
	at com.athentication.oauth2.security.WebSecurityConfig.keycloakAuthenticationProvider(WebSecurityConfig.java:49) ~[classes/:na]
	at com.athentication.oauth2.security.WebSecurityConfig.keycloakAuthenticationProvider(WebSecurityConfig.java:49) ~[classes/:na]
	at com.athentication.oauth2.security.WebSecurityConfig.keycloakAuthenticationProvider(WebSecurityConfig.java:49) ~[classes/:na]
	at com.athentication.oauth2.security.WebSecurityConfig.keycloakAuthenticationProvider(WebSecurityConfig.java:49) ~[classes/:na]
	at com.athentication.oauth2.security.WebSecurityConfig.keycloakAuthenticationProvider(WebSecurityConfig.java:49) ~[classes/:na]
	at com.athentication.oauth2.security.WebSecurityConfig.keycloakAuthenticationProvider(WebSecurityConfig.java:49) ~[classes/:na]
	at com.athentication.oauth2.security.WebSecurityConfig.keycloakAuthenticationProvider(WebSecurityConfig.java:49) ~[classes/:na]
	at com.athentication.oauth2.security.WebSecurityConfig.keycloakAuthenticationProvider(WebSecurityConfig.java:49) ~[classes/:na]
	at com.athentication.oauth2.security.WebSecurityConfig.keycloakAuthenticationProvider(WebSecurityConfig.java:49) ~[classes/:na]
	at com.athentication.oauth2.security.WebSecurityConfig.keycloakAuthenticationProvider(WebSecurityConfig.java:49) ~[classes/:na]
	at com.athentication.oauth2.security.WebSecurityConfig.keycloakAuthenticationProvider(WebSecurityConfig.java:49) ~[classes/:na]
	at com.athentication.oauth2.security.WebSecurityConfig.keycloakAuthenticationProvider(WebSecurityConfig.java:49) ~[classes/:na]
	at com.athentication.oauth2.security.WebSecurityConfig.keycloakAuthenticationProvider(WebSecurityConfig.java:49) ~[classes/:na]
	at com.athentication.oauth2.security.WebSecurityConfig.keycloakAuthenticationProvider(WebSecurityConfig.java:49) ~[classes/:na]
	at com.athentication.oauth2.security.WebSecurityConfig.keycloakAuthenticationProvider(WebSecurityConfig.java:49) ~[classes/:na]
	at com.athentication.oauth2.security.WebSecurityConfig.keycloakAuthenticationProvider(WebSecurityConfig.java:49) ~[classes/:na]
	at com.athentication.oauth2.security.WebSecurityConfig.keycloakAuthenticationProvider(WebSecurityConfig.java:49) ~[classes/:na]
	at com.athentication.oauth2.security.WebSecurityConfig.keycloakAuthenticationProvider(WebSecurityConfig.java:49) ~[classes/:na]
	at com.athentication.oauth2.security.WebSecurityConfig.keycloakAuthenticationProvider(WebSecurityConfig.java:49) ~[classes/:na]
	at com.athentication.oauth2.security.WebSecurityConfig.keycloakAuthenticationProvider(WebSecurityConfig.java:49) ~[classes/:na]
	at com.athentication.oauth2.security.WebSecurityConfig.keycloakAuthenticationProvider(WebSecurityConfig.java:49) ~[classes/:na]
	at com.athentication.oauth2.security.WebSecurityConfig.keycloakAuthenticationProvider(WebSecurityConfig.java:49) ~[classes/:na]
	at com.athentication.oauth2.security.WebSecurityConfig.keycloakAuthenticationProvider(WebSecurityConfig.java:49) ~[classes/:na]
	at com.athentication.oauth2.security.WebSecurityConfig.keycloakAuthenticationProvider(WebSecurityConfig.java:49) ~[classes/:na]
	at com.athentication.oauth2.security.WebSecurityConfig.keycloakAuthenticationProvider(WebSecurityConfig.java:49) ~[classes/:na]
	at com.athentication.oauth2.security.WebSecurityConfig.keycloakAuthenticationProvider(WebSecurityConfig.java:49) ~[classes/:na]
	at com.athentication.oauth2.security.WebSecurityConfig.keycloakAuthenticationProvider(WebSecurityConfig.java:49) ~[classes/:na]
	at com.athentication.oauth2.security.WebSecurityConfig.keycloakAuthenticationProvider(WebSecurityConfig.java:49) ~[classes/:na]
	at com.athentication.oauth2.security.WebSecurityConfig.keycloakAuthenticationProvider(WebSecurityConfig.java:49) ~[classes/:na]
	at com.athentication.oauth2.security.WebSecurityConfig.keycloakAuthenticationProvider(WebSecurityConfig.java:49) ~[classes/:na]
	at com.athentication.oauth2.security.WebSecurityConfig.keycloakAuthenticationProvider(WebSecurityConfig.java:49) ~[classes/:na]
	at com.athentication.oauth2.security.WebSecurityConfig.keycloakAuthenticationProvider(WebSecurityConfig.java:49) ~[classes/:na]
	at com.athentication.oauth2.security.WebSecurityConfig.keycloakAuthenticationProvider(WebSecurityConfig.java:49) ~[classes/:na]
	at com.athentication.oauth2.security.WebSecurityConfig.keycloakAuthenticationProvider(WebSecurityConfig.java:49) ~[classes/:na]
	at com.athentication.oauth2.security.WebSecurityConfig.keycloakAuthenticationProvider(WebSecurityConfig.java:49) ~[classes/:na]
	at com.athentication.oauth2.security.WebSecurityConfig.keycloakAuthenticationProvider(WebSecurityConfig.java:49) ~[classes/:na]
	at com.athentication.oauth2.security.WebSecurityConfig.keycloakAuthenticationProvider(WebSecurityConfig.java:49) ~[classes/:na]
	at com.athentication.oauth2.security.WebSecurityConfig.keycloakAuthenticationProvider(WebSecurityConfig.java:49) ~[classes/:na]
	at com.athentication.oauth2.security.WebSecurityConfig.keycloakAuthenticationProvider(WebSecurityConfig.java:49) ~[classes/:na]
	at com.athentication.oauth2.security.WebSecurityConfig.keycloakAuthenticationProvider(WebSecurityConfig.java:49) ~[classes/:na]
	at com.athentication.oauth2.security.WebSecurityConfig.keycloakAuthenticationProvider(WebSecurityConfig.java:49) ~[classes/:na]
	at com.athentication.oauth2.security.WebSecurityConfig.keycloakAuthenticationProvider(WebSecurityConfig.java:49) ~[classes/:na]
	at com.athentication.oauth2.security.WebSecurityConfig.keycloakAuthenticationProvider(WebSecurityConfig.java:49) ~[classes/:na]
	at com.athentication.oauth2.security.WebSecurityConfig.keycloakAuthenticationProvider(WebSecurityConfig.java:49) ~[classes/:na]
	at com.athentication.oauth2.security.WebSecurityConfig.keycloakAuthenticationProvider(WebSecurityConfig.java:49) ~[classes/:na]
	at com.athentication.oauth2.security.WebSecurityConfig.keycloakAuthenticationProvider(WebSecurityConfig.java:49) ~[classes/:na]
	at com.athentication.oauth2.security.WebSecurityConfig.keycloakAuthenticationProvider(WebSecurityConfig.java:49) ~[classes/:na]
	at com.athentication.oauth2.security.WebSecurityConfig.keycloakAuthenticationProvider(WebSecurityConfig.java:49) ~[classes/:na]
	at com.athentication.oauth2.security.WebSecurityConfig.keycloakAuthenticationProvider(WebSecurityConfig.java:49) ~[classes/:na]
	at com.athentication.oauth2.security.WebSecurityConfig.keycloakAuthenticationProvider(WebSecurityConfig.java:49) ~[classes/:na]
	at com.athentication.oauth2.security.WebSecurityConfig.keycloakAuthenticationProvider(WebSecurityConfig.java:49) ~[classes/:na]
	at com.athentication.oauth2.security.WebSecurityConfig.keycloakAuthenticationProvider(WebSecurityConfig.java:49) ~[classes/:na]
	at com.athentication.oauth2.security.WebSecurityConfig.keycloakAuthenticationProvider(WebSecurityConfig.java:49) ~[classes/:na]
	at com.athentication.oauth2.security.WebSecurityConfig.keycloakAuthenticationProvider(WebSecurityConfig.java:49) ~[classes/:na]
	at com.athentication.oauth2.security.WebSecurityConfig.keycloakAuthenticationProvider(WebSecurityConfig.java:49) ~[classes/:na]
	at com.athentication.oauth2.security.WebSecurityConfig.keycloakAuthenticationProvider(WebSecurityConfig.java:49) ~[classes/:na]
	at com.athentication.oauth2.security.WebSecurityConfig.keycloakAuthenticationProvider(WebSecurityConfig.java:49) ~[classes/:na]
	at com.athentication.oauth2.security.WebSecurityConfig.keycloakAuthenticationProvider(WebSecurityConfig.java:49) ~[classes/:na]
	at com.athentication.oauth2.security.WebSecurityConfig.keycloakAuthenticationProvider(WebSecurityConfig.java:49) ~[classes/:na]
	at com.athentication.oauth2.security.WebSecurityConfig.keycloakAuthenticationProvider(WebSecurityConfig.java:49) ~[classes/:na]
	at com.athentication.oauth2.security.WebSecurityConfig.keycloakAuthenticationProvider(WebSecurityConfig.java:49) ~[classes/:na]
	at com.athentication.oauth2.security.WebSecurityConfig.keycloakAuthenticationProvider(WebSecurityConfig.java:49) ~[classes/:na]
	at com.athentication.oauth2.security.WebSecurityConfig.keycloakAuthenticationProvider(WebSecurityConfig.java:49) ~[classes/:na]
	at com.athentication.oauth2.security.WebSecurityConfig.keycloakAuthenticationProvider(WebSecurityConfig.java:49) ~[classes/:na]
	at com.athentication.oauth2.security.WebSecurityConfig.keycloakAuthenticationProvider(WebSecurityConfig.java:49) ~[classes/:na]
	at com.athentication.oauth2.security.WebSecurityConfig.keycloakAuthenticationProvider(WebSecurityConfig.java:49) ~[classes/:na]
	at com.athentication.oauth2.security.WebSecurityConfig.keycloakAuthenticationProvider(WebSecurityConfig.java:49) ~[classes/:na]
	at com.athentication.oauth2.security.WebSecurityConfig.keycloakAuthenticationProvider(WebSecurityConfig.java:49) ~[classes/:na]
	at com.athentication.oauth2.security.WebSecurityConfig.keycloakAuthenticationProvider(WebSecurityConfig.java:49) ~[classes/:na]
	at com.athentication.oauth2.security.WebSecurityConfig.keycloakAuthenticationProvider(WebSecurityConfig.java:49) ~[classes/:na]
	at com.athentication.oauth2.security.WebSecurityConfig.keycloakAuthenticationProvider(WebSecurityConfig.java:49) ~[classes/:na]
	at com.athentication.oauth2.security.WebSecurityConfig.keycloakAuthenticationProvider(WebSecurityConfig.java:49) ~[classes/:na]
	at com.athentication.oauth2.security.WebSecurityConfig.keycloakAuthenticationProvider(WebSecurityConfig.java:49) ~[classes/:na]
	at com.athentication.oauth2.security.WebSecurityConfig.keycloakAuthenticationProvider(WebSecurityConfig.java:49) ~[classes/:na]
	at com.athentication.oauth2.security.WebSecurityConfig.keycloakAuthenticationProvider(WebSecurityConfig.java:49) ~[classes/:na]
	at com.athentication.oauth2.security.WebSecurityConfig.keycloakAuthenticationProvider(WebSecurityConfig.java:49) ~[classes/:na]
	at com.athentication.oauth2.security.WebSecurityConfig.keycloakAuthenticationProvider(WebSecurityConfig.java:49) ~[classes/:na]
	at com.athentication.oauth2.security.WebSecurityConfig.keycloakAuthenticationProvider(WebSecurityConfig.java:49) ~[classes/:na]
	at com.athentication.oauth2.security.WebSecurityConfig.keycloakAuthenticationProvider(WebSecurityConfig.java:49) ~[classes/:na]
	at com.athentication.oauth2.security.WebSecurityConfig.keycloakAuthenticationProvider(WebSecurityConfig.java:49) ~[classes/:na]
	at com.athentication.oauth2.security.WebSecurityConfig.keycloakAuthenticationProvider(WebSecurityConfig.java:49) ~[classes/:na]
	at com.athentication.oauth2.security.WebSecurityConfig.keycloakAuthenticationProvider(WebSecurityConfig.java:49) ~[classes/:na]
	at com.athentication.oauth2.security.WebSecurityConfig.keycloakAuthenticationProvider(WebSecurityConfig.java:49) ~[classes/:na]
	at com.athentication.oauth2.security.WebSecurityConfig.keycloakAuthenticationProvider(WebSecurityConfig.java:49) ~[classes/:na]
	at com.athentication.oauth2.security.WebSecurityConfig.keycloakAuthenticationProvider(WebSecurityConfig.java:49) ~[classes/:na]
	at com.athentication.oauth2.security.WebSecurityConfig.keycloakAuthenticationProvider(WebSecurityConfig.java:49) ~[classes/:na]
	at com.athentication.oauth2.security.WebSecurityConfig.keycloakAuthenticationProvider(WebSecurityConfig.java:49) ~[classes/:na]
	at com.athentication.oauth2.security.WebSecurityConfig.keycloakAuthenticationProvider(WebSecurityConfig.java:49) ~[classes/:na]
	at com.athentication.oauth2.security.WebSecurityConfig.keycloakAuthenticationProvider(WebSecurityConfig.java:49) ~[classes/:na]
	at com.athentication.oauth2.security.WebSecurityConfig.keycloakAuthenticationProvider(WebSecurityConfig.java:49) ~[classes/:na]
	at com.athentication.oauth2.security.WebSecurityConfig.keycloakAuthenticationProvider(WebSecurityConfig.java:49) ~[classes/:na]
	at com.athentication.oauth2.security.WebSecurityConfig.keycloakAuthenticationProvider(WebSecurityConfig.java:49) ~[classes/:na]
	at com.athentication.oauth2.security.WebSecurityConfig.keycloakAuthenticationProvider(WebSecurityConfig.java:49) ~[classes/:na]
	at com.athentication.oauth2.security.WebSecurityConfig.keycloakAuthenticationProvider(WebSecurityConfig.java:49) ~[classes/:na]
	at com.athentication.oauth2.security.WebSecurityConfig.keycloakAuthenticationProvider(WebSecurityConfig.java:49) ~[classes/:na]
	at com.athentication.oauth2.security.WebSecurityConfig.keycloakAuthenticationProvider(WebSecurityConfig.java:49) ~[classes/:na]
	at com.athentication.oauth2.security.WebSecurityConfig.keycloakAuthenticationProvider(WebSecurityConfig.java:49) ~[classes/:na]
	at com.athentication.oauth2.security.WebSecurityConfig.keycloakAuthenticationProvider(WebSecurityConfig.java:49) ~[classes/:na]
	at com.athentication.oauth2.security.WebSecurityConfig.keycloakAuthenticationProvider(WebSecurityConfig.java:49) ~[classes/:na]
	at com.athentication.oauth2.security.WebSecurityConfig.keycloakAuthenticationProvider(WebSecurityConfig.java:49) ~[classes/:na]
	at com.athentication.oauth2.security.WebSecurityConfig.keycloakAuthenticationProvider(WebSecurityConfig.java:49) ~[classes/:na]
	at com.athentication.oauth2.security.WebSecurityConfig.keycloakAuthenticationProvider(WebSecurityConfig.java:49) ~[classes/:na]
	at com.athentication.oauth2.security.WebSecurityConfig.keycloakAuthenticationProvider(WebSecurityConfig.java:49) ~[classes/:na]
	at com.athentication.oauth2.security.WebSecurityConfig.keycloakAuthenticationProvider(WebSecurityConfig.java:49) ~[classes/:na]
	at com.athentication.oauth2.security.WebSecurityConfig.keycloakAuthenticationProvider(WebSecurityConfig.java:49) ~[classes/:na]
	at com.athentication.oauth2.security.WebSecurityConfig.keycloakAuthenticationProvider(WebSecurityConfig.java:49) ~[classes/:na]
	at com.athentication.oauth2.security.WebSecurityConfig.keycloakAuthenticationProvider(WebSecurityConfig.java:49) ~[classes/:na]
	at com.athentication.oauth2.security.WebSecurityConfig.keycloakAuthenticationProvider(WebSecurityConfig.java:49) ~[classes/:na]
	at com.athentication.oauth2.security.WebSecurityConfig.keycloakAuthenticationProvider(WebSecurityConfig.java:49) ~[classes/:na]
	at com.athentication.oauth2.security.WebSecurityConfig.keycloakAuthenticationProvider(WebSecurityConfig.java:49) ~[classes/:na]
	at com.athentication.oauth2.security.WebSecurityConfig.keycloakAuthenticationProvider(WebSecurityConfig.java:49) ~[classes/:na]
	at com.athentication.oauth2.security.WebSecurityConfig.keycloakAuthenticationProvider(WebSecurityConfig.java:49) ~[classes/:na]
	at com.athentication.oauth2.security.WebSecurityConfig.keycloakAuthenticationProvider(WebSecurityConfig.java:49) ~[classes/:na]
	at com.athentication.oauth2.security.WebSecurityConfig.keycloakAuthenticationProvider(WebSecurityConfig.java:49) ~[classes/:na]
	at com.athentication.oauth2.security.WebSecurityConfig.keycloakAuthenticationProvider(WebSecurityConfig.java:49) ~[classes/:na]
	at com.athentication.oauth2.security.WebSecurityConfig.keycloakAuthenticationProvider(WebSecurityConfig.java:49) ~[classes/:na]
	at com.athentication.oauth2.security.WebSecurityConfig.keycloakAuthenticationProvider(WebSecurityConfig.java:49) ~[classes/:na]
	at com.athentication.oauth2.security.WebSecurityConfig.keycloakAuthenticationProvider(WebSecurityConfig.java:49) ~[classes/:na]
	at com.athentication.oauth2.security.WebSecurityConfig.keycloakAuthenticationProvider(WebSecurityConfig.java:49) ~[classes/:na]
	at com.athentication.oauth2.security.WebSecurityConfig.keycloakAuthenticationProvider(WebSecurityConfig.java:49) ~[classes/:na]
	at com.athentication.oauth2.security.WebSecurityConfig.keycloakAuthenticationProvider(WebSecurityConfig.java:49) ~[classes/:na]
	at com.athentication.oauth2.security.WebSecurityConfig.keycloakAuthenticationProvider(WebSecurityConfig.java:49) ~[classes/:na]
	at com.athentication.oauth2.security.WebSecurityConfig.keycloakAuthenticationProvider(WebSecurityConfig.java:49) ~[classes/:na]
	at com.athentication.oauth2.security.WebSecurityConfig.keycloakAuthenticationProvider(WebSecurityConfig.java:49) ~[classes/:na]
	at com.athentication.oauth2.security.WebSecurityConfig.keycloakAuthenticationProvider(WebSecurityConfig.java:49) ~[classes/:na]
	at com.athentication.oauth2.security.WebSecurityConfig.keycloakAuthenticationProvider(WebSecurityConfig.java:49) ~[classes/:na]
	at com.athentication.oauth2.security.WebSecurityConfig.keycloakAuthenticationProvider(WebSecurityConfig.java:49) ~[classes/:na]
	at com.athentication.oauth2.security.WebSecurityConfig.keycloakAuthenticationProvider(WebSecurityConfig.java:49) ~[classes/:na]
	at com.athentication.oauth2.security.WebSecurityConfig.keycloakAuthenticationProvider(WebSecurityConfig.java:49) ~[classes/:na]
	at com.athentication.oauth2.security.WebSecurityConfig.keycloakAuthenticationProvider(WebSecurityConfig.java:49) ~[classes/:na]
	at com.athentication.oauth2.security.WebSecurityConfig.keycloakAuthenticationProvider(WebSecurityConfig.java:49) ~[classes/:na]
	at com.athentication.oauth2.security.WebSecurityConfig.keycloakAuthenticationProvider(WebSecurityConfig.java:49) ~[classes/:na]
	at com.athentication.oauth2.security.WebSecurityConfig.keycloakAuthenticationProvider(WebSecurityConfig.java:49) ~[classes/:na]
	at com.athentication.oauth2.security.WebSecurityConfig.keycloakAuthenticationProvider(WebSecurityConfig.java:49) ~[classes/:na]
	at com.athentication.oauth2.security.WebSecurityConfig.keycloakAuthenticationProvider(WebSecurityConfig.java:49) ~[classes/:na]
	at com.athentication.oauth2.security.WebSecurityConfig.keycloakAuthenticationProvider(WebSecurityConfig.java:49) ~[classes/:na]
	at com.athentication.oauth2.security.WebSecurityConfig.keycloakAuthenticationProvider(WebSecurityConfig.java:49) ~[classes/:na]
	at com.athentication.oauth2.security.WebSecurityConfig.keycloakAuthenticationProvider(WebSecurityConfig.java:49) ~[classes/:na]
	at com.athentication.oauth2.security.WebSecurityConfig.keycloakAuthenticationProvider(WebSecurityConfig.java:49) ~[classes/:na]
	at com.athentication.oauth2.security.WebSecurityConfig.keycloakAuthenticationProvider(WebSecurityConfig.java:49) ~[classes/:na]
	at com.athentication.oauth2.security.WebSecurityConfig.keycloakAuthenticationProvider(WebSecurityConfig.java:49) ~[classes/:na]
	at com.athentication.oauth2.security.WebSecurityConfig.keycloakAuthenticationProvider(WebSecurityConfig.java:49) ~[classes/:na]
	at com.athentication.oauth2.security.WebSecurityConfig.keycloakAuthenticationProvider(WebSecurityConfig.java:49) ~[classes/:na]
	at com.athentication.oauth2.security.WebSecurityConfig.keycloakAuthenticationProvider(WebSecurityConfig.java:49) ~[classes/:na]
	at com.athentication.oauth2.security.WebSecurityConfig.keycloakAuthenticationProvider(WebSecurityConfig.java:49) ~[classes/:na]
	at com.athentication.oauth2.security.WebSecurityConfig.keycloakAuthenticationProvider(WebSecurityConfig.java:49) ~[classes/:na]
	at com.athentication.oauth2.security.WebSecurityConfig.keycloakAuthenticationProvider(WebSecurityConfig.java:49) ~[classes/:na]
	at com.athentication.oauth2.security.WebSecurityConfig.keycloakAuthenticationProvider(WebSecurityConfig.java:49) ~[classes/:na]
	at com.athentication.oauth2.security.WebSecurityConfig.keycloakAuthenticationProvider(WebSecurityConfig.java:49) ~[classes/:na]
	at com.athentication.oauth2.security.WebSecurityConfig.keycloakAuthenticationProvider(WebSecurityConfig.java:49) ~[classes/:na]
	at com.athentication.oauth2.security.WebSecurityConfig.keycloakAuthenticationProvider(WebSecurityConfig.java:49) ~[classes/:na]
	at com.athentication.oauth2.security.WebSecurityConfig.keycloakAuthenticationProvider(WebSecurityConfig.java:49) ~[classes/:na]
	at com.athentication.oauth2.security.WebSecurityConfig.keycloakAuthenticationProvider(WebSecurityConfig.java:49) ~[classes/:na]
	at com.athentication.oauth2.security.WebSecurityConfig.keycloakAuthenticationProvider(WebSecurityConfig.java:49) ~[classes/:na]
	at com.athentication.oauth2.security.WebSecurityConfig.keycloakAuthenticationProvider(WebSecurityConfig.java:49) ~[classes/:na]
	at com.athentication.oauth2.security.WebSecurityConfig.keycloakAuthenticationProvider(WebSecurityConfig.java:49) ~[classes/:na]
	at com.athentication.oauth2.security.WebSecurityConfig.keycloakAuthenticationProvider(WebSecurityConfig.java:49) ~[classes/:na]
	at com.athentication.oauth2.security.WebSecurityConfig.keycloakAuthenticationProvider(WebSecurityConfig.java:49) ~[classes/:na]
	at com.athentication.oauth2.security.WebSecurityConfig.keycloakAuthenticationProvider(WebSecurityConfig.java:49) ~[classes/:na]
	at com.athentication.oauth2.security.WebSecurityConfig.keycloakAuthenticationProvider(WebSecurityConfig.java:49) ~[classes/:na]
	at com.athentication.oauth2.security.WebSecurityConfig.keycloakAuthenticationProvider(WebSecurityConfig.java:49) ~[classes/:na]
	at com.athentication.oauth2.security.WebSecurityConfig.keycloakAuthenticationProvider(WebSecurityConfig.java:49) ~[classes/:na]
	at com.athentication.oauth2.security.WebSecurityConfig.keycloakAuthenticationProvider(WebSecurityConfig.java:49) ~[classes/:na]
	at com.athentication.oauth2.security.WebSecurityConfig.keycloakAuthenticationProvider(WebSecurityConfig.java:49) ~[classes/:na]
	at com.athentication.oauth2.security.WebSecurityConfig.keycloakAuthenticationProvider(WebSecurityConfig.java:49) ~[classes/:na]
	at com.athentication.oauth2.security.WebSecurityConfig.keycloakAuthenticationProvider(WebSecurityConfig.java:49) ~[classes/:na]
	at com.athentication.oauth2.security.WebSecurityConfig.keycloakAuthenticationProvider(WebSecurityConfig.java:49) ~[classes/:na]
	at com.athentication.oauth2.security.WebSecurityConfig.keycloakAuthenticationProvider(WebSecurityConfig.java:49) ~[classes/:na]
	at com.athentication.oauth2.security.WebSecurityConfig.keycloakAuthenticationProvider(WebSecurityConfig.java:49) ~[classes/:na]
	at com.athentication.oauth2.security.WebSecurityConfig.keycloakAuthenticationProvider(WebSecurityConfig.java:49) ~[classes/:na]
	at com.athentication.oauth2.security.WebSecurityConfig.keycloakAuthenticationProvider(WebSecurityConfig.java:49) ~[classes/:na]
	at com.athentication.oauth2.security.WebSecurityConfig.keycloakAuthenticationProvider(WebSecurityConfig.java:49) ~[classes/:na]
	at com.athentication.oauth2.security.WebSecurityConfig.keycloakAuthenticationProvider(WebSecurityConfig.java:49) ~[classes/:na]
	at com.athentication.oauth2.security.WebSecurityConfig.keycloakAuthenticationProvider(WebSecurityConfig.java:49) ~[classes/:na]
	at com.athentication.oauth2.security.WebSecurityConfig.keycloakAuthenticationProvider(WebSecurityConfig.java:49) ~[classes/:na]
	at com.athentication.oauth2.security.WebSecurityConfig.keycloakAuthenticationProvider(WebSecurityConfig.java:49) ~[classes/:na]
	at com.athentication.oauth2.security.WebSecurityConfig.keycloakAuthenticationProvider(WebSecurityConfig.java:49) ~[classes/:na]
	at com.athentication.oauth2.security.WebSecurityConfig.keycloakAuthenticationProvider(WebSecurityConfig.java:49) ~[classes/:na]
	at com.athentication.oauth2.security.WebSecurityConfig.keycloakAuthenticationProvider(WebSecurityConfig.java:49) ~[classes/:na]
	at com.athentication.oauth2.security.WebSecurityConfig.keycloakAuthenticationProvider(WebSecurityConfig.java:49) ~[classes/:na]
	at com.athentication.oauth2.security.WebSecurityConfig.keycloakAuthenticationProvider(WebSecurityConfig.java:49) ~[classes/:na]
	at com.athentication.oauth2.security.WebSecurityConfig.keycloakAuthenticationProvider(WebSecurityConfig.java:49) ~[classes/:na]
	at com.athentication.oauth2.security.WebSecurityConfig.keycloakAuthenticationProvider(WebSecurityConfig.java:49) ~[classes/:na]
	at com.athentication.oauth2.security.WebSecurityConfig.keycloakAuthenticationProvider(WebSecurityConfig.java:49) ~[classes/:na]
	at com.athentication.oauth2.security.WebSecurityConfig.keycloakAuthenticationProvider(WebSecurityConfig.java:49) ~[classes/:na]
	at com.athentication.oauth2.security.WebSecurityConfig.keycloakAuthenticationProvider(WebSecurityConfig.java:49) ~[classes/:na]
	at com.athentication.oauth2.security.WebSecurityConfig.keycloakAuthenticationProvider(WebSecurityConfig.java:49) ~[classes/:na]
	at com.athentication.oauth2.security.WebSecurityConfig.keycloakAuthenticationProvider(WebSecurityConfig.java:49) ~[classes/:na]
	at com.athentication.oauth2.security.WebSecurityConfig.keycloakAuthenticationProvider(WebSecurityConfig.java:49) ~[classes/:na]
	at com.athentication.oauth2.security.WebSecurityConfig.keycloakAuthenticationProvider(WebSecurityConfig.java:49) ~[classes/:na]
	at com.athentication.oauth2.security.WebSecurityConfig.keycloakAuthenticationProvider(WebSecurityConfig.java:49) ~[classes/:na]
	at com.athentication.oauth2.security.WebSecurityConfig.keycloakAuthenticationProvider(WebSecurityConfig.java:49) ~[classes/:na]
	at com.athentication.oauth2.security.WebSecurityConfig.keycloakAuthenticationProvider(WebSecurityConfig.java:49) ~[classes/:na]
	at com.athentication.oauth2.security.WebSecurityConfig.keycloakAuthenticationProvider(WebSecurityConfig.java:49) ~[classes/:na]
	at com.athentication.oauth2.security.WebSecurityConfig.keycloakAuthenticationProvider(WebSecurityConfig.java:49) ~[classes/:na]
	at com.athentication.oauth2.security.WebSecurityConfig.keycloakAuthenticationProvider(WebSecurityConfig.java:49) ~[classes/:na]
	at com.athentication.oauth2.security.WebSecurityConfig.keycloakAuthenticationProvider(WebSecurityConfig.java:49) ~[classes/:na]
	at com.athentication.oauth2.security.WebSecurityConfig.keycloakAuthenticationProvider(WebSecurityConfig.java:49) ~[classes/:na]
	at com.athentication.oauth2.security.WebSecurityConfig.keycloakAuthenticationProvider(WebSecurityConfig.java:49) ~[classes/:na]
	at com.athentication.oauth2.security.WebSecurityConfig.keycloakAuthenticationProvider(WebSecurityConfig.java:49) ~[classes/:na]
	at com.athentication.oauth2.security.WebSecurityConfig.keycloakAuthenticationProvider(WebSecurityConfig.java:49) ~[classes/:na]
	at com.athentication.oauth2.security.WebSecurityConfig.keycloakAuthenticationProvider(WebSecurityConfig.java:49) ~[classes/:na]
	at com.athentication.oauth2.security.WebSecurityConfig.keycloakAuthenticationProvider(WebSecurityConfig.java:49) ~[classes/:na]
	at com.athentication.oauth2.security.WebSecurityConfig.keycloakAuthenticationProvider(WebSecurityConfig.java:49) ~[classes/:na]
	at com.athentication.oauth2.security.WebSecurityConfig.keycloakAuthenticationProvider(WebSecurityConfig.java:49) ~[classes/:na]
	at com.athentication.oauth2.security.WebSecurityConfig.keycloakAuthenticationProvider(WebSecurityConfig.java:49) ~[classes/:na]
	at com.athentication.oauth2.security.WebSecurityConfig.keycloakAuthenticationProvider(WebSecurityConfig.java:49) ~[classes/:na]
	at com.athentication.oauth2.security.WebSecurityConfig.keycloakAuthenticationProvider(WebSecurityConfig.java:49) ~[classes/:na]
	at com.athentication.oauth2.security.WebSecurityConfig.keycloakAuthenticationProvider(WebSecurityConfig.java:49) ~[classes/:na]
	at com.athentication.oauth2.security.WebSecurityConfig.keycloakAuthenticationProvider(WebSecurityConfig.java:49) ~[classes/:na]
	at com.athentication.oauth2.security.WebSecurityConfig.keycloakAuthenticationProvider(WebSecurityConfig.java:49) ~[classes/:na]
	at com.athentication.oauth2.security.WebSecurityConfig.keycloakAuthenticationProvider(WebSecurityConfig.java:49) ~[classes/:na]
	at com.athentication.oauth2.security.WebSecurityConfig.keycloakAuthenticationProvider(WebSecurityConfig.java:49) ~[classes/:na]
	at com.athentication.oauth2.security.WebSecurityConfig.keycloakAuthenticationProvider(WebSecurityConfig.java:49) ~[classes/:na]
	at com.athentication.oauth2.security.WebSecurityConfig.keycloakAuthenticationProvider(WebSecurityConfig.java:49) ~[classes/:na]
	at com.athentication.oauth2.security.WebSecurityConfig.keycloakAuthenticationProvider(WebSecurityConfig.java:49) ~[classes/:na]
	at com.athentication.oauth2.security.WebSecurityConfig.keycloakAuthenticationProvider(WebSecurityConfig.java:49) ~[classes/:na]
	at com.athentication.oauth2.security.WebSecurityConfig.keycloakAuthenticationProvider(WebSecurityConfig.java:49) ~[classes/:na]
	at com.athentication.oauth2.security.WebSecurityConfig.keycloakAuthenticationProvider(WebSecurityConfig.java:49) ~[classes/:na]
	at com.athentication.oauth2.security.WebSecurityConfig.keycloakAuthenticationProvider(WebSecurityConfig.java:49) ~[classes/:na]
	at com.athentication.oauth2.security.WebSecurityConfig.keycloakAuthenticationProvider(WebSecurityConfig.java:49) ~[classes/:na]
	at com.athentication.oauth2.security.WebSecurityConfig.keycloakAuthenticationProvider(WebSecurityConfig.java:49) ~[classes/:na]
	at com.athentication.oauth2.security.WebSecurityConfig.keycloakAuthenticationProvider(WebSecurityConfig.java:49) ~[classes/:na]
	at com.athentication.oauth2.security.WebSecurityConfig.keycloakAuthenticationProvider(WebSecurityConfig.java:49) ~[classes/:na]
	at com.athentication.oauth2.security.WebSecurityConfig.keycloakAuthenticationProvider(WebSecurityConfig.java:49) ~[classes/:na]
	at com.athentication.oauth2.security.WebSecurityConfig.keycloakAuthenticationProvider(WebSecurityConfig.java:49) ~[classes/:na]
	at com.athentication.oauth2.security.WebSecurityConfig.keycloakAuthenticationProvider(WebSecurityConfig.java:49) ~[classes/:na]
	at com.athentication.oauth2.security.WebSecurityConfig.keycloakAuthenticationProvider(WebSecurityConfig.java:49) ~[classes/:na]
	at com.athentication.oauth2.security.WebSecurityConfig.keycloakAuthenticationProvider(WebSecurityConfig.java:49) ~[classes/:na]
	at com.athentication.oauth2.security.WebSecurityConfig.keycloakAuthenticationProvider(WebSecurityConfig.java:49) ~[classes/:na]
	at com.athentication.oauth2.security.WebSecurityConfig.keycloakAuthenticationProvider(WebSecurityConfig.java:49) ~[classes/:na]
	at com.athentication.oauth2.security.WebSecurityConfig.keycloakAuthenticationProvider(WebSecurityConfig.java:49) ~[classes/:na]
	at com.athentication.oauth2.security.WebSecurityConfig.keycloakAuthenticationProvider(WebSecurityConfig.java:49) ~[classes/:na]
	at com.athentication.oauth2.security.WebSecurityConfig.keycloakAuthenticationProvider(WebSecurityConfig.java:49) ~[classes/:na]
	at com.athentication.oauth2.security.WebSecurityConfig.keycloakAuthenticationProvider(WebSecurityConfig.java:49) ~[classes/:na]
	at com.athentication.oauth2.security.WebSecurityConfig.keycloakAuthenticationProvider(WebSecurityConfig.java:49) ~[classes/:na]
	at com.athentication.oauth2.security.WebSecurityConfig.keycloakAuthenticationProvider(WebSecurityConfig.java:49) ~[classes/:na]
	at com.athentication.oauth2.security.WebSecurityConfig.keycloakAuthenticationProvider(WebSecurityConfig.java:49) ~[classes/:na]
	at com.athentication.oauth2.security.WebSecurityConfig.keycloakAuthenticationProvider(WebSecurityConfig.java:49) ~[classes/:na]
	at com.athentication.oauth2.security.WebSecurityConfig.keycloakAuthenticationProvider(WebSecurityConfig.java:49) ~[classes/:na]
	at com.athentication.oauth2.security.WebSecurityConfig.keycloakAuthenticationProvider(WebSecurityConfig.java:49) ~[classes/:na]
	at com.athentication.oauth2.security.WebSecurityConfig.keycloakAuthenticationProvider(WebSecurityConfig.java:49) ~[classes/:na]
	at com.athentication.oauth2.security.WebSecurityConfig.keycloakAuthenticationProvider(WebSecurityConfig.java:49) ~[classes/:na]
	at com.athentication.oauth2.security.WebSecurityConfig.keycloakAuthenticationProvider(WebSecurityConfig.java:49) ~[classes/:na]
	at com.athentication.oauth2.security.WebSecurityConfig.keycloakAuthenticationProvider(WebSecurityConfig.java:49) ~[classes/:na]
	at com.athentication.oauth2.security.WebSecurityConfig.keycloakAuthenticationProvider(WebSecurityConfig.java:49) ~[classes/:na]
	at com.athentication.oauth2.security.WebSecurityConfig.keycloakAuthenticationProvider(WebSecurityConfig.java:49) ~[classes/:na]
	at com.athentication.oauth2.security.WebSecurityConfig.keycloakAuthenticationProvider(WebSecurityConfig.java:49) ~[classes/:na]
	at com.athentication.oauth2.security.WebSecurityConfig.keycloakAuthenticationProvider(WebSecurityConfig.java:49) ~[classes/:na]
	at com.athentication.oauth2.security.WebSecurityConfig.keycloakAuthenticationProvider(WebSecurityConfig.java:49) ~[classes/:na]
	at com.athentication.oauth2.security.WebSecurityConfig.keycloakAuthenticationProvider(WebSecurityConfig.java:49) ~[classes/:na]
	at com.athentication.oauth2.security.WebSecurityConfig.keycloakAuthenticationProvider(WebSecurityConfig.java:49) ~[classes/:na]
	at com.athentication.oauth2.security.WebSecurityConfig.keycloakAuthenticationProvider(WebSecurityConfig.java:49) ~[classes/:na]
	at com.athentication.oauth2.security.WebSecurityConfig.keycloakAuthenticationProvider(WebSecurityConfig.java:49) ~[classes/:na]
	at com.athentication.oauth2.security.WebSecurityConfig.keycloakAuthenticationProvider(WebSecurityConfig.java:49) ~[classes/:na]
	at com.athentication.oauth2.security.WebSecurityConfig.keycloakAuthenticationProvider(WebSecurityConfig.java:49) ~[classes/:na]
	at com.athentication.oauth2.security.WebSecurityConfig.keycloakAuthenticationProvider(WebSecurityConfig.java:49) ~[classes/:na]
	at com.athentication.oauth2.security.WebSecurityConfig.keycloakAuthenticationProvider(WebSecurityConfig.java:49) ~[classes/:na]
	at com.athentication.oauth2.security.WebSecurityConfig.keycloakAuthenticationProvider(WebSecurityConfig.java:49) ~[classes/:na]
	at com.athentication.oauth2.security.WebSecurityConfig.keycloakAuthenticationProvider(WebSecurityConfig.java:49) ~[classes/:na]
	at com.athentication.oauth2.security.WebSecurityConfig.keycloakAuthenticationProvider(WebSecurityConfig.java:49) ~[classes/:na]
	at com.athentication.oauth2.security.WebSecurityConfig.keycloakAuthenticationProvider(WebSecurityConfig.java:49) ~[classes/:na]
	at com.athentication.oauth2.security.WebSecurityConfig.keycloakAuthenticationProvider(WebSecurityConfig.java:49) ~[classes/:na]
	at com.athentication.oauth2.security.WebSecurityConfig.keycloakAuthenticationProvider(WebSecurityConfig.java:49) ~[classes/:na]
	at com.athentication.oauth2.security.WebSecurityConfig.keycloakAuthenticationProvider(WebSecurityConfig.java:49) ~[classes/:na]
	at com.athentication.oauth2.security.WebSecurityConfig.keycloakAuthenticationProvider(WebSecurityConfig.java:49) ~[classes/:na]
	at com.athentication.oauth2.security.WebSecurityConfig.keycloakAuthenticationProvider(WebSecurityConfig.java:49) ~[classes/:na]
	at com.athentication.oauth2.security.WebSecurityConfig.keycloakAuthenticationProvider(WebSecurityConfig.java:49) ~[classes/:na]
	at com.athentication.oauth2.security.WebSecurityConfig.keycloakAuthenticationProvider(WebSecurityConfig.java:49) ~[classes/:na]
	at com.athentication.oauth2.security.WebSecurityConfig.keycloakAuthenticationProvider(WebSecurityConfig.java:49) ~[classes/:na]
	at com.athentication.oauth2.security.WebSecurityConfig.keycloakAuthenticationProvider(WebSecurityConfig.java:49) ~[classes/:na]
	at com.athentication.oauth2.security.WebSecurityConfig.keycloakAuthenticationProvider(WebSecurityConfig.java:49) ~[classes/:na]
	at com.athentication.oauth2.security.WebSecurityConfig.keycloakAuthenticationProvider(WebSecurityConfig.java:49) ~[classes/:na]
	at com.athentication.oauth2.security.WebSecurityConfig.keycloakAuthenticationProvider(WebSecurityConfig.java:49) ~[classes/:na]
	at com.athentication.oauth2.security.WebSecurityConfig.keycloakAuthenticationProvider(WebSecurityConfig.java:49) ~[classes/:na]
	at com.athentication.oauth2.security.WebSecurityConfig.keycloakAuthenticationProvider(WebSecurityConfig.java:49) ~[classes/:na]
	at com.athentication.oauth2.security.WebSecurityConfig.keycloakAuthenticationProvider(WebSecurityConfig.java:49) ~[classes/:na]
	at com.athentication.oauth2.security.WebSecurityConfig.keycloakAuthenticationProvider(WebSecurityConfig.java:49) ~[classes/:na]
	at com.athentication.oauth2.security.WebSecurityConfig.keycloakAuthenticationProvider(WebSecurityConfig.java:49) ~[classes/:na]
	at com.athentication.oauth2.security.WebSecurityConfig.keycloakAuthenticationProvider(WebSecurityConfig.java:49) ~[classes/:na]
	at com.athentication.oauth2.security.WebSecurityConfig.keycloakAuthenticationProvider(WebSecurityConfig.java:49) ~[classes/:na]
	at com.athentication.oauth2.security.WebSecurityConfig.keycloakAuthenticationProvider(WebSecurityConfig.java:49) ~[classes/:na]
	at com.athentication.oauth2.security.WebSecurityConfig.keycloakAuthenticationProvider(WebSecurityConfig.java:49) ~[classes/:na]
	at com.athentication.oauth2.security.WebSecurityConfig.keycloakAuthenticationProvider(WebSecurityConfig.java:49) ~[classes/:na]
	at com.athentication.oauth2.security.WebSecurityConfig.keycloakAuthenticationProvider(WebSecurityConfig.java:49) ~[classes/:na]
	at com.athentication.oauth2.security.WebSecurityConfig.keycloakAuthenticationProvider(WebSecurityConfig.java:49) ~[classes/:na]
	at com.athentication.oauth2.security.WebSecurityConfig.keycloakAuthenticationProvider(WebSecurityConfig.java:49) ~[classes/:na]
	at com.athentication.oauth2.security.WebSecurityConfig.keycloakAuthenticationProvider(WebSecurityConfig.java:49) ~[classes/:na]
	at com.athentication.oauth2.security.WebSecurityConfig.keycloakAuthenticationProvider(WebSecurityConfig.java:49) ~[classes/:na]
	at com.athentication.oauth2.security.WebSecurityConfig.keycloakAuthenticationProvider(WebSecurityConfig.java:49) ~[classes/:na]
	at com.athentication.oauth2.security.WebSecurityConfig.keycloakAuthenticationProvider(WebSecurityConfig.java:49) ~[classes/:na]
	at com.athentication.oauth2.security.WebSecurityConfig.keycloakAuthenticationProvider(WebSecurityConfig.java:49) ~[classes/:na]
	at com.athentication.oauth2.security.WebSecurityConfig.keycloakAuthenticationProvider(WebSecurityConfig.java:49) ~[classes/:na]
	at com.athentication.oauth2.security.WebSecurityConfig.keycloakAuthenticationProvider(WebSecurityConfig.java:49) ~[classes/:na]
	at com.athentication.oauth2.security.WebSecurityConfig.keycloakAuthenticationProvider(WebSecurityConfig.java:49) ~[classes/:na]
	at com.athentication.oauth2.security.WebSecurityConfig.keycloakAuthenticationProvider(WebSecurityConfig.java:49) ~[classes/:na]
	at com.athentication.oauth2.security.WebSecurityConfig.keycloakAuthenticationProvider(WebSecurityConfig.java:49) ~[classes/:na]
	at com.athentication.oauth2.security.WebSecurityConfig.keycloakAuthenticationProvider(WebSecurityConfig.java:49) ~[classes/:na]
	at com.athentication.oauth2.security.WebSecurityConfig.keycloakAuthenticationProvider(WebSecurityConfig.java:49) ~[classes/:na]
	at com.athentication.oauth2.security.WebSecurityConfig.keycloakAuthenticationProvider(WebSecurityConfig.java:49) ~[classes/:na]
	at com.athentication.oauth2.security.WebSecurityConfig.keycloakAuthenticationProvider(WebSecurityConfig.java:49) ~[classes/:na]
	at com.athentication.oauth2.security.WebSecurityConfig.keycloakAuthenticationProvider(WebSecurityConfig.java:49) ~[classes/:na]
	at com.athentication.oauth2.security.WebSecurityConfig.keycloakAuthenticationProvider(WebSecurityConfig.java:49) ~[classes/:na]
	at com.athentication.oauth2.security.WebSecurityConfig.keycloakAuthenticationProvider(WebSecurityConfig.java:49) ~[classes/:na]
	at com.athentication.oauth2.security.WebSecurityConfig.keycloakAuthenticationProvider(WebSecurityConfig.java:49) ~[classes/:na]
	at com.athentication.oauth2.security.WebSecurityConfig.keycloakAuthenticationProvider(WebSecurityConfig.java:49) ~[classes/:na]
	at com.athentication.oauth2.security.WebSecurityConfig.keycloakAuthenticationProvider(WebSecurityConfig.java:49) ~[classes/:na]
	at com.athentication.oauth2.security.WebSecurityConfig.keycloakAuthenticationProvider(WebSecurityConfig.java:49) ~[classes/:na]
	at com.athentication.oauth2.security.WebSecurityConfig.keycloakAuthenticationProvider(WebSecurityConfig.java:49) ~[classes/:na]
	at com.athentication.oauth2.security.WebSecurityConfig.keycloakAuthenticationProvider(WebSecurityConfig.java:49) ~[classes/:na]
	at com.athentication.oauth2.security.WebSecurityConfig.keycloakAuthenticationProvider(WebSecurityConfig.java:49) ~[classes/:na]
	at com.athentication.oauth2.security.WebSecurityConfig.keycloakAuthenticationProvider(WebSecurityConfig.java:49) ~[classes/:na]
	at com.athentication.oauth2.security.WebSecurityConfig.keycloakAuthenticationProvider(WebSecurityConfig.java:49) ~[classes/:na]
	at com.athentication.oauth2.security.WebSecurityConfig.keycloakAuthenticationProvider(WebSecurityConfig.java:49) ~[classes/:na]
	at com.athentication.oauth2.security.WebSecurityConfig.keycloakAuthenticationProvider(WebSecurityConfig.java:49) ~[classes/:na]
	at com.athentication.oauth2.security.WebSecurityConfig.keycloakAuthenticationProvider(WebSecurityConfig.java:49) ~[classes/:na]
	at com.athentication.oauth2.security.WebSecurityConfig.keycloakAuthenticationProvider(WebSecurityConfig.java:49) ~[classes/:na]
	at com.athentication.oauth2.security.WebSecurityConfig.keycloakAuthenticationProvider(WebSecurityConfig.java:49) ~[classes/:na]
	at com.athentication.oauth2.security.WebSecurityConfig.keycloakAuthenticationProvider(WebSecurityConfig.java:49) ~[classes/:na]
	at com.athentication.oauth2.security.WebSecurityConfig.keycloakAuthenticationProvider(WebSecurityConfig.java:49) ~[classes/:na]
	at com.athentication.oauth2.security.WebSecurityConfig.keycloakAuthenticationProvider(WebSecurityConfig.java:49) ~[classes/:na]
	at com.athentication.oauth2.security.WebSecurityConfig.keycloakAuthenticationProvider(WebSecurityConfig.java:49) ~[classes/:na]
	at com.athentication.oauth2.security.WebSecurityConfig.keycloakAuthenticationProvider(WebSecurityConfig.java:49) ~[classes/:na]
	at com.athentication.oauth2.security.WebSecurityConfig.keycloakAuthenticationProvider(WebSecurityConfig.java:49) ~[classes/:na]
	at com.athentication.oauth2.security.WebSecurityConfig.keycloakAuthenticationProvider(WebSecurityConfig.java:49) ~[classes/:na]
	at com.athentication.oauth2.security.WebSecurityConfig.keycloakAuthenticationProvider(WebSecurityConfig.java:49) ~[classes/:na]
	at com.athentication.oauth2.security.WebSecurityConfig.keycloakAuthenticationProvider(WebSecurityConfig.java:49) ~[classes/:na]
	at com.athentication.oauth2.security.WebSecurityConfig.keycloakAuthenticationProvider(WebSecurityConfig.java:49) ~[classes/:na]
	at com.athentication.oauth2.security.WebSecurityConfig.keycloakAuthenticationProvider(WebSecurityConfig.java:49) ~[classes/:na]
	at com.athentication.oauth2.security.WebSecurityConfig.keycloakAuthenticationProvider(WebSecurityConfig.java:49) ~[classes/:na]
	at com.athentication.oauth2.security.WebSecurityConfig.keycloakAuthenticationProvider(WebSecurityConfig.java:49) ~[classes/:na]
	at com.athentication.oauth2.security.WebSecurityConfig.keycloakAuthenticationProvider(WebSecurityConfig.java:49) ~[classes/:na]
	at com.athentication.oauth2.security.WebSecurityConfig.keycloakAuthenticationProvider(WebSecurityConfig.java:49) ~[classes/:na]
	at com.athentication.oauth2.security.WebSecurityConfig.keycloakAuthenticationProvider(WebSecurityConfig.java:49) ~[classes/:na]
	at com.athentication.oauth2.security.WebSecurityConfig.keycloakAuthenticationProvider(WebSecurityConfig.java:49) ~[classes/:na]
	at com.athentication.oauth2.security.WebSecurityConfig.keycloakAuthenticationProvider(WebSecurityConfig.java:49) ~[classes/:na]
	at com.athentication.oauth2.security.WebSecurityConfig.keycloakAuthenticationProvider(WebSecurityConfig.java:49) ~[classes/:na]
	at com.athentication.oauth2.security.WebSecurityConfig.keycloakAuthenticationProvider(WebSecurityConfig.java:49) ~[classes/:na]
	at com.athentication.oauth2.security.WebSecurityConfig.keycloakAuthenticationProvider(WebSecurityConfig.java:49) ~[classes/:na]
	at com.athentication.oauth2.security.WebSecurityConfig.keycloakAuthenticationProvider(WebSecurityConfig.java:49) ~[classes/:na]
	at com.athentication.oauth2.security.WebSecurityConfig.keycloakAuthenticationProvider(WebSecurityConfig.java:49) ~[classes/:na]
	at com.athentication.oauth2.security.WebSecurityConfig.keycloakAuthenticationProvider(WebSecurityConfig.java:49) ~[classes/:na]
	at com.athentication.oauth2.security.WebSecurityConfig.keycloakAuthenticationProvider(WebSecurityConfig.java:49) ~[classes/:na]
	at com.athentication.oauth2.security.WebSecurityConfig.keycloakAuthenticationProvider(WebSecurityConfig.java:49) ~[classes/:na]
	at com.athentication.oauth2.security.WebSecurityConfig.keycloakAuthenticationProvider(WebSecurityConfig.java:49) ~[classes/:na]
	at com.athentication.oauth2.security.WebSecurityConfig.keycloakAuthenticationProvider(WebSecurityConfig.java:49) ~[classes/:na]
	at com.athentication.oauth2.security.WebSecurityConfig.keycloakAuthenticationProvider(WebSecurityConfig.java:49) ~[classes/:na]
	at com.athentication.oauth2.security.WebSecurityConfig.keycloakAuthenticationProvider(WebSecurityConfig.java:49) ~[classes/:na]
	at com.athentication.oauth2.security.WebSecurityConfig.keycloakAuthenticationProvider(WebSecurityConfig.java:49) ~[classes/:na]
	at com.athentication.oauth2.security.WebSecurityConfig.keycloakAuthenticationProvider(WebSecurityConfig.java:49) ~[classes/:na]
	at com.athentication.oauth2.security.WebSecurityConfig.keycloakAuthenticationProvider(WebSecurityConfig.java:49) ~[classes/:na]
	at com.athentication.oauth2.security.WebSecurityConfig.keycloakAuthenticationProvider(WebSecurityConfig.java:49) ~[classes/:na]
	at com.athentication.oauth2.security.WebSecurityConfig.keycloakAuthenticationProvider(WebSecurityConfig.java:49) ~[classes/:na]
	at com.athentication.oauth2.security.WebSecurityConfig.keycloakAuthenticationProvider(WebSecurityConfig.java:49) ~[classes/:na]
	at com.athentication.oauth2.security.WebSecurityConfig.keycloakAuthenticationProvider(WebSecurityConfig.java:49) ~[classes/:na]
	at com.athentication.oauth2.security.WebSecurityConfig.keycloakAuthenticationProvider(WebSecurityConfig.java:49) ~[classes/:na]
	at com.athentication.oauth2.security.WebSecurityConfig.keycloakAuthenticationProvider(WebSecurityConfig.java:49) ~[classes/:na]
	at com.athentication.oauth2.security.WebSecurityConfig.keycloakAuthenticationProvider(WebSecurityConfig.java:49) ~[classes/:na]
	at com.athentication.oauth2.security.WebSecurityConfig.keycloakAuthenticationProvider(WebSecurityConfig.java:49) ~[classes/:na]
	at com.athentication.oauth2.security.WebSecurityConfig.keycloakAuthenticationProvider(WebSecurityConfig.java:49) ~[classes/:na]
	at com.athentication.oauth2.security.WebSecurityConfig.keycloakAuthenticationProvider(WebSecurityConfig.java:49) ~[classes/:na]
	at com.athentication.oauth2.security.WebSecurityConfig.keycloakAuthenticationProvider(WebSecurityConfig.java:49) ~[classes/:na]
	at com.athentication.oauth2.security.WebSecurityConfig.keycloakAuthenticationProvider(WebSecurityConfig.java:49) ~[classes/:na]
	at com.athentication.oauth2.security.WebSecurityConfig.keycloakAuthenticationProvider(WebSecurityConfig.java:49) ~[classes/:na]
	at com.athentication.oauth2.security.WebSecurityConfig.keycloakAuthenticationProvider(WebSecurityConfig.java:49) ~[classes/:na]
	at com.athentication.oauth2.security.WebSecurityConfig.keycloakAuthenticationProvider(WebSecurityConfig.java:49) ~[classes/:na]
	at com.athentication.oauth2.security.WebSecurityConfig.keycloakAuthenticationProvider(WebSecurityConfig.java:49) ~[classes/:na]
	at com.athentication.oauth2.security.WebSecurityConfig.keycloakAuthenticationProvider(WebSecurityConfig.java:49) ~[classes/:na]
	at com.athentication.oauth2.security.WebSecurityConfig.keycloakAuthenticationProvider(WebSecurityConfig.java:49) ~[classes/:na]
	at com.athentication.oauth2.security.WebSecurityConfig.keycloakAuthenticationProvider(WebSecurityConfig.java:49) ~[classes/:na]
	at com.athentication.oauth2.security.WebSecurityConfig.keycloakAuthenticationProvider(WebSecurityConfig.java:49) ~[classes/:na]
	at com.athentication.oauth2.security.WebSecurityConfig.keycloakAuthenticationProvider(WebSecurityConfig.java:49) ~[classes/:na]
	at com.athentication.oauth2.security.WebSecurityConfig.keycloakAuthenticationProvider(WebSecurityConfig.java:49) ~[classes/:na]
	at com.athentication.oauth2.security.WebSecurityConfig.keycloakAuthenticationProvider(WebSecurityConfig.java:49) ~[classes/:na]
	at com.athentication.oauth2.security.WebSecurityConfig.keycloakAuthenticationProvider(WebSecurityConfig.java:49) ~[classes/:na]
	at com.athentication.oauth2.security.WebSecurityConfig.keycloakAuthenticationProvider(WebSecurityConfig.java:49) ~[classes/:na]
	at com.athentication.oauth2.security.WebSecurityConfig.keycloakAuthenticationProvider(WebSecurityConfig.java:49) ~[classes/:na]
	at com.athentication.oauth2.security.WebSecurityConfig.keycloakAuthenticationProvider(WebSecurityConfig.java:49) ~[classes/:na]
	at com.athentication.oauth2.security.WebSecurityConfig.keycloakAuthenticationProvider(WebSecurityConfig.java:49) ~[classes/:na]
	at com.athentication.oauth2.security.WebSecurityConfig.keycloakAuthenticationProvider(WebSecurityConfig.java:49) ~[classes/:na]
	at com.athentication.oauth2.security.WebSecurityConfig.keycloakAuthenticationProvider(WebSecurityConfig.java:49) ~[classes/:na]
	at com.athentication.oauth2.security.WebSecurityConfig.keycloakAuthenticationProvider(WebSecurityConfig.java:49) ~[classes/:na]
	at com.athentication.oauth2.security.WebSecurityConfig.keycloakAuthenticationProvider(WebSecurityConfig.java:49) ~[classes/:na]
	at com.athentication.oauth2.security.WebSecurityConfig.keycloakAuthenticationProvider(WebSecurityConfig.java:49) ~[classes/:na]
	at com.athentication.oauth2.security.WebSecurityConfig.keycloakAuthenticationProvider(WebSecurityConfig.java:49) ~[classes/:na]
	at com.athentication.oauth2.security.WebSecurityConfig.keycloakAuthenticationProvider(WebSecurityConfig.java:49) ~[classes/:na]
	at com.athentication.oauth2.security.WebSecurityConfig.keycloakAuthenticationProvider(WebSecurityConfig.java:49) ~[classes/:na]
	at com.athentication.oauth2.security.WebSecurityConfig.keycloakAuthenticationProvider(WebSecurityConfig.java:49) ~[classes/:na]
	at com.athentication.oauth2.security.WebSecurityConfig.keycloakAuthenticationProvider(WebSecurityConfig.java:49) ~[classes/:na]
	at com.athentication.oauth2.security.WebSecurityConfig.keycloakAuthenticationProvider(WebSecurityConfig.java:49) ~[classes/:na]
	at com.athentication.oauth2.security.WebSecurityConfig.keycloakAuthenticationProvider(WebSecurityConfig.java:49) ~[classes/:na]
	at com.athentication.oauth2.security.WebSecurityConfig.keycloakAuthenticationProvider(WebSecurityConfig.java:49) ~[classes/:na]
	at com.athentication.oauth2.security.WebSecurityConfig.keycloakAuthenticationProvider(WebSecurityConfig.java:49) ~[classes/:na]
	at com.athentication.oauth2.security.WebSecurityConfig.keycloakAuthenticationProvider(WebSecurityConfig.java:49) ~[classes/:na]
	at com.athentication.oauth2.security.WebSecurityConfig.keycloakAuthenticationProvider(WebSecurityConfig.java:49) ~[classes/:na]
	at com.athentication.oauth2.security.WebSecurityConfig.keycloakAuthenticationProvider(WebSecurityConfig.java:49) ~[classes/:na]
	at com.athentication.oauth2.security.WebSecurityConfig.keycloakAuthenticationProvider(WebSecurityConfig.java:49) ~[classes/:na]
	at com.athentication.oauth2.security.WebSecurityConfig.keycloakAuthenticationProvider(WebSecurityConfig.java:49) ~[classes/:na]
	at com.athentication.oauth2.security.WebSecurityConfig.keycloakAuthenticationProvider(WebSecurityConfig.java:49) ~[classes/:na]
	at com.athentication.oauth2.security.WebSecurityConfig.keycloakAuthenticationProvider(WebSecurityConfig.java:49) ~[classes/:na]
	at com.athentication.oauth2.security.WebSecurityConfig.keycloakAuthenticationProvider(WebSecurityConfig.java:49) ~[classes/:na]
	at com.athentication.oauth2.security.WebSecurityConfig.keycloakAuthenticationProvider(WebSecurityConfig.java:49) ~[classes/:na]
	at com.athentication.oauth2.security.WebSecurityConfig.keycloakAuthenticationProvider(WebSecurityConfig.java:49) ~[classes/:na]
	at com.athentication.oauth2.security.WebSecurityConfig.keycloakAuthenticationProvider(WebSecurityConfig.java:49) ~[classes/:na]
	at com.athentication.oauth2.security.WebSecurityConfig.keycloakAuthenticationProvider(WebSecurityConfig.java:49) ~[classes/:na]
	at com.athentication.oauth2.security.WebSecurityConfig.keycloakAuthenticationProvider(WebSecurityConfig.java:49) ~[classes/:na]
	at com.athentication.oauth2.security.WebSecurityConfig.keycloakAuthenticationProvider(WebSecurityConfig.java:49) ~[classes/:na]
	at com.athentication.oauth2.security.WebSecurityConfig.keycloakAuthenticationProvider(WebSecurityConfig.java:49) ~[classes/:na]
	at com.athentication.oauth2.security.WebSecurityConfig.keycloakAuthenticationProvider(WebSecurityConfig.java:49) ~[classes/:na]
	at com.athentication.oauth2.security.WebSecurityConfig.keycloakAuthenticationProvider(WebSecurityConfig.java:49) ~[classes/:na]
	at com.athentication.oauth2.security.WebSecurityConfig.keycloakAuthenticationProvider(WebSecurityConfig.java:49) ~[classes/:na]
	at com.athentication.oauth2.security.WebSecurityConfig.keycloakAuthenticationProvider(WebSecurityConfig.java:49) ~[classes/:na]
	at com.athentication.oauth2.security.WebSecurityConfig.keycloakAuthenticationProvider(WebSecurityConfig.java:49) ~[classes/:na]
	at com.athentication.oauth2.security.WebSecurityConfig.keycloakAuthenticationProvider(WebSecurityConfig.java:49) ~[classes/:na]
	at com.athentication.oauth2.security.WebSecurityConfig.keycloakAuthenticationProvider(WebSecurityConfig.java:49) ~[classes/:na]
	at com.athentication.oauth2.security.WebSecurityConfig.keycloakAuthenticationProvider(WebSecurityConfig.java:49) ~[classes/:na]
	at com.athentication.oauth2.security.WebSecurityConfig.keycloakAuthenticationProvider(WebSecurityConfig.java:49) ~[classes/:na]
	at com.athentication.oauth2.security.WebSecurityConfig.keycloakAuthenticationProvider(WebSecurityConfig.java:49) ~[classes/:na]
	at com.athentication.oauth2.security.WebSecurityConfig.keycloakAuthenticationProvider(WebSecurityConfig.java:49) ~[classes/:na]
	at com.athentication.oauth2.security.WebSecurityConfig.keycloakAuthenticationProvider(WebSecurityConfig.java:49) ~[classes/:na]
	at com.athentication.oauth2.security.WebSecurityConfig.keycloakAuthenticationProvider(WebSecurityConfig.java:49) ~[classes/:na]
	at com.athentication.oauth2.security.WebSecurityConfig.keycloakAuthenticationProvider(WebSecurityConfig.java:49) ~[classes/:na]
	at com.athentication.oauth2.security.WebSecurityConfig.keycloakAuthenticationProvider(WebSecurityConfig.java:49) ~[classes/:na]
	at com.athentication.oauth2.security.WebSecurityConfig.keycloakAuthenticationProvider(WebSecurityConfig.java:49) ~[classes/:na]
	at com.athentication.oauth2.security.WebSecurityConfig.keycloakAuthenticationProvider(WebSecurityConfig.java:49) ~[classes/:na]
	at com.athentication.oauth2.security.WebSecurityConfig.keycloakAuthenticationProvider(WebSecurityConfig.java:49) ~[classes/:na]
	at com.athentication.oauth2.security.WebSecurityConfig.keycloakAuthenticationProvider(WebSecurityConfig.java:49) ~[classes/:na]
	at com.athentication.oauth2.security.WebSecurityConfig.keycloakAuthenticationProvider(WebSecurityConfig.java:49) ~[classes/:na]
	at com.athentication.oauth2.security.WebSecurityConfig.keycloakAuthenticationProvider(WebSecurityConfig.java:49) ~[classes/:na]
	at com.athentication.oauth2.security.WebSecurityConfig.keycloakAuthenticationProvider(WebSecurityConfig.java:49) ~[classes/:na]
	at com.athentication.oauth2.security.WebSecurityConfig.keycloakAuthenticationProvider(WebSecurityConfig.java:49) ~[classes/:na]
	at com.athentication.oauth2.security.WebSecurityConfig.keycloakAuthenticationProvider(WebSecurityConfig.java:49) ~[classes/:na]
	at com.athentication.oauth2.security.WebSecurityConfig.keycloakAuthenticationProvider(WebSecurityConfig.java:49) ~[classes/:na]
	at com.athentication.oauth2.security.WebSecurityConfig.keycloakAuthenticationProvider(WebSecurityConfig.java:49) ~[classes/:na]
	at com.athentication.oauth2.security.WebSecurityConfig.keycloakAuthenticationProvider(WebSecurityConfig.java:49) ~[classes/:na]
	at com.athentication.oauth2.security.WebSecurityConfig.keycloakAuthenticationProvider(WebSecurityConfig.java:49) ~[classes/:na]
	at com.athentication.oauth2.security.WebSecurityConfig.keycloakAuthenticationProvider(WebSecurityConfig.java:49) ~[classes/:na]
	at com.athentication.oauth2.security.WebSecurityConfig.keycloakAuthenticationProvider(WebSecurityConfig.java:49) ~[classes/:na]
	at com.athentication.oauth2.security.WebSecurityConfig.keycloakAuthenticationProvider(WebSecurityConfig.java:49) ~[classes/:na]
	at com.athentication.oauth2.security.WebSecurityConfig.keycloakAuthenticationProvider(WebSecurityConfig.java:49) ~[classes/:na]
	at com.athentication.oauth2.security.WebSecurityConfig.keycloakAuthenticationProvider(WebSecurityConfig.java:49) ~[classes/:na]
	at com.athentication.oauth2.security.WebSecurityConfig.keycloakAuthenticationProvider(WebSecurityConfig.java:49) ~[classes/:na]
	at com.athentication.oauth2.security.WebSecurityConfig.keycloakAuthenticationProvider(WebSecurityConfig.java:49) ~[classes/:na]
	at com.athentication.oauth2.security.WebSecurityConfig.keycloakAuthenticationProvider(WebSecurityConfig.java:49) ~[classes/:na]
	at com.athentication.oauth2.security.WebSecurityConfig.keycloakAuthenticationProvider(WebSecurityConfig.java:49) ~[classes/:na]
	at com.athentication.oauth2.security.WebSecurityConfig.keycloakAuthenticationProvider(WebSecurityConfig.java:49) ~[classes/:na]
	at com.athentication.oauth2.security.WebSecurityConfig.keycloakAuthenticationProvider(WebSecurityConfig.java:49) ~[classes/:na]
	at com.athentication.oauth2.security.WebSecurityConfig.keycloakAuthenticationProvider(WebSecurityConfig.java:49) ~[classes/:na]
	at com.athentication.oauth2.security.WebSecurityConfig.keycloakAuthenticationProvider(WebSecurityConfig.java:49) ~[classes/:na]
	at com.athentication.oauth2.security.WebSecurityConfig.keycloakAuthenticationProvider(WebSecurityConfig.java:49) ~[classes/:na]
	at com.athentication.oauth2.security.WebSecurityConfig.keycloakAuthenticationProvider(WebSecurityConfig.java:49) ~[classes/:na]
	at com.athentication.oauth2.security.WebSecurityConfig.keycloakAuthenticationProvider(WebSecurityConfig.java:49) ~[classes/:na]
	at com.athentication.oauth2.security.WebSecurityConfig.keycloakAuthenticationProvider(WebSecurityConfig.java:49) ~[classes/:na]
	at com.athentication.oauth2.security.WebSecurityConfig.keycloakAuthenticationProvider(WebSecurityConfig.java:49) ~[classes/:na]
	at com.athentication.oauth2.security.WebSecurityConfig.keycloakAuthenticationProvider(WebSecurityConfig.java:49) ~[classes/:na]
	at com.athentication.oauth2.security.WebSecurityConfig.keycloakAuthenticationProvider(WebSecurityConfig.java:49) ~[classes/:na]
	at com.athentication.oauth2.security.WebSecurityConfig.keycloakAuthenticationProvider(WebSecurityConfig.java:49) ~[classes/:na]
	at com.athentication.oauth2.security.WebSecurityConfig.keycloakAuthenticationProvider(WebSecurityConfig.java:49) ~[classes/:na]
	at com.athentication.oauth2.security.WebSecurityConfig.keycloakAuthenticationProvider(WebSecurityConfig.java:49) ~[classes/:na]
	at com.athentication.oauth2.security.WebSecurityConfig.keycloakAuthenticationProvider(WebSecurityConfig.java:49) ~[classes/:na]
	at com.athentication.oauth2.security.WebSecurityConfig.keycloakAuthenticationProvider(WebSecurityConfig.java:49) ~[classes/:na]
	at com.athentication.oauth2.security.WebSecurityConfig.keycloakAuthenticationProvider(WebSecurityConfig.java:49) ~[classes/:na]
	at com.athentication.oauth2.security.WebSecurityConfig.keycloakAuthenticationProvider(WebSecurityConfig.java:49) ~[classes/:na]
	at com.athentication.oauth2.security.WebSecurityConfig.keycloakAuthenticationProvider(WebSecurityConfig.java:49) ~[classes/:na]
	at com.athentication.oauth2.security.WebSecurityConfig.keycloakAuthenticationProvider(WebSecurityConfig.java:49) ~[classes/:na]
	at com.athentication.oauth2.security.WebSecurityConfig.keycloakAuthenticationProvider(WebSecurityConfig.java:49) ~[classes/:na]
	at com.athentication.oauth2.security.WebSecurityConfig.keycloakAuthenticationProvider(WebSecurityConfig.java:49) ~[classes/:na]
	at com.athentication.oauth2.security.WebSecurityConfig.keycloakAuthenticationProvider(WebSecurityConfig.java:49) ~[classes/:na]
	at com.athentication.oauth2.security.WebSecurityConfig.keycloakAuthenticationProvider(WebSecurityConfig.java:49) ~[classes/:na]
	at com.athentication.oauth2.security.WebSecurityConfig.keycloakAuthenticationProvider(WebSecurityConfig.java:49) ~[classes/:na]
	at com.athentication.oauth2.security.WebSecurityConfig.keycloakAuthenticationProvider(WebSecurityConfig.java:49) ~[classes/:na]
	at com.athentication.oauth2.security.WebSecurityConfig.keycloakAuthenticationProvider(WebSecurityConfig.java:49) ~[classes/:na]
	at com.athentication.oauth2.security.WebSecurityConfig.keycloakAuthenticationProvider(WebSecurityConfig.java:49) ~[classes/:na]
	at com.athentication.oauth2.security.WebSecurityConfig.keycloakAuthenticationProvider(WebSecurityConfig.java:49) ~[classes/:na]
	at com.athentication.oauth2.security.WebSecurityConfig.keycloakAuthenticationProvider(WebSecurityConfig.java:49) ~[classes/:na]
	at com.athentication.oauth2.security.WebSecurityConfig.keycloakAuthenticationProvider(WebSecurityConfig.java:49) ~[classes/:na]
	at com.athentication.oauth2.security.WebSecurityConfig.keycloakAuthenticationProvider(WebSecurityConfig.java:49) ~[classes/:na]
	at com.athentication.oauth2.security.WebSecurityConfig.keycloakAuthenticationProvider(WebSecurityConfig.java:49) ~[classes/:na]
	at com.athentication.oauth2.security.WebSecurityConfig.keycloakAuthenticationProvider(WebSecurityConfig.java:49) ~[classes/:na]
	at com.athentication.oauth2.security.WebSecurityConfig.keycloakAuthenticationProvider(WebSecurityConfig.java:49) ~[classes/:na]
	at com.athentication.oauth2.security.WebSecurityConfig.keycloakAuthenticationProvider(WebSecurityConfig.java:49) ~[classes/:na]
	at com.athentication.oauth2.security.WebSecurityConfig.keycloakAuthenticationProvider(WebSecurityConfig.java:49) ~[classes/:na]
	at com.athentication.oauth2.security.WebSecurityConfig.keycloakAuthenticationProvider(WebSecurityConfig.java:49) ~[classes/:na]
	at com.athentication.oauth2.security.WebSecurityConfig.keycloakAuthenticationProvider(WebSecurityConfig.java:49) ~[classes/:na]
	at com.athentication.oauth2.security.WebSecurityConfig.keycloakAuthenticationProvider(WebSecurityConfig.java:49) ~[classes/:na]
	at com.athentication.oauth2.security.WebSecurityConfig.keycloakAuthenticationProvider(WebSecurityConfig.java:49) ~[classes/:na]
	at com.athentication.oauth2.security.WebSecurityConfig.keycloakAuthenticationProvider(WebSecurityConfig.java:49) ~[classes/:na]
	at com.athentication.oauth2.security.WebSecurityConfig.keycloakAuthenticationProvider(WebSecurityConfig.java:49) ~[classes/:na]
	at com.athentication.oauth2.security.WebSecurityConfig.keycloakAuthenticationProvider(WebSecurityConfig.java:49) ~[classes/:na]
	at com.athentication.oauth2.security.WebSecurityConfig.keycloakAuthenticationProvider(WebSecurityConfig.java:49) ~[classes/:na]
	at com.athentication.oauth2.security.WebSecurityConfig.keycloakAuthenticationProvider(WebSecurityConfig.java:49) ~[classes/:na]
	at com.athentication.oauth2.security.WebSecurityConfig.keycloakAuthenticationProvider(WebSecurityConfig.java:49) ~[classes/:na]
	at com.athentication.oauth2.security.WebSecurityConfig.keycloakAuthenticationProvider(WebSecurityConfig.java:49) ~[classes/:na]
	at com.athentication.oauth2.security.WebSecurityConfig.keycloakAuthenticationProvider(WebSecurityConfig.java:49) ~[classes/:na]
	at com.athentication.oauth2.security.WebSecurityConfig.keycloakAuthenticationProvider(WebSecurityConfig.java:49) ~[classes/:na]
	at com.athentication.oauth2.security.WebSecurityConfig.keycloakAuthenticationProvider(WebSecurityConfig.java:49) ~[classes/:na]
	at com.athentication.oauth2.security.WebSecurityConfig.keycloakAuthenticationProvider(WebSecurityConfig.java:49) ~[classes/:na]
	at com.athentication.oauth2.security.WebSecurityConfig.keycloakAuthenticationProvider(WebSecurityConfig.java:49) ~[classes/:na]
	at com.athentication.oauth2.security.WebSecurityConfig.keycloakAuthenticationProvider(WebSecurityConfig.java:49) ~[classes/:na]
	at com.athentication.oauth2.security.WebSecurityConfig.keycloakAuthenticationProvider(WebSecurityConfig.java:49) ~[classes/:na]
	at com.athentication.oauth2.security.WebSecurityConfig.keycloakAuthenticationProvider(WebSecurityConfig.java:49) ~[classes/:na]
	at com.athentication.oauth2.security.WebSecurityConfig.keycloakAuthenticationProvider(WebSecurityConfig.java:49) ~[classes/:na]
	at com.athentication.oauth2.security.WebSecurityConfig.keycloakAuthenticationProvider(WebSecurityConfig.java:49) ~[classes/:na]
	at com.athentication.oauth2.security.WebSecurityConfig.keycloakAuthenticationProvider(WebSecurityConfig.java:49) ~[classes/:na]
	at com.athentication.oauth2.security.WebSecurityConfig.keycloakAuthenticationProvider(WebSecurityConfig.java:49) ~[classes/:na]
	at com.athentication.oauth2.security.WebSecurityConfig.keycloakAuthenticationProvider(WebSecurityConfig.java:49) ~[classes/:na]
	at com.athentication.oauth2.security.WebSecurityConfig.keycloakAuthenticationProvider(WebSecurityConfig.java:49) ~[classes/:na]
	at com.athentication.oauth2.security.WebSecurityConfig.keycloakAuthenticationProvider(WebSecurityConfig.java:49) ~[classes/:na]
	at com.athentication.oauth2.security.WebSecurityConfig.keycloakAuthenticationProvider(WebSecurityConfig.java:49) ~[classes/:na]
	at com.athentication.oauth2.security.WebSecurityConfig.keycloakAuthenticationProvider(WebSecurityConfig.java:49) ~[classes/:na]
	at com.athentication.oauth2.security.WebSecurityConfig.keycloakAuthenticationProvider(WebSecurityConfig.java:49) ~[classes/:na]
	at com.athentication.oauth2.security.WebSecurityConfig.keycloakAuthenticationProvider(WebSecurityConfig.java:49) ~[classes/:na]
	at com.athentication.oauth2.security.WebSecurityConfig.keycloakAuthenticationProvider(WebSecurityConfig.java:49) ~[classes/:na]
	at com.athentication.oauth2.security.WebSecurityConfig.keycloakAuthenticationProvider(WebSecurityConfig.java:49) ~[classes/:na]
	at com.athentication.oauth2.security.WebSecurityConfig.keycloakAuthenticationProvider(WebSecurityConfig.java:49) ~[classes/:na]
	at com.athentication.oauth2.security.WebSecurityConfig.keycloakAuthenticationProvider(WebSecurityConfig.java:49) ~[classes/:na]
	at com.athentication.oauth2.security.WebSecurityConfig.keycloakAuthenticationProvider(WebSecurityConfig.java:49) ~[classes/:na]
	at com.athentication.oauth2.security.WebSecurityConfig.keycloakAuthenticationProvider(WebSecurityConfig.java:49) ~[classes/:na]
	at com.athentication.oauth2.security.WebSecurityConfig.keycloakAuthenticationProvider(WebSecurityConfig.java:49) ~[classes/:na]
	at com.athentication.oauth2.security.WebSecurityConfig.keycloakAuthenticationProvider(WebSecurityConfig.java:49) ~[classes/:na]
	at com.athentication.oauth2.security.WebSecurityConfig.keycloakAuthenticationProvider(WebSecurityConfig.java:49) ~[classes/:na]
	at com.athentication.oauth2.security.WebSecurityConfig.keycloakAuthenticationProvider(WebSecurityConfig.java:49) ~[classes/:na]
	at com.athentication.oauth2.security.WebSecurityConfig.keycloakAuthenticationProvider(WebSecurityConfig.java:49) ~[classes/:na]
	at com.athentication.oauth2.security.WebSecurityConfig.keycloakAuthenticationProvider(WebSecurityConfig.java:49) ~[classes/:na]
	at com.athentication.oauth2.security.WebSecurityConfig.keycloakAuthenticationProvider(WebSecurityConfig.java:49) ~[classes/:na]
	at com.athentication.oauth2.security.WebSecurityConfig.keycloakAuthenticationProvider(WebSecurityConfig.java:49) ~[classes/:na]
	at com.athentication.oauth2.security.WebSecurityConfig.keycloakAuthenticationProvider(WebSecurityConfig.java:49) ~[classes/:na]
	at com.athentication.oauth2.security.WebSecurityConfig.keycloakAuthenticationProvider(WebSecurityConfig.java:49) ~[classes/:na]
	at com.athentication.oauth2.security.WebSecurityConfig.keycloakAuthenticationProvider(WebSecurityConfig.java:49) ~[classes/:na]
	at com.athentication.oauth2.security.WebSecurityConfig.keycloakAuthenticationProvider(WebSecurityConfig.java:49) ~[classes/:na]
	at com.athentication.oauth2.security.WebSecurityConfig.keycloakAuthenticationProvider(WebSecurityConfig.java:49) ~[classes/:na]
	at com.athentication.oauth2.security.WebSecurityConfig.keycloakAuthenticationProvider(WebSecurityConfig.java:49) ~[classes/:na]
	at com.athentication.oauth2.security.WebSecurityConfig.keycloakAuthenticationProvider(WebSecurityConfig.java:49) ~[classes/:na]
	at com.athentication.oauth2.security.WebSecurityConfig.keycloakAuthenticationProvider(WebSecurityConfig.java:49) ~[classes/:na]
	at com.athentication.oauth2.security.WebSecurityConfig.keycloakAuthenticationProvider(WebSecurityConfig.java:49) ~[classes/:na]
	at com.athentication.oauth2.security.WebSecurityConfig.keycloakAuthenticationProvider(WebSecurityConfig.java:49) ~[classes/:na]
	at com.athentication.oauth2.security.WebSecurityConfig.keycloakAuthenticationProvider(WebSecurityConfig.java:49) ~[classes/:na]
	at com.athentication.oauth2.security.WebSecurityConfig.keycloakAuthenticationProvider(WebSecurityConfig.java:49) ~[classes/:na]
	at com.athentication.oauth2.security.WebSecurityConfig.keycloakAuthenticationProvider(WebSecurityConfig.java:49) ~[classes/:na]
	at com.athentication.oauth2.security.WebSecurityConfig.keycloakAuthenticationProvider(WebSecurityConfig.java:49) ~[classes/:na]
	at com.athentication.oauth2.security.WebSecurityConfig.keycloakAuthenticationProvider(WebSecurityConfig.java:49) ~[classes/:na]
	at com.athentication.oauth2.security.WebSecurityConfig.keycloakAuthenticationProvider(WebSecurityConfig.java:49) ~[classes/:na]
	at com.athentication.oauth2.security.WebSecurityConfig.keycloakAuthenticationProvider(WebSecurityConfig.java:49) ~[classes/:na]
	at com.athentication.oauth2.security.WebSecurityConfig.keycloakAuthenticationProvider(WebSecurityConfig.java:49) ~[classes/:na]
	at com.athentication.oauth2.security.WebSecurityConfig.keycloakAuthenticationProvider(WebSecurityConfig.java:49) ~[classes/:na]
	at com.athentication.oauth2.security.WebSecurityConfig.keycloakAuthenticationProvider(WebSecurityConfig.java:49) ~[classes/:na]
	at com.athentication.oauth2.security.WebSecurityConfig.keycloakAuthenticationProvider(WebSecurityConfig.java:49) ~[classes/:na]
	at com.athentication.oauth2.security.WebSecurityConfig.keycloakAuthenticationProvider(WebSecurityConfig.java:49) ~[classes/:na]
	at com.athentication.oauth2.security.WebSecurityConfig.keycloakAuthenticationProvider(WebSecurityConfig.java:49) ~[classes/:na]
	at com.athentication.oauth2.security.WebSecurityConfig.keycloakAuthenticationProvider(WebSecurityConfig.java:49) ~[classes/:na]
	at com.athentication.oauth2.security.WebSecurityConfig.keycloakAuthenticationProvider(WebSecurityConfig.java:49) ~[classes/:na]
	at com.athentication.oauth2.security.WebSecurityConfig.keycloakAuthenticationProvider(WebSecurityConfig.java:49) ~[classes/:na]
	at com.athentication.oauth2.security.WebSecurityConfig.keycloakAuthenticationProvider(WebSecurityConfig.java:49) ~[classes/:na]
	at com.athentication.oauth2.security.WebSecurityConfig.keycloakAuthenticationProvider(WebSecurityConfig.java:49) ~[classes/:na]
	at com.athentication.oauth2.security.WebSecurityConfig.keycloakAuthenticationProvider(WebSecurityConfig.java:49) ~[classes/:na]
	at com.athentication.oauth2.security.WebSecurityConfig.keycloakAuthenticationProvider(WebSecurityConfig.java:49) ~[classes/:na]
	at com.athentication.oauth2.security.WebSecurityConfig.keycloakAuthenticationProvider(WebSecurityConfig.java:49) ~[classes/:na]
	at com.athentication.oauth2.security.WebSecurityConfig.keycloakAuthenticationProvider(WebSecurityConfig.java:49) ~[classes/:na]
	at com.athentication.oauth2.security.WebSecurityConfig.keycloakAuthenticationProvider(WebSecurityConfig.java:49) ~[classes/:na]
	at com.athentication.oauth2.security.WebSecurityConfig.keycloakAuthenticationProvider(WebSecurityConfig.java:49) ~[classes/:na]
	at com.athentication.oauth2.security.WebSecurityConfig.keycloakAuthenticationProvider(WebSecurityConfig.java:49) ~[classes/:na]
	at com.athentication.oauth2.security.WebSecurityConfig.keycloakAuthenticationProvider(WebSecurityConfig.java:49) ~[classes/:na]
	at com.athentication.oauth2.security.WebSecurityConfig.keycloakAuthenticationProvider(WebSecurityConfig.java:49) ~[classes/:na]
	at com.athentication.oauth2.security.WebSecurityConfig.keycloakAuthenticationProvider(WebSecurityConfig.java:49) ~[classes/:na]
	at com.athentication.oauth2.security.WebSecurityConfig.keycloakAuthenticationProvider(WebSecurityConfig.java:49) ~[classes/:na]
	at com.athentication.oauth2.security.WebSecurityConfig.keycloakAuthenticationProvider(WebSecurityConfig.java:49) ~[classes/:na]
	at com.athentication.oauth2.security.WebSecurityConfig.keycloakAuthenticationProvider(WebSecurityConfig.java:49) ~[classes/:na]
	at com.athentication.oauth2.security.WebSecurityConfig.keycloakAuthenticationProvider(WebSecurityConfig.java:49) ~[classes/:na]
	at com.athentication.oauth2.security.WebSecurityConfig.keycloakAuthenticationProvider(WebSecurityConfig.java:49) ~[classes/:na]
	at com.athentication.oauth2.security.WebSecurityConfig.keycloakAuthenticationProvider(WebSecurityConfig.java:49) ~[classes/:na]
	at com.athentication.oauth2.security.WebSecurityConfig.keycloakAuthenticationProvider(WebSecurityConfig.java:49) ~[classes/:na]
	at com.athentication.oauth2.security.WebSecurityConfig.keycloakAuthenticationProvider(WebSecurityConfig.java:49) ~[classes/:na]
	at com.athentication.oauth2.security.WebSecurityConfig.keycloakAuthenticationProvider(WebSecurityConfig.java:49) ~[classes/:na]
	at com.athentication.oauth2.security.WebSecurityConfig.keycloakAuthenticationProvider(WebSecurityConfig.java:49) ~[classes/:na]
	at com.athentication.oauth2.security.WebSecurityConfig.keycloakAuthenticationProvider(WebSecurityConfig.java:49) ~[classes/:na]
	at com.athentication.oauth2.security.WebSecurityConfig.keycloakAuthenticationProvider(WebSecurityConfig.java:49) ~[classes/:na]
	at com.athentication.oauth2.security.WebSecurityConfig.keycloakAuthenticationProvider(WebSecurityConfig.java:49) ~[classes/:na]
	at com.athentication.oauth2.security.WebSecurityConfig.keycloakAuthenticationProvider(WebSecurityConfig.java:49) ~[classes/:na]
	at com.athentication.oauth2.security.WebSecurityConfig.keycloakAuthenticationProvider(WebSecurityConfig.java:49) ~[classes/:na]
	at com.athentication.oauth2.security.WebSecurityConfig.keycloakAuthenticationProvider(WebSecurityConfig.java:49) ~[classes/:na]
	at com.athentication.oauth2.security.WebSecurityConfig.keycloakAuthenticationProvider(WebSecurityConfig.java:49) ~[classes/:na]
	at com.athentication.oauth2.security.WebSecurityConfig.keycloakAuthenticationProvider(WebSecurityConfig.java:49) ~[classes/:na]
	at com.athentication.oauth2.security.WebSecurityConfig.keycloakAuthenticationProvider(WebSecurityConfig.java:49) ~[classes/:na]
	at com.athentication.oauth2.security.WebSecurityConfig.keycloakAuthenticationProvider(WebSecurityConfig.java:49) ~[classes/:na]
	at com.athentication.oauth2.security.WebSecurityConfig.keycloakAuthenticationProvider(WebSecurityConfig.java:49) ~[classes/:na]
	at com.athentication.oauth2.security.WebSecurityConfig.keycloakAuthenticationProvider(WebSecurityConfig.java:49) ~[classes/:na]
	at com.athentication.oauth2.security.WebSecurityConfig.keycloakAuthenticationProvider(WebSecurityConfig.java:49) ~[classes/:na]
	at com.athentication.oauth2.security.WebSecurityConfig.keycloakAuthenticationProvider(WebSecurityConfig.java:49) ~[classes/:na]
	at com.athentication.oauth2.security.WebSecurityConfig.keycloakAuthenticationProvider(WebSecurityConfig.java:49) ~[classes/:na]
	at com.athentication.oauth2.security.WebSecurityConfig.keycloakAuthenticationProvider(WebSecurityConfig.java:49) ~[classes/:na]
	at com.athentication.oauth2.security.WebSecurityConfig.keycloakAuthenticationProvider(WebSecurityConfig.java:49) ~[classes/:na]
	at com.athentication.oauth2.security.WebSecurityConfig.keycloakAuthenticationProvider(WebSecurityConfig.java:49) ~[classes/:na]
	at com.athentication.oauth2.security.WebSecurityConfig.keycloakAuthenticationProvider(WebSecurityConfig.java:49) ~[classes/:na]
	at com.athentication.oauth2.security.WebSecurityConfig.keycloakAuthenticationProvider(WebSecurityConfig.java:49) ~[classes/:na]
	at com.athentication.oauth2.security.WebSecurityConfig.keycloakAuthenticationProvider(WebSecurityConfig.java:49) ~[classes/:na]
	at com.athentication.oauth2.security.WebSecurityConfig.keycloakAuthenticationProvider(WebSecurityConfig.java:49) ~[classes/:na]
	at com.athentication.oauth2.security.WebSecurityConfig.keycloakAuthenticationProvider(WebSecurityConfig.java:49) ~[classes/:na]
	at com.athentication.oauth2.security.WebSecurityConfig.keycloakAuthenticationProvider(WebSecurityConfig.java:49) ~[classes/:na]
	at com.athentication.oauth2.security.WebSecurityConfig.keycloakAuthenticationProvider(WebSecurityConfig.java:49) ~[classes/:na]
	at com.athentication.oauth2.security.WebSecurityConfig.keycloakAuthenticationProvider(WebSecurityConfig.java:49) ~[classes/:na]
	at com.athentication.oauth2.security.WebSecurityConfig.keycloakAuthenticationProvider(WebSecurityConfig.java:49) ~[classes/:na]
	at com.athentication.oauth2.security.WebSecurityConfig.keycloakAuthenticationProvider(WebSecurityConfig.java:49) ~[classes/:na]
	at com.athentication.oauth2.security.WebSecurityConfig.keycloakAuthenticationProvider(WebSecurityConfig.java:49) ~[classes/:na]
	at com.athentication.oauth2.security.WebSecurityConfig.keycloakAuthenticationProvider(WebSecurityConfig.java:49) ~[classes/:na]
	at com.athentication.oauth2.security.WebSecurityConfig.keycloakAuthenticationProvider(WebSecurityConfig.java:49) ~[classes/:na]
	at com.athentication.oauth2.security.WebSecurityConfig.keycloakAuthenticationProvider(WebSecurityConfig.java:49) ~[classes/:na]
	at com.athentication.oauth2.security.WebSecurityConfig.keycloakAuthenticationProvider(WebSecurityConfig.java:49) ~[classes/:na]
	at com.athentication.oauth2.security.WebSecurityConfig.keycloakAuthenticationProvider(WebSecurityConfig.java:49) ~[classes/:na]
	at com.athentication.oauth2.security.WebSecurityConfig.keycloakAuthenticationProvider(WebSecurityConfig.java:49) ~[classes/:na]
	at com.athentication.oauth2.security.WebSecurityConfig.keycloakAuthenticationProvider(WebSecurityConfig.java:49) ~[classes/:na]
	at com.athentication.oauth2.security.WebSecurityConfig.keycloakAuthenticationProvider(WebSecurityConfig.java:49) ~[classes/:na]
	at com.athentication.oauth2.security.WebSecurityConfig.keycloakAuthenticationProvider(WebSecurityConfig.java:49) ~[classes/:na]
	at com.athentication.oauth2.security.WebSecurityConfig.keycloakAuthenticationProvider(WebSecurityConfig.java:49) ~[classes/:na]
	at com.athentication.oauth2.security.WebSecurityConfig.keycloakAuthenticationProvider(WebSecurityConfig.java:49) ~[classes/:na]
	at com.athentication.oauth2.security.WebSecurityConfig.keycloakAuthenticationProvider(WebSecurityConfig.java:49) ~[classes/:na]
	at com.athentication.oauth2.security.WebSecurityConfig.keycloakAuthenticationProvider(WebSecurityConfig.java:49) ~[classes/:na]
	at com.athentication.oauth2.security.WebSecurityConfig.keycloakAuthenticationProvider(WebSecurityConfig.java:49) ~[classes/:na]
	at com.athentication.oauth2.security.WebSecurityConfig.keycloakAuthenticationProvider(WebSecurityConfig.java:49) ~[classes/:na]
	at com.athentication.oauth2.security.WebSecurityConfig.keycloakAuthenticationProvider(WebSecurityConfig.java:49) ~[classes/:na]
	at com.athentication.oauth2.security.WebSecurityConfig.keycloakAuthenticationProvider(WebSecurityConfig.java:49) ~[classes/:na]
	at com.athentication.oauth2.security.WebSecurityConfig.keycloakAuthenticationProvider(WebSecurityConfig.java:49) ~[classes/:na]
	at com.athentication.oauth2.security.WebSecurityConfig.keycloakAuthenticationProvider(WebSecurityConfig.java:49) ~[classes/:na]
	at com.athentication.oauth2.security.WebSecurityConfig.keycloakAuthenticationProvider(WebSecurityConfig.java:49) ~[classes/:na]
	at com.athentication.oauth2.security.WebSecurityConfig.keycloakAuthenticationProvider(WebSecurityConfig.java:49) ~[classes/:na]
	at com.athentication.oauth2.security.WebSecurityConfig.keycloakAuthenticationProvider(WebSecurityConfig.java:49) ~[classes/:na]
	at com.athentication.oauth2.security.WebSecurityConfig.keycloakAuthenticationProvider(WebSecurityConfig.java:49) ~[classes/:na]
	at com.athentication.oauth2.security.WebSecurityConfig.keycloakAuthenticationProvider(WebSecurityConfig.java:49) ~[classes/:na]
	at com.athentication.oauth2.security.WebSecurityConfig.keycloakAuthenticationProvider(WebSecurityConfig.java:49) ~[classes/:na]
	at com.athentication.oauth2.security.WebSecurityConfig.keycloakAuthenticationProvider(WebSecurityConfig.java:49) ~[classes/:na]
	at com.athentication.oauth2.security.WebSecurityConfig.keycloakAuthenticationProvider(WebSecurityConfig.java:49) ~[classes/:na]
	at com.athentication.oauth2.security.WebSecurityConfig.keycloakAuthenticationProvider(WebSecurityConfig.java:49) ~[classes/:na]
	at com.athentication.oauth2.security.WebSecurityConfig.keycloakAuthenticationProvider(WebSecurityConfig.java:49) ~[classes/:na]
	at com.athentication.oauth2.security.WebSecurityConfig.keycloakAuthenticationProvider(WebSecurityConfig.java:49) ~[classes/:na]
	at com.athentication.oauth2.security.WebSecurityConfig.keycloakAuthenticationProvider(WebSecurityConfig.java:49) ~[classes/:na]
	at com.athentication.oauth2.security.WebSecurityConfig.keycloakAuthenticationProvider(WebSecurityConfig.java:49) ~[classes/:na]
	at com.athentication.oauth2.security.WebSecurityConfig.keycloakAuthenticationProvider(WebSecurityConfig.java:49) ~[classes/:na]
	at com.athentication.oauth2.security.WebSecurityConfig.keycloakAuthenticationProvider(WebSecurityConfig.java:49) ~[classes/:na]
	at com.athentication.oauth2.security.WebSecurityConfig.keycloakAuthenticationProvider(WebSecurityConfig.java:49) ~[classes/:na]
	at com.athentication.oauth2.security.WebSecurityConfig.keycloakAuthenticationProvider(WebSecurityConfig.java:49) ~[classes/:na]
	at com.athentication.oauth2.security.WebSecurityConfig.keycloakAuthenticationProvider(WebSecurityConfig.java:49) ~[classes/:na]
	at com.athentication.oauth2.security.WebSecurityConfig.keycloakAuthenticationProvider(WebSecurityConfig.java:49) ~[classes/:na]
	at com.athentication.oauth2.security.WebSecurityConfig.keycloakAuthenticationProvider(WebSecurityConfig.java:49) ~[classes/:na]
	at com.athentication.oauth2.security.WebSecurityConfig.keycloakAuthenticationProvider(WebSecurityConfig.java:49) ~[classes/:na]
	at com.athentication.oauth2.security.WebSecurityConfig.keycloakAuthenticationProvider(WebSecurityConfig.java:49) ~[classes/:na]
	at com.athentication.oauth2.security.WebSecurityConfig.keycloakAuthenticationProvider(WebSecurityConfig.java:49) ~[classes/:na]
	at com.athentication.oauth2.security.WebSecurityConfig.keycloakAuthenticationProvider(WebSecurityConfig.java:49) ~[classes/:na]
	at com.athentication.oauth2.security.WebSecurityConfig.keycloakAuthenticationProvider(WebSecurityConfig.java:49) ~[classes/:na]
	at com.athentication.oauth2.security.WebSecurityConfig.keycloakAuthenticationProvider(WebSecurityConfig.java:49) ~[classes/:na]
	at com.athentication.oauth2.security.WebSecurityConfig.keycloakAuthenticationProvider(WebSecurityConfig.java:49) ~[classes/:na]
	at com.athentication.oauth2.security.WebSecurityConfig.keycloakAuthenticationProvider(WebSecurityConfig.java:49) ~[classes/:na]
	at com.athentication.oauth2.security.WebSecurityConfig.keycloakAuthenticationProvider(WebSecurityConfig.java:49) ~[classes/:na]
	at com.athentication.oauth2.security.WebSecurityConfig.keycloakAuthenticationProvider(WebSecurityConfig.java:49) ~[classes/:na]
	at com.athentication.oauth2.security.WebSecurityConfig.keycloakAuthenticationProvider(WebSecurityConfig.java:49) ~[classes/:na]
	at com.athentication.oauth2.security.WebSecurityConfig.keycloakAuthenticationProvider(WebSecurityConfig.java:49) ~[classes/:na]
	at com.athentication.oauth2.security.WebSecurityConfig.keycloakAuthenticationProvider(WebSecurityConfig.java:49) ~[classes/:na]
	at com.athentication.oauth2.security.WebSecurityConfig.keycloakAuthenticationProvider(WebSecurityConfig.java:49) ~[classes/:na]
	at com.athentication.oauth2.security.WebSecurityConfig.keycloakAuthenticationProvider(WebSecurityConfig.java:49) ~[classes/:na]
	at com.athentication.oauth2.security.WebSecurityConfig.keycloakAuthenticationProvider(WebSecurityConfig.java:49) ~[classes/:na]
	at com.athentication.oauth2.security.WebSecurityConfig.keycloakAuthenticationProvider(WebSecurityConfig.java:49) ~[classes/:na]
	at com.athentication.oauth2.security.WebSecurityConfig.keycloakAuthenticationProvider(WebSecurityConfig.java:49) ~[classes/:na]
	at com.athentication.oauth2.security.WebSecurityConfig.keycloakAuthenticationProvider(WebSecurityConfig.java:49) ~[classes/:na]
	at com.athentication.oauth2.security.WebSecurityConfig.keycloakAuthenticationProvider(WebSecurityConfig.java:49) ~[classes/:na]
	at com.athentication.oauth2.security.WebSecurityConfig.keycloakAuthenticationProvider(WebSecurityConfig.java:49) ~[classes/:na]
	at com.athentication.oauth2.security.WebSecurityConfig.keycloakAuthenticationProvider(WebSecurityConfig.java:49) ~[classes/:na]
	at com.athentication.oauth2.security.WebSecurityConfig.keycloakAuthenticationProvider(WebSecurityConfig.java:49) ~[classes/:na]
	at com.athentication.oauth2.security.WebSecurityConfig.keycloakAuthenticationProvider(WebSecurityConfig.java:49) ~[classes/:na]
	at com.athentication.oauth2.security.WebSecurityConfig.keycloakAuthenticationProvider(WebSecurityConfig.java:49) ~[classes/:na]
	at com.athentication.oauth2.security.WebSecurityConfig.keycloakAuthenticationProvider(WebSecurityConfig.java:49) ~[classes/:na]
	at com.athentication.oauth2.security.WebSecurityConfig.keycloakAuthenticationProvider(WebSecurityConfig.java:49) ~[classes/:na]
	at com.athentication.oauth2.security.WebSecurityConfig.keycloakAuthenticationProvider(WebSecurityConfig.java:49) ~[classes/:na]
	at com.athentication.oauth2.security.WebSecurityConfig.keycloakAuthenticationProvider(WebSecurityConfig.java:49) ~[classes/:na]
	at com.athentication.oauth2.security.WebSecurityConfig.keycloakAuthenticationProvider(WebSecurityConfig.java:49) ~[classes/:na]
	at com.athentication.oauth2.security.WebSecurityConfig.keycloakAuthenticationProvider(WebSecurityConfig.java:49) ~[classes/:na]
	at com.athentication.oauth2.security.WebSecurityConfig.keycloakAuthenticationProvider(WebSecurityConfig.java:49) ~[classes/:na]
	at com.athentication.oauth2.security.WebSecurityConfig.keycloakAuthenticationProvider(WebSecurityConfig.java:49) ~[classes/:na]
	at com.athentication.oauth2.security.WebSecurityConfig.keycloakAuthenticationProvider(WebSecurityConfig.java:49) ~[classes/:na]
	at com.athentication.oauth2.security.WebSecurityConfig.keycloakAuthenticationProvider(WebSecurityConfig.java:49) ~[classes/:na]
	at com.athentication.oauth2.security.WebSecurityConfig.keycloakAuthenticationProvider(WebSecurityConfig.java:49) ~[classes/:na]
	at com.athentication.oauth2.security.WebSecurityConfig.keycloakAuthenticationProvider(WebSecurityConfig.java:49) ~[classes/:na]
	at com.athentication.oauth2.security.WebSecurityConfig.keycloakAuthenticationProvider(WebSecurityConfig.java:49) ~[classes/:na]
	at com.athentication.oauth2.security.WebSecurityConfig.keycloakAuthenticationProvider(WebSecurityConfig.java:49) ~[classes/:na]
	at com.athentication.oauth2.security.WebSecurityConfig.keycloakAuthenticationProvider(WebSecurityConfig.java:49) ~[classes/:na]
	at com.athentication.oauth2.security.WebSecurityConfig.keycloakAuthenticationProvider(WebSecurityConfig.java:49) ~[classes/:na]
	at com.athentication.oauth2.security.WebSecurityConfig.keycloakAuthenticationProvider(WebSecurityConfig.java:49) ~[classes/:na]
	at com.athentication.oauth2.security.WebSecurityConfig.keycloakAuthenticationProvider(WebSecurityConfig.java:49) ~[classes/:na]
	at com.athentication.oauth2.security.WebSecurityConfig.keycloakAuthenticationProvider(WebSecurityConfig.java:49) ~[classes/:na]
	at com.athentication.oauth2.security.WebSecurityConfig.keycloakAuthenticationProvider(WebSecurityConfig.java:49) ~[classes/:na]
	at com.athentication.oauth2.security.WebSecurityConfig.keycloakAuthenticationProvider(WebSecurityConfig.java:49) ~[classes/:na]
	at com.athentication.oauth2.security.WebSecurityConfig.keycloakAuthenticationProvider(WebSecurityConfig.java:49) ~[classes/:na]
	at com.athentication.oauth2.security.WebSecurityConfig.keycloakAuthenticationProvider(WebSecurityConfig.java:49) ~[classes/:na]
	at com.athentication.oauth2.security.WebSecurityConfig.keycloakAuthenticationProvider(WebSecurityConfig.java:49) ~[classes/:na]
	at com.athentication.oauth2.security.WebSecurityConfig.keycloakAuthenticationProvider(WebSecurityConfig.java:49) ~[classes/:na]
	at com.athentication.oauth2.security.WebSecurityConfig.keycloakAuthenticationProvider(WebSecurityConfig.java:49) ~[classes/:na]
	at com.athentication.oauth2.security.WebSecurityConfig.keycloakAuthenticationProvider(WebSecurityConfig.java:49) ~[classes/:na]
	at com.athentication.oauth2.security.WebSecurityConfig.keycloakAuthenticationProvider(WebSecurityConfig.java:49) ~[classes/:na]
	at com.athentication.oauth2.security.WebSecurityConfig.keycloakAuthenticationProvider(WebSecurityConfig.java:49) ~[classes/:na]
	at com.athentication.oauth2.security.WebSecurityConfig.keycloakAuthenticationProvider(WebSecurityConfig.java:49) ~[classes/:na]
	at com.athentication.oauth2.security.WebSecurityConfig.keycloakAuthenticationProvider(WebSecurityConfig.java:49) ~[classes/:na]
	at com.athentication.oauth2.security.WebSecurityConfig.keycloakAuthenticationProvider(WebSecurityConfig.java:49) ~[classes/:na]
	at com.athentication.oauth2.security.WebSecurityConfig.keycloakAuthenticationProvider(WebSecurityConfig.java:49) ~[classes/:na]
	at com.athentication.oauth2.security.WebSecurityConfig.keycloakAuthenticationProvider(WebSecurityConfig.java:49) ~[classes/:na]
	at com.athentication.oauth2.security.WebSecurityConfig.keycloakAuthenticationProvider(WebSecurityConfig.java:49) ~[classes/:na]
	at com.athentication.oauth2.security.WebSecurityConfig.keycloakAuthenticationProvider(WebSecurityConfig.java:49) ~[classes/:na]
	at com.athentication.oauth2.security.WebSecurityConfig.keycloakAuthenticationProvider(WebSecurityConfig.java:49) ~[classes/:na]
	at com.athentication.oauth2.security.WebSecurityConfig.keycloakAuthenticationProvider(WebSecurityConfig.java:49) ~[classes/:na]
	at com.athentication.oauth2.security.WebSecurityConfig.keycloakAuthenticationProvider(WebSecurityConfig.java:49) ~[classes/:na]
	at com.athentication.oauth2.security.WebSecurityConfig.keycloakAuthenticationProvider(WebSecurityConfig.java:49) ~[classes/:na]
	at com.athentication.oauth2.security.WebSecurityConfig.keycloakAuthenticationProvider(WebSecurityConfig.java:49) ~[classes/:na]
	at com.athentication.oauth2.security.WebSecurityConfig.keycloakAuthenticationProvider(WebSecurityConfig.java:49) ~[classes/:na]
	at com.athentication.oauth2.security.WebSecurityConfig.keycloakAuthenticationProvider(WebSecurityConfig.java:49) ~[classes/:na]
	at com.athentication.oauth2.security.WebSecurityConfig.keycloakAuthenticationProvider(WebSecurityConfig.java:49) ~[classes/:na]
	at com.athentication.oauth2.security.WebSecurityConfig.keycloakAuthenticationProvider(WebSecurityConfig.java:49) ~[classes/:na]
	at com.athentication.oauth2.security.WebSecurityConfig.keycloakAuthenticationProvider(WebSecurityConfig.java:49) ~[classes/:na]
	at com.athentication.oauth2.security.WebSecurityConfig.keycloakAuthenticationProvider(WebSecurityConfig.java:49) ~[classes/:na]
	at com.athentication.oauth2.security.WebSecurityConfig.keycloakAuthenticationProvider(WebSecurityConfig.java:49) ~[classes/:na]
	at com.athentication.oauth2.security.WebSecurityConfig.keycloakAuthenticationProvider(WebSecurityConfig.java:49) ~[classes/:na]
	at com.athentication.oauth2.security.WebSecurityConfig.keycloakAuthenticationProvider(WebSecurityConfig.java:49) ~[classes/:na]
	at com.athentication.oauth2.security.WebSecurityConfig.keycloakAuthenticationProvider(WebSecurityConfig.java:49) ~[classes/:na]
	at com.athentication.oauth2.security.WebSecurityConfig.keycloakAuthenticationProvider(WebSecurityConfig.java:49) ~[classes/:na]
	at com.athentication.oauth2.security.WebSecurityConfig.keycloakAuthenticationProvider(WebSecurityConfig.java:49) ~[classes/:na]
	at com.athentication.oauth2.security.WebSecurityConfig.keycloakAuthenticationProvider(WebSecurityConfig.java:49) ~[classes/:na]
	at com.athentication.oauth2.security.WebSecurityConfig.keycloakAuthenticationProvider(WebSecurityConfig.java:49) ~[classes/:na]
	at com.athentication.oauth2.security.WebSecurityConfig.keycloakAuthenticationProvider(WebSecurityConfig.java:49) ~[classes/:na]
	at com.athentication.oauth2.security.WebSecurityConfig.keycloakAuthenticationProvider(WebSecurityConfig.java:49) ~[classes/:na]
	at com.athentication.oauth2.security.WebSecurityConfig.keycloakAuthenticationProvider(WebSecurityConfig.java:49) ~[classes/:na]
	at com.athentication.oauth2.security.WebSecurityConfig.keycloakAuthenticationProvider(WebSecurityConfig.java:49) ~[classes/:na]
	at com.athentication.oauth2.security.WebSecurityConfig.keycloakAuthenticationProvider(WebSecurityConfig.java:49) ~[classes/:na]
	at com.athentication.oauth2.security.WebSecurityConfig.keycloakAuthenticationProvider(WebSecurityConfig.java:49) ~[classes/:na]
	at com.athentication.oauth2.security.WebSecurityConfig.keycloakAuthenticationProvider(WebSecurityConfig.java:49) ~[classes/:na]
	at com.athentication.oauth2.security.WebSecurityConfig.keycloakAuthenticationProvider(WebSecurityConfig.java:49) ~[classes/:na]
	at com.athentication.oauth2.security.WebSecurityConfig.keycloakAuthenticationProvider(WebSecurityConfig.java:49) ~[classes/:na]
	at com.athentication.oauth2.security.WebSecurityConfig.keycloakAuthenticationProvider(WebSecurityConfig.java:49) ~[classes/:na]
	at com.athentication.oauth2.security.WebSecurityConfig.keycloakAuthenticationProvider(WebSecurityConfig.java:49) ~[classes/:na]
	at com.athentication.oauth2.security.WebSecurityConfig.keycloakAuthenticationProvider(WebSecurityConfig.java:49) ~[classes/:na]
	at com.athentication.oauth2.security.WebSecurityConfig.keycloakAuthenticationProvider(WebSecurityConfig.java:49) ~[classes/:na]
	at com.athentication.oauth2.security.WebSecurityConfig.keycloakAuthenticationProvider(WebSecurityConfig.java:49) ~[classes/:na]
	at com.athentication.oauth2.security.WebSecurityConfig.keycloakAuthenticationProvider(WebSecurityConfig.java:49) ~[classes/:na]
	at com.athentication.oauth2.security.WebSecurityConfig.keycloakAuthenticationProvider(WebSecurityConfig.java:49) ~[classes/:na]
	at com.athentication.oauth2.security.WebSecurityConfig.keycloakAuthenticationProvider(WebSecurityConfig.java:49) ~[classes/:na]
	at com.athentication.oauth2.security.WebSecurityConfig.keycloakAuthenticationProvider(WebSecurityConfig.java:49) ~[classes/:na]
	at com.athentication.oauth2.security.WebSecurityConfig.keycloakAuthenticationProvider(WebSecurityConfig.java:49) ~[classes/:na]
	at com.athentication.oauth2.security.WebSecurityConfig.keycloakAuthenticationProvider(WebSecurityConfig.java:49) ~[classes/:na]
	at com.athentication.oauth2.security.WebSecurityConfig.keycloakAuthenticationProvider(WebSecurityConfig.java:49) ~[classes/:na]
	at com.athentication.oauth2.security.WebSecurityConfig.keycloakAuthenticationProvider(WebSecurityConfig.java:49) ~[classes/:na]
	at com.athentication.oauth2.security.WebSecurityConfig.keycloakAuthenticationProvider(WebSecurityConfig.java:49) ~[classes/:na]
	at com.athentication.oauth2.security.WebSecurityConfig.keycloakAuthenticationProvider(WebSecurityConfig.java:49) ~[classes/:na]
	at com.athentication.oauth2.security.WebSecurityConfig.keycloakAuthenticationProvider(WebSecurityConfig.java:49) ~[classes/:na]
	at com.athentication.oauth2.security.WebSecurityConfig.keycloakAuthenticationProvider(WebSecurityConfig.java:49) ~[classes/:na]
	at com.athentication.oauth2.security.WebSecurityConfig.keycloakAuthenticationProvider(WebSecurityConfig.java:49) ~[classes/:na]
	at com.athentication.oauth2.security.WebSecurityConfig.keycloakAuthenticationProvider(WebSecurityConfig.java:49) ~[classes/:na]
	at com.athentication.oauth2.security.WebSecurityConfig.keycloakAuthenticationProvider(WebSecurityConfig.java:49) ~[classes/:na]
	at com.athentication.oauth2.security.WebSecurityConfig.keycloakAuthenticationProvider(WebSecurityConfig.java:49) ~[classes/:na]
	at com.athentication.oauth2.security.WebSecurityConfig.keycloakAuthenticationProvider(WebSecurityConfig.java:49) ~[classes/:na]
	at com.athentication.oauth2.security.WebSecurityConfig.keycloakAuthenticationProvider(WebSecurityConfig.java:49) ~[classes/:na]
	at com.athentication.oauth2.security.WebSecurityConfig.keycloakAuthenticationProvider(WebSecurityConfig.java:49) ~[classes/:na]
	at com.athentication.oauth2.security.WebSecurityConfig.keycloakAuthenticationProvider(WebSecurityConfig.java:49) ~[classes/:na]
	at com.athentication.oauth2.security.WebSecurityConfig.keycloakAuthenticationProvider(WebSecurityConfig.java:49) ~[classes/:na]
	at com.athentication.oauth2.security.WebSecurityConfig.keycloakAuthenticationProvider(WebSecurityConfig.java:49) ~[classes/:na]
	at com.athentication.oauth2.security.WebSecurityConfig.keycloakAuthenticationProvider(WebSecurityConfig.java:49) ~[classes/:na]
	at com.athentication.oauth2.security.WebSecurityConfig.keycloakAuthenticationProvider(WebSecurityConfig.java:49) ~[classes/:na]
	at com.athentication.oauth2.security.WebSecurityConfig.keycloakAuthenticationProvider(WebSecurityConfig.java:49) ~[classes/:na]
	at com.athentication.oauth2.security.WebSecurityConfig.keycloakAuthenticationProvider(WebSecurityConfig.java:49) ~[classes/:na]
	at com.athentication.oauth2.security.WebSecurityConfig.keycloakAuthenticationProvider(WebSecurityConfig.java:49) ~[classes/:na]
	at com.athentication.oauth2.security.WebSecurityConfig.keycloakAuthenticationProvider(WebSecurityConfig.java:49) ~[classes/:na]
	at com.athentication.oauth2.security.WebSecurityConfig.keycloakAuthenticationProvider(WebSecurityConfig.java:49) ~[classes/:na]
	at com.athentication.oauth2.security.WebSecurityConfig.keycloakAuthenticationProvider(WebSecurityConfig.java:49) ~[classes/:na]
	at com.athentication.oauth2.security.WebSecurityConfig.keycloakAuthenticationProvider(WebSecurityConfig.java:49) ~[classes/:na]
	at com.athentication.oauth2.security.WebSecurityConfig.keycloakAuthenticationProvider(WebSecurityConfig.java:49) ~[classes/:na]
	at com.athentication.oauth2.security.WebSecurityConfig.keycloakAuthenticationProvider(WebSecurityConfig.java:49) ~[classes/:na]
	at com.athentication.oauth2.security.WebSecurityConfig.keycloakAuthenticationProvider(WebSecurityConfig.java:49) ~[classes/:na]
	at com.athentication.oauth2.security.WebSecurityConfig.keycloakAuthenticationProvider(WebSecurityConfig.java:49) ~[classes/:na]
	at com.athentication.oauth2.security.WebSecurityConfig.keycloakAuthenticationProvider(WebSecurityConfig.java:49) ~[classes/:na]
	at com.athentication.oauth2.security.WebSecurityConfig.keycloakAuthenticationProvider(WebSecurityConfig.java:49) ~[classes/:na]
	at com.athentication.oauth2.security.WebSecurityConfig.keycloakAuthenticationProvider(WebSecurityConfig.java:49) ~[classes/:na]
	at com.athentication.oauth2.security.WebSecurityConfig.keycloakAuthenticationProvider(WebSecurityConfig.java:49) ~[classes/:na]
	at com.athentication.oauth2.security.WebSecurityConfig.keycloakAuthenticationProvider(WebSecurityConfig.java:49) ~[classes/:na]
	at com.athentication.oauth2.security.WebSecurityConfig.keycloakAuthenticationProvider(WebSecurityConfig.java:49) ~[classes/:na]
	at com.athentication.oauth2.security.WebSecurityConfig.keycloakAuthenticationProvider(WebSecurityConfig.java:49) ~[classes/:na]
	at com.athentication.oauth2.security.WebSecurityConfig.keycloakAuthenticationProvider(WebSecurityConfig.java:49) ~[classes/:na]
	at com.athentication.oauth2.security.WebSecurityConfig.keycloakAuthenticationProvider(WebSecurityConfig.java:49) ~[classes/:na]
	at com.athentication.oauth2.security.WebSecurityConfig.keycloakAuthenticationProvider(WebSecurityConfig.java:49) ~[classes/:na]
	at com.athentication.oauth2.security.WebSecurityConfig.keycloakAuthenticationProvider(WebSecurityConfig.java:49) ~[classes/:na]
	at com.athentication.oauth2.security.WebSecurityConfig.keycloakAuthenticationProvider(WebSecurityConfig.java:49) ~[classes/:na]
	at com.athentication.oauth2.security.WebSecurityConfig.keycloakAuthenticationProvider(WebSecurityConfig.java:49) ~[classes/:na]
	at com.athentication.oauth2.security.WebSecurityConfig.keycloakAuthenticationProvider(WebSecurityConfig.java:49) ~[classes/:na]
	at com.athentication.oauth2.security.WebSecurityConfig.keycloakAuthenticationProvider(WebSecurityConfig.java:49) ~[classes/:na]
	at com.athentication.oauth2.security.WebSecurityConfig.keycloakAuthenticationProvider(WebSecurityConfig.java:49) ~[classes/:na]
	at com.athentication.oauth2.security.WebSecurityConfig.keycloakAuthenticationProvider(WebSecurityConfig.java:49) ~[classes/:na]
	at com.athentication.oauth2.security.WebSecurityConfig.keycloakAuthenticationProvider(WebSecurityConfig.java:49) ~[classes/:na]
	at com.athentication.oauth2.security.WebSecurityConfig.keycloakAuthenticationProvider(WebSecurityConfig.java:49) ~[classes/:na]
	at com.athentication.oauth2.security.WebSecurityConfig.keycloakAuthenticationProvider(WebSecurityConfig.java:49) ~[classes/:na]
	at com.athentication.oauth2.security.WebSecurityConfig.keycloakAuthenticationProvider(WebSecurityConfig.java:49) ~[classes/:na]
	at com.athentication.oauth2.security.WebSecurityConfig.keycloakAuthenticationProvider(WebSecurityConfig.java:49) ~[classes/:na]
	at com.athentication.oauth2.security.WebSecurityConfig.keycloakAuthenticationProvider(WebSecurityConfig.java:49) ~[classes/:na]
	at com.athentication.oauth2.security.WebSecurityConfig.keycloakAuthenticationProvider(WebSecurityConfig.java:49) ~[classes/:na]
	at com.athentication.oauth2.security.WebSecurityConfig.keycloakAuthenticationProvider(WebSecurityConfig.java:49) ~[classes/:na]
	at com.athentication.oauth2.security.WebSecurityConfig.keycloakAuthenticationProvider(WebSecurityConfig.java:49) ~[classes/:na]
	at com.athentication.oauth2.security.WebSecurityConfig.keycloakAuthenticationProvider(WebSecurityConfig.java:49) ~[classes/:na]
	at com.athentication.oauth2.security.WebSecurityConfig.keycloakAuthenticationProvider(WebSecurityConfig.java:49) ~[classes/:na]
	at com.athentication.oauth2.security.WebSecurityConfig.keycloakAuthenticationProvider(WebSecurityConfig.java:49) ~[classes/:na]
	at com.athentication.oauth2.security.WebSecurityConfig.keycloakAuthenticationProvider(WebSecurityConfig.java:49) ~[classes/:na]
	at com.athentication.oauth2.security.WebSecurityConfig.keycloakAuthenticationProvider(WebSecurityConfig.java:49) ~[classes/:na]
	at com.athentication.oauth2.security.WebSecurityConfig.keycloakAuthenticationProvider(WebSecurityConfig.java:49) ~[classes/:na]
	at com.athentication.oauth2.security.WebSecurityConfig.keycloakAuthenticationProvider(WebSecurityConfig.java:49) ~[classes/:na]
	at com.athentication.oauth2.security.WebSecurityConfig.keycloakAuthenticationProvider(WebSecurityConfig.java:49) ~[classes/:na]
	at com.athentication.oauth2.security.WebSecurityConfig.keycloakAuthenticationProvider(WebSecurityConfig.java:49) ~[classes/:na]
	at com.athentication.oauth2.security.WebSecurityConfig.keycloakAuthenticationProvider(WebSecurityConfig.java:49) ~[classes/:na]
	at com.athentication.oauth2.security.WebSecurityConfig.keycloakAuthenticationProvider(WebSecurityConfig.java:49) ~[classes/:na]
	at com.athentication.oauth2.security.WebSecurityConfig.keycloakAuthenticationProvider(WebSecurityConfig.java:49) ~[classes/:na]
	at com.athentication.oauth2.security.WebSecurityConfig.keycloakAuthenticationProvider(WebSecurityConfig.java:49) ~[classes/:na]
	at com.athentication.oauth2.security.WebSecurityConfig.keycloakAuthenticationProvider(WebSecurityConfig.java:49) ~[classes/:na]
	at com.athentication.oauth2.security.WebSecurityConfig.keycloakAuthenticationProvider(WebSecurityConfig.java:49) ~[classes/:na]
	at com.athentication.oauth2.security.WebSecurityConfig.keycloakAuthenticationProvider(WebSecurityConfig.java:49) ~[classes/:na]
	at com.athentication.oauth2.security.WebSecurityConfig.keycloakAuthenticationProvider(WebSecurityConfig.java:49) ~[classes/:na]
	at com.athentication.oauth2.security.WebSecurityConfig.keycloakAuthenticationProvider(WebSecurityConfig.java:49) ~[classes/:na]
	at com.athentication.oauth2.security.WebSecurityConfig.keycloakAuthenticationProvider(WebSecurityConfig.java:49) ~[classes/:na]
	at com.athentication.oauth2.security.WebSecurityConfig.keycloakAuthenticationProvider(WebSecurityConfig.java:49) ~[classes/:na]
	at com.athentication.oauth2.security.WebSecurityConfig.keycloakAuthenticationProvider(WebSecurityConfig.java:49) ~[classes/:na]
	at com.athentication.oauth2.security.WebSecurityConfig.keycloakAuthenticationProvider(WebSecurityConfig.java:49) ~[classes/:na]
	at com.athentication.oauth2.security.WebSecurityConfig.keycloakAuthenticationProvider(WebSecurityConfig.java:49) ~[classes/:na]
	at com.athentication.oauth2.security.WebSecurityConfig.keycloakAuthenticationProvider(WebSecurityConfig.java:49) ~[classes/:na]
	at com.athentication.oauth2.security.WebSecurityConfig.keycloakAuthenticationProvider(WebSecurityConfig.java:49) ~[classes/:na]
	at com.athentication.oauth2.security.WebSecurityConfig.keycloakAuthenticationProvider(WebSecurityConfig.java:49) ~[classes/:na]
	at com.athentication.oauth2.security.WebSecurityConfig.keycloakAuthenticationProvider(WebSecurityConfig.java:49) ~[classes/:na]
	at com.athentication.oauth2.security.WebSecurityConfig.keycloakAuthenticationProvider(WebSecurityConfig.java:49) ~[classes/:na]
	at com.athentication.oauth2.security.WebSecurityConfig.keycloakAuthenticationProvider(WebSecurityConfig.java:49) ~[classes/:na]
	at com.athentication.oauth2.security.WebSecurityConfig.keycloakAuthenticationProvider(WebSecurityConfig.java:49) ~[classes/:na]
	at com.athentication.oauth2.security.WebSecurityConfig.keycloakAuthenticationProvider(WebSecurityConfig.java:49) ~[classes/:na]
	at com.athentication.oauth2.security.WebSecurityConfig.keycloakAuthenticationProvider(WebSecurityConfig.java:49) ~[classes/:na]
	at com.athentication.oauth2.security.WebSecurityConfig.keycloakAuthenticationProvider(WebSecurityConfig.java:49) ~[classes/:na]
	at com.athentication.oauth2.security.WebSecurityConfig.keycloakAuthenticationProvider(WebSecurityConfig.java:49) ~[classes/:na]
	at com.athentication.oauth2.security.WebSecurityConfig.keycloakAuthenticationProvider(WebSecurityConfig.java:49) ~[classes/:na]
	at com.athentication.oauth2.security.WebSecurityConfig.keycloakAuthenticationProvider(WebSecurityConfig.java:49) ~[classes/:na]
	at com.athentication.oauth2.security.WebSecurityConfig.keycloakAuthenticationProvider(WebSecurityConfig.java:49) ~[classes/:na]
	at com.athentication.oauth2.security.WebSecurityConfig.keycloakAuthenticationProvider(WebSecurityConfig.java:49) ~[classes/:na]
	at com.athentication.oauth2.security.WebSecurityConfig.keycloakAuthenticationProvider(WebSecurityConfig.java:49) ~[classes/:na]
	at com.athentication.oauth2.security.WebSecurityConfig.keycloakAuthenticationProvider(WebSecurityConfig.java:49) ~[classes/:na]
	at com.athentication.oauth2.security.WebSecurityConfig.keycloakAuthenticationProvider(WebSecurityConfig.java:49) ~[classes/:na]
	at com.athentication.oauth2.security.WebSecurityConfig.keycloakAuthenticationProvider(WebSecurityConfig.java:49) ~[classes/:na]
	at com.athentication.oauth2.security.WebSecurityConfig.keycloakAuthenticationProvider(WebSecurityConfig.java:49) ~[classes/:na]
	at com.athentication.oauth2.security.WebSecurityConfig.keycloakAuthenticationProvider(WebSecurityConfig.java:49) ~[classes/:na]
	at com.athentication.oauth2.security.WebSecurityConfig.keycloakAuthenticationProvider(WebSecurityConfig.java:49) ~[classes/:na]
	at com.athentication.oauth2.security.WebSecurityConfig.keycloakAuthenticationProvider(WebSecurityConfig.java:49) ~[classes/:na]
	at com.athentication.oauth2.security.WebSecurityConfig.keycloakAuthenticationProvider(WebSecurityConfig.java:49) ~[classes/:na]
	at com.athentication.oauth2.security.WebSecurityConfig.keycloakAuthenticationProvider(WebSecurityConfig.java:49) ~[classes/:na]
	at com.athentication.oauth2.security.WebSecurityConfig.keycloakAuthenticationProvider(WebSecurityConfig.java:49) ~[classes/:na]
	at com.athentication.oauth2.security.WebSecurityConfig.keycloakAuthenticationProvider(WebSecurityConfig.java:49) ~[classes/:na]
	at com.athentication.oauth2.security.WebSecurityConfig.keycloakAuthenticationProvider(WebSecurityConfig.java:49) ~[classes/:na]
	at com.athentication.oauth2.security.WebSecurityConfig.keycloakAuthenticationProvider(WebSecurityConfig.java:49) ~[classes/:na]
	at com.athentication.oauth2.security.WebSecurityConfig.keycloakAuthenticationProvider(WebSecurityConfig.java:49) ~[classes/:na]
	at com.athentication.oauth2.security.WebSecurityConfig.keycloakAuthenticationProvider(WebSecurityConfig.java:49) ~[classes/:na]
	at com.athentication.oauth2.security.WebSecurityConfig.keycloakAuthenticationProvider(WebSecurityConfig.java:49) ~[classes/:na]
	at com.athentication.oauth2.security.WebSecurityConfig.keycloakAuthenticationProvider(WebSecurityConfig.java:49) ~[classes/:na]
	at com.athentication.oauth2.security.WebSecurityConfig.keycloakAuthenticationProvider(WebSecurityConfig.java:49) ~[classes/:na]
	at com.athentication.oauth2.security.WebSecurityConfig.keycloakAuthenticationProvider(WebSecurityConfig.java:49) ~[classes/:na]
	at com.athentication.oauth2.security.WebSecurityConfig.keycloakAuthenticationProvider(WebSecurityConfig.java:49) ~[classes/:na]
	at com.athentication.oauth2.security.WebSecurityConfig.keycloakAuthenticationProvider(WebSecurityConfig.java:49) ~[classes/:na]
	at com.athentication.oauth2.security.WebSecurityConfig.keycloakAuthenticationProvider(WebSecurityConfig.java:49) ~[classes/:na]
	at com.athentication.oauth2.security.WebSecurityConfig.keycloakAuthenticationProvider(WebSecurityConfig.java:49) ~[classes/:na]
	at com.athentication.oauth2.security.WebSecurityConfig.keycloakAuthenticationProvider(WebSecurityConfig.java:49) ~[classes/:na]
	at com.athentication.oauth2.security.WebSecurityConfig.keycloakAuthenticationProvider(WebSecurityConfig.java:49) ~[classes/:na]
	at com.athentication.oauth2.security.WebSecurityConfig.keycloakAuthenticationProvider(WebSecurityConfig.java:49) ~[classes/:na]
	at com.athentication.oauth2.security.WebSecurityConfig.keycloakAuthenticationProvider(WebSecurityConfig.java:49) ~[classes/:na]
	at com.athentication.oauth2.security.WebSecurityConfig.keycloakAuthenticationProvider(WebSecurityConfig.java:49) ~[classes/:na]
	at com.athentication.oauth2.security.WebSecurityConfig.keycloakAuthenticationProvider(WebSecurityConfig.java:49) ~[classes/:na]
	at com.athentication.oauth2.security.WebSecurityConfig.keycloakAuthenticationProvider(WebSecurityConfig.java:49) ~[classes/:na]
	at com.athentication.oauth2.security.WebSecurityConfig.keycloakAuthenticationProvider(WebSecurityConfig.java:49) ~[classes/:na]
	at com.athentication.oauth2.security.WebSecurityConfig.keycloakAuthenticationProvider(WebSecurityConfig.java:49) ~[classes/:na]
	at com.athentication.oauth2.security.WebSecurityConfig.keycloakAuthenticationProvider(WebSecurityConfig.java:49) ~[classes/:na]
	at com.athentication.oauth2.security.WebSecurityConfig.keycloakAuthenticationProvider(WebSecurityConfig.java:49) ~[classes/:na]
	at com.athentication.oauth2.security.WebSecurityConfig.keycloakAuthenticationProvider(WebSecurityConfig.java:49) ~[classes/:na]
	at com.athentication.oauth2.security.WebSecurityConfig.keycloakAuthenticationProvider(WebSecurityConfig.java:49) ~[classes/:na]
	at com.athentication.oauth2.security.WebSecurityConfig.keycloakAuthenticationProvider(WebSecurityConfig.java:49) ~[classes/:na]
	at com.athentication.oauth2.security.WebSecurityConfig.keycloakAuthenticationProvider(WebSecurityConfig.java:49) ~[classes/:na]
	at com.athentication.oauth2.security.WebSecurityConfig.keycloakAuthenticationProvider(WebSecurityConfig.java:49) ~[classes/:na]
	at com.athentication.oauth2.security.WebSecurityConfig.keycloakAuthenticationProvider(WebSecurityConfig.java:49) ~[classes/:na]
	at com.athentication.oauth2.security.WebSecurityConfig.keycloakAuthenticationProvider(WebSecurityConfig.java:49) ~[classes/:na]
	at com.athentication.oauth2.security.WebSecurityConfig.keycloakAuthenticationProvider(WebSecurityConfig.java:49) ~[classes/:na]
	at com.athentication.oauth2.security.WebSecurityConfig.keycloakAuthenticationProvider(WebSecurityConfig.java:49) ~[classes/:na]
	at com.athentication.oauth2.security.WebSecurityConfig.keycloakAuthenticationProvider(WebSecurityConfig.java:49) ~[classes/:na]
	at com.athentication.oauth2.security.WebSecurityConfig.keycloakAuthenticationProvider(WebSecurityConfig.java:49) ~[classes/:na]
	at com.athentication.oauth2.security.WebSecurityConfig.keycloakAuthenticationProvider(WebSecurityConfig.java:49) ~[classes/:na]
	at com.athentication.oauth2.security.WebSecurityConfig.keycloakAuthenticationProvider(WebSecurityConfig.java:49) ~[classes/:na]
	at com.athentication.oauth2.security.WebSecurityConfig.keycloakAuthenticationProvider(WebSecurityConfig.java:49) ~[classes/:na]
	at com.athentication.oauth2.security.WebSecurityConfig.keycloakAuthenticationProvider(WebSecurityConfig.java:49) ~[classes/:na]
	at com.athentication.oauth2.security.WebSecurityConfig.keycloakAuthenticationProvider(WebSecurityConfig.java:49) ~[classes/:na]
	at com.athentication.oauth2.security.WebSecurityConfig.keycloakAuthenticationProvider(WebSecurityConfig.java:49) ~[classes/:na]
	at com.athentication.oauth2.security.WebSecurityConfig.keycloakAuthenticationProvider(WebSecurityConfig.java:49) ~[classes/:na]
	at com.athentication.oauth2.security.WebSecurityConfig.keycloakAuthenticationProvider(WebSecurityConfig.java:49) ~[classes/:na]
	at com.athentication.oauth2.security.WebSecurityConfig.keycloakAuthenticationProvider(WebSecurityConfig.java:49) ~[classes/:na]
	at com.athentication.oauth2.security.WebSecurityConfig.keycloakAuthenticationProvider(WebSecurityConfig.java:49) ~[classes/:na]
	at com.athentication.oauth2.security.WebSecurityConfig.keycloakAuthenticationProvider(WebSecurityConfig.java:49) ~[classes/:na]
	at com.athentication.oauth2.security.WebSecurityConfig.keycloakAuthenticationProvider(WebSecurityConfig.java:49) ~[classes/:na]
	at com.athentication.oauth2.security.WebSecurityConfig.keycloakAuthenticationProvider(WebSecurityConfig.java:49) ~[classes/:na]
	at com.athentication.oauth2.security.WebSecurityConfig.keycloakAuthenticationProvider(WebSecurityConfig.java:49) ~[classes/:na]
	at com.athentication.oauth2.security.WebSecurityConfig.keycloakAuthenticationProvider(WebSecurityConfig.java:49) ~[classes/:na]
	at com.athentication.oauth2.security.WebSecurityConfig.keycloakAuthenticationProvider(WebSecurityConfig.java:49) ~[classes/:na]
	at com.athentication.oauth2.security.WebSecurityConfig.keycloakAuthenticationProvider(WebSecurityConfig.java:49) ~[classes/:na]
	at com.athentication.oauth2.security.WebSecurityConfig.keycloakAuthenticationProvider(WebSecurityConfig.java:49) ~[classes/:na]
	at com.athentication.oauth2.security.WebSecurityConfig.keycloakAuthenticationProvider(WebSecurityConfig.java:49) ~[classes/:na]
	at com.athentication.oauth2.security.WebSecurityConfig.keycloakAuthenticationProvider(WebSecurityConfig.java:49) ~[classes/:na]
	at com.athentication.oauth2.security.WebSecurityConfig.keycloakAuthenticationProvider(WebSecurityConfig.java:49) ~[classes/:na]
	at com.athentication.oauth2.security.WebSecurityConfig.keycloakAuthenticationProvider(WebSecurityConfig.java:49) ~[classes/:na]
	at com.athentication.oauth2.security.WebSecurityConfig.keycloakAuthenticationProvider(WebSecurityConfig.java:49) ~[classes/:na]
	at com.athentication.oauth2.security.WebSecurityConfig.keycloakAuthenticationProvider(WebSecurityConfig.java:49) ~[classes/:na]
	at com.athentication.oauth2.security.WebSecurityConfig.keycloakAuthenticationProvider(WebSecurityConfig.java:49) ~[classes/:na]
	at com.athentication.oauth2.security.WebSecurityConfig.keycloakAuthenticationProvider(WebSecurityConfig.java:49) ~[classes/:na]
	at com.athentication.oauth2.security.WebSecurityConfig.keycloakAuthenticationProvider(WebSecurityConfig.java:49) ~[classes/:na]
	at com.athentication.oauth2.security.WebSecurityConfig.keycloakAuthenticationProvider(WebSecurityConfig.java:49) ~[classes/:na]
	at com.athentication.oauth2.security.WebSecurityConfig.keycloakAuthenticationProvider(WebSecurityConfig.java:49) ~[classes/:na]
	at com.athentication.oauth2.security.WebSecurityConfig.keycloakAuthenticationProvider(WebSecurityConfig.java:49) ~[classes/:na]
	at com.athentication.oauth2.security.WebSecurityConfig.keycloakAuthenticationProvider(WebSecurityConfig.java:49) ~[classes/:na]
	at com.athentication.oauth2.security.WebSecurityConfig.keycloakAuthenticationProvider(WebSecurityConfig.java:49) ~[classes/:na]
	at com.athentication.oauth2.security.WebSecurityConfig.keycloakAuthenticationProvider(WebSecurityConfig.java:49) ~[classes/:na]
	at com.athentication.oauth2.security.WebSecurityConfig.keycloakAuthenticationProvider(WebSecurityConfig.java:49) ~[classes/:na]
	at com.athentication.oauth2.security.WebSecurityConfig.keycloakAuthenticationProvider(WebSecurityConfig.java:49) ~[classes/:na]
	at com.athentication.oauth2.security.WebSecurityConfig.keycloakAuthenticationProvider(WebSecurityConfig.java:49) ~[classes/:na]
	at com.athentication.oauth2.security.WebSecurityConfig.keycloakAuthenticationProvider(WebSecurityConfig.java:49) ~[classes/:na]
	at com.athentication.oauth2.security.WebSecurityConfig.keycloakAuthenticationProvider(WebSecurityConfig.java:49) ~[classes/:na]
	at com.athentication.oauth2.security.WebSecurityConfig.keycloakAuthenticationProvider(WebSecurityConfig.java:49) ~[classes/:na]
	at com.athentication.oauth2.security.WebSecurityConfig.keycloakAuthenticationProvider(WebSecurityConfig.java:49) ~[classes/:na]
	at com.athentication.oauth2.security.WebSecurityConfig.keycloakAuthenticationProvider(WebSecurityConfig.java:49) ~[classes/:na]
	at com.athentication.oauth2.security.WebSecurityConfig.keycloakAuthenticationProvider(WebSecurityConfig.java:49) ~[classes/:na]
	at com.athentication.oauth2.security.WebSecurityConfig.keycloakAuthenticationProvider(WebSecurityConfig.java:49) ~[classes/:na]
	at com.athentication.oauth2.security.WebSecurityConfig.keycloakAuthenticationProvider(WebSecurityConfig.java:49) ~[classes/:na]
	at com.athentication.oauth2.security.WebSecurityConfig.keycloakAuthenticationProvider(WebSecurityConfig.java:49) ~[classes/:na]
	at com.athentication.oauth2.security.WebSecurityConfig.keycloakAuthenticationProvider(WebSecurityConfig.java:49) ~[classes/:na]
	at com.athentication.oauth2.security.WebSecurityConfig.keycloakAuthenticationProvider(WebSecurityConfig.java:49) ~[classes/:na]
	at com.athentication.oauth2.security.WebSecurityConfig.keycloakAuthenticationProvider(WebSecurityConfig.java:49) ~[classes/:na]
	at com.athentication.oauth2.security.WebSecurityConfig.keycloakAuthenticationProvider(WebSecurityConfig.java:49) ~[classes/:na]
	at com.athentication.oauth2.security.WebSecurityConfig.keycloakAuthenticationProvider(WebSecurityConfig.java:49) ~[classes/:na]
	at com.athentication.oauth2.security.WebSecurityConfig.keycloakAuthenticationProvider(WebSecurityConfig.java:49) ~[classes/:na]
	at com.athentication.oauth2.security.WebSecurityConfig.keycloakAuthenticationProvider(WebSecurityConfig.java:49) ~[classes/:na]
	at com.athentication.oauth2.security.WebSecurityConfig.keycloakAuthenticationProvider(WebSecurityConfig.java:49) ~[classes/:na]
	at com.athentication.oauth2.security.WebSecurityConfig.keycloakAuthenticationProvider(WebSecurityConfig.java:49) ~[classes/:na]
	at com.athentication.oauth2.security.WebSecurityConfig.keycloakAuthenticationProvider(WebSecurityConfig.java:49) ~[classes/:na]
	at com.athentication.oauth2.security.WebSecurityConfig.keycloakAuthenticationProvider(WebSecurityConfig.java:49) ~[classes/:na]
	at com.athentication.oauth2.security.WebSecurityConfig.keycloakAuthenticationProvider(WebSecurityConfig.java:49) ~[classes/:na]
	at com.athentication.oauth2.security.WebSecurityConfig.keycloakAuthenticationProvider(WebSecurityConfig.java:49) ~[classes/:na]
	at com.athentication.oauth2.security.WebSecurityConfig.keycloakAuthenticationProvider(WebSecurityConfig.java:49) ~[classes/:na]
	at com.athentication.oauth2.security.WebSecurityConfig.keycloakAuthenticationProvider(WebSecurityConfig.java:49) ~[classes/:na]
	at com.athentication.oauth2.security.WebSecurityConfig.keycloakAuthenticationProvider(WebSecurityConfig.java:49) ~[classes/:na]
	at com.athentication.oauth2.security.WebSecurityConfig.keycloakAuthenticationProvider(WebSecurityConfig.java:49) ~[classes/:na]
	at com.athentication.oauth2.security.WebSecurityConfig.keycloakAuthenticationProvider(WebSecurityConfig.java:49) ~[classes/:na]
	at com.athentication.oauth2.security.WebSecurityConfig.keycloakAuthenticationProvider(WebSecurityConfig.java:49) ~[classes/:na]
	at com.athentication.oauth2.security.WebSecurityConfig.keycloakAuthenticationProvider(WebSecurityConfig.java:49) ~[classes/:na]
	at com.athentication.oauth2.security.WebSecurityConfig.keycloakAuthenticationProvider(WebSecurityConfig.java:49) ~[classes/:na]
	at com.athentication.oauth2.security.WebSecurityConfig.keycloakAuthenticationProvider(WebSecurityConfig.java:49) ~[classes/:na]
	at com.athentication.oauth2.security.WebSecurityConfig.keycloakAuthenticationProvider(WebSecurityConfig.java:49) ~[classes/:na]
	at com.athentication.oauth2.security.WebSecurityConfig.keycloakAuthenticationProvider(WebSecurityConfig.java:49) ~[classes/:na]
	at com.athentication.oauth2.security.WebSecurityConfig.keycloakAuthenticationProvider(WebSecurityConfig.java:49) ~[classes/:na]
	at com.athentication.oauth2.security.WebSecurityConfig.keycloakAuthenticationProvider(WebSecurityConfig.java:49) ~[classes/:na]
	at com.athentication.oauth2.security.WebSecurityConfig.keycloakAuthenticationProvider(WebSecurityConfig.java:49) ~[classes/:na]
	at com.athentication.oauth2.security.WebSecurityConfig.keycloakAuthenticationProvider(WebSecurityConfig.java:49) ~[classes/:na]
	at com.athentication.oauth2.security.WebSecurityConfig.keycloakAuthenticationProvider(WebSecurityConfig.java:49) ~[classes/:na]
	at com.athentication.oauth2.security.WebSecurityConfig.keycloakAuthenticationProvider(WebSecurityConfig.java:49) ~[classes/:na]
	at com.athentication.oauth2.security.WebSecurityConfig.keycloakAuthenticationProvider(WebSecurityConfig.java:49) ~[classes/:na]
	at com.athentication.oauth2.security.WebSecurityConfig.keycloakAuthenticationProvider(WebSecurityConfig.java:49) ~[classes/:na]
	at com.athentication.oauth2.security.WebSecurityConfig.keycloakAuthenticationProvider(WebSecurityConfig.java:49) ~[classes/:na]
	at com.athentication.oauth2.security.WebSecurityConfig.keycloakAuthenticationProvider(WebSecurityConfig.java:49) ~[classes/:na]
	at com.athentication.oauth2.security.WebSecurityConfig.keycloakAuthenticationProvider(WebSecurityConfig.java:49) ~[classes/:na]
	at com.athentication.oauth2.security.WebSecurityConfig.keycloakAuthenticationProvider(WebSecurityConfig.java:49) ~[classes/:na]
	at com.athentication.oauth2.security.WebSecurityConfig.keycloakAuthenticationProvider(WebSecurityConfig.java:49) ~[classes/:na]
	at com.athentication.oauth2.security.WebSecurityConfig.keycloakAuthenticationProvider(WebSecurityConfig.java:49) ~[classes/:na]
	at com.athentication.oauth2.security.WebSecurityConfig.keycloakAuthenticationProvider(WebSecurityConfig.java:49) ~[classes/:na]
	at com.athentication.oauth2.security.WebSecurityConfig.keycloakAuthenticationProvider(WebSecurityConfig.java:49) ~[classes/:na]
	at com.athentication.oauth2.security.WebSecurityConfig.keycloakAuthenticationProvider(WebSecurityConfig.java:49) ~[classes/:na]
	at com.athentication.oauth2.security.WebSecurityConfig.keycloakAuthenticationProvider(WebSecurityConfig.java:49) ~[classes/:na]
	at com.athentication.oauth2.security.WebSecurityConfig.keycloakAuthenticationProvider(WebSecurityConfig.java:49) ~[classes/:na]
	at com.athentication.oauth2.security.WebSecurityConfig.keycloakAuthenticationProvider(WebSecurityConfig.java:49) ~[classes/:na]
	at com.athentication.oauth2.security.WebSecurityConfig.keycloakAuthenticationProvider(WebSecurityConfig.java:49) ~[classes/:na]
	at com.athentication.oauth2.security.WebSecurityConfig.keycloakAuthenticationProvider(WebSecurityConfig.java:49) ~[classes/:na]
	at com.athentication.oauth2.security.WebSecurityConfig.keycloakAuthenticationProvider(WebSecurityConfig.java:49) ~[classes/:na]
	at com.athentication.oauth2.security.WebSecurityConfig.keycloakAuthenticationProvider(WebSecurityConfig.java:49) ~[classes/:na]
	at com.athentication.oauth2.security.WebSecurityConfig.keycloakAuthenticationProvider(WebSecurityConfig.java:49) ~[classes/:na]
	at com.athentication.oauth2.security.WebSecurityConfig.keycloakAuthenticationProvider(WebSecurityConfig.java:49) ~[classes/:na]
	at com.athentication.oauth2.security.WebSecurityConfig.keycloakAuthenticationProvider(WebSecurityConfig.java:49) ~[classes/:na]
	at com.athentication.oauth2.security.WebSecurityConfig.keycloakAuthenticationProvider(WebSecurityConfig.java:49) ~[classes/:na]
	at com.athentication.oauth2.security.WebSecurityConfig.keycloakAuthenticationProvider(WebSecurityConfig.java:49) ~[classes/:na]
	at com.athentication.oauth2.security.WebSecurityConfig.keycloakAuthenticationProvider(WebSecurityConfig.java:49) ~[classes/:na]
	at com.athentication.oauth2.security.WebSecurityConfig.keycloakAuthenticationProvider(WebSecurityConfig.java:49) ~[classes/:na]
	at com.athentication.oauth2.security.WebSecurityConfig.keycloakAuthenticationProvider(WebSecurityConfig.java:49) ~[classes/:na]
	at com.athentication.oauth2.security.WebSecurityConfig.keycloakAuthenticationProvider(WebSecurityConfig.java:49) ~[classes/:na]
	at com.athentication.oauth2.security.WebSecurityConfig.keycloakAuthenticationProvider(WebSecurityConfig.java:49) ~[classes/:na]
	at com.athentication.oauth2.security.WebSecurityConfig.keycloakAuthenticationProvider(WebSecurityConfig.java:49) ~[classes/:na]
	at com.athentication.oauth2.security.WebSecurityConfig.keycloakAuthenticationProvider(WebSecurityConfig.java:49) ~[classes/:na]
	at com.athentication.oauth2.security.WebSecurityConfig.keycloakAuthenticationProvider(WebSecurityConfig.java:49) ~[classes/:na]
	at com.athentication.oauth2.security.WebSecurityConfig.keycloakAuthenticationProvider(WebSecurityConfig.java:49) ~[classes/:na]
	at com.athentication.oauth2.security.WebSecurityConfig.keycloakAuthenticationProvider(WebSecurityConfig.java:49) ~[classes/:na]
	at com.athentication.oauth2.security.WebSecurityConfig.keycloakAuthenticationProvider(WebSecurityConfig.java:49) ~[classes/:na]
	at com.athentication.oauth2.security.WebSecurityConfig.keycloakAuthenticationProvider(WebSecurityConfig.java:49) ~[classes/:na]
	at com.athentication.oauth2.security.WebSecurityConfig.keycloakAuthenticationProvider(WebSecurityConfig.java:49) ~[classes/:na]
	at com.athentication.oauth2.security.WebSecurityConfig.keycloakAuthenticationProvider(WebSecurityConfig.java:49) ~[classes/:na]
	at com.athentication.oauth2.security.WebSecurityConfig.keycloakAuthenticationProvider(WebSecurityConfig.java:49) ~[classes/:na]
	at com.athentication.oauth2.security.WebSecurityConfig.keycloakAuthenticationProvider(WebSecurityConfig.java:49) ~[classes/:na]
	at com.athentication.oauth2.security.WebSecurityConfig.keycloakAuthenticationProvider(WebSecurityConfig.java:49) ~[classes/:na]
	at com.athentication.oauth2.security.WebSecurityConfig.keycloakAuthenticationProvider(WebSecurityConfig.java:49) ~[classes/:na]
	at com.athentication.oauth2.security.WebSecurityConfig.keycloakAuthenticationProvider(WebSecurityConfig.java:49) ~[classes/:na]
	at com.athentication.oauth2.security.WebSecurityConfig.keycloakAuthenticationProvider(WebSecurityConfig.java:49) ~[classes/:na]
	at com.athentication.oauth2.security.WebSecurityConfig.keycloakAuthenticationProvider(WebSecurityConfig.java:49) ~[classes/:na]
	at com.athentication.oauth2.security.WebSecurityConfig.keycloakAuthenticationProvider(WebSecurityConfig.java:49) ~[classes/:na]
	at com.athentication.oauth2.security.WebSecurityConfig.keycloakAuthenticationProvider(WebSecurityConfig.java:49) ~[classes/:na]
	at com.athentication.oauth2.security.WebSecurityConfig.keycloakAuthenticationProvider(WebSecurityConfig.java:49) ~[classes/:na]
	at com.athentication.oauth2.security.WebSecurityConfig.keycloakAuthenticationProvider(WebSecurityConfig.java:49) ~[classes/:na]
	at com.athentication.oauth2.security.WebSecurityConfig.keycloakAuthenticationProvider(WebSecurityConfig.java:49) ~[classes/:na]
	at com.athentication.oauth2.security.WebSecurityConfig.keycloakAuthenticationProvider(WebSecurityConfig.java:49) ~[classes/:na]
	at com.athentication.oauth2.security.WebSecurityConfig.keycloakAuthenticationProvider(WebSecurityConfig.java:49) ~[classes/:na]
	at com.athentication.oauth2.security.WebSecurityConfig.keycloakAuthenticationProvider(WebSecurityConfig.java:49) ~[classes/:na]
	at com.athentication.oauth2.security.WebSecurityConfig.keycloakAuthenticationProvider(WebSecurityConfig.java:49) ~[classes/:na]
	at com.athentication.oauth2.security.WebSecurityConfig.keycloakAuthenticationProvider(WebSecurityConfig.java:49) ~[classes/:na]
	at com.athentication.oauth2.security.WebSecurityConfig.keycloakAuthenticationProvider(WebSecurityConfig.java:49) ~[classes/:na]
	at com.athentication.oauth2.security.WebSecurityConfig.keycloakAuthenticationProvider(WebSecurityConfig.java:49) ~[classes/:na]
	at com.athentication.oauth2.security.WebSecurityConfig.keycloakAuthenticationProvider(WebSecurityConfig.java:49) ~[classes/:na]
	at com.athentication.oauth2.security.WebSecurityConfig.keycloakAuthenticationProvider(WebSecurityConfig.java:49) ~[classes/:na]
	at com.athentication.oauth2.security.WebSecurityConfig.keycloakAuthenticationProvider(WebSecurityConfig.java:49) ~[classes/:na]
	at com.athentication.oauth2.security.WebSecurityConfig.keycloakAuthenticationProvider(WebSecurityConfig.java:49) ~[classes/:na]
	at com.athentication.oauth2.security.WebSecurityConfig.keycloakAuthenticationProvider(WebSecurityConfig.java:49) ~[classes/:na]
	at com.athentication.oauth2.security.WebSecurityConfig.keycloakAuthenticationProvider(WebSecurityConfig.java:49) ~[classes/:na]
	at com.athentication.oauth2.security.WebSecurityConfig.keycloakAuthenticationProvider(WebSecurityConfig.java:49) ~[classes/:na]
	at com.athentication.oauth2.security.WebSecurityConfig.keycloakAuthenticationProvider(WebSecurityConfig.java:49) ~[classes/:na]
	at com.athentication.oauth2.security.WebSecurityConfig.keycloakAuthenticationProvider(WebSecurityConfig.java:49) ~[classes/:na]
	at com.athentication.oauth2.security.WebSecurityConfig.keycloakAuthenticationProvider(WebSecurityConfig.java:49) ~[classes/:na]

2020-03-01 19:27:30.223 ERROR 4984 --- [           main] o.s.test.context.TestContextManager      : Caught exception while allowing TestExecutionListener [org.springframework.test.context.web.ServletTestExecutionListener@1437611] to prepare test instance [com.athentication.oauth2.AuthtenticationOauthApplicationTests@103d448]

java.lang.IllegalStateException: Failed to load ApplicationContext
	at org.springframework.test.context.cache.DefaultCacheAwareContextLoaderDelegate.loadContext(DefaultCacheAwareContextLoaderDelegate.java:132) ~[spring-test-5.2.4.RELEASE.jar:5.2.4.RELEASE]
	at org.springframework.test.context.support.DefaultTestContext.getApplicationContext(DefaultTestContext.java:123) ~[spring-test-5.2.4.RELEASE.jar:5.2.4.RELEASE]
	at org.springframework.test.context.web.ServletTestExecutionListener.setUpRequestContextIfNecessary(ServletTestExecutionListener.java:190) ~[spring-test-5.2.4.RELEASE.jar:5.2.4.RELEASE]
	at org.springframework.test.context.web.ServletTestExecutionListener.prepareTestInstance(ServletTestExecutionListener.java:132) ~[spring-test-5.2.4.RELEASE.jar:5.2.4.RELEASE]
	at org.springframework.test.context.TestContextManager.prepareTestInstance(TestContextManager.java:244) ~[spring-test-5.2.4.RELEASE.jar:5.2.4.RELEASE]
	at org.springframework.test.context.junit.jupiter.SpringExtension.postProcessTestInstance(SpringExtension.java:98) [spring-test-5.2.4.RELEASE.jar:5.2.4.RELEASE]
	at org.junit.jupiter.engine.descriptor.ClassBasedTestDescriptor.lambda$invokeTestInstancePostProcessors$5(ClassBasedTestDescriptor.java:337) [junit-jupiter-engine-5.5.2.jar:5.5.2]
	at org.junit.jupiter.engine.descriptor.ClassBasedTestDescriptor.executeAndMaskThrowable(ClassBasedTestDescriptor.java:342) [junit-jupiter-engine-5.5.2.jar:5.5.2]
	at org.junit.jupiter.engine.descriptor.ClassBasedTestDescriptor.lambda$invokeTestInstancePostProcessors$6(ClassBasedTestDescriptor.java:337) [junit-jupiter-engine-5.5.2.jar:5.5.2]
	at java.util.stream.ReferencePipeline$3$1.accept(ReferencePipeline.java:193) ~[na:1.8.0_221]
	at java.util.stream.ReferencePipeline$2$1.accept(ReferencePipeline.java:175) ~[na:1.8.0_221]
	at java.util.ArrayList$ArrayListSpliterator.forEachRemaining(ArrayList.java:1382) ~[na:1.8.0_221]
	at java.util.stream.AbstractPipeline.copyInto(AbstractPipeline.java:482) ~[na:1.8.0_221]
	at java.util.stream.AbstractPipeline.wrapAndCopyInto(AbstractPipeline.java:472) ~[na:1.8.0_221]
	at java.util.stream.StreamSpliterators$WrappingSpliterator.forEachRemaining(StreamSpliterators.java:312) ~[na:1.8.0_221]
	at java.util.stream.Streams$ConcatSpliterator.forEachRemaining(Streams.java:743) ~[na:1.8.0_221]
	at java.util.stream.Streams$ConcatSpliterator.forEachRemaining(Streams.java:742) ~[na:1.8.0_221]
	at java.util.stream.ReferencePipeline$Head.forEach(ReferencePipeline.java:580) ~[na:1.8.0_221]
	at org.junit.jupiter.engine.descriptor.ClassBasedTestDescriptor.invokeTestInstancePostProcessors(ClassBasedTestDescriptor.java:336) [junit-jupiter-engine-5.5.2.jar:5.5.2]
	at org.junit.jupiter.engine.descriptor.ClassBasedTestDescriptor.instantiateAndPostProcessTestInstance(ClassBasedTestDescriptor.java:259) [junit-jupiter-engine-5.5.2.jar:5.5.2]
	at org.junit.jupiter.engine.descriptor.ClassBasedTestDescriptor.lambda$testInstancesProvider$2(ClassBasedTestDescriptor.java:252) [junit-jupiter-engine-5.5.2.jar:5.5.2]
	at java.util.Optional.orElseGet(Optional.java:267) ~[na:1.8.0_221]
	at org.junit.jupiter.engine.descriptor.ClassBasedTestDescriptor.lambda$testInstancesProvider$3(ClassBasedTestDescriptor.java:251) [junit-jupiter-engine-5.5.2.jar:5.5.2]
	at org.junit.jupiter.engine.execution.TestInstancesProvider.getTestInstances(TestInstancesProvider.java:29) ~[junit-jupiter-engine-5.5.2.jar:5.5.2]
	at org.junit.jupiter.engine.descriptor.TestMethodTestDescriptor.lambda$prepare$0(TestMethodTestDescriptor.java:106) ~[junit-jupiter-engine-5.5.2.jar:5.5.2]
	at org.junit.platform.engine.support.hierarchical.ThrowableCollector.execute(ThrowableCollector.java:73) ~[junit-platform-engine-1.5.2.jar:1.5.2]
	at org.junit.jupiter.engine.descriptor.TestMethodTestDescriptor.prepare(TestMethodTestDescriptor.java:105) ~[junit-jupiter-engine-5.5.2.jar:5.5.2]
	at org.junit.jupiter.engine.descriptor.TestMethodTestDescriptor.prepare(TestMethodTestDescriptor.java:69) ~[junit-jupiter-engine-5.5.2.jar:5.5.2]
	at org.junit.platform.engine.support.hierarchical.NodeTestTask.lambda$prepare$1(NodeTestTask.java:107) ~[junit-platform-engine-1.5.2.jar:1.5.2]
	at org.junit.platform.engine.support.hierarchical.ThrowableCollector.execute(ThrowableCollector.java:73) ~[junit-platform-engine-1.5.2.jar:1.5.2]
	at org.junit.platform.engine.support.hierarchical.NodeTestTask.prepare(NodeTestTask.java:107) ~[junit-platform-engine-1.5.2.jar:1.5.2]
	at org.junit.platform.engine.support.hierarchical.NodeTestTask.execute(NodeTestTask.java:75) ~[junit-platform-engine-1.5.2.jar:1.5.2]
	at java.util.ArrayList.forEach(ArrayList.java:1257) ~[na:1.8.0_221]
	at org.junit.platform.engine.support.hierarchical.SameThreadHierarchicalTestExecutorService.invokeAll(SameThreadHierarchicalTestExecutorService.java:38) ~[junit-platform-engine-1.5.2.jar:1.5.2]
	at org.junit.platform.engine.support.hierarchical.NodeTestTask.lambda$executeRecursively$5(NodeTestTask.java:139) ~[junit-platform-engine-1.5.2.jar:1.5.2]
	at org.junit.platform.engine.support.hierarchical.ThrowableCollector.execute(ThrowableCollector.java:73) ~[junit-platform-engine-1.5.2.jar:1.5.2]
	at org.junit.platform.engine.support.hierarchical.NodeTestTask.lambda$executeRecursively$7(NodeTestTask.java:125) ~[junit-platform-engine-1.5.2.jar:1.5.2]
	at org.junit.platform.engine.support.hierarchical.Node.around(Node.java:135) ~[junit-platform-engine-1.5.2.jar:1.5.2]
	at org.junit.platform.engine.support.hierarchical.NodeTestTask.lambda$executeRecursively$8(NodeTestTask.java:123) ~[junit-platform-engine-1.5.2.jar:1.5.2]
	at org.junit.platform.engine.support.hierarchical.ThrowableCollector.execute(ThrowableCollector.java:73) ~[junit-platform-engine-1.5.2.jar:1.5.2]
	at org.junit.platform.engine.support.hierarchical.NodeTestTask.executeRecursively(NodeTestTask.java:122) ~[junit-platform-engine-1.5.2.jar:1.5.2]
	at org.junit.platform.engine.support.hierarchical.NodeTestTask.execute(NodeTestTask.java:80) ~[junit-platform-engine-1.5.2.jar:1.5.2]
	at java.util.ArrayList.forEach(ArrayList.java:1257) ~[na:1.8.0_221]
	at org.junit.platform.engine.support.hierarchical.SameThreadHierarchicalTestExecutorService.invokeAll(SameThreadHierarchicalTestExecutorService.java:38) ~[junit-platform-engine-1.5.2.jar:1.5.2]
	at org.junit.platform.engine.support.hierarchical.NodeTestTask.lambda$executeRecursively$5(NodeTestTask.java:139) ~[junit-platform-engine-1.5.2.jar:1.5.2]
	at org.junit.platform.engine.support.hierarchical.ThrowableCollector.execute(ThrowableCollector.java:73) ~[junit-platform-engine-1.5.2.jar:1.5.2]
	at org.junit.platform.engine.support.hierarchical.NodeTestTask.lambda$executeRecursively$7(NodeTestTask.java:125) ~[junit-platform-engine-1.5.2.jar:1.5.2]
	at org.junit.platform.engine.support.hierarchical.Node.around(Node.java:135) ~[junit-platform-engine-1.5.2.jar:1.5.2]
	at org.junit.platform.engine.support.hierarchical.NodeTestTask.lambda$executeRecursively$8(NodeTestTask.java:123) ~[junit-platform-engine-1.5.2.jar:1.5.2]
	at org.junit.platform.engine.support.hierarchical.ThrowableCollector.execute(ThrowableCollector.java:73) ~[junit-platform-engine-1.5.2.jar:1.5.2]
	at org.junit.platform.engine.support.hierarchical.NodeTestTask.executeRecursively(NodeTestTask.java:122) ~[junit-platform-engine-1.5.2.jar:1.5.2]
	at org.junit.platform.engine.support.hierarchical.NodeTestTask.execute(NodeTestTask.java:80) ~[junit-platform-engine-1.5.2.jar:1.5.2]
	at org.junit.platform.engine.support.hierarchical.SameThreadHierarchicalTestExecutorService.submit(SameThreadHierarchicalTestExecutorService.java:32) ~[junit-platform-engine-1.5.2.jar:1.5.2]
	at org.junit.platform.engine.support.hierarchical.HierarchicalTestExecutor.execute(HierarchicalTestExecutor.java:57) ~[junit-platform-engine-1.5.2.jar:1.5.2]
	at org.junit.platform.engine.support.hierarchical.HierarchicalTestEngine.execute(HierarchicalTestEngine.java:51) ~[junit-platform-engine-1.5.2.jar:1.5.2]
	at org.junit.platform.launcher.core.DefaultLauncher.execute(DefaultLauncher.java:220) ~[junit-platform-launcher-1.3.1.jar:1.3.1]
	at org.junit.platform.launcher.core.DefaultLauncher.lambda$execute$6(DefaultLauncher.java:188) ~[junit-platform-launcher-1.3.1.jar:1.3.1]
	at org.junit.platform.launcher.core.DefaultLauncher.withInterceptedStreams(DefaultLauncher.java:202) ~[junit-platform-launcher-1.3.1.jar:1.3.1]
	at org.junit.platform.launcher.core.DefaultLauncher.execute(DefaultLauncher.java:181) ~[junit-platform-launcher-1.3.1.jar:1.3.1]
	at org.junit.platform.launcher.core.DefaultLauncher.execute(DefaultLauncher.java:128) ~[junit-platform-launcher-1.3.1.jar:1.3.1]
	at org.apache.maven.surefire.junitplatform.JUnitPlatformProvider.invokeAllTests(JUnitPlatformProvider.java:150) ~[surefire-junit-platform-2.22.2.jar:2.22.2]
	at org.apache.maven.surefire.junitplatform.JUnitPlatformProvider.invoke(JUnitPlatformProvider.java:124) ~[surefire-junit-platform-2.22.2.jar:2.22.2]
	at org.apache.maven.surefire.booter.ForkedBooter.invokeProviderInSameClassLoader(ForkedBooter.java:384) ~[surefire-booter-2.22.2.jar:2.22.2]
	at org.apache.maven.surefire.booter.ForkedBooter.runSuitesInProcess(ForkedBooter.java:345) ~[surefire-booter-2.22.2.jar:2.22.2]
	at org.apache.maven.surefire.booter.ForkedBooter.execute(ForkedBooter.java:126) ~[surefire-booter-2.22.2.jar:2.22.2]
	at org.apache.maven.surefire.booter.ForkedBooter.main(ForkedBooter.java:418) ~[surefire-booter-2.22.2.jar:2.22.2]
Caused by: org.springframework.beans.factory.BeanCreationException: Error creating bean with name 'webSecurityConfig': Injection of autowired dependencies failed; nested exception is java.lang.StackOverflowError
	at org.springframework.beans.factory.annotation.AutowiredAnnotationBeanPostProcessor.postProcessProperties(AutowiredAnnotationBeanPostProcessor.java:405) ~[spring-beans-5.2.4.RELEASE.jar:5.2.4.RELEASE]
	at org.springframework.beans.factory.support.AbstractAutowireCapableBeanFactory.populateBean(AbstractAutowireCapableBeanFactory.java:1422) ~[spring-beans-5.2.4.RELEASE.jar:5.2.4.RELEASE]
	at org.springframework.beans.factory.support.AbstractAutowireCapableBeanFactory.doCreateBean(AbstractAutowireCapableBeanFactory.java:594) ~[spring-beans-5.2.4.RELEASE.jar:5.2.4.RELEASE]
	at org.springframework.beans.factory.support.AbstractAutowireCapableBeanFactory.createBean(AbstractAutowireCapableBeanFactory.java:517) ~[spring-beans-5.2.4.RELEASE.jar:5.2.4.RELEASE]
	at org.springframework.beans.factory.support.AbstractBeanFactory.lambda$doGetBean$0(AbstractBeanFactory.java:323) ~[spring-beans-5.2.4.RELEASE.jar:5.2.4.RELEASE]
	at org.springframework.beans.factory.support.DefaultSingletonBeanRegistry.getSingleton(DefaultSingletonBeanRegistry.java:222) ~[spring-beans-5.2.4.RELEASE.jar:5.2.4.RELEASE]
	at org.springframework.beans.factory.support.AbstractBeanFactory.doGetBean(AbstractBeanFactory.java:321) ~[spring-beans-5.2.4.RELEASE.jar:5.2.4.RELEASE]
	at org.springframework.beans.factory.support.AbstractBeanFactory.getBean(AbstractBeanFactory.java:202) ~[spring-beans-5.2.4.RELEASE.jar:5.2.4.RELEASE]
	at org.springframework.beans.factory.support.DefaultListableBeanFactory.preInstantiateSingletons(DefaultListableBeanFactory.java:879) ~[spring-beans-5.2.4.RELEASE.jar:5.2.4.RELEASE]
	at org.springframework.context.support.AbstractApplicationContext.finishBeanFactoryInitialization(AbstractApplicationContext.java:878) ~[spring-context-5.2.4.RELEASE.jar:5.2.4.RELEASE]
	at org.springframework.context.support.AbstractApplicationContext.refresh(AbstractApplicationContext.java:550) ~[spring-context-5.2.4.RELEASE.jar:5.2.4.RELEASE]
	at org.springframework.boot.SpringApplication.refresh(SpringApplication.java:747) ~[spring-boot-2.2.5.RELEASE.jar:2.2.5.RELEASE]
	at org.springframework.boot.SpringApplication.refreshContext(SpringApplication.java:397) ~[spring-boot-2.2.5.RELEASE.jar:2.2.5.RELEASE]
	at org.springframework.boot.SpringApplication.run(SpringApplication.java:315) ~[spring-boot-2.2.5.RELEASE.jar:2.2.5.RELEASE]
	at org.springframework.boot.test.context.SpringBootContextLoader.loadContext(SpringBootContextLoader.java:126) ~[spring-boot-test-2.2.5.RELEASE.jar:2.2.5.RELEASE]
	at org.springframework.test.context.cache.DefaultCacheAwareContextLoaderDelegate.loadContextInternal(DefaultCacheAwareContextLoaderDelegate.java:99) ~[spring-test-5.2.4.RELEASE.jar:5.2.4.RELEASE]
	at org.springframework.test.context.cache.DefaultCacheAwareContextLoaderDelegate.loadContext(DefaultCacheAwareContextLoaderDelegate.java:124) ~[spring-test-5.2.4.RELEASE.jar:5.2.4.RELEASE]
	... 65 common frames omitted
Caused by: java.lang.StackOverflowError: null
	at com.athentication.oauth2.security.WebSecurityConfig.keycloakAuthenticationProvider(WebSecurityConfig.java:49) ~[classes/:na]
	at com.athentication.oauth2.security.WebSecurityConfig.keycloakAuthenticationProvider(WebSecurityConfig.java:49) ~[classes/:na]
	at com.athentication.oauth2.security.WebSecurityConfig.keycloakAuthenticationProvider(WebSecurityConfig.java:49) ~[classes/:na]
	at com.athentication.oauth2.security.WebSecurityConfig.keycloakAuthenticationProvider(WebSecurityConfig.java:49) ~[classes/:na]
	at com.athentication.oauth2.security.WebSecurityConfig.keycloakAuthenticationProvider(WebSecurityConfig.java:49) ~[classes/:na]
	at com.athentication.oauth2.security.WebSecurityConfig.keycloakAuthenticationProvider(WebSecurityConfig.java:49) ~[classes/:na]
	at com.athentication.oauth2.security.WebSecurityConfig.keycloakAuthenticationProvider(WebSecurityConfig.java:49) ~[classes/:na]
	at com.athentication.oauth2.security.WebSecurityConfig.keycloakAuthenticationProvider(WebSecurityConfig.java:49) ~[classes/:na]
	at com.athentication.oauth2.security.WebSecurityConfig.keycloakAuthenticationProvider(WebSecurityConfig.java:49) ~[classes/:na]
	at com.athentication.oauth2.security.WebSecurityConfig.keycloakAuthenticationProvider(WebSecurityConfig.java:49) ~[classes/:na]
	at com.athentication.oauth2.security.WebSecurityConfig.keycloakAuthenticationProvider(WebSecurityConfig.java:49) ~[classes/:na]
	at com.athentication.oauth2.security.WebSecurityConfig.keycloakAuthenticationProvider(WebSecurityConfig.java:49) ~[classes/:na]
	at com.athentication.oauth2.security.WebSecurityConfig.keycloakAuthenticationProvider(WebSecurityConfig.java:49) ~[classes/:na]
	at com.athentication.oauth2.security.WebSecurityConfig.keycloakAuthenticationProvider(WebSecurityConfig.java:49) ~[classes/:na]
	at com.athentication.oauth2.security.WebSecurityConfig.keycloakAuthenticationProvider(WebSecurityConfig.java:49) ~[classes/:na]
	at com.athentication.oauth2.security.WebSecurityConfig.keycloakAuthenticationProvider(WebSecurityConfig.java:49) ~[classes/:na]
	at com.athentication.oauth2.security.WebSecurityConfig.keycloakAuthenticationProvider(WebSecurityConfig.java:49) ~[classes/:na]
	at com.athentication.oauth2.security.WebSecurityConfig.keycloakAuthenticationProvider(WebSecurityConfig.java:49) ~[classes/:na]
	at com.athentication.oauth2.security.WebSecurityConfig.keycloakAuthenticationProvider(WebSecurityConfig.java:49) ~[classes/:na]
	at com.athentication.oauth2.security.WebSecurityConfig.keycloakAuthenticationProvider(WebSecurityConfig.java:49) ~[classes/:na]
	at com.athentication.oauth2.security.WebSecurityConfig.keycloakAuthenticationProvider(WebSecurityConfig.java:49) ~[classes/:na]
	at com.athentication.oauth2.security.WebSecurityConfig.keycloakAuthenticationProvider(WebSecurityConfig.java:49) ~[classes/:na]
	at com.athentication.oauth2.security.WebSecurityConfig.keycloakAuthenticationProvider(WebSecurityConfig.java:49) ~[classes/:na]
	at com.athentication.oauth2.security.WebSecurityConfig.keycloakAuthenticationProvider(WebSecurityConfig.java:49) ~[classes/:na]
	at com.athentication.oauth2.security.WebSecurityConfig.keycloakAuthenticationProvider(WebSecurityConfig.java:49) ~[classes/:na]
	at com.athentication.oauth2.security.WebSecurityConfig.keycloakAuthenticationProvider(WebSecurityConfig.java:49) ~[classes/:na]
	at com.athentication.oauth2.security.WebSecurityConfig.keycloakAuthenticationProvider(WebSecurityConfig.java:49) ~[classes/:na]
	at com.athentication.oauth2.security.WebSecurityConfig.keycloakAuthenticationProvider(WebSecurityConfig.java:49) ~[classes/:na]
	at com.athentication.oauth2.security.WebSecurityConfig.keycloakAuthenticationProvider(WebSecurityConfig.java:49) ~[classes/:na]
	at com.athentication.oauth2.security.WebSecurityConfig.keycloakAuthenticationProvider(WebSecurityConfig.java:49) ~[classes/:na]
	at com.athentication.oauth2.security.WebSecurityConfig.keycloakAuthenticationProvider(WebSecurityConfig.java:49) ~[classes/:na]
	at com.athentication.oauth2.security.WebSecurityConfig.keycloakAuthenticationProvider(WebSecurityConfig.java:49) ~[classes/:na]
	at com.athentication.oauth2.security.WebSecurityConfig.keycloakAuthenticationProvider(WebSecurityConfig.java:49) ~[classes/:na]
	at com.athentication.oauth2.security.WebSecurityConfig.keycloakAuthenticationProvider(WebSecurityConfig.java:49) ~[classes/:na]
	at com.athentication.oauth2.security.WebSecurityConfig.keycloakAuthenticationProvider(WebSecurityConfig.java:49) ~[classes/:na]
	at com.athentication.oauth2.security.WebSecurityConfig.keycloakAuthenticationProvider(WebSecurityConfig.java:49) ~[classes/:na]
	at com.athentication.oauth2.security.WebSecurityConfig.keycloakAuthenticationProvider(WebSecurityConfig.java:49) ~[classes/:na]
	at com.athentication.oauth2.security.WebSecurityConfig.keycloakAuthenticationProvider(WebSecurityConfig.java:49) ~[classes/:na]
	at com.athentication.oauth2.security.WebSecurityConfig.keycloakAuthenticationProvider(WebSecurityConfig.java:49) ~[classes/:na]
	at com.athentication.oauth2.security.WebSecurityConfig.keycloakAuthenticationProvider(WebSecurityConfig.java:49) ~[classes/:na]
	at com.athentication.oauth2.security.WebSecurityConfig.keycloakAuthenticationProvider(WebSecurityConfig.java:49) ~[classes/:na]
	at com.athentication.oauth2.security.WebSecurityConfig.keycloakAuthenticationProvider(WebSecurityConfig.java:49) ~[classes/:na]
	at com.athentication.oauth2.security.WebSecurityConfig.keycloakAuthenticationProvider(WebSecurityConfig.java:49) ~[classes/:na]
	at com.athentication.oauth2.security.WebSecurityConfig.keycloakAuthenticationProvider(WebSecurityConfig.java:49) ~[classes/:na]
	at com.athentication.oauth2.security.WebSecurityConfig.keycloakAuthenticationProvider(WebSecurityConfig.java:49) ~[classes/:na]
	at com.athentication.oauth2.security.WebSecurityConfig.keycloakAuthenticationProvider(WebSecurityConfig.java:49) ~[classes/:na]
	at com.athentication.oauth2.security.WebSecurityConfig.keycloakAuthenticationProvider(WebSecurityConfig.java:49) ~[classes/:na]
	at com.athentication.oauth2.security.WebSecurityConfig.keycloakAuthenticationProvider(WebSecurityConfig.java:49) ~[classes/:na]
	at com.athentication.oauth2.security.WebSecurityConfig.keycloakAuthenticationProvider(WebSecurityConfig.java:49) ~[classes/:na]
	at com.athentication.oauth2.security.WebSecurityConfig.keycloakAuthenticationProvider(WebSecurityConfig.java:49) ~[classes/:na]
	at com.athentication.oauth2.security.WebSecurityConfig.keycloakAuthenticationProvider(WebSecurityConfig.java:49) ~[classes/:na]
	at com.athentication.oauth2.security.WebSecurityConfig.keycloakAuthenticationProvider(WebSecurityConfig.java:49) ~[classes/:na]
	at com.athentication.oauth2.security.WebSecurityConfig.keycloakAuthenticationProvider(WebSecurityConfig.java:49) ~[classes/:na]
	at com.athentication.oauth2.security.WebSecurityConfig.keycloakAuthenticationProvider(WebSecurityConfig.java:49) ~[classes/:na]
	at com.athentication.oauth2.security.WebSecurityConfig.keycloakAuthenticationProvider(WebSecurityConfig.java:49) ~[classes/:na]
	at com.athentication.oauth2.security.WebSecurityConfig.keycloakAuthenticationProvider(WebSecurityConfig.java:49) ~[classes/:na]
	at com.athentication.oauth2.security.WebSecurityConfig.keycloakAuthenticationProvider(WebSecurityConfig.java:49) ~[classes/:na]
	at com.athentication.oauth2.security.WebSecurityConfig.keycloakAuthenticationProvider(WebSecurityConfig.java:49) ~[classes/:na]
	at com.athentication.oauth2.security.WebSecurityConfig.keycloakAuthenticationProvider(WebSecurityConfig.java:49) ~[classes/:na]
	at com.athentication.oauth2.security.WebSecurityConfig.keycloakAuthenticationProvider(WebSecurityConfig.java:49) ~[classes/:na]
	at com.athentication.oauth2.security.WebSecurityConfig.keycloakAuthenticationProvider(WebSecurityConfig.java:49) ~[classes/:na]
	at com.athentication.oauth2.security.WebSecurityConfig.keycloakAuthenticationProvider(WebSecurityConfig.java:49) ~[classes/:na]
	at com.athentication.oauth2.security.WebSecurityConfig.keycloakAuthenticationProvider(WebSecurityConfig.java:49) ~[classes/:na]
	at com.athentication.oauth2.security.WebSecurityConfig.keycloakAuthenticationProvider(WebSecurityConfig.java:49) ~[classes/:na]
	at com.athentication.oauth2.security.WebSecurityConfig.keycloakAuthenticationProvider(WebSecurityConfig.java:49) ~[classes/:na]
	at com.athentication.oauth2.security.WebSecurityConfig.keycloakAuthenticationProvider(WebSecurityConfig.java:49) ~[classes/:na]
	at com.athentication.oauth2.security.WebSecurityConfig.keycloakAuthenticationProvider(WebSecurityConfig.java:49) ~[classes/:na]
	at com.athentication.oauth2.security.WebSecurityConfig.keycloakAuthenticationProvider(WebSecurityConfig.java:49) ~[classes/:na]
	at com.athentication.oauth2.security.WebSecurityConfig.keycloakAuthenticationProvider(WebSecurityConfig.java:49) ~[classes/:na]
	at com.athentication.oauth2.security.WebSecurityConfig.keycloakAuthenticationProvider(WebSecurityConfig.java:49) ~[classes/:na]
	at com.athentication.oauth2.security.WebSecurityConfig.keycloakAuthenticationProvider(WebSecurityConfig.java:49) ~[classes/:na]
	at com.athentication.oauth2.security.WebSecurityConfig.keycloakAuthenticationProvider(WebSecurityConfig.java:49) ~[classes/:na]
	at com.athentication.oauth2.security.WebSecurityConfig.keycloakAuthenticationProvider(WebSecurityConfig.java:49) ~[classes/:na]
	at com.athentication.oauth2.security.WebSecurityConfig.keycloakAuthenticationProvider(WebSecurityConfig.java:49) ~[classes/:na]
	at com.athentication.oauth2.security.WebSecurityConfig.keycloakAuthenticationProvider(WebSecurityConfig.java:49) ~[classes/:na]
	at com.athentication.oauth2.security.WebSecurityConfig.keycloakAuthenticationProvider(WebSecurityConfig.java:49) ~[classes/:na]
	at com.athentication.oauth2.security.WebSecurityConfig.keycloakAuthenticationProvider(WebSecurityConfig.java:49) ~[classes/:na]
	at com.athentication.oauth2.security.WebSecurityConfig.keycloakAuthenticationProvider(WebSecurityConfig.java:49) ~[classes/:na]
	at com.athentication.oauth2.security.WebSecurityConfig.keycloakAuthenticationProvider(WebSecurityConfig.java:49) ~[classes/:na]
	at com.athentication.oauth2.security.WebSecurityConfig.keycloakAuthenticationProvider(WebSecurityConfig.java:49) ~[classes/:na]
	at com.athentication.oauth2.security.WebSecurityConfig.keycloakAuthenticationProvider(WebSecurityConfig.java:49) ~[classes/:na]
	at com.athentication.oauth2.security.WebSecurityConfig.keycloakAuthenticationProvider(WebSecurityConfig.java:49) ~[classes/:na]
	at com.athentication.oauth2.security.WebSecurityConfig.keycloakAuthenticationProvider(WebSecurityConfig.java:49) ~[classes/:na]
	at com.athentication.oauth2.security.WebSecurityConfig.keycloakAuthenticationProvider(WebSecurityConfig.java:49) ~[classes/:na]
	at com.athentication.oauth2.security.WebSecurityConfig.keycloakAuthenticationProvider(WebSecurityConfig.java:49) ~[classes/:na]
	at com.athentication.oauth2.security.WebSecurityConfig.keycloakAuthenticationProvider(WebSecurityConfig.java:49) ~[classes/:na]
	at com.athentication.oauth2.security.WebSecurityConfig.keycloakAuthenticationProvider(WebSecurityConfig.java:49) ~[classes/:na]
	at com.athentication.oauth2.security.WebSecurityConfig.keycloakAuthenticationProvider(WebSecurityConfig.java:49) ~[classes/:na]
	at com.athentication.oauth2.security.WebSecurityConfig.keycloakAuthenticationProvider(WebSecurityConfig.java:49) ~[classes/:na]
	at com.athentication.oauth2.security.WebSecurityConfig.keycloakAuthenticationProvider(WebSecurityConfig.java:49) ~[classes/:na]
	at com.athentication.oauth2.security.WebSecurityConfig.keycloakAuthenticationProvider(WebSecurityConfig.java:49) ~[classes/:na]
	at com.athentication.oauth2.security.WebSecurityConfig.keycloakAuthenticationProvider(WebSecurityConfig.java:49) ~[classes/:na]
	at com.athentication.oauth2.security.WebSecurityConfig.keycloakAuthenticationProvider(WebSecurityConfig.java:49) ~[classes/:na]
	at com.athentication.oauth2.security.WebSecurityConfig.keycloakAuthenticationProvider(WebSecurityConfig.java:49) ~[classes/:na]
	at com.athentication.oauth2.security.WebSecurityConfig.keycloakAuthenticationProvider(WebSecurityConfig.java:49) ~[classes/:na]
	at com.athentication.oauth2.security.WebSecurityConfig.keycloakAuthenticationProvider(WebSecurityConfig.java:49) ~[classes/:na]
	at com.athentication.oauth2.security.WebSecurityConfig.keycloakAuthenticationProvider(WebSecurityConfig.java:49) ~[classes/:na]
	at com.athentication.oauth2.security.WebSecurityConfig.keycloakAuthenticationProvider(WebSecurityConfig.java:49) ~[classes/:na]
	at com.athentication.oauth2.security.WebSecurityConfig.keycloakAuthenticationProvider(WebSecurityConfig.java:49) ~[classes/:na]
	at com.athentication.oauth2.security.WebSecurityConfig.keycloakAuthenticationProvider(WebSecurityConfig.java:49) ~[classes/:na]
	at com.athentication.oauth2.security.WebSecurityConfig.keycloakAuthenticationProvider(WebSecurityConfig.java:49) ~[classes/:na]
	at com.athentication.oauth2.security.WebSecurityConfig.keycloakAuthenticationProvider(WebSecurityConfig.java:49) ~[classes/:na]
	at com.athentication.oauth2.security.WebSecurityConfig.keycloakAuthenticationProvider(WebSecurityConfig.java:49) ~[classes/:na]
	at com.athentication.oauth2.security.WebSecurityConfig.keycloakAuthenticationProvider(WebSecurityConfig.java:49) ~[classes/:na]
	at com.athentication.oauth2.security.WebSecurityConfig.keycloakAuthenticationProvider(WebSecurityConfig.java:49) ~[classes/:na]
	at com.athentication.oauth2.security.WebSecurityConfig.keycloakAuthenticationProvider(WebSecurityConfig.java:49) ~[classes/:na]
	at com.athentication.oauth2.security.WebSecurityConfig.keycloakAuthenticationProvider(WebSecurityConfig.java:49) ~[classes/:na]
	at com.athentication.oauth2.security.WebSecurityConfig.keycloakAuthenticationProvider(WebSecurityConfig.java:49) ~[classes/:na]
	at com.athentication.oauth2.security.WebSecurityConfig.keycloakAuthenticationProvider(WebSecurityConfig.java:49) ~[classes/:na]
	at com.athentication.oauth2.security.WebSecurityConfig.keycloakAuthenticationProvider(WebSecurityConfig.java:49) ~[classes/:na]
	at com.athentication.oauth2.security.WebSecurityConfig.keycloakAuthenticationProvider(WebSecurityConfig.java:49) ~[classes/:na]
	at com.athentication.oauth2.security.WebSecurityConfig.keycloakAuthenticationProvider(WebSecurityConfig.java:49) ~[classes/:na]
	at com.athentication.oauth2.security.WebSecurityConfig.keycloakAuthenticationProvider(WebSecurityConfig.java:49) ~[classes/:na]
	at com.athentication.oauth2.security.WebSecurityConfig.keycloakAuthenticationProvider(WebSecurityConfig.java:49) ~[classes/:na]
	at com.athentication.oauth2.security.WebSecurityConfig.keycloakAuthenticationProvider(WebSecurityConfig.java:49) ~[classes/:na]
	at com.athentication.oauth2.security.WebSecurityConfig.keycloakAuthenticationProvider(WebSecurityConfig.java:49) ~[classes/:na]
	at com.athentication.oauth2.security.WebSecurityConfig.keycloakAuthenticationProvider(WebSecurityConfig.java:49) ~[classes/:na]
	at com.athentication.oauth2.security.WebSecurityConfig.keycloakAuthenticationProvider(WebSecurityConfig.java:49) ~[classes/:na]
	at com.athentication.oauth2.security.WebSecurityConfig.keycloakAuthenticationProvider(WebSecurityConfig.java:49) ~[classes/:na]
	at com.athentication.oauth2.security.WebSecurityConfig.keycloakAuthenticationProvider(WebSecurityConfig.java:49) ~[classes/:na]
	at com.athentication.oauth2.security.WebSecurityConfig.keycloakAuthenticationProvider(WebSecurityConfig.java:49) ~[classes/:na]
	at com.athentication.oauth2.security.WebSecurityConfig.keycloakAuthenticationProvider(WebSecurityConfig.java:49) ~[classes/:na]
	at com.athentication.oauth2.security.WebSecurityConfig.keycloakAuthenticationProvider(WebSecurityConfig.java:49) ~[classes/:na]
	at com.athentication.oauth2.security.WebSecurityConfig.keycloakAuthenticationProvider(WebSecurityConfig.java:49) ~[classes/:na]
	at com.athentication.oauth2.security.WebSecurityConfig.keycloakAuthenticationProvider(WebSecurityConfig.java:49) ~[classes/:na]
	at com.athentication.oauth2.security.WebSecurityConfig.keycloakAuthenticationProvider(WebSecurityConfig.java:49) ~[classes/:na]
	at com.athentication.oauth2.security.WebSecurityConfig.keycloakAuthenticationProvider(WebSecurityConfig.java:49) ~[classes/:na]
	at com.athentication.oauth2.security.WebSecurityConfig.keycloakAuthenticationProvider(WebSecurityConfig.java:49) ~[classes/:na]
	at com.athentication.oauth2.security.WebSecurityConfig.keycloakAuthenticationProvider(WebSecurityConfig.java:49) ~[classes/:na]
	at com.athentication.oauth2.security.WebSecurityConfig.keycloakAuthenticationProvider(WebSecurityConfig.java:49) ~[classes/:na]
	at com.athentication.oauth2.security.WebSecurityConfig.keycloakAuthenticationProvider(WebSecurityConfig.java:49) ~[classes/:na]
	at com.athentication.oauth2.security.WebSecurityConfig.keycloakAuthenticationProvider(WebSecurityConfig.java:49) ~[classes/:na]
	at com.athentication.oauth2.security.WebSecurityConfig.keycloakAuthenticationProvider(WebSecurityConfig.java:49) ~[classes/:na]
	at com.athentication.oauth2.security.WebSecurityConfig.keycloakAuthenticationProvider(WebSecurityConfig.java:49) ~[classes/:na]
	at com.athentication.oauth2.security.WebSecurityConfig.keycloakAuthenticationProvider(WebSecurityConfig.java:49) ~[classes/:na]
	at com.athentication.oauth2.security.WebSecurityConfig.keycloakAuthenticationProvider(WebSecurityConfig.java:49) ~[classes/:na]
	at com.athentication.oauth2.security.WebSecurityConfig.keycloakAuthenticationProvider(WebSecurityConfig.java:49) ~[classes/:na]
	at com.athentication.oauth2.security.WebSecurityConfig.keycloakAuthenticationProvider(WebSecurityConfig.java:49) ~[classes/:na]
	at com.athentication.oauth2.security.WebSecurityConfig.keycloakAuthenticationProvider(WebSecurityConfig.java:49) ~[classes/:na]
	at com.athentication.oauth2.security.WebSecurityConfig.keycloakAuthenticationProvider(WebSecurityConfig.java:49) ~[classes/:na]
	at com.athentication.oauth2.security.WebSecurityConfig.keycloakAuthenticationProvider(WebSecurityConfig.java:49) ~[classes/:na]
	at com.athentication.oauth2.security.WebSecurityConfig.keycloakAuthenticationProvider(WebSecurityConfig.java:49) ~[classes/:na]
	at com.athentication.oauth2.security.WebSecurityConfig.keycloakAuthenticationProvider(WebSecurityConfig.java:49) ~[classes/:na]
	at com.athentication.oauth2.security.WebSecurityConfig.keycloakAuthenticationProvider(WebSecurityConfig.java:49) ~[classes/:na]
	at com.athentication.oauth2.security.WebSecurityConfig.keycloakAuthenticationProvider(WebSecurityConfig.java:49) ~[classes/:na]
	at com.athentication.oauth2.security.WebSecurityConfig.keycloakAuthenticationProvider(WebSecurityConfig.java:49) ~[classes/:na]
	at com.athentication.oauth2.security.WebSecurityConfig.keycloakAuthenticationProvider(WebSecurityConfig.java:49) ~[classes/:na]
	at com.athentication.oauth2.security.WebSecurityConfig.keycloakAuthenticationProvider(WebSecurityConfig.java:49) ~[classes/:na]
	at com.athentication.oauth2.security.WebSecurityConfig.keycloakAuthenticationProvider(WebSecurityConfig.java:49) ~[classes/:na]
	at com.athentication.oauth2.security.WebSecurityConfig.keycloakAuthenticationProvider(WebSecurityConfig.java:49) ~[classes/:na]
	at com.athentication.oauth2.security.WebSecurityConfig.keycloakAuthenticationProvider(WebSecurityConfig.java:49) ~[classes/:na]
	at com.athentication.oauth2.security.WebSecurityConfig.keycloakAuthenticationProvider(WebSecurityConfig.java:49) ~[classes/:na]
	at com.athentication.oauth2.security.WebSecurityConfig.keycloakAuthenticationProvider(WebSecurityConfig.java:49) ~[classes/:na]
	at com.athentication.oauth2.security.WebSecurityConfig.keycloakAuthenticationProvider(WebSecurityConfig.java:49) ~[classes/:na]
	at com.athentication.oauth2.security.WebSecurityConfig.keycloakAuthenticationProvider(WebSecurityConfig.java:49) ~[classes/:na]
	at com.athentication.oauth2.security.WebSecurityConfig.keycloakAuthenticationProvider(WebSecurityConfig.java:49) ~[classes/:na]
	at com.athentication.oauth2.security.WebSecurityConfig.keycloakAuthenticationProvider(WebSecurityConfig.java:49) ~[classes/:na]
	at com.athentication.oauth2.security.WebSecurityConfig.keycloakAuthenticationProvider(WebSecurityConfig.java:49) ~[classes/:na]
	at com.athentication.oauth2.security.WebSecurityConfig.keycloakAuthenticationProvider(WebSecurityConfig.java:49) ~[classes/:na]
	at com.athentication.oauth2.security.WebSecurityConfig.keycloakAuthenticationProvider(WebSecurityConfig.java:49) ~[classes/:na]
	at com.athentication.oauth2.security.WebSecurityConfig.keycloakAuthenticationProvider(WebSecurityConfig.java:49) ~[classes/:na]
	at com.athentication.oauth2.security.WebSecurityConfig.keycloakAuthenticationProvider(WebSecurityConfig.java:49) ~[classes/:na]
	at com.athentication.oauth2.security.WebSecurityConfig.keycloakAuthenticationProvider(WebSecurityConfig.java:49) ~[classes/:na]
	at com.athentication.oauth2.security.WebSecurityConfig.keycloakAuthenticationProvider(WebSecurityConfig.java:49) ~[classes/:na]
	at com.athentication.oauth2.security.WebSecurityConfig.keycloakAuthenticationProvider(WebSecurityConfig.java:49) ~[classes/:na]
	at com.athentication.oauth2.security.WebSecurityConfig.keycloakAuthenticationProvider(WebSecurityConfig.java:49) ~[classes/:na]
	at com.athentication.oauth2.security.WebSecurityConfig.keycloakAuthenticationProvider(WebSecurityConfig.java:49) ~[classes/:na]
	at com.athentication.oauth2.security.WebSecurityConfig.keycloakAuthenticationProvider(WebSecurityConfig.java:49) ~[classes/:na]
	at com.athentication.oauth2.security.WebSecurityConfig.keycloakAuthenticationProvider(WebSecurityConfig.java:49) ~[classes/:na]
	at com.athentication.oauth2.security.WebSecurityConfig.keycloakAuthenticationProvider(WebSecurityConfig.java:49) ~[classes/:na]
	at com.athentication.oauth2.security.WebSecurityConfig.keycloakAuthenticationProvider(WebSecurityConfig.java:49) ~[classes/:na]
	at com.athentication.oauth2.security.WebSecurityConfig.keycloakAuthenticationProvider(WebSecurityConfig.java:49) ~[classes/:na]
	at com.athentication.oauth2.security.WebSecurityConfig.keycloakAuthenticationProvider(WebSecurityConfig.java:49) ~[classes/:na]
	at com.athentication.oauth2.security.WebSecurityConfig.keycloakAuthenticationProvider(WebSecurityConfig.java:49) ~[classes/:na]
	at com.athentication.oauth2.security.WebSecurityConfig.keycloakAuthenticationProvider(WebSecurityConfig.java:49) ~[classes/:na]
	at com.athentication.oauth2.security.WebSecurityConfig.keycloakAuthenticationProvider(WebSecurityConfig.java:49) ~[classes/:na]
	at com.athentication.oauth2.security.WebSecurityConfig.keycloakAuthenticationProvider(WebSecurityConfig.java:49) ~[classes/:na]
	at com.athentication.oauth2.security.WebSecurityConfig.keycloakAuthenticationProvider(WebSecurityConfig.java:49) ~[classes/:na]
	at com.athentication.oauth2.security.WebSecurityConfig.keycloakAuthenticationProvider(WebSecurityConfig.java:49) ~[classes/:na]
	at com.athentication.oauth2.security.WebSecurityConfig.keycloakAuthenticationProvider(WebSecurityConfig.java:49) ~[classes/:na]
	at com.athentication.oauth2.security.WebSecurityConfig.keycloakAuthenticationProvider(WebSecurityConfig.java:49) ~[classes/:na]
	at com.athentication.oauth2.security.WebSecurityConfig.keycloakAuthenticationProvider(WebSecurityConfig.java:49) ~[classes/:na]
	at com.athentication.oauth2.security.WebSecurityConfig.keycloakAuthenticationProvider(WebSecurityConfig.java:49) ~[classes/:na]
	at com.athentication.oauth2.security.WebSecurityConfig.keycloakAuthenticationProvider(WebSecurityConfig.java:49) ~[classes/:na]
	at com.athentication.oauth2.security.WebSecurityConfig.keycloakAuthenticationProvider(WebSecurityConfig.java:49) ~[classes/:na]
	at com.athentication.oauth2.security.WebSecurityConfig.keycloakAuthenticationProvider(WebSecurityConfig.java:49) ~[classes/:na]
	at com.athentication.oauth2.security.WebSecurityConfig.keycloakAuthenticationProvider(WebSecurityConfig.java:49) ~[classes/:na]
	at com.athentication.oauth2.security.WebSecurityConfig.keycloakAuthenticationProvider(WebSecurityConfig.java:49) ~[classes/:na]
	at com.athentication.oauth2.security.WebSecurityConfig.keycloakAuthenticationProvider(WebSecurityConfig.java:49) ~[classes/:na]
	at com.athentication.oauth2.security.WebSecurityConfig.keycloakAuthenticationProvider(WebSecurityConfig.java:49) ~[classes/:na]
	at com.athentication.oauth2.security.WebSecurityConfig.keycloakAuthenticationProvider(WebSecurityConfig.java:49) ~[classes/:na]
	at com.athentication.oauth2.security.WebSecurityConfig.keycloakAuthenticationProvider(WebSecurityConfig.java:49) ~[classes/:na]
	at com.athentication.oauth2.security.WebSecurityConfig.keycloakAuthenticationProvider(WebSecurityConfig.java:49) ~[classes/:na]
	at com.athentication.oauth2.security.WebSecurityConfig.keycloakAuthenticationProvider(WebSecurityConfig.java:49) ~[classes/:na]
	at com.athentication.oauth2.security.WebSecurityConfig.keycloakAuthenticationProvider(WebSecurityConfig.java:49) ~[classes/:na]
	at com.athentication.oauth2.security.WebSecurityConfig.keycloakAuthenticationProvider(WebSecurityConfig.java:49) ~[classes/:na]
	at com.athentication.oauth2.security.WebSecurityConfig.keycloakAuthenticationProvider(WebSecurityConfig.java:49) ~[classes/:na]
	at com.athentication.oauth2.security.WebSecurityConfig.keycloakAuthenticationProvider(WebSecurityConfig.java:49) ~[classes/:na]
	at com.athentication.oauth2.security.WebSecurityConfig.keycloakAuthenticationProvider(WebSecurityConfig.java:49) ~[classes/:na]
	at com.athentication.oauth2.security.WebSecurityConfig.keycloakAuthenticationProvider(WebSecurityConfig.java:49) ~[classes/:na]
	at com.athentication.oauth2.security.WebSecurityConfig.keycloakAuthenticationProvider(WebSecurityConfig.java:49) ~[classes/:na]
	at com.athentication.oauth2.security.WebSecurityConfig.keycloakAuthenticationProvider(WebSecurityConfig.java:49) ~[classes/:na]
	at com.athentication.oauth2.security.WebSecurityConfig.keycloakAuthenticationProvider(WebSecurityConfig.java:49) ~[classes/:na]
	at com.athentication.oauth2.security.WebSecurityConfig.keycloakAuthenticationProvider(WebSecurityConfig.java:49) ~[classes/:na]
	at com.athentication.oauth2.security.WebSecurityConfig.keycloakAuthenticationProvider(WebSecurityConfig.java:49) ~[classes/:na]
	at com.athentication.oauth2.security.WebSecurityConfig.keycloakAuthenticationProvider(WebSecurityConfig.java:49) ~[classes/:na]
	at com.athentication.oauth2.security.WebSecurityConfig.keycloakAuthenticationProvider(WebSecurityConfig.java:49) ~[classes/:na]
	at com.athentication.oauth2.security.WebSecurityConfig.keycloakAuthenticationProvider(WebSecurityConfig.java:49) ~[classes/:na]
	at com.athentication.oauth2.security.WebSecurityConfig.keycloakAuthenticationProvider(WebSecurityConfig.java:49) ~[classes/:na]
	at com.athentication.oauth2.security.WebSecurityConfig.keycloakAuthenticationProvider(WebSecurityConfig.java:49) ~[classes/:na]
	at com.athentication.oauth2.security.WebSecurityConfig.keycloakAuthenticationProvider(WebSecurityConfig.java:49) ~[classes/:na]
	at com.athentication.oauth2.security.WebSecurityConfig.keycloakAuthenticationProvider(WebSecurityConfig.java:49) ~[classes/:na]
	at com.athentication.oauth2.security.WebSecurityConfig.keycloakAuthenticationProvider(WebSecurityConfig.java:49) ~[classes/:na]
	at com.athentication.oauth2.security.WebSecurityConfig.keycloakAuthenticationProvider(WebSecurityConfig.java:49) ~[classes/:na]
	at com.athentication.oauth2.security.WebSecurityConfig.keycloakAuthenticationProvider(WebSecurityConfig.java:49) ~[classes/:na]
	at com.athentication.oauth2.security.WebSecurityConfig.keycloakAuthenticationProvider(WebSecurityConfig.java:49) ~[classes/:na]
	at com.athentication.oauth2.security.WebSecurityConfig.keycloakAuthenticationProvider(WebSecurityConfig.java:49) ~[classes/:na]
	at com.athentication.oauth2.security.WebSecurityConfig.keycloakAuthenticationProvider(WebSecurityConfig.java:49) ~[classes/:na]
	at com.athentication.oauth2.security.WebSecurityConfig.keycloakAuthenticationProvider(WebSecurityConfig.java:49) ~[classes/:na]
	at com.athentication.oauth2.security.WebSecurityConfig.keycloakAuthenticationProvider(WebSecurityConfig.java:49) ~[classes/:na]
	at com.athentication.oauth2.security.WebSecurityConfig.keycloakAuthenticationProvider(WebSecurityConfig.java:49) ~[classes/:na]
	at com.athentication.oauth2.security.WebSecurityConfig.keycloakAuthenticationProvider(WebSecurityConfig.java:49) ~[classes/:na]
	at com.athentication.oauth2.security.WebSecurityConfig.keycloakAuthenticationProvider(WebSecurityConfig.java:49) ~[classes/:na]
	at com.athentication.oauth2.security.WebSecurityConfig.keycloakAuthenticationProvider(WebSecurityConfig.java:49) ~[classes/:na]
	at com.athentication.oauth2.security.WebSecurityConfig.keycloakAuthenticationProvider(WebSecurityConfig.java:49) ~[classes/:na]
	at com.athentication.oauth2.security.WebSecurityConfig.keycloakAuthenticationProvider(WebSecurityConfig.java:49) ~[classes/:na]
	at com.athentication.oauth2.security.WebSecurityConfig.keycloakAuthenticationProvider(WebSecurityConfig.java:49) ~[classes/:na]
	at com.athentication.oauth2.security.WebSecurityConfig.keycloakAuthenticationProvider(WebSecurityConfig.java:49) ~[classes/:na]
	at com.athentication.oauth2.security.WebSecurityConfig.keycloakAuthenticationProvider(WebSecurityConfig.java:49) ~[classes/:na]
	at com.athentication.oauth2.security.WebSecurityConfig.keycloakAuthenticationProvider(WebSecurityConfig.java:49) ~[classes/:na]
	at com.athentication.oauth2.security.WebSecurityConfig.keycloakAuthenticationProvider(WebSecurityConfig.java:49) ~[classes/:na]
	at com.athentication.oauth2.security.WebSecurityConfig.keycloakAuthenticationProvider(WebSecurityConfig.java:49) ~[classes/:na]
	at com.athentication.oauth2.security.WebSecurityConfig.keycloakAuthenticationProvider(WebSecurityConfig.java:49) ~[classes/:na]
	at com.athentication.oauth2.security.WebSecurityConfig.keycloakAuthenticationProvider(WebSecurityConfig.java:49) ~[classes/:na]
	at com.athentication.oauth2.security.WebSecurityConfig.keycloakAuthenticationProvider(WebSecurityConfig.java:49) ~[classes/:na]
	at com.athentication.oauth2.security.WebSecurityConfig.keycloakAuthenticationProvider(WebSecurityConfig.java:49) ~[classes/:na]
	at com.athentication.oauth2.security.WebSecurityConfig.keycloakAuthenticationProvider(WebSecurityConfig.java:49) ~[classes/:na]
	at com.athentication.oauth2.security.WebSecurityConfig.keycloakAuthenticationProvider(WebSecurityConfig.java:49) ~[classes/:na]
	at com.athentication.oauth2.security.WebSecurityConfig.keycloakAuthenticationProvider(WebSecurityConfig.java:49) ~[classes/:na]
	at com.athentication.oauth2.security.WebSecurityConfig.keycloakAuthenticationProvider(WebSecurityConfig.java:49) ~[classes/:na]
	at com.athentication.oauth2.security.WebSecurityConfig.keycloakAuthenticationProvider(WebSecurityConfig.java:49) ~[classes/:na]
	at com.athentication.oauth2.security.WebSecurityConfig.keycloakAuthenticationProvider(WebSecurityConfig.java:49) ~[classes/:na]
	at com.athentication.oauth2.security.WebSecurityConfig.keycloakAuthenticationProvider(WebSecurityConfig.java:49) ~[classes/:na]
	at com.athentication.oauth2.security.WebSecurityConfig.keycloakAuthenticationProvider(WebSecurityConfig.java:49) ~[classes/:na]
	at com.athentication.oauth2.security.WebSecurityConfig.keycloakAuthenticationProvider(WebSecurityConfig.java:49) ~[classes/:na]
	at com.athentication.oauth2.security.WebSecurityConfig.keycloakAuthenticationProvider(WebSecurityConfig.java:49) ~[classes/:na]
	at com.athentication.oauth2.security.WebSecurityConfig.keycloakAuthenticationProvider(WebSecurityConfig.java:49) ~[classes/:na]
	at com.athentication.oauth2.security.WebSecurityConfig.keycloakAuthenticationProvider(WebSecurityConfig.java:49) ~[classes/:na]
	at com.athentication.oauth2.security.WebSecurityConfig.keycloakAuthenticationProvider(WebSecurityConfig.java:49) ~[classes/:na]
	at com.athentication.oauth2.security.WebSecurityConfig.keycloakAuthenticationProvider(WebSecurityConfig.java:49) ~[classes/:na]
	at com.athentication.oauth2.security.WebSecurityConfig.keycloakAuthenticationProvider(WebSecurityConfig.java:49) ~[classes/:na]
	at com.athentication.oauth2.security.WebSecurityConfig.keycloakAuthenticationProvider(WebSecurityConfig.java:49) ~[classes/:na]
	at com.athentication.oauth2.security.WebSecurityConfig.keycloakAuthenticationProvider(WebSecurityConfig.java:49) ~[classes/:na]
	at com.athentication.oauth2.security.WebSecurityConfig.keycloakAuthenticationProvider(WebSecurityConfig.java:49) ~[classes/:na]
	at com.athentication.oauth2.security.WebSecurityConfig.keycloakAuthenticationProvider(WebSecurityConfig.java:49) ~[classes/:na]
	at com.athentication.oauth2.security.WebSecurityConfig.keycloakAuthenticationProvider(WebSecurityConfig.java:49) ~[classes/:na]
	at com.athentication.oauth2.security.WebSecurityConfig.keycloakAuthenticationProvider(WebSecurityConfig.java:49) ~[classes/:na]
	at com.athentication.oauth2.security.WebSecurityConfig.keycloakAuthenticationProvider(WebSecurityConfig.java:49) ~[classes/:na]
	at com.athentication.oauth2.security.WebSecurityConfig.keycloakAuthenticationProvider(WebSecurityConfig.java:49) ~[classes/:na]
	at com.athentication.oauth2.security.WebSecurityConfig.keycloakAuthenticationProvider(WebSecurityConfig.java:49) ~[classes/:na]
	at com.athentication.oauth2.security.WebSecurityConfig.keycloakAuthenticationProvider(WebSecurityConfig.java:49) ~[classes/:na]
	at com.athentication.oauth2.security.WebSecurityConfig.keycloakAuthenticationProvider(WebSecurityConfig.java:49) ~[classes/:na]
	at com.athentication.oauth2.security.WebSecurityConfig.keycloakAuthenticationProvider(WebSecurityConfig.java:49) ~[classes/:na]
	at com.athentication.oauth2.security.WebSecurityConfig.keycloakAuthenticationProvider(WebSecurityConfig.java:49) ~[classes/:na]
	at com.athentication.oauth2.security.WebSecurityConfig.keycloakAuthenticationProvider(WebSecurityConfig.java:49) ~[classes/:na]
	at com.athentication.oauth2.security.WebSecurityConfig.keycloakAuthenticationProvider(WebSecurityConfig.java:49) ~[classes/:na]
	at com.athentication.oauth2.security.WebSecurityConfig.keycloakAuthenticationProvider(WebSecurityConfig.java:49) ~[classes/:na]
	at com.athentication.oauth2.security.WebSecurityConfig.keycloakAuthenticationProvider(WebSecurityConfig.java:49) ~[classes/:na]
	at com.athentication.oauth2.security.WebSecurityConfig.keycloakAuthenticationProvider(WebSecurityConfig.java:49) ~[classes/:na]
	at com.athentication.oauth2.security.WebSecurityConfig.keycloakAuthenticationProvider(WebSecurityConfig.java:49) ~[classes/:na]
	at com.athentication.oauth2.security.WebSecurityConfig.keycloakAuthenticationProvider(WebSecurityConfig.java:49) ~[classes/:na]
	at com.athentication.oauth2.security.WebSecurityConfig.keycloakAuthenticationProvider(WebSecurityConfig.java:49) ~[classes/:na]
	at com.athentication.oauth2.security.WebSecurityConfig.keycloakAuthenticationProvider(WebSecurityConfig.java:49) ~[classes/:na]
	at com.athentication.oauth2.security.WebSecurityConfig.keycloakAuthenticationProvider(WebSecurityConfig.java:49) ~[classes/:na]
	at com.athentication.oauth2.security.WebSecurityConfig.keycloakAuthenticationProvider(WebSecurityConfig.java:49) ~[classes/:na]
	at com.athentication.oauth2.security.WebSecurityConfig.keycloakAuthenticationProvider(WebSecurityConfig.java:49) ~[classes/:na]
	at com.athentication.oauth2.security.WebSecurityConfig.keycloakAuthenticationProvider(WebSecurityConfig.java:49) ~[classes/:na]
	at com.athentication.oauth2.security.WebSecurityConfig.keycloakAuthenticationProvider(WebSecurityConfig.java:49) ~[classes/:na]
	at com.athentication.oauth2.security.WebSecurityConfig.keycloakAuthenticationProvider(WebSecurityConfig.java:49) ~[classes/:na]
	at com.athentication.oauth2.security.WebSecurityConfig.keycloakAuthenticationProvider(WebSecurityConfig.java:49) ~[classes/:na]
	at com.athentication.oauth2.security.WebSecurityConfig.keycloakAuthenticationProvider(WebSecurityConfig.java:49) ~[classes/:na]
	at com.athentication.oauth2.security.WebSecurityConfig.keycloakAuthenticationProvider(WebSecurityConfig.java:49) ~[classes/:na]
	at com.athentication.oauth2.security.WebSecurityConfig.keycloakAuthenticationProvider(WebSecurityConfig.java:49) ~[classes/:na]
	at com.athentication.oauth2.security.WebSecurityConfig.keycloakAuthenticationProvider(WebSecurityConfig.java:49) ~[classes/:na]
	at com.athentication.oauth2.security.WebSecurityConfig.keycloakAuthenticationProvider(WebSecurityConfig.java:49) ~[classes/:na]
	at com.athentication.oauth2.security.WebSecurityConfig.keycloakAuthenticationProvider(WebSecurityConfig.java:49) ~[classes/:na]
	at com.athentication.oauth2.security.WebSecurityConfig.keycloakAuthenticationProvider(WebSecurityConfig.java:49) ~[classes/:na]
	at com.athentication.oauth2.security.WebSecurityConfig.keycloakAuthenticationProvider(WebSecurityConfig.java:49) ~[classes/:na]
	at com.athentication.oauth2.security.WebSecurityConfig.keycloakAuthenticationProvider(WebSecurityConfig.java:49) ~[classes/:na]
	at com.athentication.oauth2.security.WebSecurityConfig.keycloakAuthenticationProvider(WebSecurityConfig.java:49) ~[classes/:na]
	at com.athentication.oauth2.security.WebSecurityConfig.keycloakAuthenticationProvider(WebSecurityConfig.java:49) ~[classes/:na]
	at com.athentication.oauth2.security.WebSecurityConfig.keycloakAuthenticationProvider(WebSecurityConfig.java:49) ~[classes/:na]
	at com.athentication.oauth2.security.WebSecurityConfig.keycloakAuthenticationProvider(WebSecurityConfig.java:49) ~[classes/:na]
	at com.athentication.oauth2.security.WebSecurityConfig.keycloakAuthenticationProvider(WebSecurityConfig.java:49) ~[classes/:na]
	at com.athentication.oauth2.security.WebSecurityConfig.keycloakAuthenticationProvider(WebSecurityConfig.java:49) ~[classes/:na]
	at com.athentication.oauth2.security.WebSecurityConfig.keycloakAuthenticationProvider(WebSecurityConfig.java:49) ~[classes/:na]
	at com.athentication.oauth2.security.WebSecurityConfig.keycloakAuthenticationProvider(WebSecurityConfig.java:49) ~[classes/:na]
	at com.athentication.oauth2.security.WebSecurityConfig.keycloakAuthenticationProvider(WebSecurityConfig.java:49) ~[classes/:na]
	at com.athentication.oauth2.security.WebSecurityConfig.keycloakAuthenticationProvider(WebSecurityConfig.java:49) ~[classes/:na]
	at com.athentication.oauth2.security.WebSecurityConfig.keycloakAuthenticationProvider(WebSecurityConfig.java:49) ~[classes/:na]
	at com.athentication.oauth2.security.WebSecurityConfig.keycloakAuthenticationProvider(WebSecurityConfig.java:49) ~[classes/:na]
	at com.athentication.oauth2.security.WebSecurityConfig.keycloakAuthenticationProvider(WebSecurityConfig.java:49) ~[classes/:na]
	at com.athentication.oauth2.security.WebSecurityConfig.keycloakAuthenticationProvider(WebSecurityConfig.java:49) ~[classes/:na]
	at com.athentication.oauth2.security.WebSecurityConfig.keycloakAuthenticationProvider(WebSecurityConfig.java:49) ~[classes/:na]
	at com.athentication.oauth2.security.WebSecurityConfig.keycloakAuthenticationProvider(WebSecurityConfig.java:49) ~[classes/:na]
	at com.athentication.oauth2.security.WebSecurityConfig.keycloakAuthenticationProvider(WebSecurityConfig.java:49) ~[classes/:na]
	at com.athentication.oauth2.security.WebSecurityConfig.keycloakAuthenticationProvider(WebSecurityConfig.java:49) ~[classes/:na]
	at com.athentication.oauth2.security.WebSecurityConfig.keycloakAuthenticationProvider(WebSecurityConfig.java:49) ~[classes/:na]
	at com.athentication.oauth2.security.WebSecurityConfig.keycloakAuthenticationProvider(WebSecurityConfig.java:49) ~[classes/:na]
	at com.athentication.oauth2.security.WebSecurityConfig.keycloakAuthenticationProvider(WebSecurityConfig.java:49) ~[classes/:na]
	at com.athentication.oauth2.security.WebSecurityConfig.keycloakAuthenticationProvider(WebSecurityConfig.java:49) ~[classes/:na]
	at com.athentication.oauth2.security.WebSecurityConfig.keycloakAuthenticationProvider(WebSecurityConfig.java:49) ~[classes/:na]
	at com.athentication.oauth2.security.WebSecurityConfig.keycloakAuthenticationProvider(WebSecurityConfig.java:49) ~[classes/:na]
	at com.athentication.oauth2.security.WebSecurityConfig.keycloakAuthenticationProvider(WebSecurityConfig.java:49) ~[classes/:na]
	at com.athentication.oauth2.security.WebSecurityConfig.keycloakAuthenticationProvider(WebSecurityConfig.java:49) ~[classes/:na]
	at com.athentication.oauth2.security.WebSecurityConfig.keycloakAuthenticationProvider(WebSecurityConfig.java:49) ~[classes/:na]
	at com.athentication.oauth2.security.WebSecurityConfig.keycloakAuthenticationProvider(WebSecurityConfig.java:49) ~[classes/:na]
	at com.athentication.oauth2.security.WebSecurityConfig.keycloakAuthenticationProvider(WebSecurityConfig.java:49) ~[classes/:na]
	at com.athentication.oauth2.security.WebSecurityConfig.keycloakAuthenticationProvider(WebSecurityConfig.java:49) ~[classes/:na]
	at com.athentication.oauth2.security.WebSecurityConfig.keycloakAuthenticationProvider(WebSecurityConfig.java:49) ~[classes/:na]
	at com.athentication.oauth2.security.WebSecurityConfig.keycloakAuthenticationProvider(WebSecurityConfig.java:49) ~[classes/:na]
	at com.athentication.oauth2.security.WebSecurityConfig.keycloakAuthenticationProvider(WebSecurityConfig.java:49) ~[classes/:na]
	at com.athentication.oauth2.security.WebSecurityConfig.keycloakAuthenticationProvider(WebSecurityConfig.java:49) ~[classes/:na]
	at com.athentication.oauth2.security.WebSecurityConfig.keycloakAuthenticationProvider(WebSecurityConfig.java:49) ~[classes/:na]
	at com.athentication.oauth2.security.WebSecurityConfig.keycloakAuthenticationProvider(WebSecurityConfig.java:49) ~[classes/:na]
	at com.athentication.oauth2.security.WebSecurityConfig.keycloakAuthenticationProvider(WebSecurityConfig.java:49) ~[classes/:na]
	at com.athentication.oauth2.security.WebSecurityConfig.keycloakAuthenticationProvider(WebSecurityConfig.java:49) ~[classes/:na]
	at com.athentication.oauth2.security.WebSecurityConfig.keycloakAuthenticationProvider(WebSecurityConfig.java:49) ~[classes/:na]
	at com.athentication.oauth2.security.WebSecurityConfig.keycloakAuthenticationProvider(WebSecurityConfig.java:49) ~[classes/:na]
	at com.athentication.oauth2.security.WebSecurityConfig.keycloakAuthenticationProvider(WebSecurityConfig.java:49) ~[classes/:na]
	at com.athentication.oauth2.security.WebSecurityConfig.keycloakAuthenticationProvider(WebSecurityConfig.java:49) ~[classes/:na]
	at com.athentication.oauth2.security.WebSecurityConfig.keycloakAuthenticationProvider(WebSecurityConfig.java:49) ~[classes/:na]
	at com.athentication.oauth2.security.WebSecurityConfig.keycloakAuthenticationProvider(WebSecurityConfig.java:49) ~[classes/:na]
	at com.athentication.oauth2.security.WebSecurityConfig.keycloakAuthenticationProvider(WebSecurityConfig.java:49) ~[classes/:na]
	at com.athentication.oauth2.security.WebSecurityConfig.keycloakAuthenticationProvider(WebSecurityConfig.java:49) ~[classes/:na]
	at com.athentication.oauth2.security.WebSecurityConfig.keycloakAuthenticationProvider(WebSecurityConfig.java:49) ~[classes/:na]
	at com.athentication.oauth2.security.WebSecurityConfig.keycloakAuthenticationProvider(WebSecurityConfig.java:49) ~[classes/:na]
	at com.athentication.oauth2.security.WebSecurityConfig.keycloakAuthenticationProvider(WebSecurityConfig.java:49) ~[classes/:na]
	at com.athentication.oauth2.security.WebSecurityConfig.keycloakAuthenticationProvider(WebSecurityConfig.java:49) ~[classes/:na]
	at com.athentication.oauth2.security.WebSecurityConfig.keycloakAuthenticationProvider(WebSecurityConfig.java:49) ~[classes/:na]
	at com.athentication.oauth2.security.WebSecurityConfig.keycloakAuthenticationProvider(WebSecurityConfig.java:49) ~[classes/:na]
	at com.athentication.oauth2.security.WebSecurityConfig.keycloakAuthenticationProvider(WebSecurityConfig.java:49) ~[classes/:na]
	at com.athentication.oauth2.security.WebSecurityConfig.keycloakAuthenticationProvider(WebSecurityConfig.java:49) ~[classes/:na]
	at com.athentication.oauth2.security.WebSecurityConfig.keycloakAuthenticationProvider(WebSecurityConfig.java:49) ~[classes/:na]
	at com.athentication.oauth2.security.WebSecurityConfig.keycloakAuthenticationProvider(WebSecurityConfig.java:49) ~[classes/:na]
	at com.athentication.oauth2.security.WebSecurityConfig.keycloakAuthenticationProvider(WebSecurityConfig.java:49) ~[classes/:na]
	at com.athentication.oauth2.security.WebSecurityConfig.keycloakAuthenticationProvider(WebSecurityConfig.java:49) ~[classes/:na]
	at com.athentication.oauth2.security.WebSecurityConfig.keycloakAuthenticationProvider(WebSecurityConfig.java:49) ~[classes/:na]
	at com.athentication.oauth2.security.WebSecurityConfig.keycloakAuthenticationProvider(WebSecurityConfig.java:49) ~[classes/:na]
	at com.athentication.oauth2.security.WebSecurityConfig.keycloakAuthenticationProvider(WebSecurityConfig.java:49) ~[classes/:na]
	at com.athentication.oauth2.security.WebSecurityConfig.keycloakAuthenticationProvider(WebSecurityConfig.java:49) ~[classes/:na]
	at com.athentication.oauth2.security.WebSecurityConfig.keycloakAuthenticationProvider(WebSecurityConfig.java:49) ~[classes/:na]
	at com.athentication.oauth2.security.WebSecurityConfig.keycloakAuthenticationProvider(WebSecurityConfig.java:49) ~[classes/:na]
	at com.athentication.oauth2.security.WebSecurityConfig.keycloakAuthenticationProvider(WebSecurityConfig.java:49) ~[classes/:na]
	at com.athentication.oauth2.security.WebSecurityConfig.keycloakAuthenticationProvider(WebSecurityConfig.java:49) ~[classes/:na]
	at com.athentication.oauth2.security.WebSecurityConfig.keycloakAuthenticationProvider(WebSecurityConfig.java:49) ~[classes/:na]
	at com.athentication.oauth2.security.WebSecurityConfig.keycloakAuthenticationProvider(WebSecurityConfig.java:49) ~[classes/:na]
	at com.athentication.oauth2.security.WebSecurityConfig.keycloakAuthenticationProvider(WebSecurityConfig.java:49) ~[classes/:na]
	at com.athentication.oauth2.security.WebSecurityConfig.keycloakAuthenticationProvider(WebSecurityConfig.java:49) ~[classes/:na]
	at com.athentication.oauth2.security.WebSecurityConfig.keycloakAuthenticationProvider(WebSecurityConfig.java:49) ~[classes/:na]
	at com.athentication.oauth2.security.WebSecurityConfig.keycloakAuthenticationProvider(WebSecurityConfig.java:49) ~[classes/:na]
	at com.athentication.oauth2.security.WebSecurityConfig.keycloakAuthenticationProvider(WebSecurityConfig.java:49) ~[classes/:na]
	at com.athentication.oauth2.security.WebSecurityConfig.keycloakAuthenticationProvider(WebSecurityConfig.java:49) ~[classes/:na]
	at com.athentication.oauth2.security.WebSecurityConfig.keycloakAuthenticationProvider(WebSecurityConfig.java:49) ~[classes/:na]
	at com.athentication.oauth2.security.WebSecurityConfig.keycloakAuthenticationProvider(WebSecurityConfig.java:49) ~[classes/:na]
	at com.athentication.oauth2.security.WebSecurityConfig.keycloakAuthenticationProvider(WebSecurityConfig.java:49) ~[classes/:na]
	at com.athentication.oauth2.security.WebSecurityConfig.keycloakAuthenticationProvider(WebSecurityConfig.java:49) ~[classes/:na]
	at com.athentication.oauth2.security.WebSecurityConfig.keycloakAuthenticationProvider(WebSecurityConfig.java:49) ~[classes/:na]
	at com.athentication.oauth2.security.WebSecurityConfig.keycloakAuthenticationProvider(WebSecurityConfig.java:49) ~[classes/:na]
	at com.athentication.oauth2.security.WebSecurityConfig.keycloakAuthenticationProvider(WebSecurityConfig.java:49) ~[classes/:na]
	at com.athentication.oauth2.security.WebSecurityConfig.keycloakAuthenticationProvider(WebSecurityConfig.java:49) ~[classes/:na]
	at com.athentication.oauth2.security.WebSecurityConfig.keycloakAuthenticationProvider(WebSecurityConfig.java:49) ~[classes/:na]
	at com.athentication.oauth2.security.WebSecurityConfig.keycloakAuthenticationProvider(WebSecurityConfig.java:49) ~[classes/:na]
	at com.athentication.oauth2.security.WebSecurityConfig.keycloakAuthenticationProvider(WebSecurityConfig.java:49) ~[classes/:na]
	at com.athentication.oauth2.security.WebSecurityConfig.keycloakAuthenticationProvider(WebSecurityConfig.java:49) ~[classes/:na]
	at com.athentication.oauth2.security.WebSecurityConfig.keycloakAuthenticationProvider(WebSecurityConfig.java:49) ~[classes/:na]
	at com.athentication.oauth2.security.WebSecurityConfig.keycloakAuthenticationProvider(WebSecurityConfig.java:49) ~[classes/:na]
	at com.athentication.oauth2.security.WebSecurityConfig.keycloakAuthenticationProvider(WebSecurityConfig.java:49) ~[classes/:na]
	at com.athentication.oauth2.security.WebSecurityConfig.keycloakAuthenticationProvider(WebSecurityConfig.java:49) ~[classes/:na]
	at com.athentication.oauth2.security.WebSecurityConfig.keycloakAuthenticationProvider(WebSecurityConfig.java:49) ~[classes/:na]
	at com.athentication.oauth2.security.WebSecurityConfig.keycloakAuthenticationProvider(WebSecurityConfig.java:49) ~[classes/:na]
	at com.athentication.oauth2.security.WebSecurityConfig.keycloakAuthenticationProvider(WebSecurityConfig.java:49) ~[classes/:na]
	at com.athentication.oauth2.security.WebSecurityConfig.keycloakAuthenticationProvider(WebSecurityConfig.java:49) ~[classes/:na]
	at com.athentication.oauth2.security.WebSecurityConfig.keycloakAuthenticationProvider(WebSecurityConfig.java:49) ~[classes/:na]
	at com.athentication.oauth2.security.WebSecurityConfig.keycloakAuthenticationProvider(WebSecurityConfig.java:49) ~[classes/:na]
	at com.athentication.oauth2.security.WebSecurityConfig.keycloakAuthenticationProvider(WebSecurityConfig.java:49) ~[classes/:na]
	at com.athentication.oauth2.security.WebSecurityConfig.keycloakAuthenticationProvider(WebSecurityConfig.java:49) ~[classes/:na]
	at com.athentication.oauth2.security.WebSecurityConfig.keycloakAuthenticationProvider(WebSecurityConfig.java:49) ~[classes/:na]
	at com.athentication.oauth2.security.WebSecurityConfig.keycloakAuthenticationProvider(WebSecurityConfig.java:49) ~[classes/:na]
	at com.athentication.oauth2.security.WebSecurityConfig.keycloakAuthenticationProvider(WebSecurityConfig.java:49) ~[classes/:na]
	at com.athentication.oauth2.security.WebSecurityConfig.keycloakAuthenticationProvider(WebSecurityConfig.java:49) ~[classes/:na]
	at com.athentication.oauth2.security.WebSecurityConfig.keycloakAuthenticationProvider(WebSecurityConfig.java:49) ~[classes/:na]
	at com.athentication.oauth2.security.WebSecurityConfig.keycloakAuthenticationProvider(WebSecurityConfig.java:49) ~[classes/:na]
	at com.athentication.oauth2.security.WebSecurityConfig.keycloakAuthenticationProvider(WebSecurityConfig.java:49) ~[classes/:na]
	at com.athentication.oauth2.security.WebSecurityConfig.keycloakAuthenticationProvider(WebSecurityConfig.java:49) ~[classes/:na]
	at com.athentication.oauth2.security.WebSecurityConfig.keycloakAuthenticationProvider(WebSecurityConfig.java:49) ~[classes/:na]
	at com.athentication.oauth2.security.WebSecurityConfig.keycloakAuthenticationProvider(WebSecurityConfig.java:49) ~[classes/:na]
	at com.athentication.oauth2.security.WebSecurityConfig.keycloakAuthenticationProvider(WebSecurityConfig.java:49) ~[classes/:na]
	at com.athentication.oauth2.security.WebSecurityConfig.keycloakAuthenticationProvider(WebSecurityConfig.java:49) ~[classes/:na]
	at com.athentication.oauth2.security.WebSecurityConfig.keycloakAuthenticationProvider(WebSecurityConfig.java:49) ~[classes/:na]
	at com.athentication.oauth2.security.WebSecurityConfig.keycloakAuthenticationProvider(WebSecurityConfig.java:49) ~[classes/:na]
	at com.athentication.oauth2.security.WebSecurityConfig.keycloakAuthenticationProvider(WebSecurityConfig.java:49) ~[classes/:na]
	at com.athentication.oauth2.security.WebSecurityConfig.keycloakAuthenticationProvider(WebSecurityConfig.java:49) ~[classes/:na]
	at com.athentication.oauth2.security.WebSecurityConfig.keycloakAuthenticationProvider(WebSecurityConfig.java:49) ~[classes/:na]
	at com.athentication.oauth2.security.WebSecurityConfig.keycloakAuthenticationProvider(WebSecurityConfig.java:49) ~[classes/:na]
	at com.athentication.oauth2.security.WebSecurityConfig.keycloakAuthenticationProvider(WebSecurityConfig.java:49) ~[classes/:na]
	at com.athentication.oauth2.security.WebSecurityConfig.keycloakAuthenticationProvider(WebSecurityConfig.java:49) ~[classes/:na]
	at com.athentication.oauth2.security.WebSecurityConfig.keycloakAuthenticationProvider(WebSecurityConfig.java:49) ~[classes/:na]
	at com.athentication.oauth2.security.WebSecurityConfig.keycloakAuthenticationProvider(WebSecurityConfig.java:49) ~[classes/:na]
	at com.athentication.oauth2.security.WebSecurityConfig.keycloakAuthenticationProvider(WebSecurityConfig.java:49) ~[classes/:na]
	at com.athentication.oauth2.security.WebSecurityConfig.keycloakAuthenticationProvider(WebSecurityConfig.java:49) ~[classes/:na]
	at com.athentication.oauth2.security.WebSecurityConfig.keycloakAuthenticationProvider(WebSecurityConfig.java:49) ~[classes/:na]
	at com.athentication.oauth2.security.WebSecurityConfig.keycloakAuthenticationProvider(WebSecurityConfig.java:49) ~[classes/:na]
	at com.athentication.oauth2.security.WebSecurityConfig.keycloakAuthenticationProvider(WebSecurityConfig.java:49) ~[classes/:na]
	at com.athentication.oauth2.security.WebSecurityConfig.keycloakAuthenticationProvider(WebSecurityConfig.java:49) ~[classes/:na]
	at com.athentication.oauth2.security.WebSecurityConfig.keycloakAuthenticationProvider(WebSecurityConfig.java:49) ~[classes/:na]
	at com.athentication.oauth2.security.WebSecurityConfig.keycloakAuthenticationProvider(WebSecurityConfig.java:49) ~[classes/:na]
	at com.athentication.oauth2.security.WebSecurityConfig.keycloakAuthenticationProvider(WebSecurityConfig.java:49) ~[classes/:na]
	at com.athentication.oauth2.security.WebSecurityConfig.keycloakAuthenticationProvider(WebSecurityConfig.java:49) ~[classes/:na]
	at com.athentication.oauth2.security.WebSecurityConfig.keycloakAuthenticationProvider(WebSecurityConfig.java:49) ~[classes/:na]
	at com.athentication.oauth2.security.WebSecurityConfig.keycloakAuthenticationProvider(WebSecurityConfig.java:49) ~[classes/:na]
	at com.athentication.oauth2.security.WebSecurityConfig.keycloakAuthenticationProvider(WebSecurityConfig.java:49) ~[classes/:na]
	at com.athentication.oauth2.security.WebSecurityConfig.keycloakAuthenticationProvider(WebSecurityConfig.java:49) ~[classes/:na]
	at com.athentication.oauth2.security.WebSecurityConfig.keycloakAuthenticationProvider(WebSecurityConfig.java:49) ~[classes/:na]
	at com.athentication.oauth2.security.WebSecurityConfig.keycloakAuthenticationProvider(WebSecurityConfig.java:49) ~[classes/:na]
	at com.athentication.oauth2.security.WebSecurityConfig.keycloakAuthenticationProvider(WebSecurityConfig.java:49) ~[classes/:na]
	at com.athentication.oauth2.security.WebSecurityConfig.keycloakAuthenticationProvider(WebSecurityConfig.java:49) ~[classes/:na]
	at com.athentication.oauth2.security.WebSecurityConfig.keycloakAuthenticationProvider(WebSecurityConfig.java:49) ~[classes/:na]
	at com.athentication.oauth2.security.WebSecurityConfig.keycloakAuthenticationProvider(WebSecurityConfig.java:49) ~[classes/:na]
	at com.athentication.oauth2.security.WebSecurityConfig.keycloakAuthenticationProvider(WebSecurityConfig.java:49) ~[classes/:na]
	at com.athentication.oauth2.security.WebSecurityConfig.keycloakAuthenticationProvider(WebSecurityConfig.java:49) ~[classes/:na]
	at com.athentication.oauth2.security.WebSecurityConfig.keycloakAuthenticationProvider(WebSecurityConfig.java:49) ~[classes/:na]
	at com.athentication.oauth2.security.WebSecurityConfig.keycloakAuthenticationProvider(WebSecurityConfig.java:49) ~[classes/:na]
	at com.athentication.oauth2.security.WebSecurityConfig.keycloakAuthenticationProvider(WebSecurityConfig.java:49) ~[classes/:na]
	at com.athentication.oauth2.security.WebSecurityConfig.keycloakAuthenticationProvider(WebSecurityConfig.java:49) ~[classes/:na]
	at com.athentication.oauth2.security.WebSecurityConfig.keycloakAuthenticationProvider(WebSecurityConfig.java:49) ~[classes/:na]
	at com.athentication.oauth2.security.WebSecurityConfig.keycloakAuthenticationProvider(WebSecurityConfig.java:49) ~[classes/:na]
	at com.athentication.oauth2.security.WebSecurityConfig.keycloakAuthenticationProvider(WebSecurityConfig.java:49) ~[classes/:na]
	at com.athentication.oauth2.security.WebSecurityConfig.keycloakAuthenticationProvider(WebSecurityConfig.java:49) ~[classes/:na]
	at com.athentication.oauth2.security.WebSecurityConfig.keycloakAuthenticationProvider(WebSecurityConfig.java:49) ~[classes/:na]
	at com.athentication.oauth2.security.WebSecurityConfig.keycloakAuthenticationProvider(WebSecurityConfig.java:49) ~[classes/:na]
	at com.athentication.oauth2.security.WebSecurityConfig.keycloakAuthenticationProvider(WebSecurityConfig.java:49) ~[classes/:na]
	at com.athentication.oauth2.security.WebSecurityConfig.keycloakAuthenticationProvider(WebSecurityConfig.java:49) ~[classes/:na]
	at com.athentication.oauth2.security.WebSecurityConfig.keycloakAuthenticationProvider(WebSecurityConfig.java:49) ~[classes/:na]
	at com.athentication.oauth2.security.WebSecurityConfig.keycloakAuthenticationProvider(WebSecurityConfig.java:49) ~[classes/:na]
	at com.athentication.oauth2.security.WebSecurityConfig.keycloakAuthenticationProvider(WebSecurityConfig.java:49) ~[classes/:na]
	at com.athentication.oauth2.security.WebSecurityConfig.keycloakAuthenticationProvider(WebSecurityConfig.java:49) ~[classes/:na]
	at com.athentication.oauth2.security.WebSecurityConfig.keycloakAuthenticationProvider(WebSecurityConfig.java:49) ~[classes/:na]
	at com.athentication.oauth2.security.WebSecurityConfig.keycloakAuthenticationProvider(WebSecurityConfig.java:49) ~[classes/:na]
	at com.athentication.oauth2.security.WebSecurityConfig.keycloakAuthenticationProvider(WebSecurityConfig.java:49) ~[classes/:na]
	at com.athentication.oauth2.security.WebSecurityConfig.keycloakAuthenticationProvider(WebSecurityConfig.java:49) ~[classes/:na]
	at com.athentication.oauth2.security.WebSecurityConfig.keycloakAuthenticationProvider(WebSecurityConfig.java:49) ~[classes/:na]
	at com.athentication.oauth2.security.WebSecurityConfig.keycloakAuthenticationProvider(WebSecurityConfig.java:49) ~[classes/:na]
	at com.athentication.oauth2.security.WebSecurityConfig.keycloakAuthenticationProvider(WebSecurityConfig.java:49) ~[classes/:na]
	at com.athentication.oauth2.security.WebSecurityConfig.keycloakAuthenticationProvider(WebSecurityConfig.java:49) ~[classes/:na]
	at com.athentication.oauth2.security.WebSecurityConfig.keycloakAuthenticationProvider(WebSecurityConfig.java:49) ~[classes/:na]
	at com.athentication.oauth2.security.WebSecurityConfig.keycloakAuthenticationProvider(WebSecurityConfig.java:49) ~[classes/:na]
	at com.athentication.oauth2.security.WebSecurityConfig.keycloakAuthenticationProvider(WebSecurityConfig.java:49) ~[classes/:na]
	at com.athentication.oauth2.security.WebSecurityConfig.keycloakAuthenticationProvider(WebSecurityConfig.java:49) ~[classes/:na]
	at com.athentication.oauth2.security.WebSecurityConfig.keycloakAuthenticationProvider(WebSecurityConfig.java:49) ~[classes/:na]
	at com.athentication.oauth2.security.WebSecurityConfig.keycloakAuthenticationProvider(WebSecurityConfig.java:49) ~[classes/:na]
	at com.athentication.oauth2.security.WebSecurityConfig.keycloakAuthenticationProvider(WebSecurityConfig.java:49) ~[classes/:na]
	at com.athentication.oauth2.security.WebSecurityConfig.keycloakAuthenticationProvider(WebSecurityConfig.java:49) ~[classes/:na]
	at com.athentication.oauth2.security.WebSecurityConfig.keycloakAuthenticationProvider(WebSecurityConfig.java:49) ~[classes/:na]
	at com.athentication.oauth2.security.WebSecurityConfig.keycloakAuthenticationProvider(WebSecurityConfig.java:49) ~[classes/:na]
	at com.athentication.oauth2.security.WebSecurityConfig.keycloakAuthenticationProvider(WebSecurityConfig.java:49) ~[classes/:na]
	at com.athentication.oauth2.security.WebSecurityConfig.keycloakAuthenticationProvider(WebSecurityConfig.java:49) ~[classes/:na]
	at com.athentication.oauth2.security.WebSecurityConfig.keycloakAuthenticationProvider(WebSecurityConfig.java:49) ~[classes/:na]
	at com.athentication.oauth2.security.WebSecurityConfig.keycloakAuthenticationProvider(WebSecurityConfig.java:49) ~[classes/:na]
	at com.athentication.oauth2.security.WebSecurityConfig.keycloakAuthenticationProvider(WebSecurityConfig.java:49) ~[classes/:na]
	at com.athentication.oauth2.security.WebSecurityConfig.keycloakAuthenticationProvider(WebSecurityConfig.java:49) ~[classes/:na]
	at com.athentication.oauth2.security.WebSecurityConfig.keycloakAuthenticationProvider(WebSecurityConfig.java:49) ~[classes/:na]
	at com.athentication.oauth2.security.WebSecurityConfig.keycloakAuthenticationProvider(WebSecurityConfig.java:49) ~[classes/:na]
	at com.athentication.oauth2.security.WebSecurityConfig.keycloakAuthenticationProvider(WebSecurityConfig.java:49) ~[classes/:na]
	at com.athentication.oauth2.security.WebSecurityConfig.keycloakAuthenticationProvider(WebSecurityConfig.java:49) ~[classes/:na]
	at com.athentication.oauth2.security.WebSecurityConfig.keycloakAuthenticationProvider(WebSecurityConfig.java:49) ~[classes/:na]
	at com.athentication.oauth2.security.WebSecurityConfig.keycloakAuthenticationProvider(WebSecurityConfig.java:49) ~[classes/:na]
	at com.athentication.oauth2.security.WebSecurityConfig.keycloakAuthenticationProvider(WebSecurityConfig.java:49) ~[classes/:na]
	at com.athentication.oauth2.security.WebSecurityConfig.keycloakAuthenticationProvider(WebSecurityConfig.java:49) ~[classes/:na]
	at com.athentication.oauth2.security.WebSecurityConfig.keycloakAuthenticationProvider(WebSecurityConfig.java:49) ~[classes/:na]
	at com.athentication.oauth2.security.WebSecurityConfig.keycloakAuthenticationProvider(WebSecurityConfig.java:49) ~[classes/:na]
	at com.athentication.oauth2.security.WebSecurityConfig.keycloakAuthenticationProvider(WebSecurityConfig.java:49) ~[classes/:na]
	at com.athentication.oauth2.security.WebSecurityConfig.keycloakAuthenticationProvider(WebSecurityConfig.java:49) ~[classes/:na]
	at com.athentication.oauth2.security.WebSecurityConfig.keycloakAuthenticationProvider(WebSecurityConfig.java:49) ~[classes/:na]
	at com.athentication.oauth2.security.WebSecurityConfig.keycloakAuthenticationProvider(WebSecurityConfig.java:49) ~[classes/:na]
	at com.athentication.oauth2.security.WebSecurityConfig.keycloakAuthenticationProvider(WebSecurityConfig.java:49) ~[classes/:na]
	at com.athentication.oauth2.security.WebSecurityConfig.keycloakAuthenticationProvider(WebSecurityConfig.java:49) ~[classes/:na]
	at com.athentication.oauth2.security.WebSecurityConfig.keycloakAuthenticationProvider(WebSecurityConfig.java:49) ~[classes/:na]
	at com.athentication.oauth2.security.WebSecurityConfig.keycloakAuthenticationProvider(WebSecurityConfig.java:49) ~[classes/:na]
	at com.athentication.oauth2.security.WebSecurityConfig.keycloakAuthenticationProvider(WebSecurityConfig.java:49) ~[classes/:na]
	at com.athentication.oauth2.security.WebSecurityConfig.keycloakAuthenticationProvider(WebSecurityConfig.java:49) ~[classes/:na]
	at com.athentication.oauth2.security.WebSecurityConfig.keycloakAuthenticationProvider(WebSecurityConfig.java:49) ~[classes/:na]
	at com.athentication.oauth2.security.WebSecurityConfig.keycloakAuthenticationProvider(WebSecurityConfig.java:49) ~[classes/:na]
	at com.athentication.oauth2.security.WebSecurityConfig.keycloakAuthenticationProvider(WebSecurityConfig.java:49) ~[classes/:na]
	at com.athentication.oauth2.security.WebSecurityConfig.keycloakAuthenticationProvider(WebSecurityConfig.java:49) ~[classes/:na]
	at com.athentication.oauth2.security.WebSecurityConfig.keycloakAuthenticationProvider(WebSecurityConfig.java:49) ~[classes/:na]
	at com.athentication.oauth2.security.WebSecurityConfig.keycloakAuthenticationProvider(WebSecurityConfig.java:49) ~[classes/:na]
	at com.athentication.oauth2.security.WebSecurityConfig.keycloakAuthenticationProvider(WebSecurityConfig.java:49) ~[classes/:na]
	at com.athentication.oauth2.security.WebSecurityConfig.keycloakAuthenticationProvider(WebSecurityConfig.java:49) ~[classes/:na]
	at com.athentication.oauth2.security.WebSecurityConfig.keycloakAuthenticationProvider(WebSecurityConfig.java:49) ~[classes/:na]
	at com.athentication.oauth2.security.WebSecurityConfig.keycloakAuthenticationProvider(WebSecurityConfig.java:49) ~[classes/:na]
	at com.athentication.oauth2.security.WebSecurityConfig.keycloakAuthenticationProvider(WebSecurityConfig.java:49) ~[classes/:na]
	at com.athentication.oauth2.security.WebSecurityConfig.keycloakAuthenticationProvider(WebSecurityConfig.java:49) ~[classes/:na]
	at com.athentication.oauth2.security.WebSecurityConfig.keycloakAuthenticationProvider(WebSecurityConfig.java:49) ~[classes/:na]
	at com.athentication.oauth2.security.WebSecurityConfig.keycloakAuthenticationProvider(WebSecurityConfig.java:49) ~[classes/:na]
	at com.athentication.oauth2.security.WebSecurityConfig.keycloakAuthenticationProvider(WebSecurityConfig.java:49) ~[classes/:na]
	at com.athentication.oauth2.security.WebSecurityConfig.keycloakAuthenticationProvider(WebSecurityConfig.java:49) ~[classes/:na]
	at com.athentication.oauth2.security.WebSecurityConfig.keycloakAuthenticationProvider(WebSecurityConfig.java:49) ~[classes/:na]
	at com.athentication.oauth2.security.WebSecurityConfig.keycloakAuthenticationProvider(WebSecurityConfig.java:49) ~[classes/:na]
	at com.athentication.oauth2.security.WebSecurityConfig.keycloakAuthenticationProvider(WebSecurityConfig.java:49) ~[classes/:na]
	at com.athentication.oauth2.security.WebSecurityConfig.keycloakAuthenticationProvider(WebSecurityConfig.java:49) ~[classes/:na]
	at com.athentication.oauth2.security.WebSecurityConfig.keycloakAuthenticationProvider(WebSecurityConfig.java:49) ~[classes/:na]
	at com.athentication.oauth2.security.WebSecurityConfig.keycloakAuthenticationProvider(WebSecurityConfig.java:49) ~[classes/:na]
	at com.athentication.oauth2.security.WebSecurityConfig.keycloakAuthenticationProvider(WebSecurityConfig.java:49) ~[classes/:na]
	at com.athentication.oauth2.security.WebSecurityConfig.keycloakAuthenticationProvider(WebSecurityConfig.java:49) ~[classes/:na]
	at com.athentication.oauth2.security.WebSecurityConfig.keycloakAuthenticationProvider(WebSecurityConfig.java:49) ~[classes/:na]
	at com.athentication.oauth2.security.WebSecurityConfig.keycloakAuthenticationProvider(WebSecurityConfig.java:49) ~[classes/:na]
	at com.athentication.oauth2.security.WebSecurityConfig.keycloakAuthenticationProvider(WebSecurityConfig.java:49) ~[classes/:na]
	at com.athentication.oauth2.security.WebSecurityConfig.keycloakAuthenticationProvider(WebSecurityConfig.java:49) ~[classes/:na]
	at com.athentication.oauth2.security.WebSecurityConfig.keycloakAuthenticationProvider(WebSecurityConfig.java:49) ~[classes/:na]
	at com.athentication.oauth2.security.WebSecurityConfig.keycloakAuthenticationProvider(WebSecurityConfig.java:49) ~[classes/:na]
	at com.athentication.oauth2.security.WebSecurityConfig.keycloakAuthenticationProvider(WebSecurityConfig.java:49) ~[classes/:na]
	at com.athentication.oauth2.security.WebSecurityConfig.keycloakAuthenticationProvider(WebSecurityConfig.java:49) ~[classes/:na]
	at com.athentication.oauth2.security.WebSecurityConfig.keycloakAuthenticationProvider(WebSecurityConfig.java:49) ~[classes/:na]
	at com.athentication.oauth2.security.WebSecurityConfig.keycloakAuthenticationProvider(WebSecurityConfig.java:49) ~[classes/:na]
	at com.athentication.oauth2.security.WebSecurityConfig.keycloakAuthenticationProvider(WebSecurityConfig.java:49) ~[classes/:na]
	at com.athentication.oauth2.security.WebSecurityConfig.keycloakAuthenticationProvider(WebSecurityConfig.java:49) ~[classes/:na]
	at com.athentication.oauth2.security.WebSecurityConfig.keycloakAuthenticationProvider(WebSecurityConfig.java:49) ~[classes/:na]
	at com.athentication.oauth2.security.WebSecurityConfig.keycloakAuthenticationProvider(WebSecurityConfig.java:49) ~[classes/:na]
	at com.athentication.oauth2.security.WebSecurityConfig.keycloakAuthenticationProvider(WebSecurityConfig.java:49) ~[classes/:na]
	at com.athentication.oauth2.security.WebSecurityConfig.keycloakAuthenticationProvider(WebSecurityConfig.java:49) ~[classes/:na]
	at com.athentication.oauth2.security.WebSecurityConfig.keycloakAuthenticationProvider(WebSecurityConfig.java:49) ~[classes/:na]
	at com.athentication.oauth2.security.WebSecurityConfig.keycloakAuthenticationProvider(WebSecurityConfig.java:49) ~[classes/:na]
	at com.athentication.oauth2.security.WebSecurityConfig.keycloakAuthenticationProvider(WebSecurityConfig.java:49) ~[classes/:na]
	at com.athentication.oauth2.security.WebSecurityConfig.keycloakAuthenticationProvider(WebSecurityConfig.java:49) ~[classes/:na]
	at com.athentication.oauth2.security.WebSecurityConfig.keycloakAuthenticationProvider(WebSecurityConfig.java:49) ~[classes/:na]
	at com.athentication.oauth2.security.WebSecurityConfig.keycloakAuthenticationProvider(WebSecurityConfig.java:49) ~[classes/:na]
	at com.athentication.oauth2.security.WebSecurityConfig.keycloakAuthenticationProvider(WebSecurityConfig.java:49) ~[classes/:na]
	at com.athentication.oauth2.security.WebSecurityConfig.keycloakAuthenticationProvider(WebSecurityConfig.java:49) ~[classes/:na]
	at com.athentication.oauth2.security.WebSecurityConfig.keycloakAuthenticationProvider(WebSecurityConfig.java:49) ~[classes/:na]
	at com.athentication.oauth2.security.WebSecurityConfig.keycloakAuthenticationProvider(WebSecurityConfig.java:49) ~[classes/:na]
	at com.athentication.oauth2.security.WebSecurityConfig.keycloakAuthenticationProvider(WebSecurityConfig.java:49) ~[classes/:na]
	at com.athentication.oauth2.security.WebSecurityConfig.keycloakAuthenticationProvider(WebSecurityConfig.java:49) ~[classes/:na]
	at com.athentication.oauth2.security.WebSecurityConfig.keycloakAuthenticationProvider(WebSecurityConfig.java:49) ~[classes/:na]
	at com.athentication.oauth2.security.WebSecurityConfig.keycloakAuthenticationProvider(WebSecurityConfig.java:49) ~[classes/:na]
	at com.athentication.oauth2.security.WebSecurityConfig.keycloakAuthenticationProvider(WebSecurityConfig.java:49) ~[classes/:na]
	at com.athentication.oauth2.security.WebSecurityConfig.keycloakAuthenticationProvider(WebSecurityConfig.java:49) ~[classes/:na]
	at com.athentication.oauth2.security.WebSecurityConfig.keycloakAuthenticationProvider(WebSecurityConfig.java:49) ~[classes/:na]
	at com.athentication.oauth2.security.WebSecurityConfig.keycloakAuthenticationProvider(WebSecurityConfig.java:49) ~[classes/:na]
	at com.athentication.oauth2.security.WebSecurityConfig.keycloakAuthenticationProvider(WebSecurityConfig.java:49) ~[classes/:na]
	at com.athentication.oauth2.security.WebSecurityConfig.keycloakAuthenticationProvider(WebSecurityConfig.java:49) ~[classes/:na]
	at com.athentication.oauth2.security.WebSecurityConfig.keycloakAuthenticationProvider(WebSecurityConfig.java:49) ~[classes/:na]
	at com.athentication.oauth2.security.WebSecurityConfig.keycloakAuthenticationProvider(WebSecurityConfig.java:49) ~[classes/:na]
	at com.athentication.oauth2.security.WebSecurityConfig.keycloakAuthenticationProvider(WebSecurityConfig.java:49) ~[classes/:na]
	at com.athentication.oauth2.security.WebSecurityConfig.keycloakAuthenticationProvider(WebSecurityConfig.java:49) ~[classes/:na]
	at com.athentication.oauth2.security.WebSecurityConfig.keycloakAuthenticationProvider(WebSecurityConfig.java:49) ~[classes/:na]
	at com.athentication.oauth2.security.WebSecurityConfig.keycloakAuthenticationProvider(WebSecurityConfig.java:49) ~[classes/:na]
	at com.athentication.oauth2.security.WebSecurityConfig.keycloakAuthenticationProvider(WebSecurityConfig.java:49) ~[classes/:na]
	at com.athentication.oauth2.security.WebSecurityConfig.keycloakAuthenticationProvider(WebSecurityConfig.java:49) ~[classes/:na]
	at com.athentication.oauth2.security.WebSecurityConfig.keycloakAuthenticationProvider(WebSecurityConfig.java:49) ~[classes/:na]
	at com.athentication.oauth2.security.WebSecurityConfig.keycloakAuthenticationProvider(WebSecurityConfig.java:49) ~[classes/:na]
	at com.athentication.oauth2.security.WebSecurityConfig.keycloakAuthenticationProvider(WebSecurityConfig.java:49) ~[classes/:na]
	at com.athentication.oauth2.security.WebSecurityConfig.keycloakAuthenticationProvider(WebSecurityConfig.java:49) ~[classes/:na]
	at com.athentication.oauth2.security.WebSecurityConfig.keycloakAuthenticationProvider(WebSecurityConfig.java:49) ~[classes/:na]
	at com.athentication.oauth2.security.WebSecurityConfig.keycloakAuthenticationProvider(WebSecurityConfig.java:49) ~[classes/:na]
	at com.athentication.oauth2.security.WebSecurityConfig.keycloakAuthenticationProvider(WebSecurityConfig.java:49) ~[classes/:na]
	at com.athentication.oauth2.security.WebSecurityConfig.keycloakAuthenticationProvider(WebSecurityConfig.java:49) ~[classes/:na]
	at com.athentication.oauth2.security.WebSecurityConfig.keycloakAuthenticationProvider(WebSecurityConfig.java:49) ~[classes/:na]
	at com.athentication.oauth2.security.WebSecurityConfig.keycloakAuthenticationProvider(WebSecurityConfig.java:49) ~[classes/:na]
	at com.athentication.oauth2.security.WebSecurityConfig.keycloakAuthenticationProvider(WebSecurityConfig.java:49) ~[classes/:na]
	at com.athentication.oauth2.security.WebSecurityConfig.keycloakAuthenticationProvider(WebSecurityConfig.java:49) ~[classes/:na]
	at com.athentication.oauth2.security.WebSecurityConfig.keycloakAuthenticationProvider(WebSecurityConfig.java:49) ~[classes/:na]
	at com.athentication.oauth2.security.WebSecurityConfig.keycloakAuthenticationProvider(WebSecurityConfig.java:49) ~[classes/:na]
	at com.athentication.oauth2.security.WebSecurityConfig.keycloakAuthenticationProvider(WebSecurityConfig.java:49) ~[classes/:na]
	at com.athentication.oauth2.security.WebSecurityConfig.keycloakAuthenticationProvider(WebSecurityConfig.java:49) ~[classes/:na]
	at com.athentication.oauth2.security.WebSecurityConfig.keycloakAuthenticationProvider(WebSecurityConfig.java:49) ~[classes/:na]
	at com.athentication.oauth2.security.WebSecurityConfig.keycloakAuthenticationProvider(WebSecurityConfig.java:49) ~[classes/:na]
	at com.athentication.oauth2.security.WebSecurityConfig.keycloakAuthenticationProvider(WebSecurityConfig.java:49) ~[classes/:na]
	at com.athentication.oauth2.security.WebSecurityConfig.keycloakAuthenticationProvider(WebSecurityConfig.java:49) ~[classes/:na]
	at com.athentication.oauth2.security.WebSecurityConfig.keycloakAuthenticationProvider(WebSecurityConfig.java:49) ~[classes/:na]
	at com.athentication.oauth2.security.WebSecurityConfig.keycloakAuthenticationProvider(WebSecurityConfig.java:49) ~[classes/:na]
	at com.athentication.oauth2.security.WebSecurityConfig.keycloakAuthenticationProvider(WebSecurityConfig.java:49) ~[classes/:na]
	at com.athentication.oauth2.security.WebSecurityConfig.keycloakAuthenticationProvider(WebSecurityConfig.java:49) ~[classes/:na]
	at com.athentication.oauth2.security.WebSecurityConfig.keycloakAuthenticationProvider(WebSecurityConfig.java:49) ~[classes/:na]
	at com.athentication.oauth2.security.WebSecurityConfig.keycloakAuthenticationProvider(WebSecurityConfig.java:49) ~[classes/:na]
	at com.athentication.oauth2.security.WebSecurityConfig.keycloakAuthenticationProvider(WebSecurityConfig.java:49) ~[classes/:na]
	at com.athentication.oauth2.security.WebSecurityConfig.keycloakAuthenticationProvider(WebSecurityConfig.java:49) ~[classes/:na]
	at com.athentication.oauth2.security.WebSecurityConfig.keycloakAuthenticationProvider(WebSecurityConfig.java:49) ~[classes/:na]
	at com.athentication.oauth2.security.WebSecurityConfig.keycloakAuthenticationProvider(WebSecurityConfig.java:49) ~[classes/:na]
	at com.athentication.oauth2.security.WebSecurityConfig.keycloakAuthenticationProvider(WebSecurityConfig.java:49) ~[classes/:na]
	at com.athentication.oauth2.security.WebSecurityConfig.keycloakAuthenticationProvider(WebSecurityConfig.java:49) ~[classes/:na]
	at com.athentication.oauth2.security.WebSecurityConfig.keycloakAuthenticationProvider(WebSecurityConfig.java:49) ~[classes/:na]
	at com.athentication.oauth2.security.WebSecurityConfig.keycloakAuthenticationProvider(WebSecurityConfig.java:49) ~[classes/:na]
	at com.athentication.oauth2.security.WebSecurityConfig.keycloakAuthenticationProvider(WebSecurityConfig.java:49) ~[classes/:na]
	at com.athentication.oauth2.security.WebSecurityConfig.keycloakAuthenticationProvider(WebSecurityConfig.java:49) ~[classes/:na]
	at com.athentication.oauth2.security.WebSecurityConfig.keycloakAuthenticationProvider(WebSecurityConfig.java:49) ~[classes/:na]
	at com.athentication.oauth2.security.WebSecurityConfig.keycloakAuthenticationProvider(WebSecurityConfig.java:49) ~[classes/:na]
	at com.athentication.oauth2.security.WebSecurityConfig.keycloakAuthenticationProvider(WebSecurityConfig.java:49) ~[classes/:na]
	at com.athentication.oauth2.security.WebSecurityConfig.keycloakAuthenticationProvider(WebSecurityConfig.java:49) ~[classes/:na]
	at com.athentication.oauth2.security.WebSecurityConfig.keycloakAuthenticationProvider(WebSecurityConfig.java:49) ~[classes/:na]
	at com.athentication.oauth2.security.WebSecurityConfig.keycloakAuthenticationProvider(WebSecurityConfig.java:49) ~[classes/:na]
	at com.athentication.oauth2.security.WebSecurityConfig.keycloakAuthenticationProvider(WebSecurityConfig.java:49) ~[classes/:na]
	at com.athentication.oauth2.security.WebSecurityConfig.keycloakAuthenticationProvider(WebSecurityConfig.java:49) ~[classes/:na]
	at com.athentication.oauth2.security.WebSecurityConfig.keycloakAuthenticationProvider(WebSecurityConfig.java:49) ~[classes/:na]
	at com.athentication.oauth2.security.WebSecurityConfig.keycloakAuthenticationProvider(WebSecurityConfig.java:49) ~[classes/:na]
	at com.athentication.oauth2.security.WebSecurityConfig.keycloakAuthenticationProvider(WebSecurityConfig.java:49) ~[classes/:na]
	at com.athentication.oauth2.security.WebSecurityConfig.keycloakAuthenticationProvider(WebSecurityConfig.java:49) ~[classes/:na]
	at com.athentication.oauth2.security.WebSecurityConfig.keycloakAuthenticationProvider(WebSecurityConfig.java:49) ~[classes/:na]
	at com.athentication.oauth2.security.WebSecurityConfig.keycloakAuthenticationProvider(WebSecurityConfig.java:49) ~[classes/:na]
	at com.athentication.oauth2.security.WebSecurityConfig.keycloakAuthenticationProvider(WebSecurityConfig.java:49) ~[classes/:na]
	at com.athentication.oauth2.security.WebSecurityConfig.keycloakAuthenticationProvider(WebSecurityConfig.java:49) ~[classes/:na]
	at com.athentication.oauth2.security.WebSecurityConfig.keycloakAuthenticationProvider(WebSecurityConfig.java:49) ~[classes/:na]
	at com.athentication.oauth2.security.WebSecurityConfig.keycloakAuthenticationProvider(WebSecurityConfig.java:49) ~[classes/:na]
	at com.athentication.oauth2.security.WebSecurityConfig.keycloakAuthenticationProvider(WebSecurityConfig.java:49) ~[classes/:na]
	at com.athentication.oauth2.security.WebSecurityConfig.keycloakAuthenticationProvider(WebSecurityConfig.java:49) ~[classes/:na]
	at com.athentication.oauth2.security.WebSecurityConfig.keycloakAuthenticationProvider(WebSecurityConfig.java:49) ~[classes/:na]
	at com.athentication.oauth2.security.WebSecurityConfig.keycloakAuthenticationProvider(WebSecurityConfig.java:49) ~[classes/:na]
	at com.athentication.oauth2.security.WebSecurityConfig.keycloakAuthenticationProvider(WebSecurityConfig.java:49) ~[classes/:na]
	at com.athentication.oauth2.security.WebSecurityConfig.keycloakAuthenticationProvider(WebSecurityConfig.java:49) ~[classes/:na]
	at com.athentication.oauth2.security.WebSecurityConfig.keycloakAuthenticationProvider(WebSecurityConfig.java:49) ~[classes/:na]
	at com.athentication.oauth2.security.WebSecurityConfig.keycloakAuthenticationProvider(WebSecurityConfig.java:49) ~[classes/:na]
	at com.athentication.oauth2.security.WebSecurityConfig.keycloakAuthenticationProvider(WebSecurityConfig.java:49) ~[classes/:na]
	at com.athentication.oauth2.security.WebSecurityConfig.keycloakAuthenticationProvider(WebSecurityConfig.java:49) ~[classes/:na]
	at com.athentication.oauth2.security.WebSecurityConfig.keycloakAuthenticationProvider(WebSecurityConfig.java:49) ~[classes/:na]
	at com.athentication.oauth2.security.WebSecurityConfig.keycloakAuthenticationProvider(WebSecurityConfig.java:49) ~[classes/:na]
	at com.athentication.oauth2.security.WebSecurityConfig.keycloakAuthenticationProvider(WebSecurityConfig.java:49) ~[classes/:na]
	at com.athentication.oauth2.security.WebSecurityConfig.keycloakAuthenticationProvider(WebSecurityConfig.java:49) ~[classes/:na]
	at com.athentication.oauth2.security.WebSecurityConfig.keycloakAuthenticationProvider(WebSecurityConfig.java:49) ~[classes/:na]
	at com.athentication.oauth2.security.WebSecurityConfig.keycloakAuthenticationProvider(WebSecurityConfig.java:49) ~[classes/:na]
	at com.athentication.oauth2.security.WebSecurityConfig.keycloakAuthenticationProvider(WebSecurityConfig.java:49) ~[classes/:na]
	at com.athentication.oauth2.security.WebSecurityConfig.keycloakAuthenticationProvider(WebSecurityConfig.java:49) ~[classes/:na]
	at com.athentication.oauth2.security.WebSecurityConfig.keycloakAuthenticationProvider(WebSecurityConfig.java:49) ~[classes/:na]
	at com.athentication.oauth2.security.WebSecurityConfig.keycloakAuthenticationProvider(WebSecurityConfig.java:49) ~[classes/:na]
	at com.athentication.oauth2.security.WebSecurityConfig.keycloakAuthenticationProvider(WebSecurityConfig.java:49) ~[classes/:na]
	at com.athentication.oauth2.security.WebSecurityConfig.keycloakAuthenticationProvider(WebSecurityConfig.java:49) ~[classes/:na]
	at com.athentication.oauth2.security.WebSecurityConfig.keycloakAuthenticationProvider(WebSecurityConfig.java:49) ~[classes/:na]
	at com.athentication.oauth2.security.WebSecurityConfig.keycloakAuthenticationProvider(WebSecurityConfig.java:49) ~[classes/:na]
	at com.athentication.oauth2.security.WebSecurityConfig.keycloakAuthenticationProvider(WebSecurityConfig.java:49) ~[classes/:na]
	at com.athentication.oauth2.security.WebSecurityConfig.keycloakAuthenticationProvider(WebSecurityConfig.java:49) ~[classes/:na]
	at com.athentication.oauth2.security.WebSecurityConfig.keycloakAuthenticationProvider(WebSecurityConfig.java:49) ~[classes/:na]
	at com.athentication.oauth2.security.WebSecurityConfig.keycloakAuthenticationProvider(WebSecurityConfig.java:49) ~[classes/:na]
	at com.athentication.oauth2.security.WebSecurityConfig.keycloakAuthenticationProvider(WebSecurityConfig.java:49) ~[classes/:na]
	at com.athentication.oauth2.security.WebSecurityConfig.keycloakAuthenticationProvider(WebSecurityConfig.java:49) ~[classes/:na]
	at com.athentication.oauth2.security.WebSecurityConfig.keycloakAuthenticationProvider(WebSecurityConfig.java:49) ~[classes/:na]
	at com.athentication.oauth2.security.WebSecurityConfig.keycloakAuthenticationProvider(WebSecurityConfig.java:49) ~[classes/:na]
	at com.athentication.oauth2.security.WebSecurityConfig.keycloakAuthenticationProvider(WebSecurityConfig.java:49) ~[classes/:na]
	at com.athentication.oauth2.security.WebSecurityConfig.keycloakAuthenticationProvider(WebSecurityConfig.java:49) ~[classes/:na]
	at com.athentication.oauth2.security.WebSecurityConfig.keycloakAuthenticationProvider(WebSecurityConfig.java:49) ~[classes/:na]
	at com.athentication.oauth2.security.WebSecurityConfig.keycloakAuthenticationProvider(WebSecurityConfig.java:49) ~[classes/:na]
	at com.athentication.oauth2.security.WebSecurityConfig.keycloakAuthenticationProvider(WebSecurityConfig.java:49) ~[classes/:na]
	at com.athentication.oauth2.security.WebSecurityConfig.keycloakAuthenticationProvider(WebSecurityConfig.java:49) ~[classes/:na]
	at com.athentication.oauth2.security.WebSecurityConfig.keycloakAuthenticationProvider(WebSecurityConfig.java:49) ~[classes/:na]
	at com.athentication.oauth2.security.WebSecurityConfig.keycloakAuthenticationProvider(WebSecurityConfig.java:49) ~[classes/:na]
	at com.athentication.oauth2.security.WebSecurityConfig.keycloakAuthenticationProvider(WebSecurityConfig.java:49) ~[classes/:na]
	at com.athentication.oauth2.security.WebSecurityConfig.keycloakAuthenticationProvider(WebSecurityConfig.java:49) ~[classes/:na]
	at com.athentication.oauth2.security.WebSecurityConfig.keycloakAuthenticationProvider(WebSecurityConfig.java:49) ~[classes/:na]
	at com.athentication.oauth2.security.WebSecurityConfig.keycloakAuthenticationProvider(WebSecurityConfig.java:49) ~[classes/:na]
	at com.athentication.oauth2.security.WebSecurityConfig.keycloakAuthenticationProvider(WebSecurityConfig.java:49) ~[classes/:na]
	at com.athentication.oauth2.security.WebSecurityConfig.keycloakAuthenticationProvider(WebSecurityConfig.java:49) ~[classes/:na]
	at com.athentication.oauth2.security.WebSecurityConfig.keycloakAuthenticationProvider(WebSecurityConfig.java:49) ~[classes/:na]
	at com.athentication.oauth2.security.WebSecurityConfig.keycloakAuthenticationProvider(WebSecurityConfig.java:49) ~[classes/:na]
	at com.athentication.oauth2.security.WebSecurityConfig.keycloakAuthenticationProvider(WebSecurityConfig.java:49) ~[classes/:na]
	at com.athentication.oauth2.security.WebSecurityConfig.keycloakAuthenticationProvider(WebSecurityConfig.java:49) ~[classes/:na]
	at com.athentication.oauth2.security.WebSecurityConfig.keycloakAuthenticationProvider(WebSecurityConfig.java:49) ~[classes/:na]
	at com.athentication.oauth2.security.WebSecurityConfig.keycloakAuthenticationProvider(WebSecurityConfig.java:49) ~[classes/:na]
	at com.athentication.oauth2.security.WebSecurityConfig.keycloakAuthenticationProvider(WebSecurityConfig.java:49) ~[classes/:na]
	at com.athentication.oauth2.security.WebSecurityConfig.keycloakAuthenticationProvider(WebSecurityConfig.java:49) ~[classes/:na]
	at com.athentication.oauth2.security.WebSecurityConfig.keycloakAuthenticationProvider(WebSecurityConfig.java:49) ~[classes/:na]
	at com.athentication.oauth2.security.WebSecurityConfig.keycloakAuthenticationProvider(WebSecurityConfig.java:49) ~[classes/:na]
	at com.athentication.oauth2.security.WebSecurityConfig.keycloakAuthenticationProvider(WebSecurityConfig.java:49) ~[classes/:na]
	at com.athentication.oauth2.security.WebSecurityConfig.keycloakAuthenticationProvider(WebSecurityConfig.java:49) ~[classes/:na]
	at com.athentication.oauth2.security.WebSecurityConfig.keycloakAuthenticationProvider(WebSecurityConfig.java:49) ~[classes/:na]
	at com.athentication.oauth2.security.WebSecurityConfig.keycloakAuthenticationProvider(WebSecurityConfig.java:49) ~[classes/:na]
	at com.athentication.oauth2.security.WebSecurityConfig.keycloakAuthenticationProvider(WebSecurityConfig.java:49) ~[classes/:na]
	at com.athentication.oauth2.security.WebSecurityConfig.keycloakAuthenticationProvider(WebSecurityConfig.java:49) ~[classes/:na]
	at com.athentication.oauth2.security.WebSecurityConfig.keycloakAuthenticationProvider(WebSecurityConfig.java:49) ~[classes/:na]
	at com.athentication.oauth2.security.WebSecurityConfig.keycloakAuthenticationProvider(WebSecurityConfig.java:49) ~[classes/:na]
	at com.athentication.oauth2.security.WebSecurityConfig.keycloakAuthenticationProvider(WebSecurityConfig.java:49) ~[classes/:na]
	at com.athentication.oauth2.security.WebSecurityConfig.keycloakAuthenticationProvider(WebSecurityConfig.java:49) ~[classes/:na]
	at com.athentication.oauth2.security.WebSecurityConfig.keycloakAuthenticationProvider(WebSecurityConfig.java:49) ~[classes/:na]
	at com.athentication.oauth2.security.WebSecurityConfig.keycloakAuthenticationProvider(WebSecurityConfig.java:49) ~[classes/:na]
	at com.athentication.oauth2.security.WebSecurityConfig.keycloakAuthenticationProvider(WebSecurityConfig.java:49) ~[classes/:na]
	at com.athentication.oauth2.security.WebSecurityConfig.keycloakAuthenticationProvider(WebSecurityConfig.java:49) ~[classes/:na]
	at com.athentication.oauth2.security.WebSecurityConfig.keycloakAuthenticationProvider(WebSecurityConfig.java:49) ~[classes/:na]
	at com.athentication.oauth2.security.WebSecurityConfig.keycloakAuthenticationProvider(WebSecurityConfig.java:49) ~[classes/:na]
	at com.athentication.oauth2.security.WebSecurityConfig.keycloakAuthenticationProvider(WebSecurityConfig.java:49) ~[classes/:na]
	at com.athentication.oauth2.security.WebSecurityConfig.keycloakAuthenticationProvider(WebSecurityConfig.java:49) ~[classes/:na]
	at com.athentication.oauth2.security.WebSecurityConfig.keycloakAuthenticationProvider(WebSecurityConfig.java:49) ~[classes/:na]
	at com.athentication.oauth2.security.WebSecurityConfig.keycloakAuthenticationProvider(WebSecurityConfig.java:49) ~[classes/:na]
	at com.athentication.oauth2.security.WebSecurityConfig.keycloakAuthenticationProvider(WebSecurityConfig.java:49) ~[classes/:na]
	at com.athentication.oauth2.security.WebSecurityConfig.keycloakAuthenticationProvider(WebSecurityConfig.java:49) ~[classes/:na]
	at com.athentication.oauth2.security.WebSecurityConfig.keycloakAuthenticationProvider(WebSecurityConfig.java:49) ~[classes/:na]
	at com.athentication.oauth2.security.WebSecurityConfig.keycloakAuthenticationProvider(WebSecurityConfig.java:49) ~[classes/:na]
	at com.athentication.oauth2.security.WebSecurityConfig.keycloakAuthenticationProvider(WebSecurityConfig.java:49) ~[classes/:na]
	at com.athentication.oauth2.security.WebSecurityConfig.keycloakAuthenticationProvider(WebSecurityConfig.java:49) ~[classes/:na]
	at com.athentication.oauth2.security.WebSecurityConfig.keycloakAuthenticationProvider(WebSecurityConfig.java:49) ~[classes/:na]
	at com.athentication.oauth2.security.WebSecurityConfig.keycloakAuthenticationProvider(WebSecurityConfig.java:49) ~[classes/:na]
	at com.athentication.oauth2.security.WebSecurityConfig.keycloakAuthenticationProvider(WebSecurityConfig.java:49) ~[classes/:na]
	at com.athentication.oauth2.security.WebSecurityConfig.keycloakAuthenticationProvider(WebSecurityConfig.java:49) ~[classes/:na]
	at com.athentication.oauth2.security.WebSecurityConfig.keycloakAuthenticationProvider(WebSecurityConfig.java:49) ~[classes/:na]
	at com.athentication.oauth2.security.WebSecurityConfig.keycloakAuthenticationProvider(WebSecurityConfig.java:49) ~[classes/:na]
	at com.athentication.oauth2.security.WebSecurityConfig.keycloakAuthenticationProvider(WebSecurityConfig.java:49) ~[classes/:na]
	at com.athentication.oauth2.security.WebSecurityConfig.keycloakAuthenticationProvider(WebSecurityConfig.java:49) ~[classes/:na]
	at com.athentication.oauth2.security.WebSecurityConfig.keycloakAuthenticationProvider(WebSecurityConfig.java:49) ~[classes/:na]
	at com.athentication.oauth2.security.WebSecurityConfig.keycloakAuthenticationProvider(WebSecurityConfig.java:49) ~[classes/:na]
	at com.athentication.oauth2.security.WebSecurityConfig.keycloakAuthenticationProvider(WebSecurityConfig.java:49) ~[classes/:na]
	at com.athentication.oauth2.security.WebSecurityConfig.keycloakAuthenticationProvider(WebSecurityConfig.java:49) ~[classes/:na]
	at com.athentication.oauth2.security.WebSecurityConfig.keycloakAuthenticationProvider(WebSecurityConfig.java:49) ~[classes/:na]
	at com.athentication.oauth2.security.WebSecurityConfig.keycloakAuthenticationProvider(WebSecurityConfig.java:49) ~[classes/:na]
	at com.athentication.oauth2.security.WebSecurityConfig.keycloakAuthenticationProvider(WebSecurityConfig.java:49) ~[classes/:na]
	at com.athentication.oauth2.security.WebSecurityConfig.keycloakAuthenticationProvider(WebSecurityConfig.java:49) ~[classes/:na]
	at com.athentication.oauth2.security.WebSecurityConfig.keycloakAuthenticationProvider(WebSecurityConfig.java:49) ~[classes/:na]
	at com.athentication.oauth2.security.WebSecurityConfig.keycloakAuthenticationProvider(WebSecurityConfig.java:49) ~[classes/:na]
	at com.athentication.oauth2.security.WebSecurityConfig.keycloakAuthenticationProvider(WebSecurityConfig.java:49) ~[classes/:na]
	at com.athentication.oauth2.security.WebSecurityConfig.keycloakAuthenticationProvider(WebSecurityConfig.java:49) ~[classes/:na]
	at com.athentication.oauth2.security.WebSecurityConfig.keycloakAuthenticationProvider(WebSecurityConfig.java:49) ~[classes/:na]
	at com.athentication.oauth2.security.WebSecurityConfig.keycloakAuthenticationProvider(WebSecurityConfig.java:49) ~[classes/:na]
	at com.athentication.oauth2.security.WebSecurityConfig.keycloakAuthenticationProvider(WebSecurityConfig.java:49) ~[classes/:na]
	at com.athentication.oauth2.security.WebSecurityConfig.keycloakAuthenticationProvider(WebSecurityConfig.java:49) ~[classes/:na]
	at com.athentication.oauth2.security.WebSecurityConfig.keycloakAuthenticationProvider(WebSecurityConfig.java:49) ~[classes/:na]
	at com.athentication.oauth2.security.WebSecurityConfig.keycloakAuthenticationProvider(WebSecurityConfig.java:49) ~[classes/:na]
	at com.athentication.oauth2.security.WebSecurityConfig.keycloakAuthenticationProvider(WebSecurityConfig.java:49) ~[classes/:na]
	at com.athentication.oauth2.security.WebSecurityConfig.keycloakAuthenticationProvider(WebSecurityConfig.java:49) ~[classes/:na]
	at com.athentication.oauth2.security.WebSecurityConfig.keycloakAuthenticationProvider(WebSecurityConfig.java:49) ~[classes/:na]
	at com.athentication.oauth2.security.WebSecurityConfig.keycloakAuthenticationProvider(WebSecurityConfig.java:49) ~[classes/:na]
	at com.athentication.oauth2.security.WebSecurityConfig.keycloakAuthenticationProvider(WebSecurityConfig.java:49) ~[classes/:na]
	at com.athentication.oauth2.security.WebSecurityConfig.keycloakAuthenticationProvider(WebSecurityConfig.java:49) ~[classes/:na]
	at com.athentication.oauth2.security.WebSecurityConfig.keycloakAuthenticationProvider(WebSecurityConfig.java:49) ~[classes/:na]
	at com.athentication.oauth2.security.WebSecurityConfig.keycloakAuthenticationProvider(WebSecurityConfig.java:49) ~[classes/:na]
	at com.athentication.oauth2.security.WebSecurityConfig.keycloakAuthenticationProvider(WebSecurityConfig.java:49) ~[classes/:na]
	at com.athentication.oauth2.security.WebSecurityConfig.keycloakAuthenticationProvider(WebSecurityConfig.java:49) ~[classes/:na]
	at com.athentication.oauth2.security.WebSecurityConfig.keycloakAuthenticationProvider(WebSecurityConfig.java:49) ~[classes/:na]
	at com.athentication.oauth2.security.WebSecurityConfig.keycloakAuthenticationProvider(WebSecurityConfig.java:49) ~[classes/:na]
	at com.athentication.oauth2.security.WebSecurityConfig.keycloakAuthenticationProvider(WebSecurityConfig.java:49) ~[classes/:na]
	at com.athentication.oauth2.security.WebSecurityConfig.keycloakAuthenticationProvider(WebSecurityConfig.java:49) ~[classes/:na]
	at com.athentication.oauth2.security.WebSecurityConfig.keycloakAuthenticationProvider(WebSecurityConfig.java:49) ~[classes/:na]
	at com.athentication.oauth2.security.WebSecurityConfig.keycloakAuthenticationProvider(WebSecurityConfig.java:49) ~[classes/:na]
	at com.athentication.oauth2.security.WebSecurityConfig.keycloakAuthenticationProvider(WebSecurityConfig.java:49) ~[classes/:na]
	at com.athentication.oauth2.security.WebSecurityConfig.keycloakAuthenticationProvider(WebSecurityConfig.java:49) ~[classes/:na]
	at com.athentication.oauth2.security.WebSecurityConfig.keycloakAuthenticationProvider(WebSecurityConfig.java:49) ~[classes/:na]
	at com.athentication.oauth2.security.WebSecurityConfig.keycloakAuthenticationProvider(WebSecurityConfig.java:49) ~[classes/:na]
	at com.athentication.oauth2.security.WebSecurityConfig.keycloakAuthenticationProvider(WebSecurityConfig.java:49) ~[classes/:na]
	at com.athentication.oauth2.security.WebSecurityConfig.keycloakAuthenticationProvider(WebSecurityConfig.java:49) ~[classes/:na]
	at com.athentication.oauth2.security.WebSecurityConfig.keycloakAuthenticationProvider(WebSecurityConfig.java:49) ~[classes/:na]
	at com.athentication.oauth2.security.WebSecurityConfig.keycloakAuthenticationProvider(WebSecurityConfig.java:49) ~[classes/:na]
	at com.athentication.oauth2.security.WebSecurityConfig.keycloakAuthenticationProvider(WebSecurityConfig.java:49) ~[classes/:na]
	at com.athentication.oauth2.security.WebSecurityConfig.keycloakAuthenticationProvider(WebSecurityConfig.java:49) ~[classes/:na]
	at com.athentication.oauth2.security.WebSecurityConfig.keycloakAuthenticationProvider(WebSecurityConfig.java:49) ~[classes/:na]
	at com.athentication.oauth2.security.WebSecurityConfig.keycloakAuthenticationProvider(WebSecurityConfig.java:49) ~[classes/:na]
	at com.athentication.oauth2.security.WebSecurityConfig.keycloakAuthenticationProvider(WebSecurityConfig.java:49) ~[classes/:na]
	at com.athentication.oauth2.security.WebSecurityConfig.keycloakAuthenticationProvider(WebSecurityConfig.java:49) ~[classes/:na]
	at com.athentication.oauth2.security.WebSecurityConfig.keycloakAuthenticationProvider(WebSecurityConfig.java:49) ~[classes/:na]
	at com.athentication.oauth2.security.WebSecurityConfig.keycloakAuthenticationProvider(WebSecurityConfig.java:49) ~[classes/:na]
	at com.athentication.oauth2.security.WebSecurityConfig.keycloakAuthenticationProvider(WebSecurityConfig.java:49) ~[classes/:na]
	at com.athentication.oauth2.security.WebSecurityConfig.keycloakAuthenticationProvider(WebSecurityConfig.java:49) ~[classes/:na]
	at com.athentication.oauth2.security.WebSecurityConfig.keycloakAuthenticationProvider(WebSecurityConfig.java:49) ~[classes/:na]
	at com.athentication.oauth2.security.WebSecurityConfig.keycloakAuthenticationProvider(WebSecurityConfig.java:49) ~[classes/:na]
	at com.athentication.oauth2.security.WebSecurityConfig.keycloakAuthenticationProvider(WebSecurityConfig.java:49) ~[classes/:na]
	at com.athentication.oauth2.security.WebSecurityConfig.keycloakAuthenticationProvider(WebSecurityConfig.java:49) ~[classes/:na]
	at com.athentication.oauth2.security.WebSecurityConfig.keycloakAuthenticationProvider(WebSecurityConfig.java:49) ~[classes/:na]
	at com.athentication.oauth2.security.WebSecurityConfig.keycloakAuthenticationProvider(WebSecurityConfig.java:49) ~[classes/:na]
	at com.athentication.oauth2.security.WebSecurityConfig.keycloakAuthenticationProvider(WebSecurityConfig.java:49) ~[classes/:na]
	at com.athentication.oauth2.security.WebSecurityConfig.keycloakAuthenticationProvider(WebSecurityConfig.java:49) ~[classes/:na]
	at com.athentication.oauth2.security.WebSecurityConfig.keycloakAuthenticationProvider(WebSecurityConfig.java:49) ~[classes/:na]
	at com.athentication.oauth2.security.WebSecurityConfig.keycloakAuthenticationProvider(WebSecurityConfig.java:49) ~[classes/:na]
	at com.athentication.oauth2.security.WebSecurityConfig.keycloakAuthenticationProvider(WebSecurityConfig.java:49) ~[classes/:na]
	at com.athentication.oauth2.security.WebSecurityConfig.keycloakAuthenticationProvider(WebSecurityConfig.java:49) ~[classes/:na]
	at com.athentication.oauth2.security.WebSecurityConfig.keycloakAuthenticationProvider(WebSecurityConfig.java:49) ~[classes/:na]
	at com.athentication.oauth2.security.WebSecurityConfig.keycloakAuthenticationProvider(WebSecurityConfig.java:49) ~[classes/:na]
	at com.athentication.oauth2.security.WebSecurityConfig.keycloakAuthenticationProvider(WebSecurityConfig.java:49) ~[classes/:na]
	at com.athentication.oauth2.security.WebSecurityConfig.keycloakAuthenticationProvider(WebSecurityConfig.java:49) ~[classes/:na]
	at com.athentication.oauth2.security.WebSecurityConfig.keycloakAuthenticationProvider(WebSecurityConfig.java:49) ~[classes/:na]
	at com.athentication.oauth2.security.WebSecurityConfig.keycloakAuthenticationProvider(WebSecurityConfig.java:49) ~[classes/:na]
	at com.athentication.oauth2.security.WebSecurityConfig.keycloakAuthenticationProvider(WebSecurityConfig.java:49) ~[classes/:na]
	at com.athentication.oauth2.security.WebSecurityConfig.keycloakAuthenticationProvider(WebSecurityConfig.java:49) ~[classes/:na]
	at com.athentication.oauth2.security.WebSecurityConfig.keycloakAuthenticationProvider(WebSecurityConfig.java:49) ~[classes/:na]
	at com.athentication.oauth2.security.WebSecurityConfig.keycloakAuthenticationProvider(WebSecurityConfig.java:49) ~[classes/:na]
	at com.athentication.oauth2.security.WebSecurityConfig.keycloakAuthenticationProvider(WebSecurityConfig.java:49) ~[classes/:na]
	at com.athentication.oauth2.security.WebSecurityConfig.keycloakAuthenticationProvider(WebSecurityConfig.java:49) ~[classes/:na]
	at com.athentication.oauth2.security.WebSecurityConfig.keycloakAuthenticationProvider(WebSecurityConfig.java:49) ~[classes/:na]
	at com.athentication.oauth2.security.WebSecurityConfig.keycloakAuthenticationProvider(WebSecurityConfig.java:49) ~[classes/:na]
	at com.athentication.oauth2.security.WebSecurityConfig.keycloakAuthenticationProvider(WebSecurityConfig.java:49) ~[classes/:na]
	at com.athentication.oauth2.security.WebSecurityConfig.keycloakAuthenticationProvider(WebSecurityConfig.java:49) ~[classes/:na]
	at com.athentication.oauth2.security.WebSecurityConfig.keycloakAuthenticationProvider(WebSecurityConfig.java:49) ~[classes/:na]
	at com.athentication.oauth2.security.WebSecurityConfig.keycloakAuthenticationProvider(WebSecurityConfig.java:49) ~[classes/:na]
	at com.athentication.oauth2.security.WebSecurityConfig.keycloakAuthenticationProvider(WebSecurityConfig.java:49) ~[classes/:na]
	at com.athentication.oauth2.security.WebSecurityConfig.keycloakAuthenticationProvider(WebSecurityConfig.java:49) ~[classes/:na]
	at com.athentication.oauth2.security.WebSecurityConfig.keycloakAuthenticationProvider(WebSecurityConfig.java:49) ~[classes/:na]
	at com.athentication.oauth2.security.WebSecurityConfig.keycloakAuthenticationProvider(WebSecurityConfig.java:49) ~[classes/:na]
	at com.athentication.oauth2.security.WebSecurityConfig.keycloakAuthenticationProvider(WebSecurityConfig.java:49) ~[classes/:na]
	at com.athentication.oauth2.security.WebSecurityConfig.keycloakAuthenticationProvider(WebSecurityConfig.java:49) ~[classes/:na]
	at com.athentication.oauth2.security.WebSecurityConfig.keycloakAuthenticationProvider(WebSecurityConfig.java:49) ~[classes/:na]
	at com.athentication.oauth2.security.WebSecurityConfig.keycloakAuthenticationProvider(WebSecurityConfig.java:49) ~[classes/:na]
	at com.athentication.oauth2.security.WebSecurityConfig.keycloakAuthenticationProvider(WebSecurityConfig.java:49) ~[classes/:na]
	at com.athentication.oauth2.security.WebSecurityConfig.keycloakAuthenticationProvider(WebSecurityConfig.java:49) ~[classes/:na]
	at com.athentication.oauth2.security.WebSecurityConfig.keycloakAuthenticationProvider(WebSecurityConfig.java:49) ~[classes/:na]
	at com.athentication.oauth2.security.WebSecurityConfig.keycloakAuthenticationProvider(WebSecurityConfig.java:49) ~[classes/:na]
	at com.athentication.oauth2.security.WebSecurityConfig.keycloakAuthenticationProvider(WebSecurityConfig.java:49) ~[classes/:na]
	at com.athentication.oauth2.security.WebSecurityConfig.keycloakAuthenticationProvider(WebSecurityConfig.java:49) ~[classes/:na]
	at com.athentication.oauth2.security.WebSecurityConfig.keycloakAuthenticationProvider(WebSecurityConfig.java:49) ~[classes/:na]
	at com.athentication.oauth2.security.WebSecurityConfig.keycloakAuthenticationProvider(WebSecurityConfig.java:49) ~[classes/:na]
	at com.athentication.oauth2.security.WebSecurityConfig.keycloakAuthenticationProvider(WebSecurityConfig.java:49) ~[classes/:na]
	at com.athentication.oauth2.security.WebSecurityConfig.keycloakAuthenticationProvider(WebSecurityConfig.java:49) ~[classes/:na]
	at com.athentication.oauth2.security.WebSecurityConfig.keycloakAuthenticationProvider(WebSecurityConfig.java:49) ~[classes/:na]
	at com.athentication.oauth2.security.WebSecurityConfig.keycloakAuthenticationProvider(WebSecurityConfig.java:49) ~[classes/:na]
	at com.athentication.oauth2.security.WebSecurityConfig.keycloakAuthenticationProvider(WebSecurityConfig.java:49) ~[classes/:na]
	at com.athentication.oauth2.security.WebSecurityConfig.keycloakAuthenticationProvider(WebSecurityConfig.java:49) ~[classes/:na]
	at com.athentication.oauth2.security.WebSecurityConfig.keycloakAuthenticationProvider(WebSecurityConfig.java:49) ~[classes/:na]
	at com.athentication.oauth2.security.WebSecurityConfig.keycloakAuthenticationProvider(WebSecurityConfig.java:49) ~[classes/:na]
	at com.athentication.oauth2.security.WebSecurityConfig.keycloakAuthenticationProvider(WebSecurityConfig.java:49) ~[classes/:na]
	at com.athentication.oauth2.security.WebSecurityConfig.keycloakAuthenticationProvider(WebSecurityConfig.java:49) ~[classes/:na]
	at com.athentication.oauth2.security.WebSecurityConfig.keycloakAuthenticationProvider(WebSecurityConfig.java:49) ~[classes/:na]
	at com.athentication.oauth2.security.WebSecurityConfig.keycloakAuthenticationProvider(WebSecurityConfig.java:49) ~[classes/:na]
	at com.athentication.oauth2.security.WebSecurityConfig.keycloakAuthenticationProvider(WebSecurityConfig.java:49) ~[classes/:na]
	at com.athentication.oauth2.security.WebSecurityConfig.keycloakAuthenticationProvider(WebSecurityConfig.java:49) ~[classes/:na]
	at com.athentication.oauth2.security.WebSecurityConfig.keycloakAuthenticationProvider(WebSecurityConfig.java:49) ~[classes/:na]
	at com.athentication.oauth2.security.WebSecurityConfig.keycloakAuthenticationProvider(WebSecurityConfig.java:49) ~[classes/:na]
	at com.athentication.oauth2.security.WebSecurityConfig.keycloakAuthenticationProvider(WebSecurityConfig.java:49) ~[classes/:na]
	at com.athentication.oauth2.security.WebSecurityConfig.keycloakAuthenticationProvider(WebSecurityConfig.java:49) ~[classes/:na]
	at com.athentication.oauth2.security.WebSecurityConfig.keycloakAuthenticationProvider(WebSecurityConfig.java:49) ~[classes/:na]
	at com.athentication.oauth2.security.WebSecurityConfig.keycloakAuthenticationProvider(WebSecurityConfig.java:49) ~[classes/:na]
	at com.athentication.oauth2.security.WebSecurityConfig.keycloakAuthenticationProvider(WebSecurityConfig.java:49) ~[classes/:na]
	at com.athentication.oauth2.security.WebSecurityConfig.keycloakAuthenticationProvider(WebSecurityConfig.java:49) ~[classes/:na]
	at com.athentication.oauth2.security.WebSecurityConfig.keycloakAuthenticationProvider(WebSecurityConfig.java:49) ~[classes/:na]
	at com.athentication.oauth2.security.WebSecurityConfig.keycloakAuthenticationProvider(WebSecurityConfig.java:49) ~[classes/:na]
	at com.athentication.oauth2.security.WebSecurityConfig.keycloakAuthenticationProvider(WebSecurityConfig.java:49) ~[classes/:na]
	at com.athentication.oauth2.security.WebSecurityConfig.keycloakAuthenticationProvider(WebSecurityConfig.java:49) ~[classes/:na]
	at com.athentication.oauth2.security.WebSecurityConfig.keycloakAuthenticationProvider(WebSecurityConfig.java:49) ~[classes/:na]
	at com.athentication.oauth2.security.WebSecurityConfig.keycloakAuthenticationProvider(WebSecurityConfig.java:49) ~[classes/:na]
	at com.athentication.oauth2.security.WebSecurityConfig.keycloakAuthenticationProvider(WebSecurityConfig.java:49) ~[classes/:na]
	at com.athentication.oauth2.security.WebSecurityConfig.keycloakAuthenticationProvider(WebSecurityConfig.java:49) ~[classes/:na]
	at com.athentication.oauth2.security.WebSecurityConfig.keycloakAuthenticationProvider(WebSecurityConfig.java:49) ~[classes/:na]
	at com.athentication.oauth2.security.WebSecurityConfig.keycloakAuthenticationProvider(WebSecurityConfig.java:49) ~[classes/:na]
	at com.athentication.oauth2.security.WebSecurityConfig.keycloakAuthenticationProvider(WebSecurityConfig.java:49) ~[classes/:na]
	at com.athentication.oauth2.security.WebSecurityConfig.keycloakAuthenticationProvider(WebSecurityConfig.java:49) ~[classes/:na]
	at com.athentication.oauth2.security.WebSecurityConfig.keycloakAuthenticationProvider(WebSecurityConfig.java:49) ~[classes/:na]
	at com.athentication.oauth2.security.WebSecurityConfig.keycloakAuthenticationProvider(WebSecurityConfig.java:49) ~[classes/:na]
	at com.athentication.oauth2.security.WebSecurityConfig.keycloakAuthenticationProvider(WebSecurityConfig.java:49) ~[classes/:na]
	at com.athentication.oauth2.security.WebSecurityConfig.keycloakAuthenticationProvider(WebSecurityConfig.java:49) ~[classes/:na]
	at com.athentication.oauth2.security.WebSecurityConfig.keycloakAuthenticationProvider(WebSecurityConfig.java:49) ~[classes/:na]
	at com.athentication.oauth2.security.WebSecurityConfig.keycloakAuthenticationProvider(WebSecurityConfig.java:49) ~[classes/:na]
	at com.athentication.oauth2.security.WebSecurityConfig.keycloakAuthenticationProvider(WebSecurityConfig.java:49) ~[classes/:na]
	at com.athentication.oauth2.security.WebSecurityConfig.keycloakAuthenticationProvider(WebSecurityConfig.java:49) ~[classes/:na]
	at com.athentication.oauth2.security.WebSecurityConfig.keycloakAuthenticationProvider(WebSecurityConfig.java:49) ~[classes/:na]
	at com.athentication.oauth2.security.WebSecurityConfig.keycloakAuthenticationProvider(WebSecurityConfig.java:49) ~[classes/:na]
	at com.athentication.oauth2.security.WebSecurityConfig.keycloakAuthenticationProvider(WebSecurityConfig.java:49) ~[classes/:na]
	at com.athentication.oauth2.security.WebSecurityConfig.keycloakAuthenticationProvider(WebSecurityConfig.java:49) ~[classes/:na]
	at com.athentication.oauth2.security.WebSecurityConfig.keycloakAuthenticationProvider(WebSecurityConfig.java:49) ~[classes/:na]
	at com.athentication.oauth2.security.WebSecurityConfig.keycloakAuthenticationProvider(WebSecurityConfig.java:49) ~[classes/:na]
	at com.athentication.oauth2.security.WebSecurityConfig.keycloakAuthenticationProvider(WebSecurityConfig.java:49) ~[classes/:na]
	at com.athentication.oauth2.security.WebSecurityConfig.keycloakAuthenticationProvider(WebSecurityConfig.java:49) ~[classes/:na]
	at com.athentication.oauth2.security.WebSecurityConfig.keycloakAuthenticationProvider(WebSecurityConfig.java:49) ~[classes/:na]
	at com.athentication.oauth2.security.WebSecurityConfig.keycloakAuthenticationProvider(WebSecurityConfig.java:49) ~[classes/:na]
	at com.athentication.oauth2.security.WebSecurityConfig.keycloakAuthenticationProvider(WebSecurityConfig.java:49) ~[classes/:na]
	at com.athentication.oauth2.security.WebSecurityConfig.keycloakAuthenticationProvider(WebSecurityConfig.java:49) ~[classes/:na]
	at com.athentication.oauth2.security.WebSecurityConfig.keycloakAuthenticationProvider(WebSecurityConfig.java:49) ~[classes/:na]
	at com.athentication.oauth2.security.WebSecurityConfig.keycloakAuthenticationProvider(WebSecurityConfig.java:49) ~[classes/:na]
	at com.athentication.oauth2.security.WebSecurityConfig.keycloakAuthenticationProvider(WebSecurityConfig.java:49) ~[classes/:na]
	at com.athentication.oauth2.security.WebSecurityConfig.keycloakAuthenticationProvider(WebSecurityConfig.java:49) ~[classes/:na]
	at com.athentication.oauth2.security.WebSecurityConfig.keycloakAuthenticationProvider(WebSecurityConfig.java:49) ~[classes/:na]
	at com.athentication.oauth2.security.WebSecurityConfig.keycloakAuthenticationProvider(WebSecurityConfig.java:49) ~[classes/:na]
	at com.athentication.oauth2.security.WebSecurityConfig.keycloakAuthenticationProvider(WebSecurityConfig.java:49) ~[classes/:na]
	at com.athentication.oauth2.security.WebSecurityConfig.keycloakAuthenticationProvider(WebSecurityConfig.java:49) ~[classes/:na]
	at com.athentication.oauth2.security.WebSecurityConfig.keycloakAuthenticationProvider(WebSecurityConfig.java:49) ~[classes/:na]
	at com.athentication.oauth2.security.WebSecurityConfig.keycloakAuthenticationProvider(WebSecurityConfig.java:49) ~[classes/:na]
	at com.athentication.oauth2.security.WebSecurityConfig.keycloakAuthenticationProvider(WebSecurityConfig.java:49) ~[classes/:na]
	at com.athentication.oauth2.security.WebSecurityConfig.keycloakAuthenticationProvider(WebSecurityConfig.java:49) ~[classes/:na]
	at com.athentication.oauth2.security.WebSecurityConfig.keycloakAuthenticationProvider(WebSecurityConfig.java:49) ~[classes/:na]
	at com.athentication.oauth2.security.WebSecurityConfig.keycloakAuthenticationProvider(WebSecurityConfig.java:49) ~[classes/:na]
	at com.athentication.oauth2.security.WebSecurityConfig.keycloakAuthenticationProvider(WebSecurityConfig.java:49) ~[classes/:na]
	at com.athentication.oauth2.security.WebSecurityConfig.keycloakAuthenticationProvider(WebSecurityConfig.java:49) ~[classes/:na]
	at com.athentication.oauth2.security.WebSecurityConfig.keycloakAuthenticationProvider(WebSecurityConfig.java:49) ~[classes/:na]
	at com.athentication.oauth2.security.WebSecurityConfig.keycloakAuthenticationProvider(WebSecurityConfig.java:49) ~[classes/:na]
	at com.athentication.oauth2.security.WebSecurityConfig.keycloakAuthenticationProvider(WebSecurityConfig.java:49) ~[classes/:na]
	at com.athentication.oauth2.security.WebSecurityConfig.keycloakAuthenticationProvider(WebSecurityConfig.java:49) ~[classes/:na]
	at com.athentication.oauth2.security.WebSecurityConfig.keycloakAuthenticationProvider(WebSecurityConfig.java:49) ~[classes/:na]
	at com.athentication.oauth2.security.WebSecurityConfig.keycloakAuthenticationProvider(WebSecurityConfig.java:49) ~[classes/:na]
	at com.athentication.oauth2.security.WebSecurityConfig.keycloakAuthenticationProvider(WebSecurityConfig.java:49) ~[classes/:na]
	at com.athentication.oauth2.security.WebSecurityConfig.keycloakAuthenticationProvider(WebSecurityConfig.java:49) ~[classes/:na]
	at com.athentication.oauth2.security.WebSecurityConfig.keycloakAuthenticationProvider(WebSecurityConfig.java:49) ~[classes/:na]
	at com.athentication.oauth2.security.WebSecurityConfig.keycloakAuthenticationProvider(WebSecurityConfig.java:49) ~[classes/:na]
	at com.athentication.oauth2.security.WebSecurityConfig.keycloakAuthenticationProvider(WebSecurityConfig.java:49) ~[classes/:na]
	at com.athentication.oauth2.security.WebSecurityConfig.keycloakAuthenticationProvider(WebSecurityConfig.java:49) ~[classes/:na]
	at com.athentication.oauth2.security.WebSecurityConfig.keycloakAuthenticationProvider(WebSecurityConfig.java:49) ~[classes/:na]
	at com.athentication.oauth2.security.WebSecurityConfig.keycloakAuthenticationProvider(WebSecurityConfig.java:49) ~[classes/:na]
	at com.athentication.oauth2.security.WebSecurityConfig.keycloakAuthenticationProvider(WebSecurityConfig.java:49) ~[classes/:na]
	at com.athentication.oauth2.security.WebSecurityConfig.keycloakAuthenticationProvider(WebSecurityConfig.java:49) ~[classes/:na]
	at com.athentication.oauth2.security.WebSecurityConfig.keycloakAuthenticationProvider(WebSecurityConfig.java:49) ~[classes/:na]
	at com.athentication.oauth2.security.WebSecurityConfig.keycloakAuthenticationProvider(WebSecurityConfig.java:49) ~[classes/:na]
	at com.athentication.oauth2.security.WebSecurityConfig.keycloakAuthenticationProvider(WebSecurityConfig.java:49) ~[classes/:na]
	at com.athentication.oauth2.security.WebSecurityConfig.keycloakAuthenticationProvider(WebSecurityConfig.java:49) ~[classes/:na]
	at com.athentication.oauth2.security.WebSecurityConfig.keycloakAuthenticationProvider(WebSecurityConfig.java:49) ~[classes/:na]
	at com.athentication.oauth2.security.WebSecurityConfig.keycloakAuthenticationProvider(WebSecurityConfig.java:49) ~[classes/:na]
	at com.athentication.oauth2.security.WebSecurityConfig.keycloakAuthenticationProvider(WebSecurityConfig.java:49) ~[classes/:na]
	at com.athentication.oauth2.security.WebSecurityConfig.keycloakAuthenticationProvider(WebSecurityConfig.java:49) ~[classes/:na]
	at com.athentication.oauth2.security.WebSecurityConfig.keycloakAuthenticationProvider(WebSecurityConfig.java:49) ~[classes/:na]
	at com.athentication.oauth2.security.WebSecurityConfig.keycloakAuthenticationProvider(WebSecurityConfig.java:49) ~[classes/:na]
	at com.athentication.oauth2.security.WebSecurityConfig.keycloakAuthenticationProvider(WebSecurityConfig.java:49) ~[classes/:na]
	at com.athentication.oauth2.security.WebSecurityConfig.keycloakAuthenticationProvider(WebSecurityConfig.java:49) ~[classes/:na]
	at com.athentication.oauth2.security.WebSecurityConfig.keycloakAuthenticationProvider(WebSecurityConfig.java:49) ~[classes/:na]
	at com.athentication.oauth2.security.WebSecurityConfig.keycloakAuthenticationProvider(WebSecurityConfig.java:49) ~[classes/:na]
	at com.athentication.oauth2.security.WebSecurityConfig.keycloakAuthenticationProvider(WebSecurityConfig.java:49) ~[classes/:na]
	at com.athentication.oauth2.security.WebSecurityConfig.keycloakAuthenticationProvider(WebSecurityConfig.java:49) ~[classes/:na]
	at com.athentication.oauth2.security.WebSecurityConfig.keycloakAuthenticationProvider(WebSecurityConfig.java:49) ~[classes/:na]
	at com.athentication.oauth2.security.WebSecurityConfig.keycloakAuthenticationProvider(WebSecurityConfig.java:49) ~[classes/:na]
	at com.athentication.oauth2.security.WebSecurityConfig.keycloakAuthenticationProvider(WebSecurityConfig.java:49) ~[classes/:na]
	at com.athentication.oauth2.security.WebSecurityConfig.keycloakAuthenticationProvider(WebSecurityConfig.java:49) ~[classes/:na]
	at com.athentication.oauth2.security.WebSecurityConfig.keycloakAuthenticationProvider(WebSecurityConfig.java:49) ~[classes/:na]
	at com.athentication.oauth2.security.WebSecurityConfig.keycloakAuthenticationProvider(WebSecurityConfig.java:49) ~[classes/:na]
	at com.athentication.oauth2.security.WebSecurityConfig.keycloakAuthenticationProvider(WebSecurityConfig.java:49) ~[classes/:na]
	at com.athentication.oauth2.security.WebSecurityConfig.keycloakAuthenticationProvider(WebSecurityConfig.java:49) ~[classes/:na]
	at com.athentication.oauth2.security.WebSecurityConfig.keycloakAuthenticationProvider(WebSecurityConfig.java:49) ~[classes/:na]
	at com.athentication.oauth2.security.WebSecurityConfig.keycloakAuthenticationProvider(WebSecurityConfig.java:49) ~[classes/:na]
	at com.athentication.oauth2.security.WebSecurityConfig.keycloakAuthenticationProvider(WebSecurityConfig.java:49) ~[classes/:na]
	at com.athentication.oauth2.security.WebSecurityConfig.keycloakAuthenticationProvider(WebSecurityConfig.java:49) ~[classes/:na]
	at com.athentication.oauth2.security.WebSecurityConfig.keycloakAuthenticationProvider(WebSecurityConfig.java:49) ~[classes/:na]
	at com.athentication.oauth2.security.WebSecurityConfig.keycloakAuthenticationProvider(WebSecurityConfig.java:49) ~[classes/:na]
	at com.athentication.oauth2.security.WebSecurityConfig.keycloakAuthenticationProvider(WebSecurityConfig.java:49) ~[classes/:na]
	at com.athentication.oauth2.security.WebSecurityConfig.keycloakAuthenticationProvider(WebSecurityConfig.java:49) ~[classes/:na]
	at com.athentication.oauth2.security.WebSecurityConfig.keycloakAuthenticationProvider(WebSecurityConfig.java:49) ~[classes/:na]
	at com.athentication.oauth2.security.WebSecurityConfig.keycloakAuthenticationProvider(WebSecurityConfig.java:49) ~[classes/:na]
	at com.athentication.oauth2.security.WebSecurityConfig.keycloakAuthenticationProvider(WebSecurityConfig.java:49) ~[classes/:na]
	at com.athentication.oauth2.security.WebSecurityConfig.keycloakAuthenticationProvider(WebSecurityConfig.java:49) ~[classes/:na]
	at com.athentication.oauth2.security.WebSecurityConfig.keycloakAuthenticationProvider(WebSecurityConfig.java:49) ~[classes/:na]
	at com.athentication.oauth2.security.WebSecurityConfig.keycloakAuthenticationProvider(WebSecurityConfig.java:49) ~[classes/:na]
	at com.athentication.oauth2.security.WebSecurityConfig.keycloakAuthenticationProvider(WebSecurityConfig.java:49) ~[classes/:na]
	at com.athentication.oauth2.security.WebSecurityConfig.keycloakAuthenticationProvider(WebSecurityConfig.java:49) ~[classes/:na]
	at com.athentication.oauth2.security.WebSecurityConfig.keycloakAuthenticationProvider(WebSecurityConfig.java:49) ~[classes/:na]
	at com.athentication.oauth2.security.WebSecurityConfig.keycloakAuthenticationProvider(WebSecurityConfig.java:49) ~[classes/:na]
	at com.athentication.oauth2.security.WebSecurityConfig.keycloakAuthenticationProvider(WebSecurityConfig.java:49) ~[classes/:na]
	at com.athentication.oauth2.security.WebSecurityConfig.keycloakAuthenticationProvider(WebSecurityConfig.java:49) ~[classes/:na]
	at com.athentication.oauth2.security.WebSecurityConfig.keycloakAuthenticationProvider(WebSecurityConfig.java:49) ~[classes/:na]
	at com.athentication.oauth2.security.WebSecurityConfig.keycloakAuthenticationProvider(WebSecurityConfig.java:49) ~[classes/:na]
	at com.athentication.oauth2.security.WebSecurityConfig.keycloakAuthenticationProvider(WebSecurityConfig.java:49) ~[classes/:na]
	at com.athentication.oauth2.security.WebSecurityConfig.keycloakAuthenticationProvider(WebSecurityConfig.java:49) ~[classes/:na]
	at com.athentication.oauth2.security.WebSecurityConfig.keycloakAuthenticationProvider(WebSecurityConfig.java:49) ~[classes/:na]
	at com.athentication.oauth2.security.WebSecurityConfig.keycloakAuthenticationProvider(WebSecurityConfig.java:49) ~[classes/:na]
	at com.athentication.oauth2.security.WebSecurityConfig.keycloakAuthenticationProvider(WebSecurityConfig.java:49) ~[classes/:na]
	at com.athentication.oauth2.security.WebSecurityConfig.keycloakAuthenticationProvider(WebSecurityConfig.java:49) ~[classes/:na]
	at com.athentication.oauth2.security.WebSecurityConfig.keycloakAuthenticationProvider(WebSecurityConfig.java:49) ~[classes/:na]
	at com.athentication.oauth2.security.WebSecurityConfig.keycloakAuthenticationProvider(WebSecurityConfig.java:49) ~[classes/:na]
	at com.athentication.oauth2.security.WebSecurityConfig.keycloakAuthenticationProvider(WebSecurityConfig.java:49) ~[classes/:na]
	at com.athentication.oauth2.security.WebSecurityConfig.keycloakAuthenticationProvider(WebSecurityConfig.java:49) ~[classes/:na]
	at com.athentication.oauth2.security.WebSecurityConfig.keycloakAuthenticationProvider(WebSecurityConfig.java:49) ~[classes/:na]
	at com.athentication.oauth2.security.WebSecurityConfig.keycloakAuthenticationProvider(WebSecurityConfig.java:49) ~[classes/:na]
	at com.athentication.oauth2.security.WebSecurityConfig.keycloakAuthenticationProvider(WebSecurityConfig.java:49) ~[classes/:na]
	at com.athentication.oauth2.security.WebSecurityConfig.keycloakAuthenticationProvider(WebSecurityConfig.java:49) ~[classes/:na]
	at com.athentication.oauth2.security.WebSecurityConfig.keycloakAuthenticationProvider(WebSecurityConfig.java:49) ~[classes/:na]
	at com.athentication.oauth2.security.WebSecurityConfig.keycloakAuthenticationProvider(WebSecurityConfig.java:49) ~[classes/:na]
	at com.athentication.oauth2.security.WebSecurityConfig.keycloakAuthenticationProvider(WebSecurityConfig.java:49) ~[classes/:na]
	at com.athentication.oauth2.security.WebSecurityConfig.keycloakAuthenticationProvider(WebSecurityConfig.java:49) ~[classes/:na]
	at com.athentication.oauth2.security.WebSecurityConfig.keycloakAuthenticationProvider(WebSecurityConfig.java:49) ~[classes/:na]
	at com.athentication.oauth2.security.WebSecurityConfig.keycloakAuthenticationProvider(WebSecurityConfig.java:49) ~[classes/:na]
	at com.athentication.oauth2.security.WebSecurityConfig.keycloakAuthenticationProvider(WebSecurityConfig.java:49) ~[classes/:na]
	at com.athentication.oauth2.security.WebSecurityConfig.keycloakAuthenticationProvider(WebSecurityConfig.java:49) ~[classes/:na]
	at com.athentication.oauth2.security.WebSecurityConfig.keycloakAuthenticationProvider(WebSecurityConfig.java:49) ~[classes/:na]
	at com.athentication.oauth2.security.WebSecurityConfig.keycloakAuthenticationProvider(WebSecurityConfig.java:49) ~[classes/:na]
	at com.athentication.oauth2.security.WebSecurityConfig.keycloakAuthenticationProvider(WebSecurityConfig.java:49) ~[classes/:na]
	at com.athentication.oauth2.security.WebSecurityConfig.keycloakAuthenticationProvider(WebSecurityConfig.java:49) ~[classes/:na]
	at com.athentication.oauth2.security.WebSecurityConfig.keycloakAuthenticationProvider(WebSecurityConfig.java:49) ~[classes/:na]
	at com.athentication.oauth2.security.WebSecurityConfig.keycloakAuthenticationProvider(WebSecurityConfig.java:49) ~[classes/:na]
	at com.athentication.oauth2.security.WebSecurityConfig.keycloakAuthenticationProvider(WebSecurityConfig.java:49) ~[classes/:na]
	at com.athentication.oauth2.security.WebSecurityConfig.keycloakAuthenticationProvider(WebSecurityConfig.java:49) ~[classes/:na]
	at com.athentication.oauth2.security.WebSecurityConfig.keycloakAuthenticationProvider(WebSecurityConfig.java:49) ~[classes/:na]
	at com.athentication.oauth2.security.WebSecurityConfig.keycloakAuthenticationProvider(WebSecurityConfig.java:49) ~[classes/:na]
	at com.athentication.oauth2.security.WebSecurityConfig.keycloakAuthenticationProvider(WebSecurityConfig.java:49) ~[classes/:na]
	at com.athentication.oauth2.security.WebSecurityConfig.keycloakAuthenticationProvider(WebSecurityConfig.java:49) ~[classes/:na]
	at com.athentication.oauth2.security.WebSecurityConfig.keycloakAuthenticationProvider(WebSecurityConfig.java:49) ~[classes/:na]
	at com.athentication.oauth2.security.WebSecurityConfig.keycloakAuthenticationProvider(WebSecurityConfig.java:49) ~[classes/:na]
	at com.athentication.oauth2.security.WebSecurityConfig.keycloakAuthenticationProvider(WebSecurityConfig.java:49) ~[classes/:na]
	at com.athentication.oauth2.security.WebSecurityConfig.keycloakAuthenticationProvider(WebSecurityConfig.java:49) ~[classes/:na]
	at com.athentication.oauth2.security.WebSecurityConfig.keycloakAuthenticationProvider(WebSecurityConfig.java:49) ~[classes/:na]
	at com.athentication.oauth2.security.WebSecurityConfig.keycloakAuthenticationProvider(WebSecurityConfig.java:49) ~[classes/:na]
	at com.athentication.oauth2.security.WebSecurityConfig.keycloakAuthenticationProvider(WebSecurityConfig.java:49) ~[classes/:na]
	at com.athentication.oauth2.security.WebSecurityConfig.keycloakAuthenticationProvider(WebSecurityConfig.java:49) ~[classes/:na]
	at com.athentication.oauth2.security.WebSecurityConfig.keycloakAuthenticationProvider(WebSecurityConfig.java:49) ~[classes/:na]
	at com.athentication.oauth2.security.WebSecurityConfig.keycloakAuthenticationProvider(WebSecurityConfig.java:49) ~[classes/:na]
	at com.athentication.oauth2.security.WebSecurityConfig.keycloakAuthenticationProvider(WebSecurityConfig.java:49) ~[classes/:na]
	at com.athentication.oauth2.security.WebSecurityConfig.keycloakAuthenticationProvider(WebSecurityConfig.java:49) ~[classes/:na]
	at com.athentication.oauth2.security.WebSecurityConfig.keycloakAuthenticationProvider(WebSecurityConfig.java:49) ~[classes/:na]
	at com.athentication.oauth2.security.WebSecurityConfig.keycloakAuthenticationProvider(WebSecurityConfig.java:49) ~[classes/:na]
	at com.athentication.oauth2.security.WebSecurityConfig.keycloakAuthenticationProvider(WebSecurityConfig.java:49) ~[classes/:na]
	at com.athentication.oauth2.security.WebSecurityConfig.keycloakAuthenticationProvider(WebSecurityConfig.java:49) ~[classes/:na]
	at com.athentication.oauth2.security.WebSecurityConfig.keycloakAuthenticationProvider(WebSecurityConfig.java:49) ~[classes/:na]
	at com.athentication.oauth2.security.WebSecurityConfig.keycloakAuthenticationProvider(WebSecurityConfig.java:49) ~[classes/:na]
	at com.athentication.oauth2.security.WebSecurityConfig.keycloakAuthenticationProvider(WebSecurityConfig.java:49) ~[classes/:na]
	at com.athentication.oauth2.security.WebSecurityConfig.keycloakAuthenticationProvider(WebSecurityConfig.java:49) ~[classes/:na]
	at com.athentication.oauth2.security.WebSecurityConfig.keycloakAuthenticationProvider(WebSecurityConfig.java:49) ~[classes/:na]
	at com.athentication.oauth2.security.WebSecurityConfig.keycloakAuthenticationProvider(WebSecurityConfig.java:49) ~[classes/:na]
	at com.athentication.oauth2.security.WebSecurityConfig.keycloakAuthenticationProvider(WebSecurityConfig.java:49) ~[classes/:na]
	at com.athentication.oauth2.security.WebSecurityConfig.keycloakAuthenticationProvider(WebSecurityConfig.java:49) ~[classes/:na]
	at com.athentication.oauth2.security.WebSecurityConfig.keycloakAuthenticationProvider(WebSecurityConfig.java:49) ~[classes/:na]
	at com.athentication.oauth2.security.WebSecurityConfig.keycloakAuthenticationProvider(WebSecurityConfig.java:49) ~[classes/:na]
	at com.athentication.oauth2.security.WebSecurityConfig.keycloakAuthenticationProvider(WebSecurityConfig.java:49) ~[classes/:na]
	at com.athentication.oauth2.security.WebSecurityConfig.keycloakAuthenticationProvider(WebSecurityConfig.java:49) ~[classes/:na]
	at com.athentication.oauth2.security.WebSecurityConfig.keycloakAuthenticationProvider(WebSecurityConfig.java:49) ~[classes/:na]
	at com.athentication.oauth2.security.WebSecurityConfig.keycloakAuthenticationProvider(WebSecurityConfig.java:49) ~[classes/:na]
	at com.athentication.oauth2.security.WebSecurityConfig.keycloakAuthenticationProvider(WebSecurityConfig.java:49) ~[classes/:na]
	at com.athentication.oauth2.security.WebSecurityConfig.keycloakAuthenticationProvider(WebSecurityConfig.java:49) ~[classes/:na]
	at com.athentication.oauth2.security.WebSecurityConfig.keycloakAuthenticationProvider(WebSecurityConfig.java:49) ~[classes/:na]
	at com.athentication.oauth2.security.WebSecurityConfig.keycloakAuthenticationProvider(WebSecurityConfig.java:49) ~[classes/:na]
	at com.athentication.oauth2.security.WebSecurityConfig.keycloakAuthenticationProvider(WebSecurityConfig.java:49) ~[classes/:na]
	at com.athentication.oauth2.security.WebSecurityConfig.keycloakAuthenticationProvider(WebSecurityConfig.java:49) ~[classes/:na]
	at com.athentication.oauth2.security.WebSecurityConfig.keycloakAuthenticationProvider(WebSecurityConfig.java:49) ~[classes/:na]
	at com.athentication.oauth2.security.WebSecurityConfig.keycloakAuthenticationProvider(WebSecurityConfig.java:49) ~[classes/:na]
	at com.athentication.oauth2.security.WebSecurityConfig.keycloakAuthenticationProvider(WebSecurityConfig.java:49) ~[classes/:na]
	at com.athentication.oauth2.security.WebSecurityConfig.keycloakAuthenticationProvider(WebSecurityConfig.java:49) ~[classes/:na]
	at com.athentication.oauth2.security.WebSecurityConfig.keycloakAuthenticationProvider(WebSecurityConfig.java:49) ~[classes/:na]
	at com.athentication.oauth2.security.WebSecurityConfig.keycloakAuthenticationProvider(WebSecurityConfig.java:49) ~[classes/:na]
	at com.athentication.oauth2.security.WebSecurityConfig.keycloakAuthenticationProvider(WebSecurityConfig.java:49) ~[classes/:na]
	at com.athentication.oauth2.security.WebSecurityConfig.keycloakAuthenticationProvider(WebSecurityConfig.java:49) ~[classes/:na]
	at com.athentication.oauth2.security.WebSecurityConfig.keycloakAuthenticationProvider(WebSecurityConfig.java:49) ~[classes/:na]
	at com.athentication.oauth2.security.WebSecurityConfig.keycloakAuthenticationProvider(WebSecurityConfig.java:49) ~[classes/:na]
	at com.athentication.oauth2.security.WebSecurityConfig.keycloakAuthenticationProvider(WebSecurityConfig.java:49) ~[classes/:na]
	at com.athentication.oauth2.security.WebSecurityConfig.keycloakAuthenticationProvider(WebSecurityConfig.java:49) ~[classes/:na]
	at com.athentication.oauth2.security.WebSecurityConfig.keycloakAuthenticationProvider(WebSecurityConfig.java:49) ~[classes/:na]
	at com.athentication.oauth2.security.WebSecurityConfig.keycloakAuthenticationProvider(WebSecurityConfig.java:49) ~[classes/:na]
	at com.athentication.oauth2.security.WebSecurityConfig.keycloakAuthenticationProvider(WebSecurityConfig.java:49) ~[classes/:na]
	at com.athentication.oauth2.security.WebSecurityConfig.keycloakAuthenticationProvider(WebSecurityConfig.java:49) ~[classes/:na]
	at com.athentication.oauth2.security.WebSecurityConfig.keycloakAuthenticationProvider(WebSecurityConfig.java:49) ~[classes/:na]
	at com.athentication.oauth2.security.WebSecurityConfig.keycloakAuthenticationProvider(WebSecurityConfig.java:49) ~[classes/:na]
	at com.athentication.oauth2.security.WebSecurityConfig.keycloakAuthenticationProvider(WebSecurityConfig.java:49) ~[classes/:na]
	at com.athentication.oauth2.security.WebSecurityConfig.keycloakAuthenticationProvider(WebSecurityConfig.java:49) ~[classes/:na]
	at com.athentication.oauth2.security.WebSecurityConfig.keycloakAuthenticationProvider(WebSecurityConfig.java:49) ~[classes/:na]

]]></system-out>
    <system-err><![CDATA[SLF4J: Class path contains multiple SLF4J bindings.
SLF4J: Found binding in [jar:file:/C:/Users/HOME/.m2/repository/ch/qos/logback/logback-classic/1.2.3/logback-classic-1.2.3.jar!/org/slf4j/impl/StaticLoggerBinder.class]
SLF4J: Found binding in [jar:file:/C:/Users/HOME/.m2/repository/org/slf4j/slf4j-log4j12/1.7.30/slf4j-log4j12-1.7.30.jar!/org/slf4j/impl/StaticLoggerBinder.class]
SLF4J: See http://www.slf4j.org/codes.html#multiple_bindings for an explanation.
SLF4J: Actual binding is of type [ch.qos.logback.classic.util.ContextSelectorStaticBinder]
]]></system-err>
  </testcase>
</testsuite>